0+0j,0+0j,0+0j,0+0j,0+0j,0+0j,0+0j,0+0j,0+0j,0+0j,0+0j
0.00111677-0.00363124j,0.000838902+0.00123897j,9.33131e-05-0.000343171j,5.14459e-05+0.000231101j,-4.65516e-05-0.000234443j,-7.98231e-05+9.92859e-05j,-7.6707e-05-0.000106474j,-9.86186e-05+6.33947e-05j,-7.4049e-05-5.04937e-05j,-8.27831e-05+4.46221e-05j,-5.70599e-05-2.58443e-05j
0.00225409-0.0039172j,0.0016541+0.000975839j,0.000179629-0.000482193j,8.16847e-05+0.000139548j,-0.000110507-0.000287682j,-0.00018132+7.64268e-05j,-0.00017207-0.000112345j,-0.00021518+7.61963e-05j,-0.000162501-3.17813e-05j,-0.000176785+7.1608e-05j,-0.000120687-5.49651e-07j
0.0033585-0.00438705j,0.00242937+0.000531455j,0.000225337-0.000718342j,7.09409e-05-1.0192e-05j,-0.000214287-0.000367099j,-0.000315672+5.15095e-05j,-0.000296047-0.000105098j,-0.000351005+0.000115404j,-0.000265106+1.7832e-05j,-0.000276369+0.000132793j,-0.000185234+5.50472e-05j
0.00440323-0.00504055j,0.00312865-9.22107e-05j,0.00020049-0.00104395j,-3.65468e-06-0.000204883j,-0.000373349-0.000455044j,-0.000488434+4.38979e-05j,-0.000447079-6.50342e-05j,-0.00049637+0.000198489j,-0.000368205+0.000112995j,-0.000364546+0.000238445j,-0.000234704+0.00014702j
0.00536037-0.00587263j,0.00371486-0.000884303j,7.67279e-05-0.0014413j,-0.00015995-0.000422351j,-0.000594882-0.000527667j,-0.000694804+7.47196e-05j,-0.000612414+2.45808e-05j,-0.000631221+0.000335196j,-0.000449662+0.000257289j,-0.000418726+0.000386j,-0.000250482+0.000269153j
0.00620229-0.00687283j,0.00415306-0.00182463j,-0.000168647-0.00188333j,-0.000407036-0.000634055j,-0.000875776-0.00055933j,-0.000920605+0.000161343j,-0.00077265+0.000171975j,-0.000733193+0.000523229j,-0.000489317+0.000440974j,-0.000421988+0.000560247j,-0.000221503+0.000405297j
0.00690324-0.00802556j,0.00441357-0.00288463j,-0.000549143-0.00233629j,-0.000743026-0.000809332j,-0.00120288-0.000527326j,-0.00114562+0.000313833j,-0.000907598+0.000376003j,-0.000784916+0.000750976j,-0.000476159+0.000647125j,-0.000368835+0.000741768j,-0.000147586+0.000538285j
0.00744078-0.00931048j,0.00447436-0.00402961j,-0.00106723-0.00276384j,-0.00115527-0.000920357j,-0.00155559-0.000415935j,-0.0013477+0.000533556j,-0.00100041+0.000628242j,-0.000776568+0.00100295j,-0.00040833+0.000859166j,-0.000262612+0.000914866j,-3.50717e-05+0.000656454j
0.00779656-0.0107042j,0.0043222-0.00522158j,-0.00171468-0.00313138j,-0.00162305-0.000946142j,-0.00191-0.000218453j,-0.00150689+0.000813984j,-0.00103956+0.000916197j,-0.000704858+0.00126414j,-0.000289064+0.00106483j,-0.000109636+0.00107002j,0.000109232+0.000754105j
0.00795683-0.0121809j,0.00395266-0.00642202j,-0.00247459-0.00340934j,-0.00212153-0.000874442j,-0.00224317+6.32774e-05j,-0.001608+0.00114325j,-0.00101886+0.00122642j,-0.000570371+0.00152223j,-0.000122466+0.00125629j,8.51608e-05+0.00120201j,0.00028128+0.000828287j
0.00791252-0.0137139j,0.00336925-0.00759412j,-0.00332417-0.00357509j,-0.00262549-0.000701608j,-0.00253594+0.000421091j,-0.00164141+0.0015072j,-0.00093596+0.00154659j,-0.00037495+0.00176764j,8.8992e-05+0.00142806j,0.0003196+0.00130651j,0.000479639+0.000875228j
0.00765914-0.0152765j,0.00258205-0.00870448j,-0.00423755-0.00361368j,-0.00311225-0.000431156j,-0.00277414+0.000843154j,-0.0016022+0.00189165j,-0.000790462+0.00186612j,-0.000120017+0.00199225j,0.000344897+0.00157444j,0.000593194+0.00137736j,0.000703277+0.000888367j
0.00719612-0.0168427j,0.00160616-0.00972424j,-0.00518844-0.00351752j,-0.00356334-7.16691e-05j,-0.00294845+0.00131622j,-0.00148886+0.00228354j,-0.00058263+0.00217547j,0.000193649+0.00218755j,0.000645614+0.0016874j,0.000904785+0.00140525j,0.000948798+0.000858352j
0.00652624-0.0183883j,0.000459985-0.0106294j,-0.00615221-0.00328542j,-0.00396525+0.000365262j,-0.00305374+0.00182718j,-0.00130214+0.00267109j,-0.000313118+0.00246517j,0.000564797+0.00234341j,0.000990046+0.00175595j,0.00124993+0.00137828j,0.00120827+0.000774817j
0.00565505-0.0198908j,-0.000836395-0.0114012j,-0.00710738-0.00292113j,-0.00430961+0.000867078j,-0.00308828+0.00236407j,-0.00104457+0.00304372j,1.64064e-05+0.0027252j,0.000989981+0.0024479j,0.00137335+0.00176702j,0.00161903+0.00128401j,0.0014685+0.000629303j
0.00459016-0.0213296j,-0.00226249-0.012025j,-0.00803657-0.00243156j,-0.0045926+0.00142199j,-0.00305287+0.00291678j,-0.00072026+0.00339212j,0.000402368+0.00294526j,0.0014621+0.00248855j,0.00178561+0.00170773j,0.00199704+0.00111239j,0.00171229+0.000418211j
0.00334063-0.0226861j,-0.00379837-0.0124898j,-0.0089266-0.00182499j,-0.004814+0.00202045j,-0.00294993+0.00347762j,-0.000334588+0.00370859j,0.000838929+0.00311571j,0.00197006+0.00245422j,0.00221217+0.00156808j,0.00236495+0.000858487j,0.00192117+0.000144603j
0.0019166-0.0239433j,-0.00542516-0.0127876j,-0.00976805-0.00110944j,-0.00497568+0.00265607j,-0.00278229+0.00404156j,0.000106418+0.00398751j,0.00131841+0.0032286j,0.00249968+0.00233697j,0.00263537+0.00134293j,0.0027026+0.000523837j,0.00207892-0.000182j
0.000329054-0.025086j,-0.00712504-0.0129117j,-0.0105542-0.000291583j,-0.00507999+0.00332598j,-0.00255202+0.00460604j,0.000597091+0.00422519j,0.00183232+0.00327819j,0.00303544+0.00213282j,0.00303701+0.00103259j,0.00299153+0.000115997j,0.00217391-0.000547604j
-0.00141016-0.0260998j,-0.00888105-0.012857j,-0.0112799+0.000623908j,-0.00512815+0.00403039j,-0.00225923+0.00517015j,0.00113297+0.00441935j,0.00237235+0.00326065j,0.0035621+0.00184155j,0.00340048+0.000642054j,0.00321698-0.000353148j,0.00220011-0.00093652j
-0.00328858-0.026972j,-0.0106769-0.0126189j,-0.0119404+0.00163433j,-0.00511905+0.00477164j,-0.00190161+0.00573341j,0.00171121+0.00456808j,0.00293095+0.00317331j,0.00406573+0.00146569j,0.00371181+0.000179599j,0.0033685-0.000869465j,0.00215629-0.0013337j
-0.00529309-0.0276911j,-0.0124966-0.0121938j,-0.0125303+0.00273869j,-0.00504855+0.00555298j,-0.00147434+0.00629457j,0.00233041+0.0046688j,0.00350124+0.0030139j,0.00453398+0.00100968j,0.00395995-0.000344616j,0.0034396-0.00141821j,0.00204464-0.00172603j
-0.00741002-0.0282464j,-0.0143242-0.0115784j,-0.0130429+0.00393706j,-0.00490934+0.00637725j,-0.000970653+0.00685038j,0.00298993+0.00471752j,0.00407652+0.00278005j,0.00495592+0.000479029j,0.00413647-0.000919482j,0.00342706-0.00198504j,0.00186937-0.00210267j
-0.00962535-0.0286289j,-0.0161437-0.0107701j,-0.0134701+0.00523001j,-0.00469123+0.00724568j,-0.000382748+0.00739488j,0.003689+0.00470855j,0.00464968+0.00246929j,0.00532173-0.00011978j,0.00423523-0.00153347j,0.00333018-0.00255642j,0.0016357-0.00245484j
-0.0119246-0.0288303j,-0.0179388-0.00976685j,-0.0138014+0.00661783j,-0.00438171+0.00815698j,0.000297175+0.00791905j,0.00442584+0.00463462j,0.00521279+0.00207943j,0.00562261-0.000779417j,0.00425208-0.00217491j,0.0031503-0.0031199j,0.00134937-0.00277541j
-0.0142932-0.0288434j,-0.0196929-0.00856732j,-0.014025+0.00809988j,-0.00396684+0.00910657j,0.0010758+0.00841085j,0.00519696+0.00448745j,0.00575705+0.00160902j,0.0058509-0.00149167j,0.00418476-0.0028323j,0.00289043-0.00366422j,0.00101638-0.00305868j
-0.0167162-0.028662j,-0.0213889-0.007171j,-0.014127+0.00967404j,-0.00343217+0.0100863j,0.00195777+0.00885561j,0.00599688+0.0042584j,0.00627295+0.00105778j,0.00600025-0.00224761j,0.00403277-0.00349461j,0.00255482-0.00417954j,0.000642801-0.00330015j
-0.0191784-0.028281j,-0.0230092-0.0055783j,-0.0140923+0.0113361j,-0.00276368+0.0110842j,0.00294497+0.00923674j,0.00681806+0.0039392j,0.00675072+0.000426869j,0.00606581-0.00303793j,0.003797-0.00415169j,0.00214859-0.00465751j,0.000234575-0.00349647j
-0.0216646-0.0276958j,-0.0245355-0.00379075j,-0.0139049+0.0130794j,-0.00194877+0.0120848j,0.0040361+0.00953651j,0.0076512+0.00352257j,0.00718081-0.000281189j,0.00604423-0.00385338j,0.0034794-0.00479446j,0.00167721-0.00509119j,-0.000202661-0.00364516j
-0.0241591-0.0269029j,-0.0259491-0.00181115j,-0.0135484+0.0148944j,-0.000977019+0.0130694j,0.00522652+0.00973684j,0.00848562+0.00300251j,0.00755415-0.00106278j,0.00593333-0.00468523j,0.00308236-0.00541504j,0.00114608-0.00547489j,-0.000663715-0.00374442j
-0.0266462-0.0258996j,-0.0272309+0.00035626j,-0.0130063+0.0167689j,0.000159121+0.0140168j,0.00650832+0.00982018j,0.00930972+0.00237455j,0.00786231-0.00191351j,0.00573175-0.00552548j,0.00260827-0.00600649j,0.000560283-0.00580368j,-0.00114385-0.00379281j
-0.0291098-0.0246838j,-0.0283612+0.00270562j,-0.012263+0.0186875j,0.00146384+0.0149036j,0.00787061+0.00977007j,0.0101114+0.00163562j,0.00809739-0.00282861j,0.00543835-0.00636688j,0.00205914-0.00656241j,-7.54452e-05-0.00607303j,-0.00163867-0.00378902j
-0.0315335-0.0232546j,-0.0293202+0.0052293j,-0.0113038+0.0206319j,0.00293769+0.0157053j,0.00929996+0.00957168j,0.0108781+0.000783987j,0.00825175-0.00380305j,0.00505181-0.00720263j,0.00143652-0.00707641j,-0.000756559-0.00627839j,-0.00214391-0.00373178j
-0.0339007-0.0216118j,-0.030088+0.00791773j,-0.0101161+0.022581j,0.00457743+0.0163969j,0.0107808+0.00921218j,0.0115974-0.000181002j,0.00831772-0.00483159j,0.00457035-0.008026j,0.000741737-0.00754166j,-0.00147838-0.00641508j,-0.00265528-0.00361983j
-0.0361942-0.0197564j,-0.0306447+0.0107593j,-0.00868919+0.0245115j,0.00637609+0.0169535j,0.012296+0.00868083j,0.0122563-0.001259j,0.00828728-0.0059085j,0.00399172-0.00882972j,-2.38042e-05-0.00795055j,-0.0022358-0.00647823j,-0.00316835-0.00345207j
-0.0383969-0.0176902j,-0.0309708+0.0137403j,-0.00701504+0.0263976j,0.00832318+0.017351j,0.0138272+0.00796909j,0.0128417-0.00244871j,0.008152-0.00702724j,0.00331351-0.00960553j,-0.000858049-0.00829455j,-0.00302299-0.00646297j,-0.00367853-0.00322765j
-0.0404912-0.0154165j,-0.0310474+0.0168448j,-0.00508846+0.0282118j,0.0104049+0.0175668j,0.0153553+0.00707053j,0.0133401-0.00374783j,0.00790311-0.00818001j,0.00253354-0.0103439j,-0.00175783-0.00856444j,-0.00383332-0.00636477j,-0.00418119-0.00294615j
-0.0424594-0.0129395j,-0.0308563+0.0200547j,-0.00290741+0.0299256j,0.0126047+0.0175799j,0.0168605+0.0059807j,0.0137374-0.00515284j,0.00753179-0.00935744j,0.00165045-0.0110338j,-0.00271851-0.00875064j,-0.00465943-0.0061797j,-0.00467179-0.00260755j
-0.0442835-0.0102651j,-0.0303806+0.0233495j,-0.000473066+0.031509j,0.0149035+0.0173714j,0.0183227+0.00469701j,0.0140191-0.00665881j,0.00702959-0.0105483j,0.0006642-0.0116632j,-0.00373385-0.00884366j,-0.00549344-0.0059047j,-0.00514608-0.00221218j
-0.0459456-0.00740033j,-0.0296044+0.0267067j,0.00221001+0.032932j,0.01728+0.0169245j,0.0197216+0.0032186j,0.0141704-0.00825908j,0.006389-0.0117394j,-0.000423514-0.0122191j,-0.00479606-0.00883458j,-0.00632728-0.0055376j,-0.00560017-0.00176048j
-0.047428-0.00435398j,-0.0285136+0.0301017j,0.00513392+0.0341643j,0.0197115+0.0162249j,0.0210366+0.00154625j,0.0141762-0.009945j,0.00560394-0.0129158j,-0.00160901-0.0126881j,-0.00589604-0.00871545j,-0.00715296-0.00507705j,-0.00603042-0.00125282j
-0.0487129-0.00113631j,-0.0270959+0.0335077j,0.00828743+0.0351758j,0.0221735+0.0152604j,0.022247-0.000317653j,0.0140218-0.0117058j,0.00467022-0.0140612j,-0.00288664-0.013057j,-0.0070237-0.00847952j,-0.00796275-0.00452236j,-0.00643337-0.000689329j
-0.0497829+0.00224072j,-0.0253411+0.0368961j,0.0116561+0.0359373j,0.0246408+0.0140212j,0.0233315-0.00236911j,0.013693-0.0135285j,0.00358587-0.0151581j,-0.00424888-0.013313j,-0.00816841-0.00812129j,-0.0087493-0.00387316j,-0.00680539-6.97385e-05j
-0.0506214+0.00576342j,-0.0232415+0.0402366j,0.0152222+0.0364204j,0.027087+0.0124996j,0.0242691-0.00460238j,0.0131768-0.0153977j,0.00235126-0.0161886j,-0.00568667-0.0134443j,-0.00931923-0.00763637j,-0.00950544-0.00312916j,-0.00714239+0.000606536j
-0.0512123+0.0094165j,-0.0207915+0.0434974j,0.0189652+0.0365977j,0.0294848+0.0106901j,0.0250381-0.00700988j,0.0124612-0.017296j,0.000969137-0.0171347j,-0.00718968-0.0134402j,-0.0104651-0.00702135j,-0.010224-0.00228996j,-0.00743951+0.00134021j
-0.0515403+0.0131828j,-0.0179887+0.0466451j,0.0228614+0.0364435j,0.0318065+0.00858938j,0.0256172-0.00958209j,0.0115366-0.0192043j,-0.000555529-0.0179788j,-0.00874664-0.0132911j,-0.0115951-0.00627354j,-0.0108974-0.00135503j,-0.00769092+0.00213181j
-0.0515913+0.0170437j,-0.0148336+0.0496454j,0.0268845+0.0359338j,0.0340234+0.00619599j,0.0259848-0.0123073j,0.0103949-0.0211016j,-0.00221586-0.018704j,-0.0103456-0.0129883j,-0.0126979-0.00539078j,-0.0115176-0.000323872j,-0.00788981+0.0029813j
-0.0513526+0.0209786j,-0.0113297+0.052463j,0.0310054+0.0350462j,0.0361061+0.00351076j,0.0261198-0.0151717j,0.00903065-0.0229659j,-0.00400332-0.0192945j,-0.0119742-0.0125242j,-0.0137621-0.00437135j,-0.0120756+0.000803819j,-0.00802848+0.00388781j
-0.0508125+0.0249657j,-0.00748396+0.0550618j,0.0351923+0.0337606j,0.0380249+0.000536706j,0.0260014-0.0181589j,0.00744056-0.0247742j,-0.00590808-0.0197352j,-0.0136194-0.0118918j,-0.0147759-0.00321394j,-0.0125611+0.00202777j,-0.00809851+0.00484929j
-0.0499615+0.0289815j,-0.00330679+0.0574058j,0.0394112+0.0320592j,0.039749-0.00272086j,0.0256097-0.0212503j,0.00562378-0.0265031j,-0.00791929-0.0200124j,-0.0152677-0.0110848j,-0.0157265-0.00191784j,-0.0129633+0.00334674j,-0.00809111+0.00586241j
-0.0487915+0.0330013j,0.00118778+0.0594585j,0.0436253+0.0299265j,0.0412474-0.0062541j,0.0249259-0.0244247j,0.00358166-0.0281291j,-0.0100252-0.0201131j,-0.0169049-0.0100975j,-0.0166005-0.00048317j,-0.0132703+0.00475826j,-0.00799736+0.00692254j
-0.0472969+0.036999j,0.00598191+0.061184j,0.0477957+0.02735j,0.0424885-0.0100525j,0.0239324-0.0276589j,0.00131772-0.0296286j,-0.0122135-0.020025j,-0.0185159-0.00892486j,-0.0173838+0.0010889j,-0.0134695+0.00625832j,-0.00780852+0.00802381j
-0.0454738+0.0409477j,0.011054+0.0625471j,0.0518814+0.0243201j,0.0434404-0.0141028j,0.0226131-0.0309269j,-0.00116263-0.0309783j,-0.0144711-0.0197365j,-0.0200849-0.00756259j,-0.0180612+0.0027959j,-0.0135482+0.00784142j,-0.00751617+0.00915937j
-0.043321+0.0448196j,0.0163786+0.0635137j,0.0558391+0.0208305j,0.044071-0.0183884j,0.020954-0.0342009j,-0.00385218-0.0321551j,-0.0167842-0.0192365j,-0.0215948-0.00600741j,-0.0186173+0.00463387j,-0.0134937+0.00950052j,-0.00711219+0.0103215j
-0.0408395+0.0485862j,0.0219265+0.0640511j,0.0596239+0.0168784j,0.0443484-0.0228895j,0.0189429-0.0374509j,-0.00674216-0.0331366j,-0.0191381-0.0185142j,-0.0230275-0.00425722j,-0.0190364+0.0065973j,-0.0132934+0.0112271j,-0.0065887+0.0115018j
-0.038033+0.0522188j,0.0276644+0.0641287j,0.063189+0.012465j,0.044241-0.0275831j,0.0165697-0.0406451j,-0.00982229-0.0339003j,-0.0215171-0.017559j,-0.0243641-0.00231131j,-0.0193023+0.00867909j,-0.0129348+0.0130114j,-0.00593792+0.0126911j
-0.0349079+0.0556886j,0.0335556+0.0637183j,0.0664864+0.00759559j,0.043718-0.0324421j,0.013827-0.0437497j,-0.0130808-0.034424j,-0.0239044-0.0163608j,-0.0255846-0.000170511j,-0.0193991+0.0108706j,-0.0124057+0.0148424j,-0.00515209+0.0138793j
-0.031473+0.0589666j,0.0395598+0.0627942j,0.0694671+0.00227994j,0.0427497-0.0374362j,0.0107094-0.0467295j,-0.0165046-0.0346857j,-0.0262814-0.0149099j,-0.0266683+0.00216267j,-0.0193109+0.0131619j,-0.0116942+0.016708j,-0.00422338+0.0150553j
-0.0277402+0.0620245j,0.0456332+0.0613344j,0.0720813-0.00346749j,0.0413078-0.0425308j,0.00721462-0.0495475j,-0.0200787-0.0346632j,-0.0286282-0.0131973j,-0.0275939+0.00468394j,-0.0190216+0.0155414j,-0.0107882+0.0185944j,-0.00314397+0.0162062j
-0.0237239+0.0648346j,0.0517291+0.0593201j,0.0742787-0.00962728j,0.039366-0.0476877j,0.00334287-0.0521652j,-0.0237864-0.0343343j,-0.0309229-0.0112147j,-0.0283394+0.00738714j,-0.0185154+0.0179964j,-0.00967565+0.0204865j,-0.00190635+0.0173175j
-0.0194412+0.06737j,0.0577976+0.0567367j,0.0760094-0.0161748j,0.0369-0.0528647j,-0.000902526-0.054543j,-0.0276091-0.0336768j,-0.0331417-0.00895524j,-0.0288825+0.0102642j,-0.0177762+0.0205122j,-0.00834477+0.022367j,-0.000503752+0.0183724j
-0.014912+0.0696053j,0.0637869+0.053574j,0.077224-0.0230801j,0.0338887-0.0580157j,-0.00551504-0.0566395j,-0.0315256-0.0326684j,-0.0352588-0.00641322j,-0.0292002+0.013305j,-0.0167875+0.0230727j,-0.00678413+0.0242164j,0.00106927+0.0193519j
-0.0101586+0.0715162j,0.0696424+0.0498265j,0.0778741-0.0303077j,0.0303139-0.0630911j,-0.0104846-0.0584124j,-0.0355119-0.0312871j,-0.0372464-0.00358484j,-0.0292695+0.0164974j,-0.0155332+0.0256592j,-0.00498308+0.0260125j,0.00281632+0.0202345j
-0.00520587+0.0730805j,0.0753085+0.0454939j,0.0779133-0.0378165j,0.0261614-0.0680371j,-0.0157973-0.0598182j,-0.0395409-0.0295111j,-0.0390746-0.000468501j,-0.0290664+0.0198268j,-0.0139969+0.0282507j,-0.0029324+0.0277301j,0.00473846+0.0209966j
-8.08806e-05+0.0742778j,0.0807279+0.0405809j,0.0772972-0.0455598j,0.0214212-0.0727969j,-0.021435-0.0608126j,-0.0435823-0.02732j,-0.0407117+0.00293486j,-0.0285673+0.0232759j,-0.0121628+0.0308227j,-0.000624968+0.0293409j,0.00683372+0.0216128j
0.00518703+0.0750901j,0.0858427+0.0350979j,0.0759845-0.053485j,0.016088-0.0773101j,-0.0273749-0.0613507j,-0.0476022-0.0246942j,-0.0421242+0.00662134j,-0.0277481+0.0268245j,-0.0100164+0.0333478j,0.00194344+0.0308138j,0.00909654+0.0220564j
0.0105666+0.0755019j,0.0905949+0.0290612j,0.0739371-0.0615344j,0.010162-0.0815134j,-0.0335896-0.0613874j,-0.0515629-0.0216164j,-0.0432772+0.0105838j,-0.0265854+0.0304491j,-0.00754495+0.0357946j,0.00477342+0.0321148j,0.0115176+0.0223j
0.0160249+0.0755004j,0.0949267+0.0224928j,0.0711214-0.0696444j,0.00364912-0.085341j,-0.040046-0.060878j,-0.0554229-0.0180715j,-0.0441346+0.0148115j,-0.025056+0.0341229j,-0.00473814+0.0381283j,0.00786148+0.0332084j,0.0140836+0.0223162j
0.0215273+0.0750756j,0.0987814+0.0154205j,0.0675087-0.0777463j,-0.00343823-0.0887247j,-0.0467056-0.0597783j,-0.059137-0.0140475j,-0.0446594+0.0192897j,-0.0231383+0.0378153j,-0.00158905+0.0403108j,0.0111996+0.0340571j,0.0167777+0.022078j
0.0270384+0.0742211j,0.102104+0.0078787j,0.0630757-0.0857664j,-0.0110807-0.0915947j,-0.0535239-0.0580459j,-0.0626566-0.00953612j,-0.044814+0.0239995j,-0.0208119+0.0414916j,0.00190524+0.0423008j,0.0147748+0.0346228j,0.0195793+0.0215592j
0.0325212+0.0729332j,0.104841-9.28949e-05j,0.0578055-0.0936264j,-0.0192513-0.0938804j,-0.0604501-0.0556403j,-0.0659294-0.0045334j,-0.044561+0.0289174j,-0.0180592+0.0451133j,0.0057429+0.044054j,0.0185693+0.0348669j,0.0224643+0.0207347j
0.037939+0.0712122j,0.106942-0.0084482j,0.0516879-0.101244j,-0.0279156-0.0955105j,-0.0674276-0.0525241j,-0.0689006+0.000959842j,-0.0438632+0.0340153j,-0.0148654+0.0486378j,0.00991682+0.0455246j,0.0225601+0.0347513j,0.0254049+0.0195809j
0.0432541+0.0690615j,0.10836-0.0171355j,0.0447206-0.108532j,-0.0370304-0.0964143j,-0.0743932-0.0486635j,-0.0715123+0.00693747j,-0.0426846+0.0392602j,-0.0112197+0.052019j,0.0144142+0.0466649j,0.0267188+0.0342389j,0.0283699+0.0180761j
0.0484294+0.0664882j,0.109054-0.0260974j,0.0369095-0.115403j,-0.046544-0.0965224j,-0.0812778-0.0440293j,-0.0737049+0.0133875j,-0.0409907+0.0446141j,-0.00711533+0.0552072j,0.0192163+0.047427j,0.0310125+0.0332937j,0.0313244+0.0162006j
0.0534281+0.0635034j,0.108984-0.0352711j,0.0282695-0.121764j,-0.0563959-0.0957677j,-0.0880059-0.0385978j,-0.0754169+0.0202916j,-0.0387487+0.0500339j,-0.00255052+0.0581498j,0.0242987+0.0477627j,0.0354031+0.0318818j,0.0342303+0.0139374j
0.0582144+0.0601212j,0.108119-0.0445891j,0.0188249-0.127521j,-0.066516-0.0940863j,-0.0944965-0.0323516j,-0.0765855+0.0276245j,-0.0359288+0.0554713j,0.00247107+0.0607912j,0.0296304+0.047624j,0.0398474+0.0299713j,0.037046+0.0112723j
0.0627538+0.0563595j,0.106431-0.0539791j,0.00861035-0.132583j,-0.0768256-0.0914189j,-0.100663-0.0252809j,-0.077148+0.0353538j,-0.0325047+0.0608727j,0.00793957+0.0630737j,0.0351742+0.0469642j,0.044297+0.0275331j,0.0397257+0.00819457j
0.0670137+0.0522398j,0.103903-0.0633649j,-0.00232939-0.136854j,-0.0872366-0.0877119j,-0.106415-0.0173838j,-0.0770417+0.0434396j,-0.0284541+0.0661796j,0.0138385+0.0649379j,0.0408859+0.0457382j,0.0486978+0.0245416j,0.0422204+0.0046982j
0.0709632+0.0477867j,0.100521-0.0726669j,-0.0139385-0.140244j,-0.097652-0.0829183j,-0.111657-0.00866755j,-0.0762053+0.0518342j,-0.0237597+0.0713284j,0.0201445+0.0663237j,0.0467152+0.0439037j,0.0529908+0.0209758j,0.0444778+0.000782543j
0.0745743+0.0430278j,0.0962807-0.0818029j,-0.0261501-0.142663j,-0.107966-0.0769993j,-0.116291+0.000850773j,-0.074579+0.0604815j,-0.0184097+0.0762512j,0.0268269+0.0671705j,0.052605+0.0414215j,0.0571118+0.0168198j,0.0464433-0.00354719j
0.0778218+0.0379934j,0.0911871-0.0906887j,-0.0388861-0.144028j,-0.118066-0.0699256j,-0.120215+0.0111432j,-0.072106+0.0693172j,-0.0123988+0.0808752j,0.0338473+0.067418j,0.0584915+0.0382563j,0.0609918+0.012064j,0.0480603-0.00827944j
0.0806834+0.0327165j,0.0852529-0.0992393j,-0.0520574-0.144258j,-0.12783-0.0616785j,-0.123327+0.0221703j,-0.0687338+0.0782682j,-0.00572905+0.085124j,0.041159+0.0670072j,0.0643039+0.0343777j,0.0645573+0.00670544j,0.049271-0.0133957j
0.0831405+0.0272318j,0.0785002-0.107369j,-0.0655639-0.143282j,-0.137131-0.0522514j,-0.125524+0.0338805j,-0.0644146+0.0872531j,0.00158927+0.0889177j,0.048707+0.0658814j,0.069965+0.0297614j,0.0677306+0.000749861j,0.0500169-0.01887j
0.0851784+0.0215762j,0.0709602-0.114995j,-0.0792951-0.141036j,-0.145837-0.0416505j,-0.126707+0.0462098j,-0.0591073+0.096182j,0.00953685+0.0921744j,0.0564275+0.0639873j,0.0753909+0.0243908j,0.0704313-0.00578791j,0.05024-0.0246685j
0.086786+0.0157873j,0.0626739-0.122034j,-0.0931308-0.137465j,-0.153811-0.029896j,-0.126775+0.0590812j,-0.0527782+0.104957j,0.0180848+0.0948103j,0.0642483+0.0612762j,0.0804922+0.0182577j,0.0725772-0.0128829j,0.0498837-0.0307494j
0.0879566+0.00990378j,0.0536915-0.128408j,-0.106941-0.132528j,-0.160913-0.0170237j,-0.125634+0.0724045j,-0.045402+0.113473j,0.0271943+0.0967416j,0.072089+0.0577052j,0.085175+0.0113639j,0.0740857-0.0204996j,0.048894-0.0370628j
0.0886876+0.00396442j,0.0440726-0.134043j,-0.120589-0.126192j,-0.167003-0.00308498j,-0.123195+0.086076j,-0.0369636+0.121618j,0.0368158+0.0978845j,0.0798612+0.0532383j,0.0893415+0.00372136j,0.0748748-0.0285919j,0.04722-0.0435517j
0.0889808-0.00199216j,0.0338854-0.138868j,-0.133929-0.118444j,-0.171941+0.0118516j,-0.119377+0.0999785j,-0.0274591+0.129272j,0.0468886+0.0981573j,0.0874688+0.0478474j,0.0928912-0.00464633j,0.0748648-0.0371027j,0.0448147-0.0501511j
0.0888419-0.00792839j,0.0232067-0.142824j,-0.146811-0.109281j,-0.175589+0.0277002j,-0.114108+0.113982j,-0.0168972+0.136311j,0.0573404+0.0974814j,0.0948086+0.0415138j,0.0957216-0.0137034j,0.0739782-0.0459641j,0.041635-0.0567887j
0.0882808-0.0138081j,0.0121208-0.145855j,-0.159081-0.0987192j,-0.177814+0.0443575j,-0.107327+0.127944j,-0.00530074+0.142608j,0.0680873+0.095783j,0.101771+0.0342297j,0.0977302-0.0234007j,0.0721418-0.0550965j,0.0376434-0.0633839j
0.0873114-0.0195968j,0.000718896-0.147917j,-0.170583-0.0867912j,-0.178491+0.0617026j,-0.0989861+0.14171j,0.00729319+0.148032j,0.0790342+0.092995j,0.108241+0.0259997j,0.0988156-0.0336752j,0.0692879-0.0644083j,0.0328088-0.0698476j
0.0859509-0.0252627j,-0.0109017-0.148973j,-0.181161-0.0735474j,-0.177503+0.079597j,-0.0890518+0.155116j,0.0208319+0.152452j,0.090075+0.0890584j,0.1141+0.0168416j,0.0988799-0.0444496j,0.0653562-0.0737968j,0.0271089-0.0760826j
0.0842201-0.030777j,-0.0226389-0.149001j,-0.190659-0.0590571j,-0.174743+0.0978849j,-0.0775078+0.167987j,0.0352467+0.155738j,0.101094+0.0839234j,0.119228+0.00678714j,0.0978303-0.0556324j,0.0602955-0.0831479j,0.0205317-0.0819847j
0.0821422-0.036114j,-0.0343872-0.147987j,-0.198927-0.0434082j,-0.17012+0.116394j,-0.0643555+0.180142j,0.0504521+0.15776j,0.111964+0.0775514j,0.123502-0.00411743j,0.0955805-0.0671186j,0.0540648-0.0923374j,0.0130766-0.0874432j
0.079743-0.0412523j,-0.0460391-0.14593j,-0.205821-0.0267077j,-0.163557+0.134937j,-0.0496167+0.191391j,0.0663451+0.158397j,0.122551+0.069916j,0.126803-0.0158103j,0.0920522-0.0787886j,0.0466348-0.101231j,0.00475589-0.0923424j
0.0770494-0.0461742j,-0.0574864-0.142843j,-0.211205-0.00908105j,-0.154998+0.153311j,-0.0333346+0.201543j,0.0828055+0.157532j,0.132713+0.0610056j,0.12901-0.028213j,0.0871773-0.0905092j,0.0379903-0.109684j,-0.00440372-0.096562j
0.0740898-0.0508664j,-0.0686221-0.138752j,-0.214955+0.00932831j,-0.144404+0.171303j,-0.0155753+0.210405j,0.0996963+0.155058j,0.1423+0.0508246j,0.130011-0.0412303j,0.0809003-0.102133j,0.0281322-0.117543j,-0.0143589-0.0999793j
0.0708927-0.0553199j,-0.0793421-0.133694j,-0.216961+0.02836j,-0.131762+0.188688j,0.00357218+0.217783j,0.116864+0.150881j,0.151159+0.0393944j,0.129698-0.05475j,0.0731811-0.1135j,0.0170806-0.12465j,-0.0250481-0.102472j
0.0674862-0.0595304j,-0.0895464-0.12772j,-0.217129+0.0478378j,-0.117083+0.205234j,0.0239944+0.223489j,0.13414+0.14492j,0.159136+0.0267547j,0.127975-0.0686432j,0.0639975-0.124438j,0.00487633-0.130839j,-0.036391-0.10392j
0.0638973-0.0634975j,-0.0991414-0.120892j,-0.215383+0.0675709j,-0.100403+0.220705j,0.0455535+0.227341j,0.151342+0.13711j,0.166075+0.0129638j,0.124756-0.0827657j,0.0533471-0.134769j,-0.00841728-0.135947j,-0.0482885-0.104212j
0.0601512-0.0672253j,-0.108041-0.113287j,-0.211667+0.0873565j,-0.0817863+0.234858j,0.0680869+0.229167j,0.168274+0.127405j,0.171823-0.00190038j,0.119971-0.0969584j,0.0412488-0.144305j,-0.0227142-0.139811j,-0.060624-0.103244j
0.0562704-0.0707214j,-0.11617-0.104989j,-0.205949+0.106981j,-0.0613269+0.247457j,0.0914077+0.228808j,0.184729+0.115779j,0.176231-0.0177398j,0.113565-0.111048j,0.027745-0.152855j,-0.0379054-0.142273j,-0.0732647-0.100926j
0.0522744-0.0739966j,-0.123463-0.0960923j,-0.198221+0.126226j,-0.0391479+0.258265j,0.115306+0.226123j,0.200492+0.102229j,0.179157-0.0344357j,0.105503-0.124849j,0.0129032-0.160226j,-0.0538577-0.143185j,-0.0860622-0.0971802j
0.0481789-0.0770642j,-0.129867-0.0867003j,-0.188501+0.144864j,-0.015402+0.267059j,0.13955+0.220988j,0.215341+0.0867771j,0.18047-0.0518495j,0.0957724-0.138166j,-0.0031821-0.166227j,-0.0704142-0.14241j,-0.0988533-0.0919447j
0.0439957-0.0799399j,-0.135343-0.0769218j,-0.176832+0.16267j,0.00972847+0.273623j,0.163888+0.213306j,0.229052+0.0694702j,0.180053-0.0698234j,0.0843832-0.150796j,-0.0203887-0.170674j,-0.0873954-0.139827j,-0.111462-0.0851776j
0.0397319-0.0826403j,-0.139866-0.0668705j,-0.163286+0.17942j,0.0360328+0.277759j,0.188051+0.203003j,0.241401+0.0503815j,0.177802-0.0881827j,0.0713724-0.162533j,-0.0385675-0.173393j,-0.104601-0.135336j,-0.123703-0.0768588j
0.0353899-0.0851828j,-0.143428-0.0566627j,-0.147963+0.194893j,0.0632722+0.279289j,0.211756+0.190033j,0.252166+0.0296108j,0.173634-0.106737j,0.0568023-0.173171j,-0.057544-0.174226j,-0.121814-0.128862j,-0.135384-0.0669912j
0.0309671-0.0875843j,-0.146034-0.0464152j,-0.130988+0.20888j,0.0911817+0.278056j,0.234704+0.174383j,0.261129+0.00728592j,0.167485-0.125281j,0.0407615-0.182506j,-0.0771204-0.173034j,-0.138805-0.120354j,-0.14631-0.0556006j
0.0264561-0.0898601j,-0.147707-0.0362429j,-0.112517+0.221181j,0.119473+0.273935j,0.256591+0.156072j,0.268086-0.016438j,0.159312-0.143598j,0.0233654-0.190342j,-0.0970772-0.169697j,-0.155329-0.109787j,-0.156286-0.0427364j
0.0218448-0.0920237j,-0.148486-0.0262567j,-0.0927297+0.231615j,0.147835+0.266827j,0.277106+0.135156j,0.272842-0.0413786j,0.149099-0.161461j,0.00475638-0.196491j,-0.117175-0.164122j,-0.171138-0.0971657j,-0.165117-0.0284719j
0.0171169-0.0940852j,-0.148425-0.016561j,-0.0718296+0.240021j,0.175943+0.25667j,0.295939+0.111727j,0.27522-0.0673274j,0.136857-0.178636j,-0.014897-0.200781j,-0.137157-0.156242j,-0.185975-0.0825255j,-0.172613-0.0129051j
0.012252-0.0960508j,-0.147591-0.007252j,-0.0500427+0.246258j,0.203456+0.243439j,0.312784+0.0859141j,0.275066-0.0940522j,0.122624-0.194888j,-0.0354015-0.203057j,-0.156753-0.146022j,-0.199582-0.0659337j,-0.178592+0.0038406j
0.00722658-0.0979222j,-0.146066+0.00158463j,-0.0276143+0.250214j,0.230024+0.227146j,0.327343+0.0578837j,0.272246-0.121299j,0.106466-0.209983j,-0.0565417-0.203186j,-0.175683-0.133461j,-0.211705-0.0474906j,-0.182883+0.0216165j
0.00201433-0.0996959j,-0.143943+0.00987575j,-0.00480609+0.251804j,0.255293+0.207846j,0.339331+0.0278393j,0.266653-0.148794j,0.088478-0.223689j,-0.0780835-0.20106j,-0.193664-0.118592j,-0.222096-0.0273305j,-0.18533+0.0402496j
-0.00341296-0.101362j,-0.141326+0.0175625j,0.0181069+0.250975j,0.278907+0.185634j,0.348481-0.00397912j,0.258211-0.176248j,0.0687827-0.235786j,-0.0997771-0.196599j,-0.210411-0.101481j,-0.230521-0.00561956j,-0.185798+0.0595454j
-0.00908438-0.102905j,-0.138328+0.0246022j,0.0408404+0.247708j,0.300517+0.160651j,0.354546-0.0372961j,0.246872-0.203356j,0.0475296-0.246061j,-0.12136-0.189752j,-0.225645-0.0822329j,-0.236762+0.0174462j,-0.184176+0.0792917j
-0.0150289-0.104301j,-0.135068+0.0309697j,0.0631052+0.24202j,0.319783+0.133079j,0.357309-0.0718028j,0.232622-0.229801j,0.0248947-0.254319j,-0.142561-0.180496j,-0.239093-0.0609832j,-0.240622+0.0416422j,-0.180375+0.0992613j
-0.0212743-0.10552j,-0.131668+0.0366581j,0.0846118+0.233961j,0.336383+0.103146j,0.356583-0.10716j,0.215487-0.255264j,0.00107973-0.26038j,-0.1631-0.168843j,-0.250494-0.0379036j,-0.241927+0.0667172j,-0.174334+0.119214j
-0.0278459-0.106526j,-0.128251+0.0416796j,0.105075+0.223622j,0.350015+0.0711185j,0.352218-0.143001j,0.195525-0.279419j,-0.0236903-0.264087j,-0.182697-0.154837j,-0.259601-0.0131998j,-0.240527+0.0923947j,-0.166016+0.138901j
-0.0347655-0.107273j,-0.124939+0.046066j,0.124219+0.211127j,0.360405+0.0373031j,0.344103-0.178937j,0.172834-0.301946j,-0.0491699-0.265309j,-0.201073-0.138557j,-0.266192+0.0128893j,-0.236307+0.118376j,-0.155417+0.158064j
-0.0420505-0.107711j,-0.12185+0.0498682j,0.141779+0.196637j,0.367311+0.00204295j,0.332171-0.214561j,0.14755-0.32253j,-0.075097-0.263941j,-0.217956-0.120119j,-0.270068+0.0400941j,-0.229186+0.144344j,-0.142561+0.176441j
-0.0497125-0.107782j,-0.119093+0.0531565j,0.157511+0.180348j,0.370528-0.0342855j,0.316398-0.249452j,0.119842-0.34087j,-0.101196-0.259909j,-0.233085-0.0996701j,-0.271062+0.0681189j,-0.219122+0.169971j,-0.127507+0.193774j
-0.0577563-0.107423j,-0.116772+0.0560202j,0.171193+0.162489j,0.369891-0.0712758j,0.296809-0.283177j,0.0899186-0.356677j,-0.127181-0.253167j,-0.246217-0.077388j,-0.269041+0.0966456j,-0.206111+0.194919j,-0.110342+0.20981j
-0.0661785-0.106566j,-0.114972+0.0585659j,0.182629+0.143318j,0.365281-0.108496j,0.273478-0.315304j,0.058021-0.369681j,-0.152758-0.243703j,-0.257124-0.0534811j,-0.263906+0.125339j,-0.19019+0.218853j,-0.0911813+0.224306j
-0.0749666-0.105136j,-0.113766+0.0609167j,0.191656+0.123123j,0.356631-0.145496j,0.246532-0.345398j,0.0244252-0.379638j,-0.177628-0.231537j,-0.265599-0.0281858j,-0.255597+0.153848j,-0.17143+0.241438j,-0.0701674+0.237028j
-0.084098-0.103059j,-0.113209+0.0632093j,0.198147+0.102213j,0.343925-0.181809j,0.216148-0.373037j,-0.0105617-0.386332j,-0.201492-0.216723j,-0.271463-0.00176627j,-0.244092+0.18181j,-0.149944+0.262341j,-0.0474663+0.247757j
-0.0935393-0.100255j,-0.113334+0.0655923j,0.202014+0.0809158j,0.327202-0.216965j,0.182557-0.397814j,-0.0466058-0.389581j,-0.224054-0.199354j,-0.274564+0.0254886j,-0.229414+0.208858j,-0.125881+0.28124j,-0.0232714+0.256282j
-0.103246-0.0966459j,-0.114152+0.0682233j,0.203208+0.0595746j,0.30656-0.250491j,0.146036-0.419342j,-0.0833504-0.389237j,-0.245029-0.179556j,-0.274784+0.0532698j,-0.211628+0.23462j,-0.099431+0.297826j,0.00219692+0.262415j
-0.11316-0.0921534j,-0.115652+0.0712668j,0.201727+0.0385415j,0.282148-0.281919j,0.106909-0.437263j,-0.12042-0.385192j,-0.264145-0.157487j,-0.272044+0.0812534j,-0.190846+0.258734j,-0.0708218+0.311811j,0.0286934+0.265987j
-0.123213-0.0867011j,-0.117794+0.0748906j,0.197613+0.0181731j,0.254179-0.310795j,0.0655468-0.451249j,-0.157423-0.377377j,-0.281147-0.133336j,-0.266299+0.109105j,-0.167222+0.280847j,-0.0403148+0.322929j,0.0559513+0.266858j
-0.133324-0.0802163j,-0.120513+0.079263j,0.190955-0.00117549j,0.222918-0.336683j,0.0223623-0.461013j,-0.193956-0.365768j,-0.295798-0.107322j,-0.257543+0.136484j,-0.140949+0.300624j,-0.00820167+0.330943j,0.0836864+0.264915j
-0.143395-0.0726321j,-0.123716+0.084548j,0.181892-0.0191574j,0.188688-0.359174j,-0.0221936-0.46631j,-0.229608-0.350383j,-0.307882-0.0796947j,-0.245807+0.163045j,-0.112259+0.317748j,0.0251981+0.335643j,0.1116+0.260071j
-0.15332-0.0638889j,-0.127282+0.0909021j,0.170608-0.0354403j,0.151866-0.377895j,-0.0676364-0.466948j,-0.26397-0.331291j,-0.317213-0.050728j,-0.231164+0.188445j,-0.0814216+0.331924j,0.0595385+0.336852j,0.139379+0.252274j
-0.162978-0.0539364j,-0.131062+0.0984697j,0.157335-0.0497125j,0.112875-0.392514j,-0.113455-0.462788j,-0.296633-0.308606j,-0.323633-0.0207214j,-0.213725+0.212345j,-0.0487419+0.342883j,0.094448+0.334425j,0.1667+0.2415j
-0.172238-0.0427354j,-0.134882+0.10738j,0.142347-0.0616892j,0.0721835-0.402747j,-0.159118-0.453748j,-0.327202-0.282491j,-0.327021+0.0100064j,-0.193644+0.234417j,-0.0145609+0.35039j,0.129532+0.328257j,0.193229+0.227764j
-0.180957-0.0302591j,-0.13854+0.117742j,0.125961-0.0711179j,0.0302986-0.40836j,-0.20408-0.439808j,-0.355299-0.253153j,-0.327292+0.0411218j,-0.171116+0.25435j,0.0207497+0.354245j,0.164377+0.318287j,0.218628+0.211119j
-0.188982-0.0164955j,-0.141812+0.129643j,0.108529-0.0777839j,-0.0122394-0.409182j,-0.247788-0.421009j,-0.380567-0.220842j,-0.324397+0.0722809j,-0.146372+0.271854j,0.0567913+0.354288j,0.198558+0.304501j,0.242563+0.19166j
-0.196154-0.00144831j,-0.144454+0.143143j,0.0904389-0.0815158j,-0.0548633-0.4051j,-0.289689-0.397458j,-0.402672-0.185852j,-0.318329+0.103134j,-0.119677+0.286666j,0.0931431+0.350408j,0.231641+0.286934j,0.264705+0.169522j
-0.202304+0.014861j,-0.146201+0.15827j,0.0721077-0.0821909j,-0.096986-0.396072j,-0.329237-0.369325j,-0.421314-0.148512j,-0.30912+0.13333j,-0.0913299+0.298553j,0.129367+0.342536j,0.263192+0.265674j,0.284742+0.144882j
-0.207258+0.0323916j,-0.146773+0.17502j,0.0539758-0.0797395j,-0.138008-0.382125j,-0.365899-0.336844j,-0.436227-0.10919j,-0.296838+0.162519j,-0.0616542+0.307315j,0.165016+0.330656j,0.292785+0.240858j,0.30238+0.117954j
-0.210841+0.0510819j,-0.145878+0.193351j,0.0365009-0.0741496j,-0.177325-0.363358j,-0.399165-0.300316j,-0.447185-0.0682852j,-0.281593+0.19036j,-0.0309995+0.312787j,0.199634+0.314802j,0.320005+0.212674j,0.317351+0.0889837j
-0.212874+0.0708486j,-0.143216+0.21318j,0.0201508-0.0654703j,-0.21434-0.339949j,-0.428556-0.260104j,-0.454003-0.0262279j,-0.263535+0.216519j,0.000262803+0.314842j,0.232765+0.295055j,0.344455+0.181357j,0.329412+0.058247j
-0.21318+0.091585j,-0.138486+0.234381j,0.00539537-0.0538141j,-0.248471-0.312147j,-0.453632-0.216631j,-0.456551+0.0165293j,-0.242854+0.240679j,0.0317415+0.313394j,0.263956+0.271554j,0.365759+0.147188j,0.33835+0.0260465j
-0.211588+0.113161j,-0.131391+0.256787j,-0.00730176-0.0393573j,-0.279159-0.280279j,-0.474001-0.170374j,-0.454747+0.0595171j,-0.219779+0.262544j,0.0630299+0.308404j,0.292758+0.244489j,0.383568+0.110499j,0.343977-0.00728715j
-0.207933+0.135424j,-0.121641+0.280185j,-0.0174903-0.0223407j,-0.305881-0.244739j,-0.489322-0.121859j,-0.448565+0.102257j,-0.194575+0.281848j,0.0937135+0.299884j,0.318746+0.214111j,0.397568+0.0716647j,0.346145-0.041397j
-0.202058+0.158197j,-0.108958+0.304317j,-0.024741-0.00306879j,-0.328154-0.205991j,-0.499314-0.0716551j,-0.438031+0.144265j,-0.167535+0.298355j,0.123378+0.287896j,0.341518+0.180725j,0.40749+0.0311049j,0.344749-0.0759055j
-0.193819+0.181278j,-0.0930864+0.32888j,-0.0286541+0.01809j,-0.345543-0.164565j,-0.503755-0.0203694j,-0.423224+0.18506j,-0.138979+0.311863j,0.151617+0.272551j,0.360709+0.144685j,0.413115-0.0107303j,0.339728-0.110424j
-0.183088+0.204444j,-0.073794+0.353526j,-0.028868+0.0407054j,-0.357675-0.12105j,-0.502498+0.0313575j,-0.40428+0.224165j,-0.109251+0.322205j,0.178032+0.254008j,0.375996+0.106387j,0.414279-0.0533668j,0.331067-0.144559j
-0.169755+0.227446j,-0.0508821+0.377864j,-0.0250688+0.0642882j,-0.364244-0.0760911j,-0.495465+0.0828607j,-0.38139+0.261113j,-0.0787168+0.329249j,0.202242+0.232471j,0.387096+0.0662654j,0.410867-0.096312j,0.318791-0.17792j
-0.153732+0.250016j,-0.0241909+0.40146j,-0.0169993+0.088296j,-0.36502-0.0303814j,-0.482663+0.13346j,-0.354801+0.295458j,-0.0477615+0.33291j,0.223884+0.208192j,0.393772+0.0247911j,0.402816-0.139059j,0.302966-0.210117j
-0.134958+0.271866j,0.00639422+0.423846j,-0.00446672+0.112139j,-0.359857+0.0153504j,-0.464178+0.18247j,-0.324815+0.326782j,-0.0167832+0.333146j,0.242617+0.181467j,0.39584-0.0175326j,0.390118-0.181089j,0.283695-0.240765j
-0.113397+0.292688j,0.0409367+0.44452j,0.0126507+0.135187j,-0.348698+0.0603478j,-0.440178+0.229212j,-0.291787+0.354702j,0.0138129+0.329965j,0.258138+0.152643j,0.393174-0.0601752j,0.372824-0.221877j,0.261125-0.269484j
-0.0890461+0.312163j,0.0794441+0.462953j,0.0343972+0.156779j,-0.331577+0.103836j,-0.410916+0.273021j,-0.256113+0.378876j,0.0436218+0.323427j,0.27018+0.122101j,0.385707-0.102587j,0.351046-0.2609j,0.235446-0.29591j
-0.0619358+0.329956j,0.121863+0.478591j,0.0607337+0.176227j,-0.308625+0.145035j,-0.376724+0.313255j,-0.218233+0.399005j,0.0722446+0.313638j,0.278523+0.0902638j,0.373442-0.144206j,0.324956-0.297646j,0.206891-0.319697j
-0.0321316+0.345726j,0.168073+0.490868j,0.091533+0.192831j,-0.280071+0.183165j,-0.338016+0.349306j,-0.178625+0.414841j,0.099294+0.300754j,0.282998+0.0575777j,0.356444-0.18447j,0.294788-0.331618j,0.175733-0.340525j
0.000261768+0.359122j,0.217886+0.499203j,0.126575+0.205884j,-0.246247+0.217464j,-0.29528+0.380609j,-0.137795+0.426192j,0.1244+0.284978j,0.283485+0.0245141j,0.334846-0.222821j,0.260831-0.362349j,0.142278-0.358105j
0.0350997+0.369794j,0.271036+0.503019j,0.165543+0.214687j,-0.207582+0.247198j,-0.249081+0.406652j,-0.0962811+0.432924j,0.147212+0.266558j,0.279922-0.00843948j,0.308844-0.258716j,0.223424-0.3894j,0.106863-0.372182j
0.0721946+0.377394j,0.327184+0.501741j,0.208023+0.218559j,-0.164608+0.271674j,-0.200054+0.426985j,-0.0546381+0.434964j,0.167406+0.245787j,0.272298-0.040783j,0.278693-0.291628j,0.182957-0.41237j,0.0698497-0.382535j
0.111316+0.381579j,0.385909+0.494816j,0.2535+0.216852j,-0.117951+0.290254j,-0.148896+0.441232j,-0.0134364+0.432313j,0.184691+0.223002j,0.260664-0.0720085j,0.24471-0.321054j,0.139863-0.430893j,0.0316195-0.388979j
0.152188+0.382022j,0.446713+0.481712j,0.301367+0.208962j,-0.0683311+0.302368j,-0.0963556+0.4491j,0.0267503+0.42504j,0.198814+0.198582j,0.24513-0.101606j,0.207271-0.34652j,0.0946155-0.444648j,-0.00742273-0.391359j
0.194494+0.37841j,0.509019+0.461938j,0.350919+0.194343j,-0.0165491+0.307524j,-0.0432285+0.450386j,0.065354+0.413286j,0.209569+0.172941j,0.225869-0.129072j,0.166813-0.367588j,0.0477331-0.45336j,-0.0468516-0.38956j
0.23787+0.370454j,0.572174+0.435045j,0.401366+0.17252j,0.036518+0.305325j,0.00965867+0.444981j,0.101822+0.397267j,0.216802+0.146526j,0.203122-0.153916j,0.123828-0.383864j,-0.00023035-0.45681j,-0.0862219-0.383508j
0.281912+0.357892j,0.635452+0.400642j,0.451834+0.143097j,0.0899273+0.295472j,0.0614565+0.432877j,0.135625+0.377264j,0.220413+0.119805j,0.177191-0.175672j,0.0788628-0.39501j,-0.0486896-0.454837j,-0.125073-0.373177j
0.326174+0.340494j,0.698054+0.358401j,0.501375+0.105775j,0.14268+0.277777j,0.111303+0.414169j,0.166266+0.353629j,0.220362+0.0932613j,0.148437-0.193908j,0.0325061-0.40075j,-0.0970374-0.447351j,-0.162936-0.358589j
0.370172+0.318069j,0.759116+0.30807j,0.548972+0.0603555j,0.193732+0.252171j,0.158337+0.38906j,0.193283+0.326776j,0.216667+0.0673908j,0.117277-0.208228j,-0.0146158-0.40087j,-0.144653-0.434324j,-0.19934-0.339815j
0.413382+0.29047j,0.817715+0.249484j,0.593551+0.00676j,0.242009+0.218715j,0.201708+0.357861j,0.216263+0.297184j,0.209406+0.0426931j,0.0841803-0.218281j,-0.0618478-0.395228j,-0.19091-0.415796j,-0.233814-0.316977j
0.455249+0.257599j,0.872872+0.182572j,0.633995-0.0549644j,0.286419+0.177604j,0.240592+0.320998j,0.234848+0.265389j,0.198722+0.0196672j,0.0496624-0.223762j,-0.108511-0.38375j,-0.235178-0.391874j,-0.265894-0.290241j
0.495188+0.219411j,0.923569+0.10737j,0.669154-0.124635j,0.32587+0.129176j,0.274205+0.279003j,0.248744+0.231983j,0.184822-0.00119585j,0.0142857-0.224422j,-0.153909-0.366438j,-0.276831-0.362729j,-0.295122-0.259825j
0.532591+0.175924j,0.968752+0.0240231j,0.697866-0.201924j,0.359289+0.0739112j,0.301819+0.23252j,0.257731+0.197603j,0.167982-0.0194208j,-0.0213462-0.220073j,-0.197333-0.34337j,-0.315251-0.328599j,-0.321048-0.225995j
0.566829+0.127215j,1.00735-0.0671998j,0.71897-0.286358j,0.385638+0.0124351j,0.322777+0.182292j,0.261671+0.162924j,0.148548-0.0345586j,-0.0565916-0.210592j,-0.23807-0.314704j,-0.349828-0.289792j,-0.343236-0.18907j
0.597263+0.0734325j,1.03827-0.165906j,0.731321-0.377309j,0.403935-0.0544856j,0.336506+0.129156j,0.260512+0.128647j,0.12693-0.0461973j,-0.0907791-0.195935j,-0.275408-0.280685j,-0.379971-0.24669j,-0.361265-0.149431j
0.623246+0.0147929j,1.06044-0.271574j,0.733815-0.473999j,0.413267-0.125946j,0.342527+0.0740341j,0.254293+0.0954866j,0.1036-0.0539724j,-0.123217-0.176143j,-0.30865-0.241649j,-0.405116-0.199753j,-0.374747-0.10752j
0.644132-0.0484132j,1.0728-0.383545j,0.725397-0.575494j,0.412809-0.200909j,0.340468+0.0179225j,0.243147+0.0641638j,0.079088-0.0575744j,-0.153206-0.151341j,-0.337128-0.19802j,-0.424741-0.149514j,-0.383334-0.0638403j
0.659283-0.115818j,1.07432-0.501026j,0.705087-0.680708j,0.40184-0.278208j,0.330071-0.0381161j,0.227296+0.0353937j,0.0539694-0.0567546j,-0.18005-0.121742j,-0.360213-0.150308j,-0.438374-0.0965806j,-0.386733-0.0189523j
0.668077-0.186977j,1.06401-0.623081j,0.671995-0.788402j,0.379765-0.35656j,0.311207-0.0929643j,0.207064+0.00987761j,0.0288649-0.0513306j,-0.203065-0.0876473j,-0.377323-0.0991011j,-0.445602-0.0416216j,-0.384713+0.0265387j
0.669916-0.261363j,1.04096-0.748638j,0.625347-0.897194j,0.346127-0.434571j,0.283883-0.145463j,0.182867-0.0117087j,0.00443354-0.0411914j,-0.221587-0.0494412j,-0.387933-0.0450635j,-0.446078+0.0146332j,-0.377108+0.0719882j
0.664238-0.338373j,1.00435-0.876488j,0.564501-1.00557j,0.300629-0.510755j,0.248254-0.194429j,0.155224-0.0287287j,-0.0186313-0.026306j,-0.23498-0.00759643j,-0.391576+0.0110675j,-0.439523+0.0713982j,-0.363823+0.116718j
0.650526-0.417323j,0.953426-1.00529j,0.488969-1.11187j,0.243149-0.58355j,0.204629-0.238671j,0.12475-0.0406002j,-0.0396107-0.00673218j,-0.242642+0.0373252j,-0.387854+0.0684826j,-0.425735+0.127833j,-0.344833+0.160019j
0.628314-0.497456j,0.887594-1.13358j,0.398436-1.21436j,0.173751-0.651336j,0.153473-0.27701j,0.0921519-0.0468099j,-0.0577716+0.0173762j,-0.244024+0.084672j,-0.376451+0.126302j,-0.404604+0.183044j,-0.3202+0.201155j
0.5972-0.577939j,0.806371-1.25979j,0.292776-1.31119j,0.0926958-0.712459j,0.0954136-0.308303j,0.0582205-0.0469276j,-0.0723802+0.0457642j,-0.23864+0.133705j,-0.357145+0.183579j,-0.37612+0.236096j,-0.290078+0.239372j
0.556856-0.657873j,0.709433-1.38222j,0.172067-1.40043j,0.000450559-0.765249j,0.0312309-0.331454j,0.0238195-0.0406165j,-0.0827169+0.0780743j,-0.226082+0.183604j,-0.329822+0.239317j,-0.340392+0.286019j,-0.254727+0.273915j
0.507032-0.736294j,0.596621-1.49911j,0.0366068-1.48011j,-0.102305-0.808043j,-0.0381382-0.345439j,-0.0101226-0.0276424j,-0.0880887+0.113848j,-0.206033+0.233478j,-0.294484+0.292475j,-0.297654+0.331835j,-0.214512+0.304041j
0.447572-0.812181j,0.46796-1.60859j,-0.113074-1.54821j,-0.214674-0.839209j,-0.111605-0.34932j,-0.0426231-0.00788305j,-0.0878409+0.152529j,-0.178276+0.282378j,-0.251261+0.341988j,-0.248267+0.372566j,-0.169901+0.329042j
0.378419-0.884462j,0.323673-1.70876j,-0.276197-1.60271j,-0.335535-0.857173j,-0.187935-0.342267j,-0.0726542+0.0186628j,-0.0813665+0.193464j,-0.142697+0.329301j,-0.200408+0.386777j,-0.19272+0.407259j,-0.121463+0.348257j
0.299627-0.952025j,0.164196-1.79766j,-0.451732-1.64161j,-0.463543-0.860446j,-0.265751-0.323582j,-0.0991548+0.0518646j,-0.0681178+0.235902j,-0.0992957+0.373204j,-0.142312+0.425767j,-0.131628+0.434994j,-0.069855+0.361079j
0.211363-1.01373j,-0.00981163-1.87332j,-0.638382-1.66295j,-0.597134-0.847654j,-0.34355-0.292717j,-0.121046+0.0914503j,-0.0476189+0.279002j,-0.0481922+0.413008j,-0.0774977+0.457888j,-0.0657315+0.454899j,-0.0158236+0.366967j
0.113924-1.0684j,-0.197459-1.93376j,-0.834591-1.66487j,-0.734528-0.817568j,-0.419713-0.249298j,-0.137247+0.136998j,-0.0194806+0.321828j,0.0103648+0.447613j,-0.00662895+0.482102j,0.00410184+0.466166j,0.0398029+0.365453j
0.00773154-1.11488j,-0.397615-1.97705j,-1.03854-1.64559j,-0.873749-0.769136j,-0.492529-0.193144j,-0.146698+0.18793j,0.0165832+0.363363j,0.075986+0.475904j,0.0694822+0.497409j,0.076879+0.468063j,0.0961139+0.356153j
-0.106656-1.152j,-0.608909-2.0013j,-1.24815-1.60351j,-1.01263-0.701506j,-0.560213-0.12428j,-0.148381+0.243513j,0.06074+0.402515j,0.148133+0.496775j,0.149873+0.502873j,0.151483+0.459958j,0.152121+0.33878j
-0.228543-1.17862j,-0.829722-2.00472j,-1.46109-1.5372j,-1.14884-0.614055j,-0.620932-0.0429526j,-0.141338+0.302862j,0.113026+0.438136j,0.226115+0.509148j,0.233433+0.497649j,0.22668+0.441342j,0.206766+0.313165j
-0.357094-1.19363j,-1.0582-1.98562j,-1.67481-1.44542j,-1.27991-0.506413j,-0.672825+0.0503605j,-0.124694+0.364941j,0.173336+0.469033j,0.309085+0.511992j,0.318911+0.481002j,0.301136+0.411848j,0.258937+0.279269j
-0.49133-1.19597j,-1.29223-1.94245j,-1.88651-1.3272j,-1.40322-0.378489j,-0.714029+0.15494j,-0.0976679+0.428571j,0.241421+0.493988j,0.39605+0.504347j,0.404929+0.452332j,0.373433+0.371269j,0.307488+0.237197j
-0.630133-1.18464j,-1.52949-1.87384j,-2.09321-1.18183j,-1.51607-0.230495j,-0.742705+0.269813j,-0.0595974+0.492435j,0.316877+0.511767j,0.485873+0.485339j,0.489999+0.411189j,0.442095+0.31957j,0.351259+0.187198j
-0.772241-1.15874j,-1.76741-1.77861j,-2.29173-1.00893j,-1.6157-0.0629674j,-0.757069+0.39375j,-0.0099563+0.555079j,0.39914+0.521136j,0.577277+0.454191j,0.572536+0.357284j,0.505603+0.25689j,0.389094+0.129666j
-0.916261-1.11746j,-2.00324-1.65584j,-2.47877-0.808427j,-1.6993+0.123209j,-0.755429+0.525255j,0.0516209+0.614929j,0.48748+0.520876j,0.668849+0.410246j,0.650869+0.290503j,0.562407+0.183551j,0.419848+0.0651401j
-1.06067-1.06013j,-2.23401-1.50486j,-2.65087-0.580653j,-1.7641+0.326792j,-0.736216+0.662573j,0.125316+0.670299j,0.580988+0.509803j,0.759047+0.352985j,0.723256+0.210929j,0.610948+0.100068j,0.442401-0.00569063j
-1.20383-0.986174j,-2.45662-1.32528j,-2.80453-0.326319j,-1.80736+0.546168j,-0.69803+0.803696j,0.211105+0.719417j,0.678573+0.486796j,0.846205+0.282048j,0.7879+0.11885j,0.649669+0.0071606j,0.455674-0.0819816j
-1.34398-0.895214j,-2.66781-1.11705j,-2.93621-0.0465493j,-1.82645+0.779355j,-0.639663+0.946378j,0.308742+0.760446j,0.778965+0.450817j,0.928549+0.197261j,0.842973+0.0147883j,0.677046-0.094238j,0.458646-0.162725j
-1.47929-0.787017j,-2.86421-0.88045j,-3.04237+0.257102j,-1.81888+1.02399j,-0.560145+1.08815j,0.417742+0.79151j,0.880716+0.400942j,1.00422+0.0986592j,0.886646-0.100496j,0.691612-0.202974j,0.45038-0.24675j
