0+0j,0+0j,0+0j,0+0j,0+0j,0+0j,0+0j,0+0j,0+0j,0+0j,0+0j
0.000635784-0.000712418j,0.000487984+2.18364e-06j,0.000199845-5.31424e-05j,0.000123285-4.93712e-06j,7.60072e-05-4.48488e-05j,4.95201e-05-2.20848e-05j,3.48791e-05-3.23293e-05j,1.60163e-05-1.90182e-05j,8.47217e-06-2.07066e-05j,-4.08184e-06-1.31032e-05j,-7.90976e-06-1.27913e-05j
0.00126478-0.000850728j,0.000964841-0.000152792j,0.000387796-0.000171573j,0.000233327-0.000100681j,0.000137545-0.000123818j,8.39801e-05-8.85414e-05j,5.39214e-05-8.88291e-05j,1.61923e-05-6.5545e-05j,9.73369e-07-5.91028e-05j,-2.33949e-05-4.29791e-05j,-3.01798e-05-3.5799e-05j
0.0018721-0.00107988j,0.00140975-0.000410239j,0.000542125-0.000367631j,0.000308362-0.000257377j,0.000162763-0.000250476j,8.24816e-05-0.000192268j,3.70695e-05-0.000173798j,-1.76058e-05-0.00013206j,-3.87858e-05-0.000110417j,-7.14872e-05-7.8998e-05j,-7.76732e-05-5.96845e-05j
0.00244355-0.00139684j,0.00180157-0.000764085j,0.000641528-0.000632242j,0.000328121-0.000462835j,0.000132988-0.000409477j,2.91347e-05-0.000315318j,-2.86804e-05-0.000267145j,-9.45511e-05-0.000197288j,-0.00011642-0.000152946j,-0.000150034-0.000100206j,-0.000148734-6.5119e-05j
0.00296565-0.00179584j,0.00212111-0.00120312j,0.000668452-0.00094986j,0.000278357-0.000697932j,3.80954e-05-0.000578842j,-8.10111e-05-0.000434255j,-0.000143314-0.000345077j,-0.000209403-0.000238614j,-0.0002225-0.000166218j,-0.000246071-8.94838e-05j,-0.000228415-3.88971e-05j
0.0034264-0.00226876j,0.00235253-0.00171216j,0.000610975-0.0013008j,0.000152719-0.000940505j,-0.000122227-0.000735604j,-0.000241987-0.000527497j,-0.000295649-0.000388805j,-0.00034657-0.000241582j,-0.000338869-0.000140534j,-0.000340299-4.22651e-05j,-0.000298185+1.89749e-05j
0.00381566-0.00280566j,0.00248405-0.0022733j,0.000463339-0.00166352j,-4.76562e-05-0.00116869j,-0.000340447-0.000859901j,-0.000440905-0.000579539j,-0.000469539-0.000388211j,-0.000488327-0.000202253j,-0.000448307-7.75141e-05j,-0.00041733+3.50018e-05j,-0.000345759+9.88307e-05j
0.00412542-0.00339534j,0.00250834-0.00286717j,0.00022572-0.00201662j,-0.000315462-0.0013632j,-0.00060392-0.000936887j,-0.000662097-0.000581764j,-0.000648998-0.000340869j,-0.000620296-0.000124069j,-0.000539611+1.51599e-05j,-0.000469697+0.000131769j,-0.000367541+0.000189147j
0.00434996-0.00402585j,0.00242238-0.0034742j,-9.64944e-05-0.00234048j,-0.000638949-0.0015088j,-0.000897478-0.000957344j,-0.000890057-0.000531587j,-0.000820782-0.000249505j,-0.000732969-1.37626e-05j,-0.000607586+0.000128876j,-0.000496184+0.000238875j,-0.000365518+0.000281633j
0.0044857-0.00468504j,0.00222709-0.00407553j,-0.000493877-0.00261839j,-0.00100385-0.00159496j,-0.00120566-0.000917328j,-0.00111129-0.000430915j,-0.000975161-0.000119533j,-0.000820995+0.000121543j,-0.000650797+0.000256797j,-0.000498389+0.000350547j,-0.000343166+0.000372226j
0.00453108-0.00536099j,0.00192671-0.00465388j,-0.000954294-0.00283719j,-0.00139515-0.00161568j,-0.0015143-0.000817108j,-0.00131511-0.000284396j,-0.0011056+4.28729e-05j,-0.000881687+0.000275816j,-0.000669203+0.000394443j,-0.000477956+0.000463932j,-0.000302816+0.000459673j
0.00448626-0.00604227j,0.00152805-0.00519389j,-0.00146413-0.00298728j,-0.00179842-0.00156887j,-0.00181141-0.000659837j,-0.00149368-9.78514e-05j,-0.00120784+0.000231942j,-0.000913498+0.00044447j,-0.000662522+0.000539043j,-0.000435232+0.000577593j,-0.000244859+0.000543486j
0.00435291-0.00671814j,0.00103984-0.00568235j,-0.00200929-0.00306244j,-0.00220063-0.00145538j,-0.00208728-0.00045027j,-0.00164136+0.000122797j,-0.00127884+0.000442738j,-0.000914965+0.000623964j,-0.000629499+0.000688408j,-0.000369146+0.000689973j,-0.000168277+0.000622352j
0.00413395-0.00737866j,0.000472212-0.00610825j,-0.00257588-0.00305931j,-0.00259043-0.00127812j,-0.00233426-0.000193861j,-0.00175398+0.000372009j,-0.00131592+0.000670967j,-0.000884118+0.000811025j,-0.000567985+0.000839837j,-0.000277889+0.000798331j,-7.18029e-05+0.000693388j
0.00383333-0.00801493j,-0.000163811-0.00646268j,-0.00315066-0.00297698j,-0.00295821-0.00104129j,-0.00254621+0.000103761j,-0.00182814+0.000644657j,-0.00131635+0.000912478j,-0.000818614+0.00100187j,-0.000475572+0.000989392j,-0.000159976+0.000898381j,4.48726e-05+0.000752281j
0.00345586-0.00861865j,-0.000856712-0.00673877j,-0.00372139-0.00281649j,-0.00329595-0.000749906j,-0.0027181+0.000437013j,-0.00186087+0.000935785j,-0.00127731+0.00116273j,-0.000716158+0.0011917j,-0.000350468+0.00113173j,-1.52109e-05+0.000984606j,0.000180309+0.000794092j
0.003007-0.0091829j,-0.00159478-0.0069315j,-0.00427692-0.00258045j,-0.00359697-0.000409367j,-0.00284568+0.000800369j,-0.00184941+0.00124032j,-0.00119622+0.00141646j,-0.000575194+0.00137463j,-0.000192259+0.00126045j,0.000154744+0.00105104j,0.000331186+0.00081428j
0.00249272-0.00970127j,-0.00236637-0.00703755j,-0.0048073-0.00227261j,-0.00385573-2.52456e-05j,-0.00292523+0.00118827j,-0.00179135+0.00155284j,-0.00107105+0.00166757j,-0.000395412+0.00154395j,-2.33756e-06+0.00136876j,0.000346326+0.00109216j,0.000492764+0.000809579j
0.00191935-0.0101686j,-0.0031601-0.00705509j,-0.0053037-0.00189759j,-0.00406753+0.000396817j,-0.00295343+0.00159503j,-0.00168469+0.00186743j,-0.000900798+0.00190925j,-0.000178055+0.00169261j,0.000216096+0.00145024j,0.000554511+0.00110364j,0.000659699+0.000778388j
0.00129347-0.0105804j,-0.00396494-0.0069836j,-0.00575836-0.00146065j,-0.00422841+0.000851134j,-0.0029274+0.00201462j,-0.00152814+0.00217762j,-0.000685632+0.00213424j,7.40181e-05+0.00181371j,0.000458317+0.00149938j,0.000773442+0.00108263j,0.00082681+0.000720654j
0.000621805-0.0109332j,-0.0047704-0.00682374j,-0.00616451-0.000967493j,-0.0043349+0.00133194j,-0.00284471+0.00244064j,-0.00132121+0.00247651j,-0.000427126+0.00233512j,0.000356476+0.001901j,0.000718539+0.00151197j,0.000997055+0.00102786j,0.000989575+0.00063746j
-8.88788e-05-0.0112239j,-0.00556644-0.00657715j,-0.00651624-0.000424177j,-0.00438405+0.00183329j,-0.00270355+0.00286622j,-0.00106447+0.0027568j,-0.000128244+0.00250465j,0.000663791+0.00194919j,0.000990412+0.00148522j,0.00121957+0.000939329j,0.00114433+0.000530503j
-0.000831794-0.0114506j,-0.00634365-0.00624637j,-0.00680841+0.000162947j,-0.00437334+0.00234899j,-0.00250287+0.003284j,-0.000759702+0.00301107j,0.000206704+0.00263612j,0.000989569+0.00195416j,0.00126745+0.00141767j,0.00143575+0.000817957j,0.00128816+0.000401632j
-0.00160023-0.0116116j,-0.00709317-0.00583474j,-0.00703661+0.000787247j,-0.00430079+0.00287252j,-0.00224257+0.00368623j,-0.00040992+0.00323198j,0.000572203+0.00272361j,0.00132687+0.00191304j,0.00154331+0.00130902j,0.00164095+0.000665255j,0.00141863+0.000252591j
-0.0023876-0.0117064j,-0.00780677-0.0053463j,-0.00719717+0.00144183j,-0.00416505+0.003397j,-0.00192371+0.00406492j,-1.94475e-05+0.00341258j,0.000961735+0.00276223j,0.00166852+0.00182424j,0.00181196+0.00115987j,0.001831+0.000483086j,0.00153349+8.49913e-05j
-0.00318747-0.0117344j,-0.00847686-0.00478573j,-0.00728707+0.00211954j,-0.0039655+0.00391524j,-0.00154854+0.00441205j,0.000406211+0.00354662j,0.00136806+0.00274826j,0.00200737+0.00168732j,0.00206781+0.000971607j,0.00200215+0.00027352j,0.0016305-9.96024e-05j
-0.00399359-0.0116961j,-0.00909647-0.00415826j,-0.00730405+0.002813j,-0.0037024+0.00441979j,-0.00112062+0.00471983j,0.00086051+0.00362872j,0.00178348+0.00267928j,0.00233647+0.00150287j,0.00230561+0.000746108j,0.00215087+3.87765e-05j,0.00170735-0.000299551j
-0.00479996-0.0115922j,-0.00965935-0.00346968j,-0.00724663+0.0035146j,-0.00337696+0.0049031j,-0.000644734+0.00498096j,0.00133608+0.00365464j,0.00220008+0.00255411j,0.00264921+0.00127236j,0.00252049+0.000485732j,0.00227376-0.000218698j,0.00176162-0.000512946j
-0.00560085-0.011424j,-0.0101599-0.00272617j,-0.0071141+0.00421661j,-0.00299139+0.00535766j,-0.000126829+0.00518888j,0.00182501+0.00362137j,0.00261003+0.00237279j,0.00293936+0.000998038j,0.00270785+0.000193245j,0.00236758-0.000496173j,0.00179094-0.000737522j
-0.00639079-0.0111932j,-0.0105933-0.00193434j,-0.00690663+0.00491121j,-0.00254898+0.00577615j,0.00042618+0.00533798j,0.00231908+0.00352713j,0.00300569+0.00213643j,0.00320114+0.000682732j,0.00286338-0.000128254j,0.00242923-0.000790637j,0.00179309-0.000970708j
-0.00716463-0.0109017j,-0.0109555-0.00110111j,-0.00662525+0.00559059j,-0.002054+0.00615169j,0.00100656+0.00542371j,0.00280998+0.00337136j,0.00337974+0.00184705j,0.00342909+0.000329804j,0.00298288-0.000475251j,0.00245571-0.0010987j,0.00176594-0.00120958j
-0.00791755-0.010552j,-0.0112432-0.00023362j,-0.00627192+0.00624708j,-0.00151172+0.00647798j,0.00160599+0.00544278j,0.00328952+0.00315472j,0.00372522+0.00150759j,0.00361811-5.68125e-05j,0.00306242-0.000843704j,0.00244424-0.00141645j,0.00170764-0.00145078j
-0.00864507-0.0101467j,-0.0114539+0.000660804j,-0.00584946+0.00687328j,-0.000928225+0.00674948j,0.00221585+0.00539316j,0.00374979+0.00287893j,0.00403568+0.00112173j,0.00376349-0.000472654j,0.00309837-0.00122903j,0.00239244-0.00173954j,0.00161672-0.00169063j
-0.00934307-0.00968873j,-0.0115857+0.00157476j,-0.00536152+0.00746214j,-0.000310291+0.00696153j,0.00282738+0.00527402j,0.00418329+0.00254663j,0.00430509+0.000693807j,0.00386092-0.00091275j,0.0030875-0.00162615j,0.00229837-0.00206325j,0.00149209-0.00192523j
-0.0100078-0.00918135j,-0.0116378+0.00250084j,-0.00481261+0.0080071j,0.000334726+0.00711047j,0.00343184+0.00508578j,0.00458292+0.00216133j,0.00452784+0.000228786j,0.00390644-0.00137156j,0.00302699-0.00202942j,0.00216054-0.00238244j,0.00133302-0.00215045j
-0.0106358-0.00862781j,-0.01161+0.00343173j,-0.00420796+0.00850222j,0.000999077+0.0071937j,0.00402072+0.00483003j,0.00494207+0.00172739j,0.00469881-0.00026763j,0.00389662-0.00184287j,0.00291465-0.0024326j,0.00197799-0.00269156j,0.00113923-0.0023618j
-0.0112241-0.00803166j,-0.0115027+0.0043603j,-0.00355338+0.00894233j,0.00167483+0.00720978j,0.00458587+0.00450946j,0.00525469+0.00124994j,0.00481349-0.000789034j,0.00382872-0.00231981j,0.00274907-0.00282889j,0.0017506-0.00298472j,0.000911072-0.00255456j
-0.01177-0.00739644j,-0.0113173+0.00527967j,-0.00285523+0.009323j,0.00235408+0.00715833j,0.00511969+0.00412778j,0.00551539+0.000734846j,0.00486808-0.00132838j,0.00370087-0.00279496j,0.00252981-0.00321117j,0.00147904-0.00325587j,0.000649646-0.00272391j
-0.0122711-0.00672579j,-0.0110556+0.00618327j,-0.0021202+0.0096407j,0.00302905+0.00704009j,0.00561516+0.00368958j,0.00571945+0.000188621j,0.00485962-0.00187799j,0.00351214-0.00326048j,0.0022574-0.00357214j,0.00116485-0.00349896j,0.000356697-0.00286511j
-0.0127255-0.00602345j,-0.01072+0.00706492j,-0.00135522+0.00989279j,0.00369229+0.00685681j,0.00606595+0.00320033j,0.00586296-0.00038152j,0.0047861-0.00242963j,0.0032627-0.00370816j,0.00193342-0.00390434j,0.000810394-0.00370793j,3.47392e-05-0.00297339j
-0.0131313-0.00529316j,-0.0103133+0.00791887j,-0.000567284+0.0100775j,0.00433687+0.00661123j,0.00646664+0.00266622j,0.00594301-0.000967773j,0.00464674-0.00297461j,0.00295399-0.00412961j,0.00156065-0.00420047j,0.000419098-0.00387692j,-0.000312833-0.0030442j
-0.0134872-0.00453865j,-0.00983898+0.0087398j,0.000236708+0.010194j,0.00495649+0.00630685j,0.00681271+0.00209401j,0.00595776-0.00156195j,0.00444207-0.0035041j,0.00258882-0.00451668j,0.00114305-0.00445366j,-4.69078e-06-0.00400057j,-0.000681763-0.00307352j
-0.0137921-0.00376367j,-0.00930049+0.00952288j,0.00105003+0.0102422j,0.00554554+0.00594789j,0.00710062+0.0014909j,0.00590654-0.00215559j,0.00417388-0.00400934j,0.00217112-0.00486159j,0.000685508-0.0046576j,-0.000455879-0.00407407j,-0.00106721-0.00305786j
-0.014045-0.00297191j,-0.00870175+0.0102637j,0.00186625+0.0102228j,0.0060992+0.00553913j,0.00732786+0.000864438j,0.00578987-0.00274013j,0.00384531-0.00448179j,0.00170605-0.00515707j,0.000193847-0.00480662j,-0.000928609-0.00409317j,-0.00146368-0.00299427j
-0.0142452-0.00216706j,-0.0080468+0.0109584j,0.00267938+0.0101372j,0.00661352+0.00508577j,0.00749306+0.000222324j,0.00560962-0.00330706j,0.00346085-0.00491339j,0.00119987-0.0053966j,-0.000325213-0.0048958j,-0.00141624-0.00405434j,-0.00186498-0.00288048j
-0.0143922-0.00135279j,-0.00733977+0.0116034j,0.00348395+0.0099872j,0.00708548+0.00459326j,0.00759599-0.000427777j,0.00536896-0.00384832j,0.00302629-0.00529691j,0.000659909-0.00557466j,-0.000864093-0.00492124j,-0.00191137-0.00395497j,-0.00226428-0.00271516j
-0.0144859-0.000532761j,-0.00658486+0.0121957j,0.004275+0.00977516j,0.00751292+0.00406706j,0.00763752-0.00107849j,0.00507229-0.0043565j,0.00254842-0.0056262j,9.42523e-05-0.00568698j,-0.00141466-0.00488024j,-0.00240613-0.00379363j,-0.00265442-0.00249816j
-0.0145262+0.000289397j,-0.00578636+0.0127323j,0.00504809+0.00950367j,0.00789445+0.00351256j,0.00761945-0.00172283j,0.00472496-0.00482504j,0.00203482-0.00589628j,-0.00048856-0.00573048j,-0.00196846-0.00477125j,-0.00289242-0.00357j,-0.00302819-0.00223041j
-0.0145133+0.00111008j,-0.00494853+0.0132109j,0.00579932+0.00917556j,0.00822946+0.00293501j,0.00754453-0.00235432j,0.00433325-0.00524827j,0.00149366-0.00610331j,-0.00107959-0.00570328j,-0.00251677-0.00459378j,-0.00336198-0.0032848j,-0.00337843-0.00191377j
-0.0144475+0.00192567j,-0.00407563+0.0136293j,0.00652535+0.00879377j,0.00851808+0.00233936j,0.00741638-0.00296713j,0.0039042-0.00562166j,0.000933634-0.00624481j,-0.00166959-0.00560477j,-0.00305061-0.00434862j,-0.00380635-0.00293999j,-0.00369797-0.00155126j
-0.0143294+0.0027326j,-0.00317194+0.0139855j,0.00722331+0.00836119j,0.00876105+0.00173009j,0.00723935-0.00355633j,0.00344537-0.00594202j,0.000363655-0.00631973j,-0.00224922-0.00543584j,-0.00356102-0.00403797j,-0.00421725-0.00253894j,-0.00398001-0.00114715j
-0.0141599+0.00352729j,-0.0022417+0.0142778j,0.00789074+0.00788062j,0.00895959+0.00111111j,0.00701827-0.00411795j,0.0029646-0.00620748j,-0.000207444-0.0063285j,-0.00280943-0.00519878j,-0.00403936-0.00366545j,-0.0045869-0.00208641j,-0.00421851-0.000706858j
-0.0139399+0.00430618j,-0.00128925+0.0145044j,0.0085255+0.00735473j,0.00911523+0.00048583j,0.00675826-0.004649j,0.00246962-0.00641753j,-0.000771166-0.00627286j,-0.00334161-0.00489724j,-0.00447762-0.00323598j,-0.00490834-0.00158834j,-0.00440836-0.000236697j
-0.0136708+0.00506578j,-0.000318964+0.0146641j,0.00912569+0.00678602j,0.00922971-0.000142961j,0.00646456-0.00514747j,0.00196796-0.00657291j,-0.0013195-0.00615581j,-0.0038378-0.00453608j,-0.00486856-0.00275563j,-0.00517557-0.00105165j,-0.0045455+0.000256407j
-0.0133542+0.00580264j,0.000664696+0.0147554j,0.00968958+0.00617676j,0.00930491-0.000773057j,0.00614242-0.00561235j,0.00146671-0.00667557j,-0.00184511-0.00598148j,-0.00429087-0.0041213j,-0.00520587-0.00223154j,-0.00538365-0.000484107j,-0.00462693+0.000765056j
-0.0129918+0.00651339j,0.00165718+0.0147774j,0.0102155+0.00552905j,0.00934263-0.00140285j,0.00579681-0.00604362j,0.0009723-0.00672861j,-0.00234147-0.00575511j,-0.00469465-0.00366j,-0.00548441-0.00167177j,-0.00552888+0.000105848j,-0.00465076+0.0012815j
-0.012586+0.00719477j,0.00265379+0.0147291j,0.0107019+0.00484475j,0.00934449-0.00203129j,0.00543224-0.00644215j,0.00049028-0.00673607j,-0.00280316-0.00548283j,-0.0050443-0.0031601j,-0.00570043-0.0010851j,-0.00560897+0.000709341j,-0.00461635+0.00179789j
-0.0121389+0.00784366j,0.00364964+0.0146098j,0.011147+0.00412562j,0.00931181-0.00265777j,0.00505261-0.00680954j,2.51345e-05-0.00670276j,-0.00322596-0.00517139j,-0.00533636-0.00263009j,-0.00585165-0.000480591j,-0.00562306+0.00131744j,-0.00452423+0.00230652j
-0.0116534+0.00845711j,0.00463971+0.0144192j,0.0115488+0.00337332j,0.00924553-0.00328204j,0.00466109-0.00714795j,-0.00041974-0.00663398j,-0.00360689-0.00482798j,-0.00556878-0.00207876j,-0.00593723+0.000132601j,-0.00557159+0.00192139j,-0.00437597+0.00280008j
-0.0111325+0.00903238j,0.00561879+0.014157j,0.0119053+0.00258949j,0.00914612-0.00390408j,0.00426003-0.00745999j,-0.000842134-0.00653533j,-0.0039443-0.00445995j,-0.00574097-0.00151491j,-0.00595774+0.000745506j,-0.00545624+0.00251277j,-0.00417407+0.00327163j
-0.0105794+0.009567j,0.00658152+0.0138235j,0.0122143+0.00177585j,0.00901354-0.00452404j,0.0038509-0.00774844j,-0.00124104-0.00641251j,-0.0042378-0.00407466j,-0.00585377-0.000947138j,-0.00591508+0.00134956j,-0.00527981+0.00308368j,-0.00392191+0.00371481j
-0.00999762+0.0100587j,0.00752237+0.0134193j,0.0124731+0.000934251j,0.00884722-0.00514199j,0.00343423-0.00801613j,-0.00161662-0.00627099j,-0.00448832-0.00367912j,-0.00590937-0.000383539j,-0.00581236+0.00193686j,-0.00504613+0.00362692j,-0.00362367+0.00412389j
-0.00939087+0.0105058j,0.0084357+0.0129456j,0.012679+6.67842e-05j,0.00864607-0.00575788j,0.00300971-0.00826565j,-0.00197014-0.00611585j,-0.00469793-0.00327982j,-0.00591112+0.000168539j,-0.00565371+0.00250033j,-0.00475986+0.0041361j,-0.00328415+0.00449396j
-0.00876312+0.0109065j,0.00931579+0.0124038j,0.0128291-0.000824141j,0.00840851-0.00637136j,0.0025762-0.00849925j,-0.0023038-0.00595157j,-0.00486972-0.00288254j,-0.0058634+0.000702635j,-0.00544407+0.00303379j,-0.00442634+0.00460571j,-0.00290866+0.00482085j
-0.00811847+0.0112599j,0.0101569+0.011796j,0.0129202-0.00173572j,0.00813255-0.00698164j,0.00213188-0.00871859j,-0.00262063-0.00578186j,-0.00500768-0.00249215j,-0.00577138+0.00121334j,-0.0051891+0.0035321j,-0.0040515+0.00503117j,-0.00250296+0.00510133j
-0.00746117+0.0115651j,0.0109533+0.011125j,0.0129493-0.00266465j,0.00781587-0.0075874j,0.00167434-0.00892463j,-0.00292434-0.0056095j,-0.00511645-0.00211248j,-0.00564089+0.00169642j,-0.00489493+0.00399125j,-0.00364167+0.00540898j,-0.0020731+0.0053331j
-0.00679544+0.0118219j,0.0116993+0.010394j,0.0129131-0.0036071j,0.00745593-0.00818667j,0.00120079-0.0091175j,-0.00321904-0.0054362j,-0.00520112-0.00174615j,-0.00547804+0.00214891j,-0.00456794+0.00440839j,-0.0032034+0.00573674j,-0.00162519+0.00551494j
-0.00612563+0.0120305j,0.0123895+0.009607j,0.0128087-0.00455863j,0.00705016-0.00877676j,0.000708265-0.00929639j,-0.003509-0.00526256j,-0.00526693-0.00139463j,-0.005289+0.00256909j,-0.0042145+0.00478182j,-0.00274319+0.00601312j,-0.00116515+0.0056466j
-0.00545597+0.0121915j,0.0130187+0.0087684j,0.0126331-0.00551425j,0.00659612-0.00935427j,0.00019383-0.00945958j,-0.00379844-0.00508814j,-0.00531904-0.00105821j,-0.00507977+0.00295639j,-0.00384082+0.00511084j,-0.00226728+0.0062378j,-0.000698556+0.00572868j
-0.00479059+0.012306j,0.0135822+0.00788336j,0.012384-0.00646836j,0.00609156-0.00991506j,-0.000345253-0.00960448j,-0.00409134-0.00491146j,-0.00536234-0.000736099j,-0.00485602+0.00331125j,-0.00345278+0.00539572j,-0.00178164+0.00641127j,-0.000230576+0.00576242j
-0.0041336+0.0123754j,0.0140754+0.00695756j,0.0120592-0.0074148j,0.00553463-0.0104543j,-0.000911377-0.0097276j,-0.0043913-0.00473006j,-0.00540134-0.000426495j,-0.00462297+0.00363513j,-0.00305592+0.00563759j,-0.00129185+0.0065349j,0.000234024+0.00574976j
-0.00348868+0.0124017j,0.0144945+0.00599727j,0.0116574-0.00834682j,0.004924-0.0109664j,-0.00150637-0.00982459j,-0.0047013-0.00454051j,-0.00543987-0.00012658j,-0.0043852+0.0039304j,-0.0026552+0.00583851j,-0.000802954+0.00661086j,0.000691015+0.00569324j
-0.00285947+0.0123872j,0.0148361+0.00500928j,0.0111776-0.00925719j,0.00425908-0.0114451j,-0.00213127-0.00989034j,-0.00502345-0.00433855j,-0.0054809+0.000167291j,-0.00414641+0.00420023j,-0.00225482+0.00600124j,-0.000319206+0.00664203j,0.00113689+0.00559591j
-0.00224911+0.0123348j,0.0150977+0.00400077j,0.0106199-0.0101382j,0.00354017-0.0118839j,-0.00278615-0.00991917j,-0.00535883-0.00411931j,-0.0055263+0.000459362j,-0.00390924+0.00444831j,-0.00185797+0.0061291j,0.000156071+0.00663172j,0.001569+0.00546107j
-0.00166053+0.0122473j,0.0152774+0.00297932j,0.00998516-0.010982j,0.00276855-0.0122756j,-0.00346998-0.00990508j,-0.00570737-0.00387761j,-0.0055768+0.000754158j,-0.00367526+0.00467852j,-0.00146689+0.00622554j,0.000620477+0.0065833j,0.00198545+0.0052919j
-0.00109612+0.0121281j,0.0153742+0.00195271j,0.00927529-0.0117805j,0.00194648-0.0126131j,-0.00418071-0.00984195j,-0.00606789-0.00360815j,-0.00563207+0.00105622j,-0.00344508+0.00489471j,-0.001083+0.00629396j,0.00107227+0.0065j,0.00238479+0.00509133j
-0.000557993+0.0119808j,0.0153878+0.000928907j,0.00849303-0.0125256j,0.00107729-0.0128893j,-0.00491516-0.0097236j,-0.00643814-0.00330562j,-0.00569075+0.00137006j,-0.00321848+0.00510067j,-0.000707059+0.00633779j,0.00151019+0.00638503j,0.00276579+0.0048622j
-4.76156e-05+0.0118089j,0.015319-8.39884e-05j,0.00764223-0.0132092j,0.000165456-0.013097j,-0.00566894-0.00954398j,-0.00681463-0.00296486j,-0.00575035+0.00170003j,-0.00299425+0.00530008j,-0.00033895+0.00636037j,0.00193368+0.00624158j,0.00312767+0.00460744j
0.000433813+0.0116165j,0.0151692-0.00107794j,0.00672784-0.0138235j,-0.000783348-0.0132293j,-0.00643643-0.00929745j,-0.00719263-0.00258114j,-0.00580721+0.00204998j,-0.00277012+0.00549617j,2.23417e-05+0.0063647j,0.00234292+0.00607257j,0.00347025+0.00432976j
0.000885804+0.0114072j,0.014941-0.0020451j,0.00575587-0.014361j,-0.00176227-0.0132801j,-0.00721077-0.00897908j,-0.00756623-0.00215054j,-0.00585661+0.00242291j,-0.00254298+0.00569136j,0.000378584+0.00635307j,0.00273865+0.00588026j,0.00379374+0.00403135j
0.00130824+0.0111849j,0.0146378-0.00297791j,0.00473335-0.0148151j,-0.00276345-0.0132439j,-0.00798415-0.00858488j,-0.00792864-0.00167016j,-0.00589312+0.00282082j,-0.00230915+0.00588715j,0.000731913+0.00632695j,0.00312184+0.00566626j,0.00409845+0.00371388j
0.00170151+0.0109534j,0.0142638-0.00386925j,0.0036682-0.0151796j,-0.00377813-0.0131162j,-0.00874789-0.00811188j,-0.00827235-0.00113818j,-0.00591079+0.00324459j,-0.00206464+0.0060841j,0.00108463+0.00628705j,0.0034934+0.00543158j,0.00438457+0.00337862j
0.00206643+0.0107161j,0.0138241-0.00471246j,0.00256915-0.0154494j,-0.00479672-0.0128936j,-0.00949266-0.00755829j,-0.00858931-0.000553979j,-0.00590333+0.00369399j,-0.00180531+0.00628183j,0.00143903+0.00623334j,0.0038542+0.0051768j,0.00465217+0.00302661j
0.00240429+0.0104765j,0.0133245-0.00550149j,0.0014457-0.0156201j,-0.00580902-0.0125736j,-0.0102086-0.00692359j,-0.0088711+8.17877e-05j,-0.00586431+0.00416763j,-0.00152704+0.00647904j,0.00179733+0.00616516j,0.00420494+0.00490209j,0.00490121+0.0026587j
0.00271675+0.0102376j,0.0127713-0.00623098j,0.000307987-0.0156887j,-0.00680422-0.0121553j,-0.0108853-0.00620865j,-0.00910914+0.000767089j,-0.00578728+0.00466292j,-0.00122578+0.00667349j,0.00216157+0.00608119j,0.00454616+0.0046073j,0.00513156+0.00227562j
0.00300588+0.0100023j,0.0121717-0.00689637j,-0.000833359-0.0156532j,-0.00777119-0.0116389j,-0.0115124-0.00541582j,-0.00929482+0.00149846j,-0.005666+0.005176j,-0.000897809+0.00686199j,0.00253348+0.00597943j,0.00487824+0.00429188j,0.0053431+0.00187787j
0.00327404+0.00977296j,0.0115333-0.00749398j,-0.00196735-0.0155128j,-0.00869866-0.0110263j,-0.0120796-0.00454904j,-0.00941986+0.00227094j,-0.00549466+0.00570174j,-0.000539857+0.00704035j,0.00291441+0.00585725j,0.00520126+0.00395484j,0.00553555+0.00146563j
0.00352389+0.00955163j,0.0108639-0.00802108j,-0.0030829-0.0152684j,-0.00957542-0.010321j,-0.0125767-0.00361383j,-0.00947655+0.00307807j,-0.00526819+0.00623378j,-0.000149424+0.00720347j,0.00330499+0.00571135j,0.00551485+0.0035948j,0.0057083+0.00103881j
0.00375824+0.00933987j,0.0101716-0.00847592j,-0.00416897-0.0149219j,-0.0103907-0.00952777j,-0.0129944-0.00261724j,-0.00945807+0.00391205j,-0.00498255+0.00676469j,0.000274972+0.00734555j,0.00370498+0.00553802j,0.00581789+0.00321012j,0.00586027+0.000597108j
0.00398006+0.00913883j,0.00946476-0.00885774j,-0.00521477-0.0144768j,-0.0111342-0.00865299j,-0.0133243-0.00156766j,-0.00935876+0.00476396j,-0.00463494+0.00728624j,0.000733629+0.00746032j,0.00411313+0.00533339j,0.00610854+0.00279919j,0.00598976+0.00014036j
0.00419238+0.00894922j,0.00875147-0.00916673j,-0.00620996-0.0139378j,-0.0117965-0.00770431j,-0.013559-0.000474687j,-0.00917419+0.00562394j,-0.00422384+0.0077897j,0.00122566+0.00754138j,0.00452724+0.00509378j,0.00638424+0.0023607j,0.00609464-0.00033122j
0.00439829+0.00877128j,0.00803987-0.00940406j,-0.00714471-0.0133106j,-0.012369-0.00669056j,-0.0136921+0.000651065j,-0.00890126+0.00648146j,-0.00374902+0.008266j,0.00174909+0.0075824j,0.00494431+0.00481578j,0.00664203+0.00189379j,0.00617256-0.000816927j
0.00460083+0.00860481j,0.00733781-0.00957184j,-0.00800986-0.0126024j,-0.0128441-0.00562172j,-0.0137188+0.00179804j,-0.00853822+0.00732539j,-0.00321155+0.00870591j,0.00230097+0.00757718j,0.00536075+0.00449633j,0.00687865+0.00139797j,0.00622126-0.00131572j
0.00480296+0.00844915j,0.00665281-0.00967316j,-0.00879711-0.0118213j,-0.0132154-0.00450885j,-0.0136355+0.00295383j,-0.00808487+0.0081441j,-0.00261384+0.00910004j,0.00287722+0.00751965j,0.00577223+0.0041326j,0.00709051+0.000872927j,0.00623844-0.00182643j
0.00500747+0.00830317j,0.00599185-0.00971201j,-0.00949924-0.0109767j,-0.0134782-0.00336391j,-0.0134405+0.00410542j,-0.0075427+0.00892569j,-0.00195989+0.00943907j,0.00347256+0.00740405j,0.0061736+0.00372212j,0.00727351+0.000318658j,0.00622155-0.00234778j
0.00521692+0.00816536j,0.0053613-0.00969319j,-0.0101102-0.0100786j,-0.0136289-0.00219948j,-0.0131337+0.00523947j,-0.00691509+0.00965839j,-0.00125533+0.00971417j,0.00408041+0.00722529j,0.00655872+0.0032631j,0.0074229-0.00026428j,0.00616761-0.00287811j
0.00543357+0.00803385j,0.00476676-0.00962215j,-0.0106253-0.00913773j,-0.0136661-0.00102847j,-0.0127171+0.00634273j,-0.00620717+0.0103309j,-0.000507364+0.00991735j,0.00469297+0.00697934j,0.00692071+0.00275483j,0.00753346-0.000874365j,0.00607338-0.00341493j
0.00565937+0.00790647j,0.00421312-0.00950492j,-0.0110412-0.00816519j,-0.0135897+0.000136107j,-0.0121941+0.00740229j,-0.00542569+0.0109328j,0.00027556+0.0100418j,0.00530165+0.0066635j,0.00725221+0.00219789j,0.00759985-0.0015089j,0.00593575-0.00395485j
0.00589597+0.00778081j,0.00370442-0.00934799j,-0.0113558-0.00717241j,-0.0134012+0.00128137j,-0.0115702+0.00840582j,-0.00457876+0.0114546j,0.00108402+0.0100821j,0.00589738+0.00627648j,0.0075459+0.00159421j,0.00761712-0.00216407j,0.00575218-0.00449357j
0.00614464+0.0076542j,0.00324388-0.00915829j,-0.0115684-0.00617099j,-0.0131038+0.00239466j,-0.0108518+0.00934169j,-0.00367564+0.0118879j,0.00190796+0.010034j,0.00647097+0.00581828j,0.00779474+0.00094677j,0.00758098-0.0028353j,0.00552105-0.00502642j
0.00640624+0.00752376j,0.00283379-0.00894306j,-0.0116797-0.00517259j,-0.012702+0.00346367j,-0.0100473+0.010199j,-0.00272669+0.0122256j,0.00273662+0.00989445j,0.00701304+0.00528994j,0.00799197+0.000259321j,0.00748766-0.00351763j,0.00524131-0.00554883j
0.00668119+0.00738648j,0.00247545-0.00870973j,-0.0116917-0.0041887j,-0.012202+0.00447671j,-0.00916612+0.0109679j,-0.00174347+0.0124614j,0.00355854+0.00966186j,0.00751394+0.0046937j,0.00813084-0.000463522j,0.00733358-0.00420572j,0.00491205-0.00605624j
0.00696945+0.0072393j,0.00216911-0.00846576j,-0.0116082-0.00323039j,-0.0116117+0.00542298j,-0.00821946+0.0116398j,-0.000738578+0.0125913j,0.00436166+0.00933629j,0.00796383+0.00403336j,0.00820466-0.00121593j,0.00711528-0.00489339j,0.00453236-0.00654366j
0.00727048+0.00707921j,0.00191406-0.00821843j,-0.0114342-0.00230807j,-0.0109403+0.00629295j,-0.00721947+0.012208j,0.000274735+0.0126127j,0.0051337+0.00891985j,0.00835305+0.00331455j,0.0082072-0.00199056j,0.00682982-0.00557332j,0.00410164-0.00700522j
0.00758336+0.00690328j,0.00170867-0.00797473j,-0.0111757-0.00143123j,-0.0101978+0.00707849j,-0.00617903+0.0126676j,0.00128306+0.0125256j,0.00586282+0.00841675j,0.00867282+0.00254478j,0.00813339-0.00277851j,0.00647545-0.00623702j,0.00362039-0.00743419j
0.00790678+0.00670872j,0.00155056-0.00774128j,-0.0108399-0.000608495j,-0.0093951+0.00777292j,-0.00511123+0.0130155j,0.00227336+0.0123316j,0.0065381+0.00783296j,0.00891581+0.001733j,0.00797983-0.00356996j,0.00605217-0.00687549j,0.00309071-0.00782361j
0.00823907+0.00649285j,0.00143658-0.00752433j,-0.0104346+0.000152443j,-0.00854373+0.00837088j,-0.00402929+0.01325j,0.00323312+0.012034j,0.00714975+0.00717571j,0.00907616+0.000888895j,0.00774485-0.00435484j,0.00556162-0.00748009j,0.00251611-0.00816723j
0.00857815+0.0062532j,0.00136279-0.00732971j,-0.00996875+0.000844852j,-0.00765563+0.00886836j,-0.00294649+0.0133713j,0.00415028+0.0116374j,0.00768879+0.00645328j,0.00914917+2.26869e-05j,0.00742789-0.00512321j,0.00500631-0.00804273j,0.00190064-0.00845973j
0.00892158+0.00598753j,0.00132452-0.00716261j,-0.00945181+0.00146319j,-0.0067433+0.00926292j,-0.00187615+0.0133809j,0.00501326+0.0111481j,0.00814717+0.00567516j,0.00913114-0.000854713j,0.00702932-0.00586494j,0.00438938-0.00855559j,0.00124853-0.00869621j
0.00926656+0.00569394j,0.00131645-0.0070275j,-0.00889397+0.00200328j,-0.0058194+0.00955384j,-0.000831275+0.0132825j,0.00581128+0.0105741j,0.00851792+0.00485217j,0.0090197-0.00173157j,0.00655069-0.00656956j,0.00371474-0.00901078j,0.000564377-0.00887183j
0.00961004+0.00537092j,0.00133277-0.00692797j,-0.0083057+0.00246236j,-0.00489644+0.00974218j,0.000175821+0.0130815j,0.00653481+0.00992494j,0.00879568+0.00399629j,0.00881409-0.00259547j,0.00599497-0.00722637j,0.00298743-0.00940044j,-0.000146474-0.00898177j
0.00994876+0.00501736j,0.00136736-0.00686681j,-0.00769755+0.0028391j,-0.00398651+0.00983064j,0.00113386+0.0127849j,0.00717584+0.00921149j,0.00897691+0.00312043j,0.00851549-0.00343363j,0.00536685-0.00782472j,0.0022138-0.00971693j,-0.000877728-0.00902146j
0.0102794+0.00463258j,0.00141389-0.00684587j,-0.00707992+0.00313351j,-0.00310094+0.0098235j,0.00203292+0.0124012j,0.0077282+0.00844576j,0.00906019+0.00223797j,0.0081272-0.00423331j,0.00467292-0.0083544j,0.00140175-0.0099532j,-0.00162186-0.00898686j
0.0105984+0.00421625j,0.00146601-0.00686624j,-0.00646288+0.00334689j,-0.00225011+0.00972629j,0.00286461+0.01194j,0.00818774+0.00764025j,0.00904629+0.00136224j,0.00765466-0.00498246j,0.00392158-0.00880629j,0.000560713-0.0101035j,-0.00237012-0.0088752j
0.0109024+0.00376843j,0.00151729-0.00692822j,-0.00585608+0.00348159j,-0.00144344+0.00954557j,0.00362202+0.0114113j,0.00855211+0.00680755j,0.00893792+0.00050597j,0.00710504-0.00567026j,0.00312263-0.00917293j,-0.000298965-0.0101638j,-0.00311322-0.00868548j
0.0111879+0.00328958j,0.00156138-0.00703131j,-0.00526877+0.00354105j,-0.000689381+0.00928886j,0.00429962+0.0108261j,0.00882055+0.00596014j,0.00873923-0.000318865j,0.0064867-0.0062872j,0.00228648-0.00944847j,-0.0011668-0.0101318j,-0.00384218-0.00841833j
0.0114512+0.00278058j,0.00159197-0.00717421j,-0.00470963+0.00352981j,4.62431e-06+0.0089646j,0.00489325+0.0101954j,0.00899377+0.00511047j,0.00845576-0.00110092j,0.00580887-0.00682487j,0.00142393-0.00962837j,-0.00203242-0.0100066j,-0.00454857-0.00807533j
0.0116889+0.00224275j,0.00160305-0.00735475j,-0.00418661+0.00345346j,0.000632399+0.0085821j,0.00540032+0.0095311j,0.00907412+0.00427089j,0.00809445-0.0018295j,0.00508183-0.00727586j,0.000546287-0.00970912j,-0.00288542-0.00978786j,-0.00522429-0.00765863j
0.0118978+0.00167784j,0.00158901-0.00756997j,-0.00370671+0.00331855j,0.00118919+0.00815139j,0.00581997+0.00884505j,0.00906573+0.00345333j,0.00766384-0.00249477j,0.004317-0.00763396j,-0.000334446-0.00968842j,-0.00371506-0.00947647j,-0.00586116-0.00717089j
0.0120749+0.00108794j,0.00154475-0.00781624j,-0.00327579+0.00313237j,0.00167185+0.00768281j,0.00615322+0.00814901j,0.00897461+0.00266899j,0.00717405-0.00308821j,0.00352702-0.00789449j,-0.00120545-0.00956548j,-0.00451008-0.00907448j,-0.00645063-0.00661571j
0.0122172+0.000475509j,0.00146584-0.00808937j,-0.00289856+0.00290265j,0.00207885+0.00718674j,0.00640286+0.0074541j,0.00880845+0.00192773j,0.00663659-0.00360312j,0.00272543-0.00805492j,-0.00205341-0.00934166j,-0.00525897-0.00858592j,-0.00698399-0.00599826j
0.0123224-0.000156813j,0.00134839-0.00838481j,-0.00257863+0.00263735j,0.00241006+0.00667318j,0.00657313+0.00677041j,0.00857612+0.00123774j,0.00606376-0.00403498j,0.00192602-0.00811515j,-0.00286522-0.00902071j,-0.00595078-0.00801697j,-0.00745321-0.00532556j
0.0123881-0.000806142j,0.00118911-0.00869766j,-0.00231859+0.00234456j,0.00266652+0.00615175j,0.00666934+0.00610699j,0.0082872+0.000605529j,0.00546793-0.00438138j,0.00114204-0.0080773j,-0.00362879-0.00860852j,-0.00657586-0.00737568j,-0.00785172-0.00460611j
0.0124123-0.00146935j,0.000985266-0.00902268j,-0.0021201+0.00203247j,0.00285031+0.00563159j,0.00669762+0.00547187j,0.00795164+3.61109e-05j,0.00486126-0.00464167j,0.000385899-0.00794527j,-0.00433339-0.00811245j,-0.00712626-0.00667118j,-0.00817467-0.00384901j
0.0123934-0.00214312j,0.000734737-0.00935429j,-0.00198382+0.00170935j,0.00296458+0.00512143j,0.0066649+0.00487213j,0.00757971-0.000466819j,0.00425564-0.00481664j,-0.00033081-0.00772424j,-0.0049695-0.00754086j,-0.0075954-0.00591304j,-0.00841861-0.00306331j
0.0123299-0.0028239j,0.000436168-0.00968673j,-0.00190929+0.00138337j,0.00301359+0.00462936j,0.00657901+0.00431379j,0.00718209-0.000900978j,0.00366285-0.0049086j,-0.000997101-0.00742073j,-0.00552847-0.00690297j,-0.00797759-0.00511125j,-0.0085807-0.00225798j
0.012221-0.00350808j,8.89702e-05-0.0100141j,-0.00189497+0.00106238j,0.00300268+0.0041626j,0.00644851+0.00380148j,0.00676973-0.0012658j,0.0030944-0.00492162j,-0.00160266-0.00704284j,-0.0060025-0.00620931j,-0.00826792-0.00427665j,-0.00865866-0.00144249j
0.012066-0.00419201j,-0.000306751-0.0103308j,-0.00193837+0.000753667j,0.00293792+0.00372719j,0.00628229+0.0033382j,0.00635335-0.00156262j,0.00256098-0.00486171j,-0.00213841-0.00660047j,-0.00638521-0.00547184j,-0.00846286-0.0034212j,-0.00865125-0.000627191j
0.0118646-0.00487204j,-0.000750308-0.0106312j,-0.00203631+0.000463893j,0.00282588+0.00332805j,0.00608922+0.00292544j,0.00594296-0.00179452j,0.002072-0.00473657j,-0.00259703-0.00610489j,-0.00667221-0.00470358j,-0.00856074-0.00255753j,-0.00855894+0.00017712j
0.0116169-0.00554453j,-0.00124045-0.0109098j,-0.00218498+0.000199108j,0.00267333+0.002969j,0.00587777+0.0025633j,0.00554753-0.00196598j,0.00163523-0.00455514j,-0.00297322-0.00556829j,-0.00686129-0.00391801j,-0.008562-0.00169839j,-0.008384+0.000959792j
0.0113231-0.00620585j,-0.00177543-0.0111615j,-0.00238006-3.52499e-05j,0.00248715+0.00265285j,0.00565595+0.00225074j,0.00517495-0.00208257j,0.00125678-0.00432715j,-0.00326369-0.00500326j,-0.00695226-0.00312852j,-0.00846891-0.000856064j,-0.00813027+0.00171083j
0.0109838-0.0068524j,-0.00235295-0.0113812j,-0.00261681-0.000234362j,0.00227428+0.00238148j,0.00543124+0.0019857j,0.00483194-0.0021508j,0.000941192-0.00406292j,-0.00346698-0.00442246j,-0.00694675-0.00234817j,-0.00828529-4.21618e-05j,-0.0078028+0.00242113j
0.0105999-0.00748066j,-0.00297027-0.0115643j,-0.00289003-0.000394136j,0.00204158+0.00215578j,0.00521049+0.00176511j,0.00452408-0.00217792j,0.000691405-0.00377316j,-0.00358331-0.00383855j,-0.00684799-0.00158957j,-0.00801625+0.000732377j,-0.00740751+0.00308234j
0.0101726-0.0080872j,-0.00362419-0.0117065j,-0.00319426-0.000511205j,0.0017957+0.00197571j,0.00499973+0.00158499j,0.00425559-0.00217187j,0.000508732-0.00346886j,-0.00361472-0.00326403j,-0.0066608-0.000864813j,-0.00766818+0.00145731j,-0.00695129+0.00368683j
0.0097034-0.00866874j,-0.00431115-0.0118038j,-0.00352392-0.000582979j,0.00154287+0.0018403j,0.00480402+0.00144061j,0.00402924-0.00214105j,0.000392676-0.00316106j,-0.00356508-0.00271096j,-0.00639173-0.000185263j,-0.0072489+0.00212323j,-0.00644205+0.00422782j
0.00919382-0.00922211j,-0.00502732-0.0118526j,-0.00387341-0.000607538j,0.00128878+0.00174784j,0.00462733+0.00132671j,0.00384622-0.00209396j,0.000340943-0.0028604j,-0.00344007-0.00219064j,-0.00604891+0.000438833j,-0.00676751+0.00272198j,-0.00588873+0.00469971j
0.00864578-0.00974427j,-0.00576863-0.0118498j,-0.00423719-0.000583594j,0.00103851+0.00169609j,0.00447248+0.00123777j,0.00370626-0.00203893j,0.000349591-0.00257687j,-0.00324697-0.00171316j,-0.00564183+0.000998652j,-0.00623415+0.00324683j,-0.00530092+0.00509827j
0.00806132-0.0102323j,-0.00653078-0.0117925j,-0.00460984-0.000510423j,0.000796495+0.00168232j,0.00434122+0.00116819j,0.00360768-0.00198386j,0.000413188-0.00231948j,-0.00299442-0.00128732j,-0.00518108+0.00148696j,-0.00565977+0.00369269j,-0.00468867+0.00542079j
0.00744269-0.0106835j,-0.00730931-0.0116784j,-0.00498607-0.000387803j,0.000566524+0.00170351j,0.00423427+0.00111252j,0.00354756-0.00193598j,0.00052505-0.00209608j,-0.00269214-0.000920276j,-0.004678+0.00189827j,-0.00505579+0.00405618j,-0.00406221+0.0056661j
0.00679237-0.0110951j,-0.00809956-0.0115052j,-0.00536079-0.000215958j,0.000351775+0.00175648j,0.00415145+0.00106557j,0.00352196-0.00190172j,0.000677555-0.00191322j,-0.00235054-0.00061757j,-0.00414437+0.0022289j,-0.00443369+0.00433568j,-0.00343155+0.00583456j
0.00611301-0.0114648j,-0.00889671-0.0112714j,-0.00572905+4.43259e-06j,0.000154853+0.00183786j,0.00409175+0.0010225j,0.00352609-0.00188663j,0.000862338-0.00177613j,-0.0019805-0.000383129j,-0.00359205+0.00247683j,-0.00380482+0.00453105j,-0.00280623+0.00592773j
0.00540741-0.0117902j,-0.00969589-0.0109756j,-0.00608618+0.000272268j,-2.22758e-05+0.00194423j,0.00405337+0.000978874j,0.00355434-0.00189537j,0.00107043-0.00168872j,-0.00159323-0.000219345j,-0.00303297+0.00264155j,-0.00318029+0.00464353j,-0.00219539+0.00594818j
0.00467856-0.0120692j,-0.0104921-0.0106169j,-0.00642784+0.000586124j,-0.000178308+0.00207222j,0.00403374+0.000930857j,0.00360038-0.0019315j,0.00129229-0.00165344j,-0.00120021-0.000126963j,-0.00247911+0.0027242j,-0.00257112+0.00467572j,-0.00160793+0.00589949j
0.00392952-0.0123001j,-0.0112805-0.0101947j,-0.00675003+0.00094438j,-0.000312552+0.00221875j,0.00402957+0.000875438j,0.00365731-0.00199723j,0.00151807-0.001671j,-0.000813006-0.000104811j,-0.00194229+0.00272778j,-0.00198802+0.00463194j,-0.00105246+0.00578662j
0.00316353-0.0124809j,-0.0120561-0.00970863j,-0.00704901+0.00134535j,-0.000424759+0.0023812j,0.00403724+0.000810658j,0.00371807-0.00209321j,0.00173804-0.00174021j,-0.000442721-0.000149634j,-0.00143367+0.00265738j,-0.00144093+0.00451845j,-0.000536754+0.00561616j
0.00238404-0.01261j,-0.0128137-0.00915861j,-0.00732111+0.00178732j,-0.000514812+0.0025574j,0.00405313+0.00073556j,0.00377596-0.00221863j,0.00194322-0.00185809j,-9.93373e-05-0.000256262j,-0.000962987+0.00251998j,-0.000938173+0.00434313j,-6.69457e-05+0.00539605j
0.00159466-0.012686j,-0.0135482-0.00854485j,-0.00756271+0.0022684j,-0.000582603+0.00274552j,0.00407392+0.000649979j,0.00382495-0.00237155j,0.00212577-0.00202035j,0.000208674-0.000418227j,-0.00053818+0.00232365j,-0.000486143+0.00411474j,0.000352762+0.00513471j
0.00079924-0.0127078j,-0.014254-0.00786805j,-0.00777022+0.00278644j,-0.000628012+0.00294388j,0.00409657+0.000554285j,0.00385968-0.00254924j,0.00227891-0.00222184j,0.00047426-0.000628327j,-0.000165572+0.00207702j,-8.95493e-05+0.00384218j,0.000719769+0.00484028j
1.71378e-06-0.0126746j,-0.014926-0.00712932j,-0.00794023+0.00333907j,-0.000651005+0.00315096j,0.00411824+0.000449333j,0.00387538-0.0027483j,0.00239678-0.00245676j,0.000691518-0.000878775j,0.000149749+0.00178898j,0.000248062+0.0035343j,0.00103238+0.00452048j
-0.000793863-0.0125856j,-0.0155587-0.00633019j,-0.00806953+0.00392371j,-0.000651655+0.00336549j,0.00413632+0.000336546j,0.00386782-0.00296461j,0.0024744-0.00271851j,0.000855587-0.00116115j,0.000403764+0.00146891j,0.000524046+0.00320013j,0.00128946+0.00418295j
-0.00158338-0.0124408j,-0.0161469-0.00547253j,-0.00815505+0.00453775j,-0.000630001+0.00358654j,0.00414857+0.000218015j,0.00383357-0.0031932j,0.00250784-0.00299965j,0.000962867-0.00146627j,0.000593722+0.00112679j,0.000736849+0.00284915j,0.00149068+0.00383561j
-0.00236259-0.0122399j,-0.0166854-0.00455853j,-0.00819378+0.00517848j,-0.000585857+0.00381353j,0.00415342+9.64189e-05j,0.00377027-0.00342842j,0.00249465-0.00329208j,0.00101138-0.00178435j,0.000718547+0.000773039j,0.000886433+0.00249117j,0.00163687+0.00348664j
-0.00312714-0.0119833j,-0.0171688-0.00359078j,-0.00818262+0.00584308j,-0.000518634+0.00404607j,0.00415016-2.52076e-05j,0.00367688-0.00366423j,0.00243401-0.00358738j,0.00100103-0.00210543j,0.000779043+0.000418124j,0.000974517+0.00213585j,0.00173039+0.00314403j
-0.00387256-0.0116716j,-0.0175917-0.00257233j,-0.00811842+0.00652847j,-0.000427316+0.00428372j,0.004139-0.00014377j,0.00355376-0.0038946j,0.00232682-0.00387731j,0.000933569-0.00241992j,0.000777912+7.19591e-05j,0.00100455+0.00179224j,0.00177507+0.00281508j
-0.00459431-0.0113057j,-0.017949-0.00150678j,-0.00799795+0.00723117j,-0.000310461+0.00452588j,0.00412109-0.000256391j,0.00340252-0.00411388j,0.00217553-0.0041542j,0.000812429-0.002719j,0.000719479-0.000256526j,0.000981437+0.00146825j,0.0017759+0.00250596j
-0.00528783-0.0108872j,-0.0182354-0.000398298j,-0.00781805+0.00794728j,-0.000166305+0.00477157j,0.00409826-0.000360625j,0.00322589-0.00431703j,0.00198386-0.00441123j,0.000642382-0.00299495j,0.00060933-0.000559661j,0.00091111+0.00117045j,0.00173858+0.0022215j
-0.00594861-0.0104179j,-0.0184458+0.00074832j,-0.00757572+0.00867239j,7.08248e-06+0.00501941j,0.00407295-0.000454591j,0.00302743-0.00449982j,0.00175653-0.00464265j,0.00042918-0.00324132j,0.000453879-0.000831201j,0.000800068+0.000903964j,0.00166911+0.00196516j
-0.00657222-0.00990016j,-0.0185757+0.00192771j,-0.0072682+0.00940163j,0.000211717+0.00526754j,0.00404799-0.000537003j,0.00281133-0.00465886j,0.00149895-0.00484377j,0.000179183-0.00345287j,0.000260002-0.00106621j,0.000655038+0.000672652j,0.00157335+0.00173927j
-0.00715441-0.0093368j,-0.0186206+0.00313398j,-0.00689304+0.0101297j,0.00044959+0.00551371j,0.0040265-0.000607177j,0.00258224-0.0047916j,0.00121705-0.00501092j,-0.000100777-0.00362551j,3.48605e-05-0.0012609j,0.000482788+0.000479317j,0.00145696+0.00154536j
-0.0076911-0.00873098j,-0.0185767+0.00436071j,-0.00644815+0.0108509j,0.000722696+0.00575524j,0.0040119-0.000665054j,0.00234526-0.00489631j,0.000917184-0.00514145j,-0.000403478-0.00375629j,-0.000214128-0.00141261j,0.000290155+0.000325848j,0.00132546+0.00138432j
-0.00817841-0.00808629j,-0.0184404+0.00560098j,-0.00593176+0.0115591j,0.00103296+0.00598892j,0.00400779-0.000711294j,0.0021058-0.00497228j,0.000606106-0.00523387j,-0.0007214-0.00384342j,-0.000479319-0.00151977j,8.40866e-05+0.000213167j,0.00118439+0.00125638j
-0.0086127-0.00740677j,-0.0182087+0.00684735j,-0.00534255+0.0122478j,0.00138217+0.00621103j,0.00401787-0.000747396j,0.00186949-0.00501986j,0.000290752-0.00528795j,-0.00104686-0.00388647j,-0.000752992-0.00158215j,-0.000128444+0.000141101j,0.00103925+0.00116095j
-0.00899066-0.00669685j,-0.0178792+0.00809188j,-0.0046797+0.0129098j,0.00177188+0.00641714j,0.00404576-0.000775797j,0.00164192-0.00504063j,-2.20079e-05-0.00530483j,-0.0013723-0.00388644j,-0.00102759-0.00160087j,-0.000340673+0.000108255j,0.000895333+0.00109651j
-0.00930931-0.00596141j,-0.0174501+0.00932609j,-0.00394304+0.0135376j,0.00220314+0.00660221j,0.00409474-0.000799906j,0.0014283-0.00503741j,-0.000325722-0.00528704j,-0.00169063-0.00384577j,-0.0012961-0.00157846j,-0.000546398+0.000112014j,0.000757428+0.00106057j
-0.00956616-0.00520567j,-0.0169203+0.0105411j,-0.00313321+0.0141233j,0.00267638+0.00676059j,0.00416746-0.000824007j,0.0012332-0.00501413j,-0.000614702-0.00523836j,-0.00199561-0.00376816j,-0.00155238-0.00151862j,-0.000740302+0.000148762j,0.000629482+0.00104986j
-0.00975919-0.00443521j,-0.0162898+0.0117278j,-0.00225177+0.0146586j,0.0031912+0.00688617j,0.00426579-0.000853096j,0.00106027-0.00497563j,-0.000884237-0.00516352j,-0.00228204-0.00365827j,-0.00179137-0.00142591j,-0.000918095+0.000214203j,0.000514529+0.00106068j
-0.00988694-0.00365585j,-0.0155593+0.0128765j,-0.00130123+0.0151352j,0.00374632+0.00697254j,0.00439067-0.000892737j,0.000912199-0.00492746j,-0.00113072-0.00506804j,-0.00254588-0.00352147j,-0.0020091-0.00130551j,-0.00107653+0.00030359j,0.000414725+0.00108911j
-0.00994853-0.00287363j,-0.0147308+0.0139779j,-0.000285114+0.0155447j,0.00433949+0.00701308j,0.00454204-0.000948901j,0.000790497-0.00487573j,-0.00135174-0.00495798j,-0.00278429-0.00336368j,-0.0022028-0.00116306j,-0.00121341+0.0004119j,0.000331347+0.00113111j
-0.00994367-0.00209473j,-0.013807+0.0150223j,0.00079194+0.0158786j,0.0049674+0.00700114j,0.00471871-0.00102778j,0.000695444-0.00482683j,-0.00154624-0.00483971j,-0.00299574-0.00319106j,-0.00237096-0.00100433j,-0.0013277+0.000534064j,0.000264768+0.00118272j
-0.00987275-0.00132539j,-0.0127917+0.0160002j,0.00192421+0.016129j,0.00562563+0.00693021j,0.00491828-0.00113556j,0.000626015-0.00478723j,-0.00171448-0.00471961j,-0.00318007-0.00300973j,-0.0025133-0.000835004j,-0.0014194+0.000665233j,0.000214525+0.0012403j
-0.00973679-0.000571854j,-0.01169+0.0169024j,0.00310486+0.0162881j,0.00630869+0.00679413j,0.0051372-0.0012782j,0.000579909-0.00476317j,-0.00185803-0.0046038j,-0.00333829-0.00282551j,-0.00263066-0.000660391j,-0.00148946+0.000801008j,0.000179488+0.00130072j
-0.00953744+0.000159702j,-0.0105077+0.01772j,0.00432603+0.0163488j,0.00701003+0.00658726j,0.00537081-0.00146121j,0.00055363-0.00476044j,-0.00197965-0.00449793j,-0.00347255-0.0026437j,-0.00272481-0.000485231j,-0.00153954+0.000937589j,0.000158076+0.00136145j
-0.00927702+0.000863281j,-0.00925179+0.0184446j,0.00557885+0.0163048j,0.00772214+0.00630461j,0.00561336-0.00168952j,0.000542593-0.00478425j,-0.00208312-0.00440696j,-0.0035859-0.00246891j,-0.00279828-0.0003136j,-0.00157185+0.00107183j,0.000148473+0.00142053j
-0.00895845+0.00153307j,-0.00793023+0.0190686j,0.00685348+0.0161505j,0.00843658+0.00594201j,0.00585819-0.00196732j,0.000541224-0.00483899j,-0.00217315-0.00433508j,-0.00368217-0.00230501j,-0.00285422-0.000148875j,-0.00158895+0.00120119j,0.000148745+0.00147649j
-0.00858528+0.00216356j,-0.00655185+0.0195847j,0.00813926+0.0158812j,0.00914408+0.0054962j,0.00609771-0.00229786j,0.000543046-0.00492818j,-0.00225525-0.00428557j,-0.00376587-0.00215504j,-0.0028963+6.30756e-06j,-0.00159374+0.00132374j,0.000156856+0.00152826j
-0.00816166+0.00274957j,-0.00512633+0.0199868j,0.00942467+0.0154933j,0.00983458+0.00496502j,0.00632355-0.00268338j,0.000540794-0.00505426j,-0.00233563-0.00426066j,-0.00384208-0.0020211j,-0.00292863+0.000150111j,-0.00158938+0.00143817j,0.000170662+0.00157516j
-0.00769231+0.00328637j,-0.00366422+0.0202695j,0.0106975+0.0149847j,0.0104974+0.00434755j,0.00652663-0.00312484j,0.000526533-0.0052184j,-0.0024211-0.00426141j,-0.00391637-0.00190422j,-0.00295569+0.000281601j,-0.00157935+0.00154385j,0.000187837+0.0016169j
-0.00718246+0.00376974j,-0.00217672+0.0204287j,0.011945+0.0143543j,0.0111213+0.00364429j,0.00669739-0.00362183j,0.00049184-0.00542035j,-0.00251883-0.00428747j,-0.00399466-0.00180418j,-0.0029823+0.000400924j,-0.0015673+0.001641j,0.000205866+0.00165381j
-0.00663784+0.00419605j,-0.000675671+0.0204612j,0.0131539+0.0136027j,0.0116948+0.00285735j,0.00682595-0.00417226j,0.000428076-0.00565821j,-0.00263617-0.00433691j,-0.00408288-0.00171933j,-0.00301323+0.000509501j,-0.00155691+0.00173094j,0.000222219+0.00168708j
-0.00606451+0.00456233j,0.000826714+0.0203656j,0.014311+0.0127323j,0.0122063+0.00199051j,0.00690252-0.00477236j,0.000326761-0.00592834j,-0.00278015-0.00440614j,-0.00418668-0.00164651j,-0.00305294+0.000610118j,-0.00155148+0.00181612j,0.000234717+0.00171881j
-0.00546884+0.00486632j,0.002318+0.0201414j,0.015403+0.0117468j,0.0126447+0.00104926j,0.00691777-0.00541663j,0.000180005-0.00622541j,-0.00295707-0.00448998j,-0.00431086-0.0015811j,-0.00310503+0.000706819j,-0.00155344+0.00190008j,0.000242004+0.00175197j
-0.00485737+0.00510646j,0.00378573+0.0197896j,0.016417+0.010652j,0.0129995+4.07151e-05j,0.00686314-0.00609796j,-1.91068e-05-0.00654253j,-0.00317214-0.0045819j,-0.00445905-0.00151739j,-0.00317187+0.000804554j,-0.00156401+0.00198697j,0.000243901+0.00178994j
-0.00423671+0.0052819j,0.0052176+0.0193127j,0.0173409+0.00945473j,0.013261-0.00102656j,0.00673112-0.00680794j,-0.000276276-0.00687168j,-0.00342919-0.00467441j,-0.00463351-0.00144898j,-0.00325449+0.00090868j,-0.00158311+0.00208108j,0.000241428+0.00183593j
-0.00361351+0.00539249j,0.00660156+0.0187144j,0.0181631+0.00816358j,0.0134205-0.00214275j,0.00651538-0.00753702j,-0.000595921-0.00720388j,-0.00373073-0.00475943j,-0.00483515-0.00136918j,-0.00335269+0.00102453j,-0.00160958+0.00218637j,0.00023646+0.00189254j
-0.00299441+0.00543872j,0.0079259+0.0179993j,0.018873+0.00678829j,0.0134705-0.00329689j,0.00621074-0.0082747j,-0.000981198-0.00752948j,-0.00407798-0.00482849j,-0.00506381-0.00127123j,-0.00346533+0.00115726j,-0.00164158+0.00230632j,0.000231252+0.00196169j
-0.00238596+0.00542184j,0.00917939+0.0171738j,0.0194607+0.00533998j,0.0134044-0.00447687j,0.00581331-0.00900956j,-0.00143396-0.00783812j,-0.00447097-0.00487272j,-0.00531829-0.00114824j,-0.00359054+0.00131189j,-0.00167684+0.00244411j,0.000228138+0.00204487j
-0.00179456+0.00534381j,0.0103514+0.0162453j,0.0199178+0.00383101j,0.0132173-0.00566955j,0.00532067-0.00972929j,-0.00195459-0.00811882j,-0.00490837-0.00488287j,-0.00559627-0.000993166j,-0.0037256+0.00149348j,-0.0017126+0.00260281j,0.000229561+0.00214347j
-0.00122631+0.0052073j,0.0114322+0.0152222j,0.020237+0.00227493j,0.0129059-0.0068608j,0.00473215-0.0104209j,-0.00254171-0.00836008j,-0.00538722-0.00484948j,-0.00589405-0.000798898j,-0.00386668+0.00170705j,-0.00174531+0.00278547j,0.000238411+0.00225889j
-0.000686918+0.00501566j,0.012413+0.0141144j,0.0204129+0.000686291j,0.0124686-0.00803587j,0.00404907-0.0110709j,-0.00319198-0.0085503j,-0.00590268-0.00476318j,-0.00620631-0.000558588j,-0.00400861+0.00195729j,-0.00177039+0.00299479j,0.000258348+0.00239234j
-0.000181626+0.0047728j,0.0132863+0.0129324j,0.0204416-0.000919722j,0.011906-0.00917966j,0.00327489-0.0116658j,-0.00389993-0.00867817j,-0.00644802-0.00461522j,-0.00652606-0.000266155j,-0.0041448+0.00224806j,-0.00178211+0.0032327j,0.000293884+0.00254435j
0.000284872+0.00448316j,0.0140458+0.0116876j,0.0203213-0.00252751j,0.0112208-0.0102772j,0.00241513-0.0121928j,-0.00465811-0.00873324j,-0.00701471-0.00439796j,-0.00684483+8.32191e-05j,-0.00426751+0.00258189j,-0.0017739+0.0034998j,0.00035015+0.00271433j
0.000708426+0.00415156j,0.0146863+0.0103917j,0.020052-0.00412139j,0.0104175-0.0113138j,0.00147723-0.0126397j,-0.00545737-0.00870621j,-0.00759283-0.00410523j,-0.00715312+0.00049275j,-0.00436826+0.0029597j,-0.0017388+0.0037952j,0.000432395+0.0029003j
0.00108547+0.00378317j,0.0152043+0.00905705j,0.0196353-0.00568574j,0.00950256-0.0122756j,0.000470332-0.0129954j,-0.00628713-0.0085892j,-0.00817141-0.00373248j,-0.00744078+0.000963961j,-0.00443835+0.00338074j,-0.00166998+0.00411648j,0.000545476+0.00309907j
0.00141302+0.00338347j,0.0155974+0.0076961j,0.0190749-0.00720522j,0.00848415-0.0131493j,-0.000594941-0.0132499j,-0.0071356-0.00837581j,-0.00873869-0.00327684j,-0.00769733+0.00149674j,-0.00446914+0.00384276j,-0.00156097+0.00446j,0.000693642+0.00330648j
0.00168873+0.00295817j,0.0158644+0.00632152j,0.0183758-0.00866494j,0.00737203-0.0139228j,-0.00170655-0.0133948j,-0.00799-0.00806127j,-0.00928236-0.00273714j,-0.00791215+0.00208934j,-0.00445218+0.00434209j,-0.0014058+0.004821j,0.000880504+0.00351768j
0.00191091+0.00251314j,0.0160057+0.00494591j,0.017545-0.0100507j,0.00617754-0.0145851j,-0.00285123-0.013423j,-0.00883672-0.00764259j,-0.00978972-0.00211403j,-0.00807463+0.00273834j,-0.00437934+0.00487363j,-0.00119904+0.00519366j,0.00110903+0.00372711j
0.00207855+0.00205435j,0.0160231+0.00358169j,0.0165911-0.011349j,0.00491341-0.0151267j,-0.00401465-0.0133294j,-0.0096615-0.00711874j,-0.0102479-0.00141012j,-0.00817442+0.00343858j,-0.00424305+0.00543085j,-0.000935951+0.00557111j,0.00138149+0.00392863j
0.00219128+0.00158772j,0.0159195+0.00224092j,0.0155241-0.0125479j,0.0035936-0.0155396j,-0.0051817-0.0131107j,-0.0104498-0.00649079j,-0.0106443-0.000630023j,-0.00820169+0.00418313j,-0.00403647+0.00600578j,-0.000612646+0.0059455j,0.00169934+0.00411543j
0.0022494+0.0011191j,0.0156993+0.000935108j,0.0143553-0.0136362j,0.002233-0.015818j,-0.0063368-0.0127659j,-0.0111871-0.005762j,-0.0109666+0.000219575j,-0.00814745+0.0049633j,-0.00375383+0.00658905j,-0.000226311+0.00630795j,0.00206307+0.0042802j
