200 0.1 9.82208
0 0
0.1 1.14975e-06
0.2 1.94985e-05
0.3 0.000111372
0.4 0.000393553
0.5 0.0010449
0.6 0.00227854
0.7 0.00429179
0.8 0.00721973
0.9 0.0111147
1 0.0159534
1.1 0.0216599
1.2 0.0281307
1.3 0.0352539
1.4 0.0429226
1.5 0.0510409
1.6 0.0595268
1.7 0.0683115
1.8 0.0773388
1.9 0.0865631
2 0.0959474
2.1 0.105462
2.2 0.115083
2.3 0.124791
2.4 0.134571
2.5 0.14441
2.6 0.154296
2.7 0.164222
2.8 0.174181
2.9 0.184166
3 0.194172
3.1 0.204195
3.2 0.21423
3.3 0.224275
3.4 0.234326
3.5 0.24438
3.6 0.254436
3.7 0.264489
3.8 0.274539
3.9 0.284583
4 0.294618
4.1 0.304642
4.2 0.314654
4.3 0.32465
4.4 0.334629
4.5 0.344589
4.6 0.354527
4.7 0.36444
4.8 0.374327
4.9 0.384186
5 0.394012
5.1 0.403805
5.2 0.413561
5.3 0.423277
5.4 0.432952
5.5 0.442582
5.6 0.452164
5.7 0.461696
5.8 0.471175
5.9 0.480598
6 0.489962
6.1 0.499264
6.2 0.508502
6.3 0.517672
6.4 0.526772
6.5 0.535799
6.6 0.54475
6.7 0.553623
6.8 0.562415
6.9 0.571123
7 0.579745
7.1 0.588278
7.2 0.596721
7.3 0.60507
7.4 0.613324
7.5 0.621481
7.6 0.629539
7.7 0.637496
7.8 0.645351
7.9 0.653101
8 0.660746
8.1 0.668284
8.2 0.675714
8.3 0.683034
8.4 0.690245
8.5 0.697345
8.6 0.704334
8.7 0.711211
8.8 0.717975
8.9 0.724627
9 0.731166
9.1 0.737592
9.2 0.743905
9.3 0.750105
9.4 0.756193
9.5 0.762169
9.6 0.768034
9.7 0.773787
9.8 0.779431
9.9 0.784964
10 0.790389
10.1 0.795706
10.2 0.800916
10.3 0.806019
10.4 0.811018
10.5 0.815914
10.6 0.820707
10.7 0.825398
10.8 0.82999
10.9 0.834482
11 0.838878
11.1 0.843178
11.2 0.847383
11.3 0.851495
11.4 0.855515
11.5 0.859446
11.6 0.863288
11.7 0.867042
11.8 0.870712
11.9 0.874297
12 0.877799
12.1 0.881221
12.2 0.884564
12.3 0.887828
12.4 0.891016
12.5 0.89413
12.6 0.89717
12.7 0.900138
12.8 0.903036
12.9 0.905865
13 0.908627
13.1 0.911323
13.2 0.913954
13.3 0.916523
13.4 0.919029
13.5 0.921476
13.6 0.923863
13.7 0.926193
13.8 0.928467
13.9 0.930686
14 0.932851
14.1 0.934964
14.2 0.937026
14.3 0.939038
14.4 0.941001
14.5 0.942916
14.6 0.944785
14.7 0.946609
14.8 0.948389
14.9 0.950125
15 0.951819
15.1 0.953473
15.2 0.955086
15.3 0.95666
15.4 0.958197
15.5 0.959696
15.6 0.961159
15.7 0.962587
15.8 0.96398
15.9 0.96534
16 0.966667
16.1 0.967962
16.2 0.969227
16.3 0.970461
16.4 0.971665
16.5 0.972841
16.6 0.973989
16.7 0.975109
16.8 0.976203
16.9 0.977271
17 0.978314
17.1 0.979332
17.2 0.980326
17.3 0.981297
17.4 0.982245
17.5 0.983171
17.6 0.984075
17.7 0.984958
17.8 0.98582
17.9 0.986663
18 0.987486
18.1 0.988289
18.2 0.989075
18.3 0.989842
18.4 0.990592
18.5 0.991324
18.6 0.99204
18.7 0.992739
18.8 0.993423
18.9 0.994091
19 0.994744
19.1 0.995382
19.2 0.996006
19.3 0.996616
19.4 0.997212
19.5 0.997795
19.6 0.998365
19.7 0.998922
19.8 0.999467
19.9 1
