25
9.82208e-05 2.1 0 0.2751942114062793 0.9904761904761905
9.82208e-05 2.1 0 0.27296037110834565 0.9809523809523809
9.82208e-05 2.1 0 0.270372832407392 0.9714285714285714
9.82208e-05 2.1 0 0.2674213284625858 0.9619047619047618
9.82208e-05 2.1 0 0.2640936565571027 0.9523809523809523
9.82208e-05 2.1 0 0.26037539448845015 0.9428571428571428
9.82208e-05 2.1 0 0.2562495400593721 0.9333333333333332
9.82208e-05 2.1 0 0.25169605004960227 0.9238095238095239
9.82208e-05 2.1 0 0.24669124537529133 0.9142857142857144
9.82208e-05 2.1 0 0.24120703468879387 0.9047619047619048
9.82208e-05 2.1 0 0.23520988654012426 0.8952380952380953
9.82208e-05 2.1 0 0.2286594454060093 0.8857142857142857
9.82208e-05 2.1 0 0.22150663043091431 0.8761904761904762
9.82208e-05 2.1 0 0.2136909609240406 0.8666666666666667
9.82208e-05 2.1 0 0.20513668696927584 0.8571428571428571
9.82208e-05 2.1 0 0.19574699999011394 0.8476190476190476
9.82208e-05 2.1 0 0.1853950101104047 0.8380952380952381
9.82208e-05 2.1 0 0.17390895792584368 0.8285714285714286
9.82208e-05 2.1 0 0.1610463772463605 0.8190476190476191
9.82208e-05 2.1 0 0.14644500573870686 0.8095238095238095
9.82208e-05 2.1 0 0.12951809870342745 0.8
9.82208e-05 2.1 0 0.10918942339805708 0.7904761904761906
9.82208e-05 2.1 0 0.0829958828892017 0.780952380952381
9.82208e-05 2.1 0 0.04090106447788718 0.7714285714285715
9.82208e-05 2.1 0 0.061023997913943695 0.7619047619047619