50
9.82208e-05 2.1 0 0.13768411709334205 0.9904761904761905
9.82208e-05 2.1 0 0.19424836242258256 0.9809523809523809
9.82208e-05 2.1 0 0.23733211036908788 0.9714285714285714
9.82208e-05 2.1 0 0.2733847637029969 0.9619047619047618
9.82208e-05 2.1 0 0.3049106779729929 0.9523809523809523
9.82208e-05 2.1 0 0.33319725113401716 0.9428571428571428
9.82208e-05 2.1 0 0.3590109871423005 0.9333333333333332
9.82208e-05 2.1 0 0.382852404614129 0.9238095238095239
9.82208e-05 2.1 0 0.40506991082165195 0.9142857142857144
9.82208e-05 2.1 0 0.42591770999995987 0.9047619047619048
9.82208e-05 2.1 0 0.44558809772531743 0.8952380952380953
9.82208e-05 2.1 0 0.46423076597919777 0.8857142857142857
9.82208e-05 2.1 0 0.481964987766857 0.8761904761904762
9.82208e-05 2.1 0 0.4988876515698588 0.8666666666666667
9.82208e-05 2.1 0 0.5150787536377128 0.8571428571428571
9.82208e-05 2.1 0 0.5306052677022521 0.8476190476190476
9.82208e-05 2.1 0 0.5455239425378927 0.8380952380952381
9.82208e-05 2.1 0 0.559883369779012 0.8285714285714286
9.82208e-05 2.1 0 0.5737255421649154 0.8190476190476191
9.82208e-05 2.1 0 0.5870870479018073 0.8095238095238095
9.82208e-05 2.1 0 0.5999999999999999 0.8
9.82208e-05 2.1 0 0.6124927691738485 0.7904761904761906
9.82208e-05 2.1 0 0.6245905688407465 0.780952380952381
9.82208e-05 2.1 0 0.636315927180574 0.7714285714285715
9.82208e-05 2.1 0 0.647689071844545 0.7619047619047619
9.82208e-05 2.1 0 0.6587282463158317 0.7523809523809524
9.82208e-05 2.1 0 0.6694499722205703 0.7428571428571429
9.82208e-05 2.1 0 0.6798692684790381 0.7333333333333333
9.82208e-05 2.1 0 0.6899998356830459 0.7238095238095238
9.82208e-05 2.1 0 0.6998542122237652 0.7142857142857143
9.82208e-05 2.1 0 0.709443907293855 0.7047619047619047
9.82208e-05 2.1 0 0.7187795148233603 0.6952380952380952
9.82208e-05 2.1 0 0.7278708115918284 0.6857142857142856
9.82208e-05 2.1 0 0.7367268421262368 0.6761904761904761
9.82208e-05 2.1 0 0.7453559924999299 0.6666666666666666
9.82208e-05 2.1 0 0.7537660547584525 0.6571428571428571
9.82208e-05 2.1 0 0.7619642833893185 0.6476190476190476
9.82208e-05 2.1 0 0.7699574450060089 0.6380952380952382
9.82208e-05 2.1 0 0.7777518622180686 0.6285714285714286
9.82208e-05 2.1 0 0.785353452498602 0.6190476190476191
9.82208e-05 2.1 0 0.7927677627297813 0.6095238095238095
9.82208e-05 2.1 0 0.7999999999999999 0.6000000000000001
9.82208e-05 2.1 0 0.8070550591383003 0.5904761904761906
9.82208e-05 2.1 0 0.8139375473989141 0.580952380952381
9.82208e-05 2.1 0 0.8206518066482897 0.5714285714285715
9.82208e-05 2.1 0 0.8272019333565129 0.5619047619047619
9.82208e-05 2.1 0 0.8335917966527214 0.5523809523809524
9.82208e-05 2.1 0 0.8398250546685182 0.5428571428571429
9.82208e-05 2.1 0 0.8459051693633013 0.5333333333333333
9.82208e-05 2.1 0 0.8518354199999199 0.5238095238095238