96
9.82208e-05 5.555555555555555 0 0.4929094091396356 1.0
9.82208e-05 0 5.555555555555555 -1.0 0.4929094091396356
9.82208e-05 -5.555555555555555 0 -0.4929094091396356 -1.0
9.82208e-05 0 -5.555555555555555 1.0 -0.4929094091396356
9.82208e-05 5.555555555555555 0 0.49282723709063087 0.991
9.82208e-05 0 5.555555555555555 -0.991 0.49282723709063087
9.82208e-05 -5.555555555555555 0 -0.49282723709063087 -0.991
9.82208e-05 0 -5.555555555555555 0.991 -0.49282723709063087
9.82208e-05 5.555555555555555 0 0.492580638696229 0.9820000000000001
9.82208e-05 0 5.555555555555555 -0.9820000000000001 0.492580638696229
9.82208e-05 -5.555555555555555 0 -0.492580638696229 -0.9820000000000001
9.82208e-05 0 -5.555555555555555 0.9820000000000001 -0.492580638696229
9.82208e-05 5.555555555555555 0 0.4921693668021054 0.973
9.82208e-05 0 5.555555555555555 -0.973 0.4921693668021054
9.82208e-05 -5.555555555555555 0 -0.4921693668021054 -0.973
9.82208e-05 0 -5.555555555555555 0.973 -0.4921693668021054
9.82208e-05 5.555555555555555 0 0.4915930081056734 0.964
9.82208e-05 0 5.555555555555555 -0.964 0.4915930081056734
9.82208e-05 -5.555555555555555 0 -0.4915930081056734 -0.964
9.82208e-05 0 -5.555555555555555 0.964 -0.4915930081056734
9.82208e-05 5.555555555555555 0 0.49085098107102204 0.955
9.82208e-05 0 5.555555555555555 -0.955 0.49085098107102204
9.82208e-05 -5.555555555555555 0 -0.49085098107102204 -0.955
9.82208e-05 0 -5.555555555555555 0.955 -0.49085098107102204
9.82208e-05 5.555555555555555 0 0.4899425329754346 0.9460000000000001
9.82208e-05 0 5.555555555555555 -0.9460000000000001 0.4899425329754346
9.82208e-05 -5.555555555555555 0 -0.4899425329754346 -0.9460000000000001
9.82208e-05 0 -5.555555555555555 0.9460000000000001 -0.4899425329754346
9.82208e-05 5.555555555555555 0 0.48886673605225495 0.937
9.82208e-05 0 5.555555555555555 -0.937 0.48886673605225495
9.82208e-05 -5.555555555555555 0 -0.48886673605225495 -0.937
9.82208e-05 0 -5.555555555555555 0.937 -0.48886673605225495
9.82208e-05 5.555555555555555 0 0.48762248268346353 0.9279999999999999
9.82208e-05 0 5.555555555555555 -0.9279999999999999 0.48762248268346353
9.82208e-05 -5.555555555555555 0 -0.48762248268346353 -0.9279999999999999
9.82208e-05 0 -5.555555555555555 0.9279999999999999 -0.48762248268346353
9.82208e-05 5.555555555555555 0 0.48620847958297153 0.9189999999999999
9.82208e-05 0 5.555555555555555 -0.9189999999999999 0.48620847958297153
9.82208e-05 -5.555555555555555 0 -0.48620847958297153 -0.9189999999999999
9.82208e-05 0 -5.555555555555555 0.9189999999999999 -0.48620847958297153
9.82208e-05 5.555555555555555 0 0.4846232408979009 0.91
9.82208e-05 0 5.555555555555555 -0.91 0.4846232408979009
9.82208e-05 -5.555555555555555 0 -0.4846232408979009 -0.91
9.82208e-05 0 -5.555555555555555 0.91 -0.4846232408979009
9.82208e-05 5.555555555555555 0 0.4828650801397686 0.901
9.82208e-05 0 5.555555555555555 -0.901 0.4828650801397686
9.82208e-05 -5.555555555555555 0 -0.4828650801397686 -0.901
9.82208e-05 0 -5.555555555555555 0.901 -0.4828650801397686
9.82208e-05 5.555555555555555 0 0.48093210084000976 0.892
9.82208e-05 0 5.555555555555555 -0.892 0.48093210084000976
9.82208e-05 -5.555555555555555 0 -0.48093210084000976 -0.892
9.82208e-05 0 -5.555555555555555 0.892 -0.48093210084000976
9.82208e-05 5.555555555555555 0 0.4788221858042762 0.8829999999999999
9.82208e-05 0 5.555555555555555 -0.8829999999999999 0.4788221858042762
9.82208e-05 -5.555555555555555 0 -0.4788221858042762 -0.8829999999999999
9.82208e-05 0 -5.555555555555555 0.8829999999999999 -0.4788221858042762
9.82208e-05 5.555555555555555 0 0.4765329848167752 0.874
9.82208e-05 0 5.555555555555555 -0.874 0.4765329848167752
9.82208e-05 -5.555555555555555 0 -0.4765329848167752 -0.874
9.82208e-05 0 -5.555555555555555 0.874 -0.4765329848167752
9.82208e-05 5.555555555555555 0 0.4740619006188802 0.865
9.82208e-05 0 5.555555555555555 -0.865 0.4740619006188802
9.82208e-05 -5.555555555555555 0 -0.4740619006188802 -0.865
9.82208e-05 0 -5.555555555555555 0.865 -0.4740619006188802
9.82208e-05 5.555555555555555 0 0.4714060729545021 0.856
9.82208e-05 0 5.555555555555555 -0.856 0.4714060729545021
9.82208e-05 -5.555555555555555 0 -0.4714060729545021 -0.856
9.82208e-05 0 -5.555555555555555 0.856 -0.4714060729545021
9.82208e-05 5.555555555555555 0 0.4685623604370974 0.8470000000000001
9.82208e-05 0 5.555555555555555 -0.8470000000000001 0.4685623604370974
9.82208e-05 -5.555555555555555 0 -0.4685623604370974 -0.8470000000000001
9.82208e-05 0 -5.555555555555555 0.8470000000000001 -0.4685623604370974
9.82208e-05 5.555555555555555 0 0.46552731994844815 0.838
9.82208e-05 0 5.555555555555555 -0.838 0.46552731994844815
9.82208e-05 -5.555555555555555 0 -0.46552731994844815 -0.838
9.82208e-05 0 -5.555555555555555 0.838 -0.46552731994844815
9.82208e-05 5.555555555555555 0 0.46229718322566615 0.829
9.82208e-05 0 5.555555555555555 -0.829 0.46229718322566615
9.82208e-05 -5.555555555555555 0 -0.46229718322566615 -0.829
9.82208e-05 0 -5.555555555555555 0.829 -0.46229718322566615
9.82208e-05 5.555555555555555 0 0.45886783022825356 0.82
9.82208e-05 0 5.555555555555555 -0.82 0.45886783022825356
9.82208e-05 -5.555555555555555 0 -0.45886783022825356 -0.82
9.82208e-05 0 -5.555555555555555 0.82 -0.45886783022825356
9.82208e-05 5.555555555555555 0 0.45523475879856246 0.811
9.82208e-05 0 5.555555555555555 -0.811 0.45523475879856246
9.82208e-05 -5.555555555555555 0 -0.45523475879856246 -0.811
9.82208e-05 0 -5.555555555555555 0.811 -0.45523475879856246
9.82208e-05 5.555555555555555 0 0.4513930500333215 0.802
9.82208e-05 0 5.555555555555555 -0.802 0.4513930500333215
9.82208e-05 -5.555555555555555 0 -0.4513930500333215 -0.802
9.82208e-05 0 -5.555555555555555 0.802 -0.4513930500333215
9.82208e-05 5.555555555555555 0 0.44733732866639364 0.7929999999999999
9.82208e-05 0 5.555555555555555 -0.7929999999999999 0.44733732866639364
9.82208e-05 -5.555555555555555 0 -0.44733732866639364 -0.7929999999999999
9.82208e-05 0 -5.555555555555555 0.7929999999999999 -0.44733732866639364