96
9.82208e-05 1.6666666666666665 0 1.4901161193847656e-08 1.0
9.82208e-05 0 1.6666666666666665 -1.0 1.4901161193847656e-08
9.82208e-05 -1.6666666666666665 0 -1.4901161193847656e-08 -1.0
9.82208e-05 0 -1.6666666666666665 1.0 -1.4901161193847656e-08
9.82208e-05 1.6666666666666665 0 0.20273134932713188 0.97
9.82208e-05 0 1.6666666666666665 -0.97 0.20273134932713188
9.82208e-05 -1.6666666666666665 0 -0.20273134932713188 -0.97
9.82208e-05 0 -1.6666666666666665 0.97 -0.20273134932713188
9.82208e-05 1.6666666666666665 0 0.28354893757515615 0.94
9.82208e-05 0 1.6666666666666665 -0.94 0.28354893757515615
9.82208e-05 -1.6666666666666665 0 -0.28354893757515615 -0.94
9.82208e-05 0 -1.6666666666666665 0.94 -0.28354893757515615
9.82208e-05 1.6666666666666665 0 0.3433656942677871 0.91
9.82208e-05 0 1.6666666666666665 -0.91 0.3433656942677871
9.82208e-05 -1.6666666666666665 0 -0.3433656942677871 -0.91
9.82208e-05 0 -1.6666666666666665 0.91 -0.3433656942677871
9.82208e-05 1.6666666666666665 0 0.3919183588453082 0.88
9.82208e-05 0 1.6666666666666665 -0.88 0.3919183588453082
9.82208e-05 -1.6666666666666665 0 -0.3919183588453082 -0.88
9.82208e-05 0 -1.6666666666666665 0.88 -0.3919183588453082
9.82208e-05 1.6666666666666665 0 0.4330127018922188 0.85
9.82208e-05 0 1.6666666666666665 -0.85 0.4330127018922188
9.82208e-05 -1.6666666666666665 0 -0.4330127018922188 -0.85
9.82208e-05 0 -1.6666666666666665 0.85 -0.4330127018922188
9.82208e-05 1.6666666666666665 0 0.46861498055439904 0.82
9.82208e-05 0 1.6666666666666665 -0.82 0.46861498055439904
9.82208e-05 -1.6666666666666665 0 -0.46861498055439904 -0.82
9.82208e-05 0 -1.6666666666666665 0.82 -0.46861498055439904
9.82208e-05 1.6666666666666665 0 0.4998999899979993 0.7899999999999999
9.82208e-05 0 1.6666666666666665 -0.7899999999999999 0.4998999899979993
9.82208e-05 -1.6666666666666665 0 -0.4998999899979993 -0.7899999999999999
9.82208e-05 0 -1.6666666666666665 0.7899999999999999 -0.4998999899979993
9.82208e-05 1.6666666666666665 0 0.5276362383309164 0.76
9.82208e-05 0 1.6666666666666665 -0.76 0.5276362383309164
9.82208e-05 -1.6666666666666665 0 -0.5276362383309164 -0.76
9.82208e-05 0 -1.6666666666666665 0.76 -0.5276362383309164
9.82208e-05 1.6666666666666665 0 0.5523585791856588 0.73
9.82208e-05 0 1.6666666666666665 -0.73 0.5523585791856588
9.82208e-05 -1.6666666666666665 0 -0.5523585791856588 -0.73
9.82208e-05 0 -1.6666666666666665 0.73 -0.5523585791856588
9.82208e-05 1.6666666666666665 0 0.5744562646538026 0.7
9.82208e-05 0 1.6666666666666665 -0.7 0.5744562646538026
9.82208e-05 -1.6666666666666665 0 -0.5744562646538026 -0.7
9.82208e-05 0 -1.6666666666666665 0.7 -0.5744562646538026
9.82208e-05 1.6666666666666665 0 0.5942221806698229 0.6699999999999999
9.82208e-05 0 1.6666666666666665 -0.6699999999999999 0.5942221806698229
9.82208e-05 -1.6666666666666665 0 -0.5942221806698229 -0.6699999999999999
9.82208e-05 0 -1.6666666666666665 0.6699999999999999 -0.5942221806698229
9.82208e-05 1.6666666666666665 0 0.611882341631134 0.6399999999999999
9.82208e-05 0 1.6666666666666665 -0.6399999999999999 0.611882341631134
9.82208e-05 -1.6666666666666665 0 -0.611882341631134 -0.6399999999999999
9.82208e-05 0 -1.6666666666666665 0.6399999999999999 -0.611882341631134
9.82208e-05 1.6666666666666665 0 0.627614531380528 0.61
9.82208e-05 0 1.6666666666666665 -0.61 0.627614531380528
9.82208e-05 -1.6666666666666665 0 -0.627614531380528 -0.61
9.82208e-05 0 -1.6666666666666665 0.61 -0.627614531380528
9.82208e-05 1.6666666666666665 0 0.6415605972938173 0.58
9.82208e-05 0 1.6666666666666665 -0.58 0.6415605972938173
9.82208e-05 -1.6666666666666665 0 -0.6415605972938173 -0.58
9.82208e-05 0 -1.6666666666666665 0.58 -0.6415605972938173
9.82208e-05 1.6666666666666665 0 0.6538348415311009 0.5499999999999999
9.82208e-05 0 1.6666666666666665 -0.5499999999999999 0.6538348415311009
9.82208e-05 -1.6666666666666665 0 -0.6538348415311009 -0.5499999999999999
9.82208e-05 0 -1.6666666666666665 0.5499999999999999 -0.6538348415311009
9.82208e-05 1.6666666666666665 0 0.6645299090334457 0.5199999999999999
9.82208e-05 0 1.6666666666666665 -0.5199999999999999 0.6645299090334457
9.82208e-05 -1.6666666666666665 0 -0.6645299090334457 -0.5199999999999999
9.82208e-05 0 -1.6666666666666665 0.5199999999999999 -0.6645299090334457
9.82208e-05 1.6666666666666665 0 0.6737210105080588 0.4899999999999999
9.82208e-05 0 1.6666666666666665 -0.4899999999999999 0.6737210105080588
9.82208e-05 -1.6666666666666665 0 -0.6737210105080588 -0.4899999999999999
9.82208e-05 0 -1.6666666666666665 0.4899999999999999 -0.6737210105080588
9.82208e-05 1.6666666666666665 0 0.6814690014960325 0.45999999999999996
9.82208e-05 0 1.6666666666666665 -0.45999999999999996 0.6814690014960325
9.82208e-05 -1.6666666666666665 0 -0.6814690014960325 -0.45999999999999996
9.82208e-05 0 -1.6666666666666665 0.45999999999999996 -0.6814690014960325
9.82208e-05 1.6666666666666665 0 0.6878226515607055 0.4299999999999999
9.82208e-05 0 1.6666666666666665 -0.4299999999999999 0.6878226515607055
9.82208e-05 -1.6666666666666665 0 -0.6878226515607055 -0.4299999999999999
9.82208e-05 0 -1.6666666666666665 0.4299999999999999 -0.6878226515607055
9.82208e-05 1.6666666666666665 0 0.6928203230275507 0.39999999999999997
9.82208e-05 0 1.6666666666666665 -0.39999999999999997 0.6928203230275507
9.82208e-05 -1.6666666666666665 0 -0.6928203230275507 -0.39999999999999997
9.82208e-05 0 -1.6666666666666665 0.39999999999999997 -0.6928203230275507
9.82208e-05 1.6666666666666665 0 0.6964912059746338 0.36999999999999994
9.82208e-05 0 1.6666666666666665 -0.36999999999999994 0.6964912059746338
9.82208e-05 -1.6666666666666665 0 -0.6964912059746338 -0.36999999999999994
9.82208e-05 0 -1.6666666666666665 0.36999999999999994 -0.6964912059746338
9.82208e-05 1.6666666666666665 0 0.6988562083862457 0.3399999999999999
9.82208e-05 0 1.6666666666666665 -0.3399999999999999 0.6988562083862457
9.82208e-05 -1.6666666666666665 0 -0.6988562083862457 -0.3399999999999999
9.82208e-05 0 -1.6666666666666665 0.3399999999999999 -0.6988562083862457
9.82208e-05 1.6666666666666665 0 0.6999285677838845 0.30999999999999983
9.82208e-05 0 1.6666666666666665 -0.30999999999999983 0.6999285677838845
9.82208e-05 -1.6666666666666665 0 -0.6999285677838845 -0.30999999999999983
9.82208e-05 0 -1.6666666666666665 0.30999999999999983 -0.6999285677838845