399 0.024812030075187966
0.12481203007518797 -0.0749017374665932
0.14962406015037594 -0.12840612013637842
0.17443609022556392 -0.17397986775869584
0.1992481203007519 -0.21608633843012692
0.22406015037593985 -0.2563248306253152
0.24887218045112783 -0.2953744989105056
0.27368421052631575 -0.3334175409373315
0.29849624060150376 -0.37052902361315937
0.32330827067669177 -0.4067046475091347
0.3481203007518797 -0.441893369978802
0.37293233082706767 -0.4760480859349348
0.3977443609022556 -0.509120761627012
0.4225563909774436 -0.5410820317577759
0.4473684210526315 -0.5719035152175974
0.4721804511278196 -0.6015568308968476
0.49699248120300754 -0.6300141183388316
0.5218045112781955 -0.6572643027603439
0.5466165413533834 -0.6833148944058128
0.5714285714285714 -0.7081742950400988
0.5962406015037593 -0.7318509064280623
0.6210526315789473 -0.7543531303345642
0.6458646616541353 -0.7756893685244648
0.6706766917293233 -0.7958680227626246
0.6954887218045113 -0.8149042929176796
0.7203007518796992 -0.8328289911890516
0.7451127819548872 -0.8496679637846717
0.7699248120300751 -0.8654468414074126
0.7947368421052631 -0.8801912547601469
0.8195488721804511 -0.8939268345457471
0.8443609022556391 -0.9066792114670856
0.869172932330827 -0.9184740450707644
0.893984962406015 -0.9293407750754861
0.918796992481203 -0.9393093239583985
0.9436090225563909 -0.948407641913707
0.9684210526315788 -0.9566636791356166
0.9932330827067669 -0.9641053858183327
1.018045112781955 -0.9707607121560606
1.042857142857143 -0.976657608343006
1.0676691729323309 -0.9818241243289527
1.0924812030075188 -0.986288314487316
1.1172932330827068 -0.9900756446954951
1.1421052631578947 -0.9932111154362512
1.1669172932330827 -0.9957197271923455
1.1917293233082706 -0.9976264804465396
1.2165413533834588 -0.9989563756815949
1.2413533834586468 -0.999734413380272
1.2661654135338347 -1.0
1.2909774436090227 -0.9998215146216665
1.3157894736842106 -0.9992152100069466
1.3406015037593986 -0.9981929515007019
1.3654135338345865 -0.9967666044477952
1.3902255639097745 -0.9949480341930881
1.4150375939849624 -0.992749106081443
1.4398496240601504 -0.9901816854577217
1.4646616541353383 -0.9872576376667866
1.4894736842105263 -0.9839888280534996
1.5142857142857142 -0.9803871219627232
1.5390977443609024 -0.9764643847393188
1.5639097744360904 -0.9722324817281495
1.5887218045112783 -0.9677032782740764
1.6135338345864663 -0.9628886397219624
1.6383458646616542 -0.9578004314166693
1.6631578947368422 -0.9524505187030591
1.6879699248120301 -0.946850766925994
1.712781954887218 -0.9410130414303363
1.737593984962406 -0.9349492075609478
1.762406015037594 -0.928671130662691
1.787218045112782 -0.9221906760804275
1.8120300751879699 -0.91551970915902
1.8368421052631578 -0.90867009524333
1.861654135338346 -0.9016536996782201
1.886466165413534 -0.8944823878085523
1.911278195488722 -0.8871680249791886
1.9360902255639099 -0.879722476534991
1.9609022556390978 -0.8721576078208222
1.9857142857142858 -0.8644852841815436
2.0105263157894737 -0.8567173709620178
2.0353383458646617 -0.8488657335071066
2.0601503759398496 -0.8409422371616723
2.0849624060150376 -0.832958747270577
2.1097744360902255 -0.8249271291786827
2.1345864661654135 -0.8168592482308517
2.1593984962406014 -0.808766969771946
2.1842105263157894 -0.8006621591468276
2.2090225563909773 -0.7925566817003588
2.2338345864661653 -0.7844624027774014
2.2586466165413532 -0.7763911877228181
2.283458646616541 -0.7683549018814705
2.308270676691729 -0.7603654105982212
2.3330827067669175 -0.7524345792179314
2.3578947368421055 -0.744564660449345
2.3827067669172934 -0.7367191457926306
2.4075187969924814 -0.7288942982353315
2.4323308270676693 -0.7210915257707902
2.4571428571428573 -0.7133122363923493
2.4819548872180452 -0.7055578380933519
2.506766917293233 -0.6978297388671405
2.531578947368421 -0.6901293467070581
2.556390977443609 -0.6824580696064472
2.581203007518797 -0.6748173155586508
2.606015037593985 -0.6672084925570112
2.630827067669173 -0.6596330085948718
2.655639097744361 -0.6520922716655749
2.680451127819549 -0.6445876897624637
2.705263157894737 -0.6371206708788805
2.7300751879699248 -0.6296926230081683
2.7548872180451127 -0.6223049541436697
2.7796992481203007 -0.6149590722787277
2.8045112781954886 -0.6076563854066848
2.8293233082706766 -0.6003983015208839
2.8541353383458645 -0.593186228614668
2.8789473684210525 -0.5860215746813793
2.9037593984962404 -0.578905747714361
2.9285714285714284 -0.5718401557069557
2.9533834586466163 -0.5648262066525063
2.9781954887218047 -0.5578653085443551
3.0030075187969927 -0.5509588693758455
3.0278195488721806 -0.5441082971403199
3.0526315789473686 -0.5373149998311212
3.0774436090225565 -0.530580385441592
3.1022556390977445 -0.5239058619650754
3.1270676691729324 -0.5172928373949136
3.1518796992481204 -0.51074271972445
3.1766917293233083 -0.5042569169470268
3.2015037593984963 -0.497836837055987
3.2263157894736842 -0.49148388804467347
3.251127819548872 -0.4851994779064288
3.27593984962406 -0.4789850146345958
3.300751879699248 -0.47284190622251726
3.325563909774436 -0.4667715606635359
3.350375939849624 -0.4607753859509946
3.375187969924812 -0.45485479007823587
3.4 -0.4490111810386027
3.424812030075188 -0.4432459668254378
3.449624060150376 -0.43755860392568985
3.4744360902255638 -0.4319375512328314
3.4992481203007517 -0.42638028950412404
3.5240601503759397 -0.42088635519484546
3.5488721804511276 -0.4154552847602735
3.5736842105263156 -0.410086614655686
3.598496240601504 -0.4047798813363604
3.623308270676692 -0.39953462125757483
3.64812030075188 -0.39435037087460684
3.672932330827068 -0.38922666664273425
3.697744360902256 -0.38416304501723475
3.7225563909774437 -0.3791590424533861
3.7473684210526317 -0.37421419540646617
3.7721804511278196 -0.36932804033175265
3.7969924812030076 -0.3645001136845233
3.8218045112781955 -0.35972995192005575
3.8466165413533835 -0.355017091493628
3.8714285714285714 -0.35036106886051754
3.8962406015037594 -0.3457614204760024
3.9210526315789473 -0.3412176827953602
3.9458646616541353 -0.3367293922738686
3.9706766917293232 -0.3322960853668055
3.995488721804511 -0.32791729852944856
4.020300751879699 -0.3235925682170756
4.045112781954887 -0.3193214308849644
4.069924812030075 -0.3151034229883927
4.094736842105263 -0.31093808098263814
4.1195488721804505 -0.30682494132297866
4.144360902255639 -0.3027635404646918
4.169172932330826 -0.2987534148630556
4.193984962406015 -0.2947941009733475
4.218796992481202 -0.29088513525084553
4.243609022556391 -0.2870260541508272
4.268421052631578 -0.2832163941285706
4.293233082706767 -0.279455691639353
4.318045112781954 -0.2757434831384527
4.3428571428571425 -0.272079305081147
4.36766917293233 -0.2684626939227141
4.392481203007518 -0.26489318611843127
4.417293233082706 -0.2613703181235766
4.442105263157894 -0.25789362639342767
4.466917293233082 -0.25446264738326246
4.49172932330827 -0.25107691754835837
4.516541353383458 -0.24773597334399364
4.541353383458646 -0.24443935122544552
4.5661654135338345 -0.241186587647992
4.590977443609022 -0.23797721906691102
4.61578947368421 -0.23481078193747995
4.640601503759398 -0.231686812714977
4.665413533834586 -0.2286048478546794
4.690225563909774 -0.22556442381186537
4.715037593984962 -0.2225650770418124
4.73984962406015 -0.21960634399979842
4.764661654135338 -0.21668776114110092
4.789473684210526 -0.213808864920998
4.814285714285714 -0.21096919179476706
4.839097744360902 -0.20816827821768621
4.86390977443609 -0.20540566064503293
4.8887218045112775 -0.2026808755320852
4.913533834586466 -0.1999934593341205
4.938345864661653 -0.19734294850641684
4.963157894736842 -0.19472887950425183
4.987969924812029 -0.19215078878290331
5.012781954887218 -0.189608212797649
5.037593984962405 -0.1871006880037667
5.062406015037594 -0.18462775085653405
5.087218045112781 -0.18218893781122894
5.1120300751879695 -0.17978378532312894
5.136842105263157 -0.17741182984751214
5.161654135338345 -0.17507260783965595
5.186466165413534 -0.1727656557548382
5.211278195488721 -0.17049051004833685
5.23609022556391 -0.16824670717542944
5.260902255639097 -0.16603378359139387
5.285714285714286 -0.1638512757515078
5.310526315789473 -0.16169872011104902
5.3353383458646615 -0.15957565312529526
5.360150375939849 -0.15748161124952437
5.384962406015037 -0.15541613093901394
5.409774436090225 -0.15337874864904194
5.434586466165413 -0.1513690008348859
5.459398496240601 -0.14938642395182372
5.484210526315789 -0.14743055445513312
5.509022556390977 -0.14550092880009186
5.533834586466165 -0.1435970834419776
5.558646616541353 -0.1417185548360684
5.583458646616541 -0.13986487943764164
5.6082706766917285 -0.1380355937019753
5.633082706766917 -0.13622998169110603
5.657894736842104 -0.13444425660316944
5.682706766917293 -0.1326771890156797
5.70751879699248 -0.13092865659559497
5.732330827067669 -0.12919853700987313
5.757142857142856 -0.12748670792547237
5.781954887218045 -0.1257930470093505
5.806766917293232 -0.12411743192846579
5.8315789473684205 -0.12245974034977601
5.856390977443609 -0.12081984994023932
5.881203007518796 -0.11919763836681375
5.906015037593985 -0.11759298329645723
5.930827067669172 -0.11600576239612789
5.955639097744361 -0.11443585333278367
5.980451127819548 -0.1128831337733826
6.005263157894737 -0.11134748138488271
6.030075187969924 -0.10982877383424204
6.0548872180451125 -0.10832688878841858
6.0796992481203 -0.10684170391437037
6.104511278195488 -0.10537309687905538
6.129323308270676 -0.1039209453494317
6.154135338345864 -0.10248512699245729
6.178947368421052 -0.10106551947509025
6.20375939849624 -0.09966200046428851
6.228571428571428 -0.09827444762701014
6.253383458646616 -0.09690273863021312
6.278195488721804 -0.09554675114085555
6.303007518796992 -0.09420636282589534
6.32781954887218 -0.09288145135229062
6.352631578947368 -0.09157189438699927
6.3774436090225555 -0.09027756959697948
6.402255639097744 -0.08899835464918913
6.427067669172931 -0.08773412721058634
6.45187969924812 -0.08648476494812901
6.476691729323308 -0.08525014552877526
6.501503759398496 -0.08403014661948313
6.526315789473684 -0.08282464588721054
6.551127819548872 -0.0816335209989156
6.57593984962406 -0.08045664962155627
6.6007518796992475 -0.07929390942209061
6.625563909774436 -0.07814517806747658
6.650375939849623 -0.0770103332246723
6.675187969924812 -0.07588925256063567
6.699999999999999 -0.07478181374232482
6.724812030075188 -0.07368789443669765
6.749624060150375 -0.07260737231071232
6.774436090225564 -0.07154012503132672
6.799248120300751 -0.07048603026549896
6.8240601503759395 -0.069444965680187
6.848872180451127 -0.06841680894234893
6.873684210526315 -0.06740143771894266
6.898496240601503 -0.06639872967692635
6.923308270676691 -0.06540856248325788
6.948120300751879 -0.06443081380489539
6.972932330827067 -0.06346536130879678
6.997744360902255 -0.0625120826619202
7.022556390977443 -0.061570855531223545
7.047368421052631 -0.06064155758366495
7.072180451127819 -0.059724066486202314
7.096992481203007 -0.05881825990579375
7.121804511278195 -0.057924015509397256
7.146616541353383 -0.05704121096397083
7.171428571428571 -0.05616972393647251
7.196240601503759 -0.05530943209386031
7.221052631578947 -0.05446021310309225
7.245864661654135 -0.05362194463112634
7.270676691729323 -0.052794504344920626
7.295488721804511 -0.051977769911433096
7.3203007518796985 -0.05117161899762179
7.345112781954887 -0.050375929270444715
7.369924812030074 -0.049590578396859916
7.394736842105263 -0.048815444043825366
7.41954887218045 -0.04805040387829913
7.444360902255639 -0.0472953355672392
7.469172932330826 -0.046550116777603616
7.493984962406015 -0.04581462517635037
7.518796992481202 -0.045088738430437515
7.5436090225563905 -0.04437233420682304
7.568421052631578 -0.043665290172464996
7.5932330827067664 -0.04296748399432137
7.618045112781954 -0.0422787933393502
7.642857142857142 -0.041599095874509495
7.66766917293233 -0.040928269266757286
7.692481203007518 -0.040266191183051574
7.717293233082706 -0.039612739290350446
7.742105263157894 -0.03896779125561182
7.7669172932330826 -0.03833122474579375
7.79172932330827 -0.0377029174278543
7.8165413533834585 -0.03708274696875147
7.841353383458646 -0.03647059103544324
7.866165413533834 -0.03586632729488766
7.890977443609022 -0.035269833414042766
7.91578947368421 -0.034680987059866566
7.940601503759398 -0.03409966589931705
7.965413533834586 -0.03352574759935226
7.990225563909774 -0.032959109826930226
8.015037593984962 -0.03239963024900896
8.03984962406015 -0.03184718653254648
8.064661654135339 -0.03130165634450076
8.089473684210526 -0.030762917351829913
8.114285714285714 -0.03023084722149194
8.139097744360901 -0.029705323620444785
8.163909774436089 -0.029186224215646508
8.188721804511278 -0.02867342667405511
8.213533834586466 -0.028166808662628717
8.238345864661653 -0.027666247848325203
8.26315789473684 -0.027171621898102665
8.28796992481203 -0.02668280847891907
8.312781954887217 -0.026199685257732558
8.337593984962405 -0.025722129901501013
8.362406015037594 -0.025250020077182463
8.387218045112782 -0.024783233451735023
8.41203007518797 -0.024321647692116703
8.436842105263157 -0.02386514046528543
8.461654135338346 -0.02341358943819926
8.486466165413534 -0.02296687227781625
8.511278195488721 -0.02252486665109443
8.536090225563909 -0.02208745022499175
8.560902255639098 -0.021654500666466233
8.585714285714285 -0.021225895642475963
8.610526315789473 -0.020801512819978978
8.63533834586466 -0.020381229865933194
8.66015037593985 -0.019964924447296674
8.684962406015037 -0.019552474231027454
8.709774436090225 -0.019143756884083596
8.734586466165412 -0.018738650073423034
8.759398496240602 -0.018337031466003774
8.784210526315789 -0.017938778728783977
8.809022556390977 -0.01754376952872155
8.833834586466164 -0.017151881532774502
8.858646616541353 -0.016762992407900884
8.88345864661654 -0.01637697982105871
8.908270676691728 -0.01599372143920606
8.933082706766916 -0.015613094929300887
8.957894736842105 -0.015234977958301147
8.982706766917293 -0.014859248193164976
9.00751879699248 -0.014485783300850411
9.03233082706767 -0.014114460948315328
9.057142857142857 -0.013745158802517898
9.081954887218044 -0.013377754530416026
9.106766917293232 -0.013012125798967832
9.131578947368421 -0.012648150275131255
9.156390977443609 -0.012285705625864344
9.181203007518796 -0.01192466951812512
9.206015037593984 -0.011564919618871626
9.230827067669173 -0.011206333595061803
9.25563909774436 -0.010848789113653732
9.280451127819548 -0.010492163841605477
9.305263157894736 -0.010136335445874983
9.330075187969925 -0.009781181593420235
9.354887218045112 -0.009426579951199377
9.3796992481203 -0.009072408186170314
9.404511278195487 -0.008718543965291179
9.429323308270677 -0.008364864955519863
9.454135338345864 -0.008011248823814434
9.478947368421052 -0.007657573237132983
9.50375939849624 -0.0073037158624334264
9.528571428571428 -0.0069495543666738225
9.553383458646616 -0.0065949664168122
9.578195488721803 -0.006239829679806602
9.603007518796991 -0.005884021822615075
9.62781954887218 -0.005527420512195497
9.652631578947368 -0.005169903415505996
9.677443609022555 -0.004811348199504566
9.702255639097745 -0.00445163253114925
9.727067669172932 -0.004090634077398062
9.75187969924812 -0.0037282305052090117
9.776691729323307 -0.003364299481540111
9.801503759398496 -0.0029987186733493555
9.826315789473684 -0.0026313657475948047
9.851127819548871 -0.0022621183712344868
9.875939849624059 -0.0018908542112263972
9.900751879699248 -0.001517450934528482
9.925563909774436 -0.0011417862080988828
9.950375939849623 -0.0007637376988956931
9.97518796992481 -0.0003831830738766957
10.0 -1.6305880153302103e-17
