399 0.024812030075187966
0.12481203007518797 -0.049368398333469315
0.14962406015037594 -0.08542674521805858
0.17443609022556392 -0.11687556302171757
0.1992481203007519 -0.14659012938884539
0.22406015037593985 -0.1755887924148683
0.24887218045112783 -0.20429156482145142
0.27368421052631575 -0.23279371047614364
0.29849624060150376 -0.2611199185843519
0.32330827067669177 -0.289242387746577
0.3481203007518797 -0.3171021512636293
0.37293233082706767 -0.34464256795019155
0.3977443609022556 -0.3718063561998336
0.4225563909774436 -0.39854956400090813
0.4473684210526315 -0.42482894155173845
0.4721804511278196 -0.4506012390506481
0.49699248120300754 -0.47582321026216245
0.5218045112781955 -0.5004631212693056
0.5466165413533834 -0.5245054554102173
0.5714285714285714 -0.547935660000369
0.5962406015037593 -0.5707391823552324
0.6210526315789473 -0.5929014697902787
0.6458646616541353 -0.6144079696209791
0.6706766917293233 -0.6352441291628055
0.6954887218045113 -0.6554005493507733
0.7203007518796992 -0.6748821559308413
0.7451127819548872 -0.6936920785237731
0.7699248120300751 -0.7118333060478299
0.7947368421052631 -0.7293088274212723
0.8195488721804511 -0.746121631562361
0.8443609022556391 -0.7622747073893565
0.869172932330827 -0.7777710528584514
0.893984962406015 -0.7926162732603099
0.918796992481203 -0.8068207962132434
0.9436090225563909 -0.8203953799447213
0.9684210526315788 -0.8333507826822135
0.9932330827067669 -0.8456977626531893
1.018045112781955 -0.8574470780851187
1.042857142857143 -0.8686094872054707
1.0676691729323309 -0.8791957482417152
1.0924812030075188 -0.8892166194213217
1.1172932330827068 -0.8986828589717599
1.1421052631578947 -0.9076052251204996
1.1669172932330827 -0.9159944760950101
1.1917293233082706 -0.923861370122761
1.2165413533834588 -0.9312166654312218
1.2413533834586468 -0.9380711202478625
1.2661654135338347 -0.94445722263016
1.2909774436090227 -0.950457819601994
1.3157894736842106 -0.9560848220659657
1.3406015037593986 -0.9613438193881736
1.3654135338345865 -0.9662404009347157
1.3902255639097745 -0.9707801560716911
1.4150375939849624 -0.9749686741651983
1.4398496240601504 -0.9788115445813356
1.4646616541353383 -0.9823143566862015
1.4894736842105263 -0.9854826998458945
1.5142857142857142 -0.9883221634265136
1.5390977443609024 -0.9908383367941568
1.5639097744360904 -0.9930368093149229
1.5887218045112783 -0.9949231703549101
1.6135338345864663 -0.9965030092802174
1.6383458646616542 -0.997781915456943
1.6631578947368422 -0.9987654782511854
1.6879699248120301 -0.9994592870290436
1.712781954887218 -0.9998689311566155
1.737593984962406 -1.0
1.762406015037594 -0.9998580829252955
1.787218045112782 -0.9994487692986005
1.8120300751879699 -0.9987776484860136
1.8368421052631578 -0.9978503098536335
1.861654135338346 -0.9966723427675585
1.886466165413534 -0.995249336593887
1.911278195488722 -0.9935868806987179
1.9360902255639099 -0.9916905644481494
1.9609022556390978 -0.9895659772082803
1.9857142857142858 -0.987218708345209
2.0105263157894737 -0.9846543472250339
2.0353383458646617 -0.9818784832138536
2.0601503759398496 -0.9788967056777668
2.0849624060150376 -0.9757146039828718
2.1097744360902255 -0.9723377674952672
2.1345864661654135 -0.9687717855810518
2.1593984962406014 -0.9650222476063237
2.1842105263157894 -0.9610947429371814
2.2090225563909773 -0.956994860939724
2.2338345864661653 -0.9527281909800498
2.2586466165413532 -0.9483003224242567
2.283458646616541 -0.9437168446384442
2.308270676691729 -0.9389833469887099
2.3330827067669175 -0.9341054188411531
2.3578947368421055 -0.9290886495618719
2.3827067669172934 -0.9239386285169652
2.4075187969924814 -0.9186609450725307
2.4323308270676693 -0.9132611885946681
2.4571428571428573 -0.9077449484494748
2.4819548872180452 -0.9021178140030502
2.506766917293233 -0.8963853746214925
2.531578947368421 -0.8905532196709
2.556390977443609 -0.8846269385173717
2.581203007518797 -0.8786121205270055
2.606015037593985 -0.8725143550659007
2.630827067669173 -0.8663392315001551
2.655639097744361 -0.8600923391958678
2.680451127819549 -0.8537792675191368
2.705263157894737 -0.8474056058360612
2.7300751879699248 -0.8409769435127391
2.7548872180451127 -0.8344988699152692
2.7796992481203007 -0.82797697440975
2.8045112781954886 -0.8214168463622799
2.8293233082706766 -0.8148240751389577
2.8541353383458645 -0.8082042501058815
2.8789473684210525 -0.8015629606291504
2.9037593984962404 -0.7949057960748626
2.9285714285714284 -0.7882383458091164
2.9533834586466163 -0.781566199198011
2.9781954887218047 -0.7748949456076443
3.0030075187969927 -0.7682301744041148
3.0278195488721806 -0.7615774749535216
3.0526315789473686 -0.7549424366219629
3.0774436090225565 -0.748330648775537
3.1022556390977445 -0.7417477007803427
3.1270676691729324 -0.7351991820024786
3.1518796992481204 -0.7286906818080434
3.1766917293233083 -0.7222277895631348
3.2015037593984963 -0.7158160946338522
3.2263157894736842 -0.709461186386294
3.251127819548872 -0.703168654186558
3.27593984962406 -0.6969440874007432
3.300751879699248 -0.6907930753949486
3.325563909774436 -0.6847212075352725
3.350375939849624 -0.6787340731878125
3.375187969924812 -0.6728372617186685
3.4 -0.6670363624939385
3.424812030075188 -0.6613369648797205
3.449624060150376 -0.6557340880736645
3.4744360902255638 -0.6501649268500228
3.4992481203007517 -0.6446183128689851
3.5240601503759397 -0.6390944179910286
3.5488721804511276 -0.6335934140766306
3.5736842105263156 -0.6281154729862681
3.598496240601504 -0.6226607665804181
3.623308270676692 -0.6172294667195585
3.64812030075188 -0.6118217452641658
3.672932330827068 -0.6064377740747174
3.697744360902256 -0.6010777250116907
3.7225563909774437 -0.5957417699355625
3.7473684210526317 -0.59043008070681
3.7721804511278196 -0.5851428291859108
3.7969924812030076 -0.5798801872333416
3.8218045112781955 -0.5746423267095799
3.8466165413533835 -0.5694294194751027
3.8714285714285714 -0.5642416373903874
3.8962406015037594 -0.5590791523159109
3.9210526315789473 -0.5539421361121505
3.9458646616541353 -0.5488307606395835
3.9706766917293232 -0.5437451977586868
3.995488721804511 -0.5386856193299379
4.020300751879699 -0.5336521972138139
4.045112781954887 -0.5286451032707917
4.069924812030075 -0.523664509361349
4.094736842105263 -0.5187105873459624
4.1195488721804505 -0.5137835090851096
4.144360902255639 -0.5088834464392673
4.169172932330826 -0.5040105712689131
4.193984962406015 -0.4991650554345239
4.218796992481202 -0.4943470707965771
4.243609022556391 -0.4895567892155496
4.268421052631578 -0.48479438255191903
4.293233082706767 -0.48006002266616205
4.318045112781954 -0.4753538814187562
4.3428571428571425 -0.47067613067017844
4.36766917293233 -0.46602694228090613
4.392481203007518 -0.4614064881114162
4.417293233082706 -0.45681494002218626
4.442105263157894 -0.45225246987369305
4.466917293233082 -0.4477192495264141
4.49172932330827 -0.44321545084082625
4.516541353383458 -0.43874124567740713
4.541353383458646 -0.4342968058966333
4.5661654135338345 -0.4298823033589825
4.590977443609022 -0.42549790992493164
4.61578947368421 -0.42114379745495795
4.640601503759398 -0.41682013780953875
4.665413533834586 -0.41252710284915095
4.690225563909774 -0.40826486443427196
4.715037593984962 -0.4040335944253788
4.73984962406015 -0.3998334646829489
4.764661654135338 -0.3956646470674591
4.789473684210526 -0.3915273134393869
4.814285714285714 -0.3874216356592091
4.839097744360902 -0.38334778558740334
4.86390977443609 -0.37930593508444643
4.8887218045112775 -0.37529625601081584
4.913533834586466 -0.3713189202269884
4.938345864661653 -0.3673740995934417
4.963157894736842 -0.3634619659706526
4.987969924812029 -0.35958269121909847
5.012781954887218 -0.35573644719925634
5.037593984962405 -0.3519234057716036
5.062406015037594 -0.34814373879661714
5.087218045112781 -0.3443976181347745
5.1120300751879695 -0.34068521564655246
5.136842105263157 -0.3370067031924286
5.161654135338345 -0.3333622526328798
5.186466165413534 -0.3297520358283832
5.211278195488721 -0.32617622463941637
5.23609022556391 -0.3226349909264561
5.260902255639097 -0.3191285065499799
5.285714285714286 -0.31565694337046457
5.310526315789473 -0.3122204732483876
5.3353383458646615 -0.30881926804422605
5.360150375939849 -0.30545349961845714
5.384962406015037 -0.30212333983155787
5.409774436090225 -0.2988289605440058
5.434586466165413 -0.2955705336162777
5.459398496240601 -0.29234823090885115
5.484210526315789 -0.28916222428220295
5.509022556390977 -0.28601268559681053
5.533834586466165 -0.28289978671315097
5.558646616541353 -0.27982369949170155
5.583458646616541 -0.2767845957929392
5.6082706766917285 -0.27378264747734143
5.633082706766917 -0.2708173038713313
5.657894736842104 -0.267878847936321
5.682706766917293 -0.2649640749246046
5.70751879699248 -0.2620728523170623
5.732330827067669 -0.2592050475945737
5.757142857142856 -0.256360528238019
5.781954887218045 -0.253539161728278
5.806766917293232 -0.2507408155462308
5.8315789473684205 -0.2479653571727571
5.856390977443609 -0.24521265408873696
5.881203007518796 -0.24248257377505048
5.906015037593985 -0.23977498371257733
5.930827067669172 -0.2370897513821977
5.955639097744361 -0.23442674426479124
5.980451127819548 -0.23178582984123822
6.005263157894737 -0.22916687559241833
6.030075187969924 -0.22656974899921165
6.0548872180451125 -0.22399431754249804
6.0796992481203 -0.2214404487031575
6.104511278195488 -0.21890800996206985
6.129323308270676 -0.21639686880011527
6.154135338345864 -0.21390689269817342
6.178947368421052 -0.21143794913712446
6.20375939849624 -0.20898990559784814
6.228571428571428 -0.20656262956122465
6.253383458646616 -0.20415598850813366
6.278195488721804 -0.20176984991945537
6.303007518796992 -0.19940408127606946
6.32781954887218 -0.19705855005885606
6.352631578947368 -0.19473312374869498
6.3774436090225555 -0.19242766982646636
6.402255639097744 -0.19014205577304988
6.427067669172931 -0.1878761490693257
6.45187969924812 -0.18562981719617358
6.476691729323308 -0.18340292763447358
6.501503759398496 -0.18119534786510572
6.526315789473684 -0.17900694536894973
6.551127819548872 -0.17683758762688565
6.57593984962406 -0.17468714211979341
6.6007518796992475 -0.17255547632855311
6.625563909774436 -0.17044245773404437
6.650375939849623 -0.16834795381714746
6.675187969924812 -0.16627183205874205
6.699999999999999 -0.16421395993970825
6.724812030075188 -0.1621742049409259
6.749624060150375 -0.16015243454327507
6.774436090225564 -0.15814851622763557
6.799248120300751 -0.15616231747488743
6.8240601503759395 -0.1541937057659105
6.848872180451127 -0.15224254858158484
6.873684210526315 -0.15030871340279023
6.898496240601503 -0.14839206771040683
6.923308270676691 -0.1464924789853143
6.948120300751879 -0.14460981470839288
6.972932330827067 -0.1427439423605223
6.997744360902255 -0.14089472942258258
7.022556390977443 -0.1390620433754536
7.047368421052631 -0.13724575170001543
7.072180451127819 -0.13544572187714787
7.096992481203007 -0.1336618213877309
7.121804511278195 -0.13189391771264455
7.146616541353383 -0.13014187833276863
7.171428571428571 -0.1284055707289832
7.196240601503759 -0.1266848623821681
7.221052631578947 -0.12497962077320338
7.245864661654135 -0.12328971338296882
7.270676691729323 -0.12161500769234455
7.295488721804511 -0.11995537118221031
7.3203007518796985 -0.11831067133344624
7.345112781954887 -0.11668077562693215
7.369924812030074 -0.11506555154354807
7.394736842105263 -0.11346486656417379
7.41954887218045 -0.11187858816968943
7.444360902255639 -0.11030658384097479
7.469172932330826 -0.10874872105890993
7.493984962406015 -0.10720486730437467
7.518796992481202 -0.1056748900582491
7.5436090225563905 -0.10415865680141297
7.568421052631578 -0.10265603501474638
7.5932330827067664 -0.10116689217912919
7.618045112781954 -0.09969109577544139
7.642857142857142 -0.09822851328456288
7.66766917293233 -0.09677901218737366
7.692481203007518 -0.09534245996475355
7.717293233082706 -0.09391872409758265
7.742105263157894 -0.09250767206674075
7.7669172932330826 -0.09110917135310787
7.79172932330827 -0.08972308943756399
7.8165413533834585 -0.08834929380098895
7.841353383458646 -0.08698765192426275
7.866165413533834 -0.08563803128826533
7.890977443609022 -0.08430029937387667
7.91578947368421 -0.08297432366197657
7.940601503759398 -0.08165997163344514
7.965413533834586 -0.08035711076916223
7.990225563909774 -0.07906560855000781
8.015037593984962 -0.07778533245686174
8.03984962406015 -0.07651614997060412
8.064661654135339 -0.07525792857211466
8.089473684210526 -0.0740105357422736
8.114285714285714 -0.07277383896196063
8.139097744360901 -0.0715477057120558
8.163909774436089 -0.07033200347343906
8.188721804511278 -0.06912659972699026
8.213533834586466 -0.06793136195358947
8.238345864661653 -0.06674615763411657
8.26315789473684 -0.06557085424945147
8.28796992481203 -0.064405319280474
8.312781954887217 -0.06324942020806439
8.337593984962405 -0.062103024513102414
8.362406015037594 -0.060965999676467944
8.387218045112782 -0.059838213179041075
8.41203007518797 -0.05871953250170172
8.436842105263157 -0.05760982512532964
8.461654135338346 -0.056508958530804954
8.486466165413534 -0.05541680019900763
8.511278195488721 -0.05433321761081749
8.536090225563909 -0.053258078247114565
8.560902255639098 -0.0521912495887786
8.585714285714285 -0.05113259911668984
8.610526315789473 -0.05008199431172803
8.63533834586466 -0.0490393026547732
8.66015037593985 -0.04800439162670518
8.684962406015037 -0.046977128708404
8.709774436090225 -0.04595738138074961
8.734586466165412 -0.04494501712462193
8.759398496240602 -0.043939903420900726
8.784210526315789 -0.04294190775046625
8.809022556390977 -0.0419508975941983
8.833834586466164 -0.04096674043297677
8.858646616541353 -0.039989303747681615
8.88345864661654 -0.03901845501919277
8.908270676691728 -0.038054061728390313
8.933082706766916 -0.03709599135615406
8.957894736842105 -0.036144111383363896
8.982706766917293 -0.03519828929089993
9.00751879699248 -0.03425839255964198
9.03233082706767 -0.033324288670469916
9.057142857142857 -0.032395845104263896
9.081954887218044 -0.03147292934190374
9.106766917293232 -0.03055540886426935
9.131578947368421 -0.029643151152240723
9.156390977443609 -0.028736023686697795
9.181203007518796 -0.027833893948520497
9.206015037593984 -0.02693662941858874
9.230827067669173 -0.026044097577782463
9.25563909774436 -0.02515616590698174
9.280451127819548 -0.02427270188706639
9.305263157894736 -0.023393572998916378
9.330075187969925 -0.022518646723411563
9.354887218045112 -0.02164779054143196
9.3796992481203 -0.020780871933857567
9.404511278195487 -0.019917758381568323
9.429323308270677 -0.019058317365444024
9.454135338345864 -0.01820241636636476
9.478947368421052 -0.017349922865210435
9.50375939849624 -0.016500704342860918
9.528571428571428 -0.015654628280196148
9.553383458646616 -0.014811562158096163
9.578195488721803 -0.013971373457440959
9.603007518796991 -0.013133929659110286
9.62781954887218 -0.01229909824398417
9.652631578947368 -0.011466746692942571
9.677443609022555 -0.010636742486865422
9.702255639097745 -0.009808953106632618
9.727067669172932 -0.008983246033124202
9.75187969924812 -0.008159488747220021
9.776691729323307 -0.0073375487298001345
9.801503759398496 -0.006517293461744245
9.826315789473684 -0.0056985904239325565
9.851127819548871 -0.004881307097244885
9.875939849624059 -0.004065310962561161
9.900751879699248 -0.003250469500761328
9.925563909774436 -0.0024366501927253806
9.950375939849623 -0.0016237205193332651
9.97518796992481 -0.0008115479614648122
10.0 3.2588371983619195e-17
