399 0.024812030075187966
0.12481203007518797 -0.12943699524198626
0.14962406015037594 -0.21819776347956507
0.17443609022556392 -0.2905292248670682
0.1992481203007519 -0.35448846890931573
0.22406015037593985 -0.41316526164035444
0.24887218045112783 -0.46784927975053886
0.27368421052631575 -0.5190597013947742
0.29849624060150376 -0.5670959584526547
0.32330827067669177 -0.6121122179453554
0.3481203007518797 -0.6541729104935013
0.37293233082706767 -0.6933500878752173
0.3977443609022556 -0.7297049002784404
0.4225563909774436 -0.7633134479767527
0.4473684210526315 -0.794252851075776
0.4721804511278196 -0.8226002296811318
0.49699248120300754 -0.8484348812274216
0.5218045112781955 -0.8718523951443545
0.5466165413533834 -0.892949983654304
0.5714285714285714 -0.9118240569456473
0.5962406015037593 -0.9285710252067599
0.6210526315789473 -0.9432872986260191
0.6458646616541353 -0.9560692873918009
0.6706766917293233 -0.9670134016924815
0.6954887218045113 -0.9762203365236488
0.7203007518796992 -0.9837880007265891
0.7451127819548872 -0.9898011872828548
0.7699248120300751 -0.9943444383403873
0.7947368421052631 -0.997502296047128
0.8195488721804511 -0.9993593025510187
0.8443609022556391 -1.0
0.869172932330827 -0.9995089307046098
0.893984962406015 -0.9979660703156736
0.918796992481203 -0.9954363354139636
0.9436090225563909 -0.9919815726875006
0.9684210526315788 -0.9876636288243059
0.9932330827067669 -0.982544350512401
1.018045112781955 -0.9766855844398069
1.042857142857143 -0.9701491772945448
1.0676691729323309 -0.9629965819697945
1.0924812030075188 -0.9552791179631172
1.1172932330827068 -0.9470384722812073
1.1421052631578947 -0.9383160913064739
1.1669172932330827 -0.929153421421326
1.1917293233082706 -0.9195919090081726
1.2165413533834588 -0.9096730004494226
1.2413533834586468 -0.8994381421274846
1.2661654135338347 -0.8889408712426969
1.2909774436090227 -0.8782515016752344
1.3157894736842106 -0.8673878874424221
1.3406015037593986 -0.8563638645291625
1.3654135338345865 -0.8451932689203578
1.3902255639097745 -0.8338899366009105
1.4150375939849624 -0.8224677035557223
1.4398496240601504 -0.8109404057696957
1.4646616541353383 -0.799321879227733
1.4894736842105263 -0.7876259599147363
1.5142857142857142 -0.775866483815608
1.5390977443609024 -0.7640572869152498
1.5639097744360904 -0.7522122051985646
1.5887218045112783 -0.7403450746504544
1.6135338345864663 -0.7284697312558213
1.6383458646616542 -0.7166000109995676
1.6631578947368422 -0.7047497498665956
1.6879699248120301 -0.6929327838418072
1.712781954887218 -0.6811629489101053
1.737593984962406 -0.6694540810563915
1.762406015037594 -0.6578200162655683
1.787218045112782 -0.6462745905225378
1.8120300751879699 -0.6348316398122024
1.8368421052631578 -0.6235050001194641
1.861654135338346 -0.6123085074292252
1.886466165413534 -0.601255997726388
1.911278195488722 -0.5903613069958549
1.9360902255639099 -0.5796382712225276
1.9609022556390978 -0.5691007263913089
1.9857142857142858 -0.5587602434891072
2.0105263157894737 -0.5485817032785187
2.0353383458646617 -0.5385483562731215
2.0601503759398496 -0.5286597905813644
2.0849624060150376 -0.5189155943116965
2.1097744360902255 -0.5093153555725669
2.1345864661654135 -0.4998586624724247
2.1593984962406014 -0.49054510311971883
2.1842105263157894 -0.48137426562289826
2.2090225563909773 -0.4723457380904122
2.2338345864661653 -0.46345910863070966
2.2586466165413532 -0.4547139653522394
2.283458646616541 -0.44610989636345083
2.308270676691729 -0.4376464897727928
2.3330827067669175 -0.4293233336887142
2.3578947368421055 -0.4211400162196644
2.3827067669172934 -0.41309612547409236
2.4075187969924814 -0.40519124956044694
2.4323308270676693 -0.39742497658717724
2.4571428571428573 -0.3897968946627324
2.4819548872180452 -0.3823065918955614
2.506766917293233 -0.3749536563941132
2.531578947368421 -0.3677376762668369
2.556390977443609 -0.3606582396221815
2.581203007518797 -0.3537149345685961
2.606015037593985 -0.34690734921452976
2.630827067669173 -0.3402350716684313
2.655639097744361 -0.33369769003875005
2.680451127819549 -0.32729479243393483
2.705263157894737 -0.32102596696243485
2.7300751879699248 -0.3148841849088555
2.7548872180451127 -0.30885793293178154
2.7796992481203007 -0.30294562129810976
2.8045112781954886 -0.2971457895408736
2.8293233082706766 -0.2914569771931064
2.8541353383458645 -0.28587772378784126
2.8789473684210525 -0.2804065688581116
2.9037593984962404 -0.27504205193695064
2.9285714285714284 -0.26978271255739156
2.9533834586466163 -0.26462709025246783
2.9781954887218047 -0.2595737245552125
3.0030075187969927 -0.2546211549986591
3.0278195488721806 -0.24976792111584076
3.0526315789473686 -0.2450125624397908
3.0774436090225565 -0.24035361850354242
3.1022556390977445 -0.23578962884012908
3.1270676691729324 -0.23131913298258383
3.1518796992481204 -0.2269406704639401
3.1766917293233083 -0.22265278081723108
3.2015037593984963 -0.21845400357549008
3.2263157894736842 -0.21434287827175041
3.251127819548872 -0.2103179444390453
3.27593984962406 -0.20637774161040806
3.300751879699248 -0.20252080931887192
3.325563909774436 -0.19874568709747023
3.350375939849624 -0.19505091447923623
3.375187969924812 -0.19143503099720313
3.4 -0.18789657618440436
3.424812030075188 -0.1844340895738731
3.449624060150376 -0.18104611069864257
3.4744360902255638 -0.17773117909174613
3.4992481203007517 -0.17448783428621706
3.5240601503759397 -0.17131461581508858
3.5488721804511276 -0.16821006321139406
3.5736842105263156 -0.16517271600816666
3.598496240601504 -0.16220111373843973
3.623308270676692 -0.15929379593524653
3.64812030075188 -0.1564493021316204
3.672932330827068 -0.1536661718605945
3.697744360902256 -0.15094294465520222
3.7225563909774437 -0.14827816004847671
3.7473684210526317 -0.14567035757345134
3.7721804511278196 -0.14311807676315946
3.7969924812030076 -0.14061985715063416
3.8218045112781955 -0.13817423826890882
3.8466165413533835 -0.1357797596510167
3.8714285714285714 -0.13343496082999115
3.8962406015037594 -0.1311383813388653
3.9210526315789473 -0.12888856071067256
3.9458646616541353 -0.12668403847844617
3.9706766917293232 -0.12452335417521933
3.995488721804511 -0.12240504733402548
4.020300751879699 -0.12032765748789773
4.045112781954887 -0.11828972416986941
4.069924812030075 -0.11628978691297386
4.094736842105263 -0.11432638525024424
4.1195488721804505 -0.11239805871471396
4.144360902255639 -0.11050334683941618
4.169172932330826 -0.10864078436893011
4.193984962406015 -0.10680859401877951
4.218796992481202 -0.1050059542140726
4.243609022556391 -0.10323258116894916
4.268421052631578 -0.10148819109754922
4.293233082706767 -0.0997725002140127
4.318045112781954 -0.09808522473247956
4.3428571428571425 -0.09642608086708966
4.36766917293233 -0.09479478483198303
4.392481203007518 -0.09319105284129953
4.417293233082706 -0.09161460110917918
4.442105263157894 -0.09006514584976182
4.466917293233082 -0.08854240327718751
4.49172932330827 -0.08704608960559608
4.516541353383458 -0.08557592104912753
4.541353383458646 -0.08413161382192173
4.5661654135338345 -0.08271288413811866
4.590977443609022 -0.08131944821185834
4.61578947368421 -0.07995102225728054
4.640601503759398 -0.07860732248852537
4.665413533834586 -0.07728806511973263
4.690225563909774 -0.07599296636504235
4.715037593984962 -0.07472174243859439
4.73984962406015 -0.07347410955452878
4.764661654135338 -0.07224978392698536
4.789473684210526 -0.07104848177010417
4.814285714285714 -0.06986991929802504
4.839097744360902 -0.06871381272488801
4.86390977443609 -0.06757987826483293
4.8887218045112775 -0.0664678321319998
4.913533834586466 -0.06537739054052852
4.938345864661653 -0.06430826970455907
4.963157894736842 -0.06326018583823133
4.987969924812029 -0.062232855155685295
5.012781954887218 -0.06122599387106085
5.037593984962405 -0.06023931819849799
5.062406015037594 -0.059272544352136594
5.087218045112781 -0.058325388546116665
5.1120300751879695 -0.05739756699457807
5.136842105263157 -0.05648879591166082
5.161654135338345 -0.05559879151150478
5.186466165413534 -0.054727270008249916
5.211278195488721 -0.0538739476160362
5.23609022556391 -0.053038540549003525
5.260902255639097 -0.052220765021291894
5.285714285714286 -0.05142033724704115
5.310526315789473 -0.0506369734403913
5.3353383458646615 -0.04987038981548224
5.360150375939849 -0.049120302586453966
5.384962406015037 -0.048386427967446334
5.409774436090225 -0.04766848217259938
5.434586466165413 -0.04696618141605295
5.459398496240601 -0.04627924191194705
5.484210526315789 -0.04560737987442155
5.509022556390977 -0.04495031151761646
5.533834586466165 -0.044307753055671674
5.558646616541353 -0.043679420702727144
5.583458646616541 -0.0430650306729228
5.6082706766917285 -0.042464299180398596
5.633082706766917 -0.041876942439294455
5.657894736842104 -0.04130267666375031
5.682706766917293 -0.040741218067906114
5.70751879699248 -0.04019228286590181
5.732330827067669 -0.0396555872718773
5.757142857142856 -0.03913084749997257
5.781954887218045 -0.038617779764327516
5.806766917293232 -0.03811610027908213
5.8315789473684205 -0.03762552525837625
5.856390977443609 -0.03714577091634993
5.881203007518796 -0.036676553467143054
5.906015037593985 -0.03621758912489555
5.930827067669172 -0.03576859410374738
5.955639097744361 -0.03532928461783846
5.980451127819548 -0.03489937688130875
6.005263157894737 -0.03447858710829816
6.030075187969924 -0.034066631512946664
6.0548872180451125 -0.033663226309394174
6.0796992481203 -0.033268087711780636
6.104511278195488 -0.03288093193424598
6.129323308270676 -0.03250147519093016
6.154135338345864 -0.03212943369597308
6.178947368421052 -0.03176452366351473
6.20375939849624 -0.03140646130769502
6.228571428571428 -0.031054962842653897
6.253383458646616 -0.030709744482531283
6.278195488721804 -0.030370522441467127
6.303007518796992 -0.0300370129336013
6.32781954887218 -0.029708932173073865
6.352631578947368 -0.029385996374024708
6.3774436090225555 -0.029067921750593757
6.402255639097744 -0.02875442451692091
6.427067669172931 -0.02844522088714619
6.45187969924812 -0.028140027075409465
6.476691729323308 -0.02783855929585067
6.501503759398496 -0.02754053376260981
6.526315789473684 -0.027245666689826767
6.551127819548872 -0.026953674291641527
6.57593984962406 -0.026664272782193986
6.6007518796992475 -0.026377178375624092
6.625563909774436 -0.026092107286071777
6.650375939849623 -0.025808775727676952
6.675187969924812 -0.02552689991457964
6.699999999999999 -0.025246196060919716
6.724812030075188 -0.024966380380837136
6.749624060150375 -0.02468716908847184
6.774436090225564 -0.02440827839796373
6.799248120300751 -0.024129424523452802
6.8240601503759395 -0.023850323679078893
6.848872180451127 -0.023570692078982113
6.873684210526315 -0.02329024593730225
6.898496240601503 -0.023008701468179283
6.923308270676691 -0.022725774885753166
6.948120300751879 -0.022441182404163842
6.972932330827067 -0.022154640237551232
6.997744360902255 -0.02186586460005525
7.022556390977443 -0.02157457170581587
7.047368421052631 -0.02128047776897308
7.072180451127819 -0.020983299003666668
7.096992481203007 -0.020683759667019422
7.121804511278195 -0.020386651711035167
7.146616541353383 -0.020092612572288865
7.171428571428571 -0.019801616313277776
7.196240601503759 -0.019513636996499113
7.221052631578947 -0.019228648684450143
7.245864661654135 -0.01894662543962807
7.270676691729323 -0.018667541324530166
7.295488721804511 -0.018391370401653638
7.3203007518796985 -0.018118086733495745
7.345112781954887 -0.017847664382553707
7.369924812030074 -0.017580077411324776
7.394736842105263 -0.017315299882306172
7.41954887218045 -0.017053305857995152
7.444360902255639 -0.01679406940088893
7.469172932330826 -0.016537564573484775
7.493984962406015 -0.016283765438279887
7.518796992481202 -0.016032646057771535
7.5436090225563905 -0.01578418049445694
7.568421052631578 -0.015538342810833342
7.5932330827067664 -0.015295107069397972
7.618045112781954 -0.015054447332648083
7.642857142857142 -0.014816337663080898
7.66766917293233 -0.014580752123193663
7.692481203007518 -0.014347664775483606
7.717293233082706 -0.014117049682447973
7.742105263157894 -0.013888880906583991
7.7669172932330826 -0.013663132510388904
7.79172932330827 -0.013439778556359961
7.8165413533834585 -0.013218793106994371
7.841353383458646 -0.013000150224789401
7.866165413533834 -0.012783823972242267
7.890977443609022 -0.012569788411850219
7.91578947368421 -0.012358017606110484
7.940601503759398 -0.012148485617520308
7.965413533834586 -0.01194116650857692
7.990225563909774 -0.011736034341777562
8.015037593984962 -0.01153306317961947
8.03984962406015 -0.011332227084599886
8.064661654135339 -0.01113350011921603
8.089473684210526 -0.010936856345965165
8.114285714285714 -0.010742269827344516
8.139097744360901 -0.010549714625851317
8.163909774436089 -0.01035916480398281
8.188721804511278 -0.010170594424236214
8.213533834586466 -0.0099839775491088
8.238345864661653 -0.009799288241097782
8.26315789473684 -0.009616500562700405
8.28796992481203 -0.009435588576413889
8.312781954887217 -0.009256526344735496
8.337593984962405 -0.009079287930162458
8.362406015037594 -0.008903847395191993
8.387218045112782 -0.008730178802321365
8.41203007518797 -0.008558256214047797
8.436842105263157 -0.008388053692868524
8.461654135338346 -0.00821954530128078
8.486466165413534 -0.008052705101781818
8.511278195488721 -0.007887507156868867
8.536090225563909 -0.007723925529039164
8.560902255639098 -0.007561934280789931
8.585714285714285 -0.007401507474618433
8.610526315789473 -0.007242619173021897
8.63533834586466 -0.0070852434384975505
8.66015037593985 -0.006929354333542627
8.684962406015037 -0.006774925920654389
8.709774436090225 -0.006621932262330055
8.734586466165412 -0.006470347421066868
8.759398496240602 -0.00632014545936205
8.784210526315789 -0.006171300439712859
8.809022556390977 -0.006023786424616532
8.833834586466164 -0.005877577476570291
8.858646616541353 -0.0057326476580713765
8.88345864661654 -0.005588971031617035
8.908270676691728 -0.005446521659704502
8.933082706766916 -0.005305273604831005
8.957894736842105 -0.005165200929493781
8.982706766917293 -0.005026277696190085
9.00751879699248 -0.004888477967417139
9.03233082706767 -0.0047517758056721746
9.057142857142857 -0.004616145273452453
9.081954887218044 -0.004481560433255191
9.106766917293232 -0.0043479953475776345
9.131578947368421 -0.0042154240789170055
9.156390977443609 -0.004083820689770565
9.181203007518796 -0.003953159242635534
9.206015037593984 -0.0038234138000091586
9.230827067669173 -0.003694558424388661
9.25563909774436 -0.0035665671782712945
9.280451127819548 -0.003439414124154297
9.305263157894736 -0.0033130733245348926
9.330075187969925 -0.0031875188419103187
9.354887218045112 -0.0030627247387778295
9.3796992481203 -0.0029386650776346483
9.404511278195487 -0.002815313920978019
9.429323308270677 -0.0026926453313051656
9.454135338345864 -0.0025706333711133437
9.478947368421052 -0.0024492521028997797
9.50375939849624 -0.0023284755891617164
9.528571428571428 -0.002208277892396375
9.553383458646616 -0.002088633075101012
9.578195488721803 -0.0019695151997728626
9.603007518796991 -0.0018508983289091565
9.62781954887218 -0.0017327565250071244
9.652631578947368 -0.001615063850564025
9.677443609022555 -0.0014977943680770766
9.702255639097745 -0.0013809221400435225
9.727067669172932 -0.0012644212289606024
9.75187969924812 -0.001148265697325555
9.776691729323307 -0.0010324296076356081
9.801503759398496 -0.0009168870223879973
9.826315789473684 -0.0008016120040799818
9.851127819548871 -0.0006865786152087761
9.875939849624059 -0.0005717609182716301
9.900751879699248 -0.0004571329757657664
9.925563909774436 -0.000342668850188439
9.950375939849623 -0.00022834260403688068
9.97518796992481 -0.00011412829980832208
10.0 0.0
