0 2 2000 7 0.2 0.2
0 -0.0161649
0.00367535 -0.0163245
0.00731923 -0.0168017
0.0109008 -0.0175914
0.01439 -0.0186854
0.0177585 -0.0200725
0.0209795 -0.021739
0.024028 -0.0236688
0.0268814 -0.0258435
0.0295194 -0.0282431
0.0319244 -0.0308461
0.0340812 -0.0336298
0.0359775 -0.0365711
0.0376034 -0.039646
0.0389517 -0.0428307
0.0400178 -0.0461015
0.0407992 -0.0494351
0.0412957 -0.0528089
0.041509 -0.0562009
0.0414426 -0.0595903
0.0411018 -0.0629571
0.040493 -0.0662824
0.0396244 -0.0695486
0.0385049 -0.072739
0.0371448 -0.0758386
0.0355549 -0.0788332
0.0337471 -0.0817101
0.0317336 -0.0844578
0.0295272 -0.087066
0.0271409 -0.0895257
0.0245883 -0.0918288
0.0218829 -0.0939685
0.0190386 -0.0959392
0.0160691 -0.0977363
0.0129882 -0.0993563
0.0098094 -0.100797
0.00654607 -0.102056
0.00321118 -0.103133
-0.000182563 -0.104029
-0.00362278 -0.104744
-0.00709744 -0.10528
-0.0105949 -0.105639
-0.0141042 -0.105824
-0.0176146 -0.105839
-0.0211163 -0.105687
-0.0245997 -0.105374
-0.0280559 -0.104904
-0.0314764 -0.104283
-0.0348534 -0.103515
-0.0381795 -0.102608
-0.041448 -0.101566
-0.0446528 -0.100397
-0.0477884 -0.0991065
-0.05085 -0.0977015
-0.053833 -0.0961881
-0.0567335 -0.0945727
-0.0595477 -0.0928619
-0.0622726 -0.091062
-0.0649053 -0.0891796
-0.0674437 -0.0872212
-0.0698859 -0.0851932
-0.0722309 -0.0831019
-0.0744779 -0.0809533
-0.0766263 -0.0787531
-0.078676 -0.0765067
-0.0806269 -0.0742196
-0.0824794 -0.0718968
-0.0842339 -0.0695433
-0.0858912 -0.067164
-0.087452 -0.0647634
-0.0889177 -0.0623462
-0.0902897 -0.0599165
-0.0915695 -0.0574784
-0.0927592 -0.0550357
-0.0938605 -0.0525919
-0.0948757 -0.0501502
-0.0958069 -0.0477133
-0.096656 -0.045284
-0.097425 -0.0428647
-0.098116 -0.040458
-0.0987308 -0.0380662
-0.0992719 -0.0356918
-0.0997415 -0.0333368
-0.100142 -0.0310032
-0.100477 -0.0286925
-0.100748 -0.0264058
-0.100957 -0.0241441
-0.101107 -0.0219081
-0.1012 -0.0196987
-0.101237 -0.0175165
-0.101221 -0.0153625
-0.101152 -0.0132377
-0.101034 -0.0111427
-0.100868 -0.00907834
-0.100656 -0.00704508
-0.1004 -0.00504318
-0.100103 -0.00307269
-0.0997657 -0.00113352
-0.0993904 0.000774539
-0.0989784 0.00265168
-0.098531 0.0044981
-0.0980494 0.00631397
-0.0975348 0.00809942
-0.0969883 0.0098545
-0.096411 0.0115792
-0.0958039 0.0132736
-0.0951684 0.0149376
-0.0945055 0.0165712
-0.0938166 0.0181745
-0.0931029 0.0197479
-0.0923656 0.0212917
-0.0916058 0.0228064
-0.0908242 0.0242927
-0.0900217 0.025751
-0.0891987 0.0271819
-0.0883556 0.0285857
-0.0874928 0.0299626
-0.0866106 0.0313127
-0.0857094 0.0326358
-0.0847899 0.0339318
-0.0838529 0.0352004
-0.0828991 0.0364418
-0.0819297 0.0376559
-0.0809455 0.0388432
-0.0799473 0.0400043
-0.0789357 0.0411396
-0.077911 0.0422499
-0.0768733 0.0433355
-0.0758227 0.0443968
-0.074759 0.0454336
-0.0736825 0.0464458
-0.0725935 0.0474332
-0.0714925 0.0483955
-0.0703799 0.0493325
-0.0692564 0.0502441
-0.0681226 0.0511303
-0.0669793 0.0519911
-0.065827 0.0528265
-0.0646664 0.0536368
-0.0634983 0.0544222
-0.0623231 0.055183
-0.0611411 0.0559198
-0.0599527 0.0566329
-0.0587578 0.0573225
-0.0575563 0.0579888
-0.0563484 0.0586315
-0.055134 0.0592504
-0.0539136 0.0598449
-0.0526878 0.0604146
-0.0514574 0.0609593
-0.0502233 0.0614788
-0.0489863 0.0619733
-0.0477473 0.0624431
-0.0465069 0.0628885
-0.0452656 0.06331
-0.044024 0.0637079
-0.0427822 0.0640826
-0.0415406 0.0644344
-0.0402994 0.0647635
-0.0390589 0.06507
-0.0378192 0.065354
-0.0365806 0.0656155
-0.0353436 0.0658545
-0.0341084 0.0660708
-0.0328756 0.0662646
-0.0316455 0.0664357
-0.0304188 0.066584
-0.0291962 0.0667095
-0.0279784 0.0668122
-0.0267665 0.0668925
-0.0255613 0.0669507
-0.0243635 0.0669876
-0.0231737 0.0670039
-0.0219921 0.0670006
-0.0208188 0.0669784
-0.0196536 0.0669377
-0.0184963 0.0668789
-0.0173468 0.066802
-0.0162052 0.0667069
-0.0150716 0.0665933
-0.0139466 0.0664611
-0.0128309 0.0663103
-0.011725 0.066141
-0.0106297 0.0659534
-0.00954578 0.0657478
-0.00847387 0.0655249
-0.00741464 0.0652852
-0.00636863 0.0650296
-0.00533615 0.064759
-0.00431727 0.0644742
-0.00331186 0.0641761
-0.00231965 0.0638652
-0.00134035 0.063542
-0.000373726 0.0632066
0.000580288 0.0628591
0.0015216 0.0624995
0.00244998 0.062128
0.00336515 0.0617447
0.00426683 0.0613501
0.00515479 0.0609444
0.00602879 0.060528
0.00688864 0.0601014
0.00773416 0.059665
0.00856526 0.0592193
0.00938186 0.0587648
0.0101839 0.0583018
0.0109714 0.0578309
0.0117443 0.0573526
0.0125026 0.0568672
0.0132463 0.0563752
0.0139756 0.0558773
0.0146907 0.055374
0.015392 0.0548656
0.0160798 0.0543525
0.0167546 0.053835
0.0174168 0.0533129
0.0180667 0.0527863
0.0187045 0.052255
0.0193302 0.0517189
0.0199437 0.0511779
0.0205448 0.0506319
0.0211334 0.0500811
0.0217092 0.0495257
0.0222721 0.0489659
0.0228217 0.048402
0.023358 0.0478345
0.0238809 0.0472641
0.0243905 0.0466914
0.0248872 0.0461172
0.0253718 0.045542
0.025845 0.044966
0.0263078 0.0443891
0.0267609 0.0438109
0.0272047 0.0432308
0.0276393 0.0426478
0.0280643 0.0420614
0.0284794 0.0414712
0.0288839 0.0408769
0.0292772 0.0402786
0.0296587 0.0396768
0.0300283 0.0390717
0.0303857 0.0384641
0.0307311 0.0378542
0.0310647 0.0372425
0.0313867 0.0366291
0.0316973 0.0360141
0.0319968 0.0353975
0.0322851 0.0347792
0.0325623 0.0341593
0.0328282 0.0335376
0.0330828 0.0329142
0.0333259 0.0322893
0.0335574 0.0316631
0.0337773 0.0310356
0.0339857 0.030407
0.0341823 0.0297774
0.0343673 0.0291468
0.0345404 0.0285153
0.0347015 0.0278829
0.0348501 0.0272499
0.0349862 0.0266165
0.0351094 0.025983
0.0352197 0.0253497
0.0353168 0.0247171
0.0354006 0.0240854
0.0354709 0.023455
0.0355276 0.0228266
0.0355705 0.0222006
0.0355996 0.0215778
0.0356152 0.0209589
0.0356174 0.0203444
0.0356067 0.0197349
0.0355836 0.0191308
0.0355485 0.0185324
0.0355016 0.01794
0.0354435 0.0173539
0.0353745 0.0167742
0.0352949 0.0162012
0.0352051 0.0156348
0.0351053 0.0150753
0.0349958 0.0145224
0.0348764 0.0139765
0.0347472 0.0134377
0.034608 0.0129065
0.034459 0.0123834
0.0343005 0.0118692
0.0341327 0.0113644
0.0339563 0.0108697
0.033772 0.0103856
0.0335806 0.00991247
0.0333829 0.00945057
0.0331798 0.00899994
0.032972 0.0085605
0.0327603 0.00813212
0.0325453 0.0077146
0.0323275 0.00730766
0.0321075 0.00691104
0.0318856 0.00652445
0.0316623 0.00614764
0.0314378 0.00578036
0.0312126 0.00542238
0.0309869 0.00507344
0.0307609 0.00473332
0.0305349 0.00440181
0.030309 0.00407881
0.0300835 0.00376423
0.0298587 0.00345809
0.0296349 0.0031604
0.0294128 0.00287107
0.0291928 0.00258991
0.0289754 0.00231651
0.0287612 0.00205041
0.0285503 0.00179112
0.0283427 0.00153827
0.0281387 0.00129157
0.0279384 0.00105089
0.0277419 0.000816096
0.0275499 0.000587008
0.0273627 0.000363274
0.0271809 0.000144331
0.0270047 -7.05638e-05
0.0268345 -0.00028225
0.0266699 -0.000491564
0.0265108 -0.00069925
0.0263566 -0.000905899
0.0262067 -0.00111188
0.0260607 -0.00131732
0.025918 -0.00152215
0.0257784 -0.00172619
0.025642 -0.00192928
0.0255088 -0.00213132
0.025379 -0.00233237
0.025253 -0.00253267
0.0251308 -0.00273265
0.0250126 -0.00293286
0.024898 -0.00313386
0.0247868 -0.00333613
0.0246784 -0.00353996
0.0245722 -0.00374543
0.0244678 -0.00395244
0.0243649 -0.00416073
0.0242634 -0.00437
0.0241635 -0.00458006
0.0240653 -0.00479087
0.0239692 -0.00500261
0.0238753 -0.00521563
0.0237837 -0.00543042
0.0236941 -0.0056475
0.0236064 -0.00586739
0.02352 -0.00609054
0.0234341 -0.00631722
0.0233481 -0.00654747
0.0232612 -0.00678114
0.0231727 -0.00701786
0.0230823 -0.00725711
0.0229897 -0.00749832
0.0228948 -0.00774101
0.0227977 -0.00798484
0.0226986 -0.00822964
0.0225975 -0.00847535
0.0224942 -0.00872189
0.0223886 -0.00896913
0.0222806 -0.00921683
0.0221702 -0.00946477
0.0220575 -0.00971273
0.0219427 -0.00996062
0.021826 -0.0102085
0.0217075 -0.0104566
0.021587 -0.0107051
0.0214645 -0.0109544
0.0213395 -0.0112046
0.0212116 -0.0114556
0.0210803 -0.0117074
0.0209455 -0.0119598
0.0208066 -0.0122123
0.0206636 -0.0124648
0.0205164 -0.0127168
0.0203648 -0.0129681
0.0202088 -0.0132183
0.0200482 -0.0134672
0.019883 -0.0137143
0.0197133 -0.0139591
0.0195391 -0.0142013
0.0193607 -0.0144404
0.0191785 -0.0146762
0.018993 -0.0149084
0.0188044 -0.0151371
0.0186131 -0.0153624
0.0184193 -0.0155845
0.0182231 -0.0158036
0.0180243 -0.0160199
0.0178228 -0.0162334
0.0176183 -0.0164442
0.0174106 -0.016652
0.0171996 -0.0168564
0.0169854 -0.0170571
0.0167683 -0.0172539
0.0165485 -0.0174467
0.0163262 -0.0176355
0.0161014 -0.0178205
0.0158741 -0.0180017
0.0156443 -0.0181791
0.0154118 -0.0183525
0.0151766 -0.0185219
0.0149386 -0.0186869
0.014698 -0.0188473
0.0144549 -0.0190029
0.0142095 -0.0191536
0.0139621 -0.0192992
0.0137129 -0.0194397
0.0134622 -0.0195753
0.01321 -0.0197059
0.0129565 -0.0198317
0.0127016 -0.0199528
0.0124453 -0.0200691
0.0121874 -0.0201806
0.0119281 -0.0202868
0.0116675 -0.0203877
0.0114057 -0.0204827
0.0111435 -0.0205716
0.0108814 -0.0206545
0.01062 -0.0207314
0.0103601 -0.020803
0.010102 -0.0208699
0.00984582 -0.0209329
0.00959121 -0.0209929
0.00933764 -0.0210504
0.00908434 -0.0211057
0.00883052 -0.0211588
0.0085755 -0.0212094
0.00831875 -0.0212569
0.00806001 -0.0213005
0.00779927 -0.0213395
0.00753681 -0.0213732
0.00727314 -0.021401
0.00700888 -0.0214225
0.00674468 -0.0214378
0.00648107 -0.0214468
0.00621847 -0.0214498
0.0059572 -0.021447
0.0056975 -0.0214386
0.00543961 -0.0214246
0.00518388 -0.0214053
0.00493067 -0.0213808
0.00468033 -0.0213518
0.00443302 -0.0213186
0.00418868 -0.0212821
0.00394703 -0.0212426
0.00370762 -0.0212007
0.00346993 -0.0211564
0.0032335 -0.0211097
0.00299799 -0.0210602
0.00276323 -0.0210078
0.00252924 -0.0209521
0.00229612 -0.0208928
0.00206407 -0.0208297
0.00183331 -0.0207628
0.00160409 -0.0206919
0.00137666 -0.0206171
0.00115126 -0.0205384
0.000928094 -0.020456
0.000707334 -0.0203701
0.0004891 -0.0202807
0.000273456 -0.0201881
6.04129e-05 -0.0200924
-0.000150043 -0.0199937
-0.000357913 -0.0198921
-0.000563174 -0.0197876
-0.000765789 -0.0196803
-0.000965725 -0.0195702
-0.00116296 -0.0194575
-0.00135745 -0.0193421
-0.00154912 -0.019224
-0.00173786 -0.0191034
-0.00192349 -0.0189802
-0.00210585 -0.0188548
-0.00228481 -0.0187275
-0.00246037 -0.0185984
-0.00263263 -0.0184681
-0.00280184 -0.0183368
-0.00296829 -0.0182047
-0.00313227 -0.0180718
-0.00329403 -0.0179381
-0.00345376 -0.0178035
-0.00361163 -0.0176679
-0.00376772 -0.0175312
-0.00392205 -0.0173932
-0.00407458 -0.0172538
-0.00422526 -0.0171129
-0.00437401 -0.0169706
-0.00452077 -0.0168267
-0.00466548 -0.0166814
-0.00480811 -0.0165347
-0.00494867 -0.0163865
-0.00508716 -0.0162369
-0.00522356 -0.0160858
-0.00535773 -0.0159331
-0.00548948 -0.0157788
-0.00561855 -0.0156228
-0.00574465 -0.0154653
-0.00586751 -0.0153065
-0.00598692 -0.0151467
-0.00610275 -0.0149864
-0.00621507 -0.0148259
-0.00632404 -0.0146657
-0.00642989 -0.014506
-0.00653282 -0.0143468
-0.00663296 -0.0141884
-0.00673038 -0.0140308
-0.00682515 -0.0138743
-0.00691744 -0.013719
-0.00700753 -0.0135655
-0.00709592 -0.0134138
-0.00718322 -0.0132642
-0.00727011 -0.0131164
-0.00735722 -0.0129701
-0.00744507 -0.0128248
-0.00753397 -0.0126796
-0.00762396 -0.0125336
-0.00771475 -0.0123861
-0.00780574 -0.0122363
-0.00789608 -0.0120837
-0.00798484 -0.0119284
-0.00807117 -0.0117705
-0.00815435 -0.0116107
-0.00823397 -0.0114496
-0.00830989 -0.0112882
-0.00838226 -0.0111271
-0.00845146 -0.010967
-0.00851797 -0.0108082
-0.00858227 -0.0106511
-0.00864487 -0.0104958
-0.00870624 -0.0103422
-0.00876678 -0.0101903
-0.00882685 -0.0100398
-0.00888667 -0.00989051
-0.00894639 -0.00974208
-0.00900602 -0.00959423
-0.00906546 -0.00944676
-0.00912454 -0.00929954
-0.00918312 -0.00915263
-0.00924119 -0.00900614
-0.00929885 -0.00886015
-0.0093563 -0.00871467
-0.00941373 -0.00856955
-0.00947126 -0.00842455
-0.0095289 -0.0082794
-0.00958654 -0.00813383
-0.00964398 -0.00798765
-0.00970104 -0.00784079
-0.00975754 -0.00769321
-0.0098134 -0.00754489
-0.00986853 -0.00739577
-0.00992278 -0.00724575
-0.009976 -0.00709479
-0.010028 -0.00694286
-0.0100785 -0.00679002
-0.0101275 -0.00663632
-0.0101747 -0.00648188
-0.0102201 -0.00632686
-0.0102634 -0.00617146
-0.0103048 -0.00601589
-0.0103443 -0.00586038
-0.0103818 -0.00570514
-0.0104178 -0.00555032
-0.0104523 -0.00539597
-0.0104855 -0.00524207
-0.0105177 -0.00508851
-0.0105487 -0.00493519
-0.0105787 -0.00478208
-0.0106077 -0.00462917
-0.0106356 -0.00447649
-0.0106627 -0.00432403
-0.0106891 -0.00417172
-0.0107149 -0.0040194
-0.0107401 -0.0038668
-0.0107648 -0.00371362
-0.0107887 -0.00355959
-0.0108115 -0.00340459
-0.0108328 -0.00324858
-0.0108524 -0.00309169
-0.01087 -0.00293405
-0.0108857 -0.00277581
-0.0108992 -0.00261709
-0.0109104 -0.00245797
-0.0109193 -0.00229851
-0.0109257 -0.00213882
-0.0109294 -0.0019791
-0.0109302 -0.00181961
-0.0109282 -0.00166064
-0.0109234 -0.00150241
-0.0109159 -0.00134507
-0.0109059 -0.00118868
-0.0108933 -0.00103329
-0.0108779 -0.000878965
-0.0108598 -0.000725856
-0.0108388 -0.000574208
-0.0108147 -0.000424374
-0.0107879 -0.000276768
-0.0107583 -0.000131805
-0.0107265 1.01643e-05
-0.010693 0.000148909
-0.0106583 0.000284366
-0.0106231 0.000416681
-0.0105879 0.000546217
-0.0105533 0.000673521
-0.0105193 0.000799258
-0.010486 0.000924101
-0.0104531 0.00104864
-0.0104202 0.00117331
-0.0103869 0.00129838
-0.0103527 0.00142396
-0.0103173 0.00155005
-0.0102802 0.00167661
-0.0102412 0.00180359
-0.0101999 0.00193091
-0.010156 0.00205839
-0.0101089 0.00218574
-0.0100584 0.00231248
-0.0100043 0.00243801
-0.0099464 0.00256164
-0.00988503 0.00268267
-0.00982054 0.0028005
-0.00975348 0.00291466
-0.00968446 0.00302492
-0.00961404 0.00313119
-0.00954274 0.0032335
-0.00947103 0.00333194
-0.00939935 0.00342666
-0.00932813 0.00351792
-0.00925771 0.00360613
-0.00918828 0.00369178
-0.00911985 0.00377537
-0.00905222 0.00385735
-0.00898504 0.00393801
-0.00891795 0.00401744
-0.00885063 0.00409555
-0.00878288 0.00417212
-0.00871469 0.00424691
-0.0086462 0.00431971
-0.00857766 0.00439043
-0.00850936 0.00445913
-0.00844157 0.00452602
-0.00837449 0.00459142
-0.00830819 0.00465577
-0.00824258 0.00471952
-0.00817739 0.00478313
-0.00811218 0.00484696
-0.0080464 0.00491121
-0.00797934 0.00497589
-0.00791032 0.00504072
-0.00783877 0.00510514
-0.00776438 0.00516837
-0.00768716 0.00522957
-0.0076074 0.00528793
-0.00752569 0.00534284
-0.0074428 0.0053939
-0.00735956 0.00544106
-0.00727675 0.00548453
-0.00719495 0.0055248
-0.00711454 0.00556245
-0.00703564 0.0055981
-0.00695815 0.00563236
-0.00688178 0.00566568
-0.0068061 0.0056983
-0.00673068 0.00573024
-0.00665523 0.0057613
-0.00657965 0.00579118
-0.00650403 0.00581964
-0.00642859 0.00584652
-0.00635359 0.00587182
-0.00627928 0.00589568
-0.00620577 0.0059183
-0.00613308 0.00593991
-0.00606115 0.00596066
-0.00598993 0.00598065
-0.00591938 0.00599995
-0.0058495 0.00601868
-0.00578025 0.00603705
-0.00571147 0.00605527
-0.00564287 0.00607354
-0.00557405 0.00609192
-0.00550455 0.00611032
-0.00543395 0.00612845
-0.00536195 0.00614585
-0.00528847 0.00616196
-0.00521363 0.00617624
-0.00513775 0.00618824
-0.00506128 0.00619769
-0.00498473 0.00620451
-0.00490858 0.00620883
-0.00483318 0.00621096
-0.0047587 0.00621132
-0.00468507 0.00621031
-0.00461209 0.0062082
-0.00453944 0.00620509
-0.00446686 0.00620088
-0.00439418 0.00619532
-0.0043214 0.00618807
-0.00424875 0.00617878
-0.00417662 0.00616722
-0.00410553 0.00615334
-0.00403601 0.00613726
-0.00396856 0.00611928
-0.00390361 0.00609983
-0.00384148 0.00607947
-0.00378235 0.00605887
-0.00372623 0.00603876
-0.00367291 0.00601989
-0.00362199 0.00600296
-0.00357282 0.00598855
-0.00352462 0.00597705
-0.00347647 0.00596858
-0.0034275 0.00596296
-0.00337694 0.00595979
-0.00332424 0.00595847
-0.00326903 0.00595834
-0.00321112 0.00595873
-0.00315048 0.00595896
-0.00308721 0.0059584
-0.00302154 0.00595648
-0.00295374 0.00595269
-0.00288421 0.00594656
-0.00281345 0.0059377
-0.00274203 0.00592588
-0.00267058 0.00591102
-0.00259967 0.00589319
-0.00252981 0.00587261
-0.00246139 0.00584955
-0.00239477 0.00582432
-0.00233021 0.00579727
-0.00226793 0.00576879
-0.00220808 0.00573929
-0.0021508 0.00570926
-0.00209608 0.00567926
-0.00204376 0.00564989
-0.00199346 0.00562171
-0.00194461 0.00559516
-0.00189652 0.0055704
-0.00184848 0.00554738
-0.00179991 0.00552578
-0.0017504 0.00550511
-0.00169982 0.00548481
-0.00164828 0.00546438
-0.00159607 0.00544351
-0.00154358 0.0054221
-0.00149114 0.00540029
-0.00143892 0.00537837
-0.00138692 0.00535677
-0.00133486 0.00533586
-0.00128221 0.00531589
-0.00122832 0.0052968
-0.00117258 0.00527819
-0.00111457 0.00525938
-0.00105423 0.00523951
-0.000991864 0.00521777
-0.000928088 0.00519355
-0.000863708 0.00516654
-0.000799519 0.00513681
-0.000736141 0.00510471
-0.00067392 0.00507072
-0.00061294 0.00503528
-0.000553123 0.0049987
-0.000494352 0.00496109
-0.000436571 0.00492244
-0.000379839 0.00488268
-0.000324335 0.00484173
-0.000270338 0.00479961
-0.000218171 0.00475645
-0.000168141 0.00471252
-0.000120487 0.00466822
-7.53508e-05 0.00462402
-3.27251e-05 0.0045805
7.6005e-06 0.00453825
4.60763e-05 0.00449782
8.33609e-05 0.00445954
0.000120221 0.00442348
0.000157396 0.00438939
0.000195468 0.00435677
0.000234767 0.00432493
0.000275315 0.0042931
0.000316847 0.00426064
0.000358878 0.00422707
0.000400809 0.00419216
0.000442032 0.00415593
0.000482008 0.00411863
0.000520339 0.0040807
0.000556834 0.00404271
0.000591559 0.00400529
0.000624838 0.00396898
0.000657206 0.00393418
0.000689314 0.00390104
0.000721832 0.00386947
0.000755367 0.00383913
0.000790378 0.00380952
0.000827123 0.00377998
0.00086563 0.00374984
0.000905731 0.00371845
0.000947082 0.00368524
0.00098917 0.00364971
0.0010313 0.00361154
0.00107265 0.00357062
0.00111234 0.00352717
0.00114965 0.00348172
0.00118402 0.003435
0.00121521 0.00338791
0.0012433 0.00334132
0.00126863 0.00329599
0.00129176 0.00325245
0.00131328 0.00321096
0.00133376 0.00317156
0.00135358 0.00313412
0.00137303 0.00309849
0.00139223 0.0030645
0.00141125 0.00303206
0.00143013 0.00300111
0.00144888 0.00297167
0.00146757 0.00294382
0.00148628 0.00291762
0.00150515 0.00289318
0.00152436 0.00287063
0.00154418 0.00285012
0.00156505 0.00283178
0.00158754 0.00281558
0.00161234 0.00280127
0.00164008 0.00278838
0.00167133 0.00277613
0.00170644 0.00276352
0.00174545 0.00274939
0.00178802 0.0027325
0.00183341 0.00271173
0.00188052 0.00268618
0.00192797 0.00265533
0.00197429 0.00261913
0.00201803 0.00257798
0.00205798 0.00253274
0.0020933 0.00248462
0.00212361 0.00243492
0.00214898 0.00238491
0.00216982 0.00233569
0.00218675 0.00228808
0.00220053 0.00224261
0.00221187 0.00219956
0.00222143 0.002159
0.00222971 0.0021209
0.00223713 0.00208521
0.00224405 0.00205187
0.00225082 0.00202081
0.00225778 0.00199191
0.00226525 0.00196503
0.00227354 0.00193995
0.00228289 0.00191643
0.00229354 0.00189417
0.00230563 0.00187282
0.00231926 0.00185199
0.0023344 0.00183126
0.00235093 0.0018102
0.00236856 0.00178845
0.00238688 0.00176574
0.00240541 0.00174201
0.0024237 0.00171745
0.00244147 0.0016924
0.00245867 0.00166726
0.00247547 0.0016424
0.00249219 0.001618
0.00250922 0.00159406
0.00252689 0.00157034
0.00254536 0.00154647
0.00256462 0.00152204
0.00258448 0.00149669
0.00260462 0.00147014
0.00262463 0.00144223
0.00264408 0.00141294
0.00266254 0.00138241
0.00267966 0.0013509
0.00269522 0.00131875
0.0027091 0.00128629
0.00272129 0.00125383
0.00273181 0.00122161
0.00274069 0.00118984
0.00274798 0.00115871
0.0027537 0.0011284
0.0027579 0.00109914
0.00276066 0.00107117
0.00276217 0.00104477
0.00276273 0.00102016
0.00276269 0.000997469
0.00276243 0.000976709
0.00276229 0.000957809
0.0027626 0.000940636
0.0027636 0.000925025
0.00276552 0.000910806
0.00276862 0.000897797
0.00277315 0.000885772
0.00277939 0.000874395
0.00278756 0.000863174
0.00279767 0.000851495
0.00280951 0.000838735
0.00282263 0.000824399
0.00283644 0.000808207
0.0028503 0.000790126
0.00286367 0.00077035
0.00287613 0.000749243
0.00288748 0.00072726
0.00289772 0.000704863
0.00290702 0.000682429
0.00291569 0.000660197
0.00292408 0.000638251
0.00293252 0.000616523
0.00294133 0.000594798
0.0029507 0.000572731
0.00296066 0.000549902
0.00297107 0.000525887
0.00298162 0.000500334
0.00299188 0.000473016
0.00300136 0.000443864
0.00300956 0.000412974
0.00301603 0.000380584
0.00302041 0.000347039
0.00302242 0.000312756
0.00302188 0.000278211
0.00301871 0.000243936
0.00301294 0.0002105
0.00300479 0.000178464
0.00299461 0.000148311
0.00298288 0.000120391
0.00297009 9.49099e-05
0.00295675 7.19365e-05
0.00294331 5.14268e-05
0.00293016 3.32566e-05
0.00291758 1.72757e-05
0.00290584 3.3579e-06
0.00289519 -8.60218e-06
0.00288599 -1.87511e-05
0.0028786 -2.73507e-05
0.0028734 -3.4819e-05
0.00287063 -4.17185e-05
0.00287039 -4.87109e-05
0.00287259 -5.64961e-05
0.00287694 -6.57454e-05
0.00288301 -7.70426e-05
0.00289024 -9.08474e-05
0.00289797 -0.000107476
0.0029055 -0.000127086
0.00291212 -0.000149661
0.00291713 -0.000174994
0.00291996 -0.000202694
0.00292018 -0.000232239
0.0029176 -0.000263062
0.00291217 -0.000294631
0.00290401 -0.000326498
0.00289328 -0.00035832
0.00288019 -0.00038987
0.00286492 -0.000421028
0.00284758 -0.000451724
0.00282817 -0.000481881
0.00280666 -0.000511371
0.00278301 -0.000540003
0.00275717 -0.000567516
0.00272914 -0.000593569
0.00269897 -0.000617739
0.00266688 -0.000639549
0.00263319 -0.000658529
0.00259841 -0.000674263
0.00256317 -0.000686448
0.00252821 -0.000694927
0.00249433 -0.000699743
0.00246233 -0.000701171
0.00243292 -0.000699722
0.00240665 -0.00069609
0.00238384 -0.000691087
0.00236458 -0.000685571
0.00234872 -0.000680401
0.00233589 -0.000676365
0.00232548 -0.000674092
0.00231671 -0.000673967
0.00230878 -0.000676086
0.00230093 -0.000680266
0.00229261 -0.000686093
0.00228349 -0.000693022
0.00227356 -0.000700514
0.00226302 -0.000708173
0.00225218 -0.000715832
0.00224133 -0.000723535
0.00223063 -0.000731456
0.00222012 -0.000739811
0.00220972 -0.00074879
0.0021993 -0.000758518
0.00218873 -0.000769063
0.00217787 -0.000780454
0.00216663 -0.000792725
0.0021549 -0.000805939
0.00214252 -0.000820183
0.00212923 -0.000835526
0.00211471 -0.000851959
0.00209859 -0.00086936
0.00208048 -0.000887481
0.00206004 -0.000905932
0.00203701 -0.000924169
0.00201128 -0.000941518
0.00198298 -0.000957246
0.00195246 -0.000970652
0.00192028 -0.000981147
0.00188718 -0.000988318
0.001854 -0.000991983
0.00182163 -0.000992239
0.00179088 -0.000989472
0.00176233 -0.000984293
0.00173633 -0.000977423
0.00171299 -0.000969581
0.00169219 -0.00096139
0.00167376 -0.000953354
0.00165744 -0.000945871
0.001643 -0.000939269
0.00163018 -0.000933839
0.0016187 -0.000929846
0.00160823 -0.000927513
0.00159841 -0.00092699
0.00158888 -0.000928338
0.00157931 -0.00093156
0.0015694 -0.000936638
0.00155885 -0.00094353
0.00154732 -0.00095214
0.0015345 -0.000962286
0.00152007 -0.00097369
0.00150384 -0.000985985
0.00148569 -0.000998732
0.00146568 -0.00101147
0.00144404 -0.00102379
0.00142111 -0.00103544
0.00139723 -0.00104634
0.00137268 -0.00105657
0.00134757 -0.00106622
0.00132192 -0.00107536
0.00129574 -0.00108393
0.00126906 -0.00109185
0.001242 -0.00109901
0.00121472 -0.00110536
0.00118742 -0.00111091
0.00116026 -0.00111579
0.00113332 -0.00112023
0.0011065 -0.00112445
0.00107957 -0.00112859
0.00105222 -0.00113267
0.00102412 -0.00113651
0.00099501 -0.00113979
0.00096477 -0.00114206
0.000933468 -0.00114282
0.000901362 -0.00114161
0.000868859 -0.00113806
0.000836452 -0.00113199
0.000804672 -0.00112332
0.000774045 -0.00111216
0.000745046 -0.00109874
0.000718058 -0.00108341
0.000693354 -0.00106657
0.000671127 -0.00104862
0.00065152 -0.00102999
0.000634637 -0.00101114
0.000620513 -0.000992608
0.00060906 -0.000974965
0.000600024 -0.000958801
0.000592976 -0.000944629
0.000587347 -0.000932803
0.000582507 -0.00092347
0.000577877 -0.000916552
0.000573031 -0.000911812
0.000567752 -0.00090898
0.000561974 -0.000907891
0.000555656 -0.000908539
0.000548649 -0.000911045
0.000540627 -0.000915543
0.000531093 -0.00092206
0.000519446 -0.00093042
0.000505093 -0.00094019
0.000487572 -0.000950691
0.00046666 -0.00096107
0.000442434 -0.000970419
0.000415262 -0.000977903
0.000385742 -0.000982858
0.000354611 -0.000984851
0.000322658 -0.000983697
0.00029063 -0.00097945
0.000259156 -0.000972365
0.000228689 -0.000962816
0.000199486 -0.000951212
0.000171637 -0.000937909
0.00014512 -0.000923152
0.000119882 -0.000907036
9.59269e-05 -0.000889523
7.3391e-05 -0.000870493
5.2586e-05 -0.000849837
3.39745e-05 -0.00082757
1.8091e-05 -0.000803906
5.43388e-06 -0.000779281
-3.63363e-06 -0.000754321
-8.95166e-06 -0.000729774
-1.05968e-05 -0.000706426
-8.87675e-06 -0.000685006
-4.28839e-06 -0.000666107
2.55539e-06 -0.00065014
1.10072e-05 -0.000637316
2.04492e-05 -0.000627677
3.03397e-05 -0.00062113
4.02447e-05 -0.000617499
4.98457e-05 -0.000616589
5.891e-05 -0.000618255
6.72095e-05 -0.000622442
7.44226e-05 -0.000629154
8.00899e-05 -0.000638344
8.36487e-05 -0.000649815
8.45306e-05 -0.000663144
8.22865e-05 -0.000677679
7.67017e-05 -0.000692609
6.78667e-05 -0.000707082
5.61695e-05 -0.000720362
4.21977e-05 -0.000731951
2.65946e-05 -0.000741635
9.92619e-06 -0.00074944
-7.39377e-06 -0.000755537
-2.51141e-05 -0.000760141
-4.31152e-05 -0.000763435
-6.13506e-05 -0.000765516
-7.97731e-05 -0.00076639
-9.82732e-05 -0.000766012
-0.00011667 -0.000764359
-0.000134761 -0.000761486
-0.0001524 -0.000757513
-0.000169529 -0.000752555
-0.000186143 -0.000746656
-0.000202214 -0.000739779
-0.000217649 -0.000731851
-0.000232281 -0.000722808
-0.000245883 -0.000712627
-0.000258177 -0.000701359
-0.000268871 -0.000689158
-0.000277701 -0.00067629
-0.000284477 -0.000663114
-0.000289096 -0.000650055
-0.000291553 -0.000637589
-0.000291965 -0.000626242
-0.000290617 -0.000616548
-0.000287978 -0.000608971
-0.000284665 -0.000603826
-0.00028137 -0.000601229
-0.000278774 -0.000601085
-0.000277483 -0.000603122
-0.00027798 -0.00060693
-0.000280606 -0.000612012
-0.000285549 -0.000617823
-0.000292857 -0.000623818
-0.000302455 -0.000629458
-0.000314138 -0.000634223
-0.000327545 -0.000637642
-0.000342175 -0.00063937
-0.000357443 -0.000639246
-0.000372775 -0.000637292
-0.00038766 -0.000633687
-0.00040169 -0.00062872
-0.000414576 -0.000622761
-0.000426177 -0.000616211
-0.000436486 -0.000609455
-0.000445611 -0.000602816
-0.000453737 -0.000596548
-0.000461123 -0.000590829
-0.000468097 -0.000585733
-0.000475021 -0.00058118
-0.000482212 -0.00057691
-0.000489841 -0.00057252
-0.000497877 -0.000567553
-0.000506078 -0.000561608
-0.000514039 -0.000554446
-0.0005213 -0.000546069
-0.000527493 -0.000536717
-0.000532477 -0.00052678
-0.000536387 -0.000516614
-0.00053955 -0.000506377
-0.00054232 -0.000495947
-0.000544894 -0.000484968
-0.000547211 -0.000472979
-0.000548929 -0.000459569
-0.000549477 -0.000444503
-0.000548158 -0.000427828
-0.000544285 -0.000409911
-0.000537335 -0.000391404
-0.000527052 -0.000373146
-0.00051349 -0.000356017
-0.000496987 -0.00034082
-0.000478099 -0.00032818
-0.000457494 -0.000318478
-0.000435829 -0.000311854
-0.00041365 -0.000308264
-0.000391339 -0.000307592
-0.000369155 -0.000309757
-0.000347313 -0.000314758
-0.000326063 -0.000322657
-0.00030573 -0.000333534
-0.000286722 -0.000347439
-0.000269533 -0.000364348
-0.000254715 -0.000384104
-0.000242815 -0.000406386
-0.000234298 -0.00043072
-0.000229505 -0.000456535
-0.000228647 -0.000483221
-0.000231839 -0.000510161
-0.000239114 -0.000536727
-0.00025043 -0.000562276
-0.000265655 -0.000586135
-0.000284535 -0.000607608
-0.000306663 -0.000626002
-0.000331449 -0.000640684
-0.000358133 -0.000651156
-0.000385833 -0.000657126
-0.000413632 -0.000658535
-0.000440663 -0.000655539
-0.000466152 -0.000648467
-0.000489447 -0.000637769
-0.000510019 -0.000623987
-0.000527468 -0.000607728
-0.000541531 -0.000589639
-0.000552091 -0.000570372
-0.000559159 -0.00055055
-0.000562859 -0.000530734
-0.0005634 -0.0005114
-0.00056102 -0.000492925
-0.000555945 -0.000475619
-0.000548376 -0.000459771
-0.000538518 -0.000445687
-0.000526616 -0.000433689
-0.000512982 -0.000424093
-0.000497999 -0.000417183
-0.000482121 -0.000413186
-0.000465863 -0.00041225
-0.000449787 -0.000414416
-0.000434465 -0.000419603
-0.000420444 -0.000427603
-0.00040821 -0.000438095
-0.000398167 -0.000450666
-0.000390614 -0.000464833
-0.000385737 -0.00048007
-0.000383597 -0.000495843
-0.000384138 -0.000511644
-0.000387217 -0.000527026
-0.000392632 -0.000541608
-0.000400151 -0.00055508
-0.000409529 -0.000567188
-0.000420532 -0.000577717
-0.000432924 -0.000586462
-0.000446437 -0.000593222
-0.000460745 -0.000597827
-0.000475472 -0.000600196
-0.000490259 -0.000600368
-0.000504836 -0.000598471
-0.000519052 -0.000594632
-0.000532822 -0.000588913
-0.000546058 -0.00058129
-0.000558596 -0.00057168
-0.000570156 -0.000560013
-0.000580352 -0.000546317
-0.000588755 -0.000530791
-0.000594991 -0.000513824
-0.000598851 -0.000495959
-0.00060035 -0.000477776
-0.000599698 -0.000459783
-0.000597236 -0.000442344
-0.000593343 -0.000425663
-0.000588392 -0.000409805
-0.000582695 -0.000394701
-0.000576462 -0.000380187
-0.000569761 -0.000366062
-0.000562527 -0.000352153
-0.000554592 -0.00033837
-0.000545725 -0.000324745
-0.0005357 -0.000311453
-0.000524362 -0.000298797
-0.000511689 -0.000287158
-0.000497815 -0.000276915
-0.000483009 -0.000268365
-0.000467592 -0.000261666
-0.000451859 -0.00025686
-0.000436034 -0.000253934
-0.000420285 -0.000252877
-0.000404767 -0.00025371
-0.000389657 -0.000256494
-0.00037521 -0.000261306
-0.000361793 -0.000268179
-0.000349859 -0.000277012
-0.000339871 -0.000287526
-0.000332202 -0.000299273
-0.000327073 -0.000311704
-0.000324558 -0.000324244
-0.000324598 -0.000336323
-0.000327023 -0.000347397
-0.000331548 -0.000356961
-0.000337777 -0.000364563
-0.000345182 -0.000369831
-0.000353113 -0.000372538
-0.000360836 -0.000372675
-0.000367635 -0.000370502
-0.000372955 -0.000366531
-0.000376504 -0.000361418
-0.000378272 -0.000355811
-0.000378464 -0.000350236
-0.000377404 -0.000345046
-0.000375453 -0.000340436
-0.000372964 -0.000336458
-0.000370246 -0.000333043
-0.000367525 -0.000330022
-0.000364924 -0.000327182
-0.000362469 -0.000324304
-0.000360115 -0.00032119
-0.000357748 -0.000317671
-0.000355193 -0.000313627
-0.000352228 -0.000309022
-0.000348637 -0.000303921
-0.000344251 -0.000298467
-0.000338973 -0.000292855
-0.000332786 -0.000287294
-0.000325749 -0.000281973
-0.000317977 -0.00027703
-0.000309603 -0.000272534
-0.000300742 -0.000268492
-0.000291457 -0.000264874
-0.000281759 -0.000261641
-0.000271598 -0.000258771
-0.000260866 -0.000256286
-0.000249411 -0.00025429
-0.000237079 -0.000253011
-0.00022378 -0.000252808
-0.000209558 -0.000254138
-0.000194629 -0.000257505
-0.000179406 -0.000263391
-0.0001645 -0.000272184
-0.00015069 -0.000284098
-0.000138852 -0.000299098
-0.000129855 -0.000316883
-0.000124464 -0.00033691
-0.000123289 -0.000358466
-0.000126772 -0.000380718
-0.000135186 -0.000402738
-0.000148613 -0.000423515
-0.000166905 -0.000441987
-0.000189651 -0.000457083
-0.000216145 -0.000467803
-0.000245383 -0.000473308
-0.000276093 -0.000473048
-0.000306844 -0.000466871
-0.00033621 -0.000455079
-0.000362949 -0.000438398
-0.000386146 -0.000417862
-0.000405283 -0.000394665
-0.00042025 -0.000370007
-0.000431309 -0.000344948
-0.000438996 -0.000320287
-0.000443978 -0.000296494
-0.000446904 -0.000273719
-0.000448292 -0.000251871
-0.000448485 -0.000230714
-0.000447635 -0.000209945
-0.000445714 -0.000189266
-0.000442541 -0.000168454
-0.000437835 -0.00014741
-0.000431279 -0.000126179
-0.000422574 -0.000104937
-0.000411477 -8.39733e-05
-0.000397819 -6.36706e-05
-0.000381539 -4.44867e-05
-0.000362697 -2.69234e-05
-0.000341492 -1.14907e-05
-0.000318256 1.32831e-06
-0.000293447 1.11077e-05
-0.000267647 1.75142e-05
-0.000241535 2.03519e-05
-0.000215839 1.96013e-05
-0.000191257 1.54203e-05
-0.00016841 8.10097e-06
-0.000147829 -1.98741e-06
-0.000129993 -1.4417e-05
-0.000115347 -2.86664e-05
-0.000104259 -4.4076e-05
-9.69424e-05 -5.98424e-05
-9.33763e-05 -7.50651e-05
-9.3243e-05 -8.8838e-05
-9.59163e-05 -0.000100379
-0.000100522 -0.00010917
-0.000106072 -0.000115047
-0.000111639 -0.000118214
-0.000116499 -0.000119158
-0.000120205 -0.000118516
-0.000122583 -0.000116947
-0.000123681 -0.000115044
-0.000123713 -0.000113291
-0.000123021 -0.000112049
-0.000122039 -0.000111522
-0.000121264 -0.000111743
-0.000121199 -0.000112535
-0.000122283 -0.000113499
-0.000124787 -0.000114032
-0.000128718 -0.000113407
-0.000133775 -0.000110898
-0.000139378 -0.000105928
-0.000144761 -9.8158e-05
-0.000149073 -8.75308e-05
-0.00015148 -7.42751e-05
-0.000151258 -5.88783e-05
-0.000147869 -4.2027e-05
-0.000140998 -2.45253e-05
-0.000130553 -7.21397e-06
-0.000116632 9.08118e-06
-9.94995e-05 2.35673e-05
-7.95884e-05 3.55036e-05
-5.75043e-05 4.42487e-05
-3.39918e-05 4.93167e-05
-9.87945e-06 5.04096e-05
1.39769e-05 4.74217e-05
3.67307e-05 4.04267e-05
5.75701e-05 2.96767e-05
7.57534e-05 1.56081e-05
9.06615e-05 -1.15899e-06
0.000101866 -1.98424e-05
0.0001092 -3.95574e-05
0.000112809 -5.94207e-05
0.000113145 -7.86884e-05
0.000110885 -9.68975e-05
0.000106759 -0.000113946
0.000101355 -0.000130053
9.49972e-05 -0.000145631
8.77092e-05 -0.000161127
7.9242e-05 -0.000176882
6.91567e-05 -0.000193024
5.69454e-05 -0.000209396
4.21778e-05 -0.000225556
2.46241e-05 -0.000240858
4.31121e-06 -0.000254571
-1.84944e-05 -0.000265998
-4.33419e-05 -0.000274536
-6.96425e-05 -0.000279708
-9.67009e-05 -0.000281188
-0.00012376 -0.000278826
-0.000150059 -0.000272654
-0.000174875 -0.00026287
-0.000197551 -0.000249819
-0.000217527 -0.000233985
-0.000234382 -0.000215969
-0.000247873 -0.00019644
-0.00025794 -0.00017606
-0.000264664 -0.000155436
-0.000268225 -0.000135103
-0.000268887 -0.000115539
-0.000267001 -9.71478e-05
-0.000262986 -8.02336e-05
-0.000257307 -6.49804e-05
-0.00025043 -5.14417e-05
-0.000242783 -3.95434e-05
-0.000234703 -2.91059e-05
-0.000226404 -1.98918e-05
-0.000217959 -1.16771e-05
-0.000209345 -4.31791e-06
-0.00020051 2.22349e-06
-0.000191429 7.89808e-06
-0.000182134 1.26025e-05
-0.000172732 1.62084e-05
-0.000163415 1.85928e-05
-0.000154466 1.96841e-05
-0.000146235 1.95155e-05
-0.000139083 1.82611e-05
-0.00013331 1.62308e-05
-0.000129108 1.38407e-05
-0.000126526 1.15783e-05
-0.000125423 9.95472e-06
-0.000125445 9.41272e-06
-0.00012607 1.02202e-05
-0.0001267 1.24036e-05
-0.000126778 1.57509e-05
-0.000125864 1.98597e-05
-0.000123682 2.4195e-05
-0.000120142 2.81441e-05
-0.000115361 3.10772e-05
-0.00010966 3.24132e-05
-0.000103536 3.16742e-05
-9.76386e-05 2.85317e-05
-9.27381e-05 2.28519e-05
-8.96809e-05 1.47525e-05
-8.9305e-05 4.65926e-06
-9.2303e-05 -6.6737e-06
-9.90685e-05 -1.82297e-05
-0.000109592 -2.88802e-05
-0.00012345 -3.75715e-05
-0.000139878 -4.34976e-05
-0.000157928 -4.62124e-05
-0.000176646 -4.56537e-05
-0.000195241 -4.20782e-05
-0.00021319 -3.59231e-05
-0.000230253 -2.76421e-05
-0.000246408 -1.75766e-05
-0.000261741 -5.88651e-06
-0.00027634 7.46399e-06
-0.000290189 2.26823e-05
-0.00030308 4.00797e-05
-0.000314551 5.99529e-05
-0.000323905 8.24415e-05
-0.000330293 0.000107408
-0.000332855 0.000134369
-0.000330882 0.000162507
-0.00032395 0.000190757
-0.000311999 0.000217943
-0.00029534 0.000242934
-0.000274586 0.000264785
-0.00025053 0.000282811
-0.000224021 0.000296584
-0.000195883 0.000305874
-0.000166904 0.000310583
-0.000137856 0.000310725
-0.000109498 0.000306436
-8.25659e-05 0.00029799
-5.7735e-05 0.000285819
-3.55632e-05 0.00027051
-1.64249e-05 0.000252773
-4.6729e-07 0.00023336
1.23889e-05 0.000212967
2.23933e-05 0.000192155
2.98824e-05 0.000171307
3.52022e-05 0.000150646
3.86627e-05 0.000130268
4.05178e-05 0.000110175
4.0955e-05 9.03004e-05
4.00866e-05 7.05301e-05
3.79431e-05 5.07159e-05
3.44579e-05 3.06908e-05
2.94396e-05 1.03004e-05
2.25556e-05 -1.05308e-05
1.33661e-05 -3.17092e-05
1.42192e-06 -5.29108e-05
-1.36106e-05 -7.35962e-05
-3.18676e-05 -9.30964e-05
-5.32737e-05 -0.00011071
-7.75696e-05 -0.00012577
-0.000104343 -0.000137677
-0.000133048 -0.000145925
-0.000163032 -0.000150137
-0.000193573 -0.000150079
-0.000223921 -0.000145671
-0.000253328 -0.000136981
-0.000281078 -0.000124213
-0.000306505 -0.0001077
-0.000329018 -8.78941e-05
-0.000348124 -6.53534e-05
-0.000363443 -4.07179e-05
-0.000374726 -1.46923e-05
-0.00038187 1.19748e-05
-0.000384941 3.85277e-05
-0.000384179 6.42627e-05
-0.000379968 8.85871e-05
-0.000372784 0.000111057
-0.000363129 0.000131397
-0.000351456 0.000149486
-0.000338103 0.000165298
-0.000323264 0.000178799
-0.000307056 0.000189849
-0.000289624 0.000198163
-0.000271256 0.000203357
-0.000252436 0.000205044
-0.000233852 0.000202936
-0.000216342 0.000196953
-0.000200795 0.000187279
-0.000188032 0.000174378
-0.000178689 0.000158923
-0.000173176 0.000141691
-0.000171692 0.000123459
-0.000174299 0.000104958
-0.000180969 8.68951e-05
-0.000191575 6.99809e-05
-0.000205867 5.4926e-05
-0.000223432 4.2415e-05
-0.000243681 3.3054e-05
-0.000265852 2.73014e-05
-0.000289051 2.53903e-05
-0.000312347 2.72665e-05
-0.000334896 3.25839e-05
-0.000356055 4.07728e-05
-0.000375438 5.11554e-05
-0.000392911 6.30512e-05
-0.000408555 7.58535e-05
-0.000422628 8.90957e-05
-0.000435495 0.000102513
-0.000447523 0.000116069
-0.000458978 0.000129915
-0.000469969 0.00014431
-0.000480435 0.000159539
-0.000490169 0.000175844
-0.000498855 0.000193382
-0.000506118 0.000212189
-0.000511584 0.000232174
-0.00051494 0.000253158
-0.000515935 0.000274928
-0.000514348 0.000297272
-0.000509953 0.000319957
-0.000502511 0.000342693
-0.000491802 0.0003651
-0.000477662 0.000386691
-0.000460032 0.000406878
-0.000439013 0.000424987
-0.000414921 0.000440318
-0.000388306 0.000452224
-0.000359927 0.000460209
-0.000330691 0.000463981
-0.000301586 0.000463487
-0.000273638 0.000458932
-0.000247828 0.000450815
-0.000224992 0.00043994
-0.000205683 0.000427367
-0.000190066 0.000414294
-0.000177868 0.000401892
-0.000168413 0.000391123
-0.000160734 0.000382586
-0.000153747 0.000376433
-0.000146452 0.000372363
-0.00013811 0.000369725
-0.000128332 0.000367682
-0.000117081 0.000365374
-0.00010461 0.000362043
-9.13843e-05 0.000357097
-7.79952e-05 0.000350152
-6.50834e-05 0.000341034
-5.32759e-05 0.00032976
-4.31483e-05 0.000316511
-3.51996e-05 0.000301621
-2.98083e-05 0.000285569
-2.71669e-05 0.00026894
-2.72394e-05 0.000252342
-2.97785e-05 0.000236299
-3.43911e-05 0.000221182
-4.06197e-05 0.000207179
-4.80151e-05 0.000194301
-5.6199e-05 0.000182401
-6.49219e-05 0.000171219
-7.41082e-05 0.000160439
-8.38703e-05 0.000149788
-9.44724e-05 0.000139119
-0.000106256 0.000128474
-0.000119549 0.000118105
-0.000134571 0.000108465
-0.000151339 0.000100148
-0.000169601 9.37778e-05
-0.000188853 8.98633e-05
-0.000208439 8.86865e-05
-0.000227685 9.02793e-05
-0.000246011 9.44701e-05
-0.000262995 0.00010097
-0.000278376 0.000109465
-0.000292017 0.000119692
-0.000303834 0.000131474
-0.000313719 0.000144715
-0.00032149 0.000159327
-0.00032691 0.000175163
-0.000329744 0.000191987
-0.000329793 0.000209497
-0.000326903 0.000227342
-0.000320954 0.00024513
-0.000311866 0.000262414
-0.000299621 0.000278683
-0.000284282 0.000293368
-0.000266028 0.000305845
-0.000245184 0.000315458
-0.000222261 0.000321561
-0.000197981 0.0003236
-0.000173233 0.000321211
-0.000148985 0.000314274
-0.000126185 0.000302915
-0.0001057 0.000287455
-8.82804e-05 0.000268379
-7.45382e-05 0.000246294
-6.49311e-05 0.000221885
-5.97672e-05 0.000195881
-5.92212e-05 0.000169024
-6.33356e-05 0.000142068
-7.20138e-05 0.000115753
-8.50235e-05 9.07703e-05
-0.000102023 6.77296e-05
-0.000122605 4.71473e-05
-0.00014633 2.94652e-05
-0.000172722 1.50742e-05
-0.000201268 4.32079e-06
-0.000231395 -2.50146e-06
-0.000262479 -5.16834e-06
-0.000293845 -3.54094e-06
-0.000324778 2.41404e-06
-0.000354545 1.26012e-05
-0.000382428 2.67835e-05
-0.00040776 4.458e-05
-0.000429966 6.54693e-05
-0.000448611 8.88051e-05
-0.000463445 0.000113852
-0.000474449 0.000139845
-0.000481856 0.000166092
-0.000486098 0.000192075
-0.000487716 0.00021753
-0.000487218 0.000242466
-0.00048496 0.000267109
-0.000481053 0.000291795
-0.000475332 0.000316822
-0.000467415 0.000342304
-0.000456832 0.000368055
-0.000443209 0.00039359
-0.000426416 0.000418219
-0.000406633 0.000441199
-0.000384322 0.000461892
-0.000360134 0.000479869
-0.000334787 0.000494955
-0.000308959 0.00050722
-0.000283192 0.000516922
-0.00025784 0.000524416
-0.000233069 0.000530062
-0.000208899 0.000534164
-0.000185246 0.000536935
-0.000161955 0.000538476
-0.000138854 0.000538747
-0.000115823 0.000537565
-9.28676e-05 0.000534646
-7.01593e-05 0.000529678
-4.80341e-05 0.00052241
-2.69492e-05 0.000512721
-7.41314e-06 0.000500661
1.00863e-05 0.000486457
2.51443e-05 0.000470483
3.7487e-05 0.000453226
4.69975e-05 0.000435222
5.37147e-05 0.000416995
5.78091e-05 0.000399016
5.95537e-05 0.000381659
5.9287e-05 0.000365181
5.73555e-05 0.000349695
5.40372e-05 0.000335186
4.94849e-05 0.000321581
4.37219e-05 0.000308836
3.66906e-05 0.00029701
2.83204e-05 0.000286292
1.86017e-05 0.000277007
7.66627e-06 0.000269584
-4.14453e-06 0.000264477
-1.62718e-05 0.000262038
-2.80141e-05 0.000262411
-3.86372e-05 0.000265502
-4.74683e-05 0.000270986
-5.39685e-05 0.000278357
-5.77842e-05 0.000286978
-5.87839e-05 0.000296158
-5.7055e-05 0.000305247
-5.28581e-05 0.000313702
-4.6558e-05 0.000321134
-3.85594e-05 0.000327305
-2.92627e-05 0.000332109
-1.90323e-05 0.000335563
-8.14965e-06 0.000337787
3.22664e-06 0.000338942
1.50482e-05 0.000339154
2.73188e-05 0.00033847
4.00291e-05 0.000336858
5.31226e-05 0.00033425
6.64979e-05 0.000330578
8.00218e-05 0.000325797
9.35498e-05 0.0003199
0.00010696 0.000312921
0.000120186 0.000304898
0.000133212 0.000295825
0.000146018 0.000285603
0.000158507 0.000274061
0.000170464 0.000261023
0.000181568 0.00024637
0.000191435 0.000230082
0.000199657 0.000212245
0.000205825 0.000193064
0.00020957 0.000172866
0.00021061 0.000152102
0.000208799 0.000131306
0.000204152 0.000111043
0.000196855 9.18557e-05
0.000187259 7.41985e-05
0.000175836 5.83562e-05
0.000163083 4.4393e-05
0.000149396 3.21714e-05
0.000134979 2.14511e-05
0.000119832 1.20203e-05
0.000103824 3.79814e-06
8.67911e-05 -3.11811e-06
6.86552e-05 -8.46307e-06
4.9519e-05 -1.18795e-05
2.97037e-05 -1.30478e-05
9.69297e-06 -1.18169e-05
-9.993e-06 -8.27243e-06
-2.89349e-05 -2.71182e-06
-4.69032e-05 4.45373e-06
-6.38708e-05 1.28187e-05
-7.99637e-05 2.20746e-05
-9.53856e-05 3.20532e-05
-0.000110345 4.2731e-05
-0.000124994 5.42046e-05
-0.000139396 6.66447e-05
-0.000153519 8.0249e-05
-0.000167246 9.52192e-05
-0.00018038 0.000111752
-0.000192616 0.000130009
-0.000203549 0.000150052
-0.000212737 0.000171792
-0.00021978 0.000194992
-0.000224375 0.000219307
-0.000226339 0.000244341
-0.0002256 0.000269681
-0.000222199 0.000294937
-0.000216272 0.000319779
-0.000208015 0.000343963
-0.000197632 0.000367345
-0.000185296 0.000389847
-0.00017114 0.000411432
-0.000155253 0.000432091
-0.000137657 0.000451836
-0.00011828 0.000470656
-9.69611e-05 0.000488455
-7.35001e-05 0.000504986
-4.77554e-05 0.000519818
-1.97462e-05 0.000532382
1.028e-05 0.000542047
4.18245e-05 0.000548239
7.41693e-05 0.000550554
0.000106472 0.000548851
0.000137903 0.000543288
0.000167777 0.000534264
0.000195623 0.000522308
0.000221181 0.000507975
0.000244363 0.000491764
0.000265198 0.000474074
0.000283765 0.000455173
0.000300115 0.000435217
0.000314223 0.000414301
0.000325984 0.000392524
0.000335235 0.00037003
0.000341781 0.000347023
0.000345412 0.000323795
0.000345932 0.000300737
0.000343204 0.00027837
0.00033723 0.000257336
0.000328235 0.000238339
0.000316695 0.000222031
0.000303309 0.000208892
0.000288903 0.000199143
0.000274301 0.000192712
0.000260199 0.000189266
0.00024706 0.000188308
0.000235077 0.00018932
0.00022423 0.000191905
0.000214402 0.000195853
0.000205506 0.00020114
0.000197574 0.000207858
0.000190793 0.00021613
0.000185513 0.000226014
0.000182191 0.000237413
0.000181302 0.000250014
0.000183219 0.000263304
0.000188123 0.000276625
0.000195962 0.000289279
0.000206451 0.000300616
0.000219111 0.000310129
0.00023334 0.000317512
0.000248511 0.000322694
0.00026407 0.00032582
0.000279618 0.00032718
0.000294933 0.000327112
0.000309939 0.000325921
0.000324651 0.000323841
0.000339117 0.00032103
0.000353382 0.000317598
0.000367479 0.000313649
0.000381475 0.000309312
0.000395521 0.000304709
0.000409877 0.000299882
0.00042486 0.000294704
0.00044073 0.000288843
0.000457582 0.000281817
0.000475287 0.000273093
0.000493504 0.000262196
0.00051174 0.000248775
0.000529404 0.000232636
0.000545872 0.000213754
0.000560535 0.000192264
0.000572848 0.000168434
0.000582352 0.000142627
0.000588668 0.00011528
0.000591515 8.68933e-05
0.000590736 5.80091e-05
0.000586302 2.91546e-05
0.000578274 8.02802e-07
0.000566761 -2.66285e-05
0.000551897 -5.27462e-05
0.000533855 -7.71613e-05
0.000512875 -9.94978e-05
0.00048926 -0.000119415
0.000463371 -0.000136618
0.000435622 -0.000150877
0.000406463 -0.000162046
0.000376341 -0.000170079
0.000345652 -0.000175005
0.000314725 -0.000176879
0.00028384 -0.000175738
0.00025327 -0.000171587
0.000223314 -0.000164406
0.000194316 -0.000154174
0.000166679 -0.000140891
0.000140858 -0.000124617
0.000117351 -0.0001055
9.66488e-05 -8.38044e-05
7.91947e-05 -5.9899e-05
6.53545e-05 -3.42235e-05
5.54271e-05 -7.2662e-06
4.96495e-05 2.04263e-05
4.81645e-05 4.82348e-05
5.09675e-05 7.54948e-05
5.78847e-05 0.000101568
6.86065e-05 0.000125912
8.27565e-05 0.000148115
9.99605e-05 0.000167878
0.000119891 0.000184961
0.00014227 0.000199114
0.000166811 0.000210013
0.000193132 0.00021725
0.000220652 0.000220399
0.000248566 0.000219154
0.000275921 0.000213449
0.00030174 0.00020352
0.000325153 0.000189882
0.000345498 0.000173267
0.000362395 0.000154515
0.000375752 0.000134438
0.000385695 0.000113701
0.000392445 9.27604e-05
0.000396191 7.18927e-05
0.00039702 5.12867e-05
0.000394914 3.11427e-05
0.000389802 1.17369e-05
0.000381618 -6.54605e-06
0.000370368 -2.32033e-05
0.000356216 -3.76385e-05
0.000339549 -4.92428e-05
0.00032099 -5.75164e-05
0.000301328 -6.21759e-05
0.000281412 -6.32052e-05
0.000262044 -6.08563e-05
0.000243881 -5.56119e-05
0.000227354 -4.8115e-05
0.000212607 -3.90596e-05
0.000199511 -2.90539e-05
0.000187736 -1.85021e-05
0.000176883 -7.54185e-06
0.000166627 3.93881e-06
0.000156819 1.6214e-05
0.00014752 2.96038e-05
0.000138974 4.43702e-05
0.000131542 6.06524e-05
0.000125628 7.84551e-05
0.000121633 9.76732e-05
0.000119951 0.000118109
0.000120969 0.00013945
0.000125026 0.000161236
0.000132328 0.000182851
0.000142863 0.000203592
0.000156369 0.000222776
0.000172359 0.000239848
0.000190201 0.000254467
0.000209221 0.000266541
0.000228814 0.000276209
0.000248532 0.000283772
0.00026811 0.000289594
0.000287442 0.000294018
0.000306525 0.000297327
0.000325412 0.000299741
0.000344198 0.000301434
0.000363022 0.000302537
0.000382077 0.000303119
0.000401586 0.000303151
0.000421766 0.000302488
0.000442772 0.000300872
0.000464653 0.000297957
0.000487302 0.000293356
0.00051044 0.000286724
0.000533652 0.000277854
0.000556482 0.000266725
0.00057854 0.000253483
0.000599561 0.000238374
0.00061942 0.00022166
0.000638104 0.000203563
0.000655676 0.000184223
0.000672225 0.000163684
0.000687823 0.000141901
0.000702494 0.000118756
0.000716187 9.40805e-05
0.000728757 6.76927e-05
0.000739958 3.94329e-05
0.000749458 9.20383e-06
0.000756855 -2.2986e-05
0.000761737 -5.69958e-05
0.00076374 -9.25663e-05
