100
0 0
0.05 0.00024672
0.1 0.000986636
0.15 0.00221902
0.2 0.00394265
0.25 0.00615583
0.3 0.00885637
0.35 0.0120416
0.4 0.0157084
0.45 0.0198532
0.5 0.0244717
0.55 0.0295596
0.6 0.0351118
0.65 0.0411227
0.7 0.0475865
0.75 0.0544967
0.8 0.0618467
0.85 0.069629
0.9 0.077836
0.95 0.0864597
1 0.0954915
1.05 0.104922
1.1 0.114743
1.15 0.124944
1.2 0.135516
1.25 0.146447
1.3 0.157726
1.35 0.169344
1.4 0.181288
1.45 0.193546
1.5 0.206107
1.55 0.218958
1.6 0.232087
1.65 0.245479
1.7 0.259123
1.75 0.273005
1.8 0.28711
1.85 0.301426
1.9 0.315938
1.95 0.330631
2 0.345492
2.05 0.360504
2.1 0.375655
2.15 0.390928
2.2 0.406309
2.25 0.421783
2.3 0.437333
2.35 0.452946
2.4 0.468605
2.45 0.484295
2.5 0.5
2.55 0.515705
2.6 0.531395
2.65 0.547054
2.7 0.562667
2.75 0.578217
2.8 0.593691
2.85 0.609072
2.9 0.624345
2.95 0.639496
3 0.654508
3.05 0.669369
3.1 0.684062
3.15 0.698574
3.2 0.71289
3.25 0.726995
3.3 0.740877
3.35 0.754521
3.4 0.767913
3.45 0.781042
3.5 0.793893
3.55 0.806454
3.6 0.818712
3.65 0.830656
3.7 0.842274
3.75 0.853553
3.8 0.864484
3.85 0.875056
3.9 0.885257
3.95 0.895078
4 0.904508
4.05 0.91354
4.1 0.922164
4.15 0.930371
4.2 0.938153
4.25 0.945503
4.3 0.952414
4.35 0.958877
4.4 0.964888
4.45 0.97044
4.5 0.975528
4.55 0.980147
4.6 0.984292
4.65 0.987958
4.7 0.991144
4.75 0.993844
4.8 0.996057
4.85 0.997781
4.9 0.999013
4.95 0.999753
5 1
