100
0 0
0.1 0.00024672
0.2 0.000986636
0.3 0.00221902
0.4 0.00394265
0.5 0.00615583
0.6 0.00885637
0.7 0.0120416
0.8 0.0157084
0.9 0.0198532
1 0.0244717
1.1 0.0295596
1.2 0.0351118
1.3 0.0411227
1.4 0.0475865
1.5 0.0544967
1.6 0.0618467
1.7 0.069629
1.8 0.077836
1.9 0.0864597
2 0.0954915
2.1 0.104922
2.2 0.114743
2.3 0.124944
2.4 0.135516
2.5 0.146447
2.6 0.157726
2.7 0.169344
2.8 0.181288
2.9 0.193546
3 0.206107
3.1 0.218958
3.2 0.232087
3.3 0.245479
3.4 0.259123
3.5 0.273005
3.6 0.28711
3.7 0.301426
3.8 0.315938
3.9 0.330631
4 0.345492
4.1 0.360504
4.2 0.375655
4.3 0.390928
4.4 0.406309
4.5 0.421783
4.6 0.437333
4.7 0.452946
4.8 0.468605
4.9 0.484295
5 0.5
5.1 0.515705
5.2 0.531395
5.3 0.547054
5.4 0.562667
5.5 0.578217
5.6 0.593691
5.7 0.609072
5.8 0.624345
5.9 0.639496
6 0.654508
6.1 0.669369
6.2 0.684062
6.3 0.698574
6.4 0.71289
6.5 0.726995
6.6 0.740877
6.7 0.754521
6.8 0.767913
6.9 0.781042
7 0.793893
7.1 0.806454
7.2 0.818712
7.3 0.830656
7.4 0.842274
7.5 0.853553
7.6 0.864484
7.7 0.875056
7.8 0.885257
7.9 0.895078
8 0.904508
8.1 0.91354
8.2 0.922164
8.3 0.930371
8.4 0.938153
8.5 0.945503
8.6 0.952414
8.7 0.958877
8.8 0.964888
8.9 0.97044
9 0.975528
9.1 0.980147
9.2 0.984292
9.3 0.987958
9.4 0.991144
9.5 0.993844
9.6 0.996057
9.7 0.997781
9.8 0.999013
9.9 0.999753
10 1
