100
0 0
0.1 0.0157073
0.2 0.0314108
0.3 0.0471065
0.4 0.0627905
0.5 0.0784591
0.6 0.0941083
0.7 0.109734
0.8 0.125333
0.9 0.140901
1 0.156434
1.1 0.171929
1.2 0.187381
1.3 0.202787
1.4 0.218143
1.5 0.233445
1.6 0.24869
1.7 0.263873
1.8 0.278991
1.9 0.29404
2 0.309017
2.1 0.323917
2.2 0.338738
2.3 0.353475
2.4 0.368125
2.5 0.382683
2.6 0.397148
2.7 0.411514
2.8 0.425779
2.9 0.439939
3 0.45399
3.1 0.46793
3.2 0.481754
3.3 0.495459
3.4 0.509041
3.5 0.522499
3.6 0.535827
3.7 0.549023
3.8 0.562083
3.9 0.575005
4 0.587785
4.1 0.60042
4.2 0.612907
4.3 0.625243
4.4 0.637424
4.5 0.649448
4.6 0.661312
4.7 0.673013
4.8 0.684547
4.9 0.695913
5 0.707107
5.1 0.718126
5.2 0.728969
5.3 0.739631
5.4 0.750111
5.5 0.760406
5.6 0.770513
5.7 0.78043
5.8 0.790155
5.9 0.799685
6 0.809017
6.1 0.81815
6.2 0.827081
6.3 0.835807
6.4 0.844328
6.5 0.85264
6.6 0.860742
6.7 0.868632
6.8 0.876307
6.9 0.883766
7 0.891007
7.1 0.898028
7.2 0.904827
7.3 0.911403
7.4 0.917755
7.5 0.92388
7.6 0.929776
7.7 0.935444
7.8 0.940881
7.9 0.946085
8 0.951057
8.1 0.955793
8.2 0.960294
8.3 0.964557
8.4 0.968583
8.5 0.97237
8.6 0.975917
8.7 0.979223
8.8 0.982287
8.9 0.985109
9 0.987688
9.1 0.990024
9.2 0.992115
9.3 0.993961
9.4 0.995562
9.5 0.996917
9.6 0.998027
9.7 0.99889
9.8 0.999507
9.9 0.999877
