2.18163,0.054266,0.793126,0.542273
2.25868,0.108419,0.74815,0.540631
2.33131,0.162362,0.704732,0.538075
2.39968,0.216008,0.66273,0.53472
2.4639,0.269282,0.622018,0.530661
2.52412,0.322119,0.582481,0.525977
2.58044,0.374459,0.54402,0.520731
2.63296,0.426248,0.506545,0.514978
2.68177,0.477439,0.469974,0.508762
2.72698,0.527987,0.434235,0.50212
2.76865,0.57785,0.399262,0.495084
2.80685,0.626991,0.364994,0.487681
2.84167,0.675375,0.331377,0.479931
2.87315,0.722966,0.29836,0.471853
2.90136,0.769735,0.265897,0.463462
2.92635,0.815649,0.233946,0.454771
2.94816,0.860679,0.202467,0.445789
2.96685,0.904797,0.171423,0.436524
2.98246,0.947975,0.14078,0.426982
2.99502,0.990184,0.110507,0.417166
3.00457,1.0314,0.0805728,0.40708
3.01115,1.07159,0.0509496,0.396725
3.01477,1.11074,0.0216106,0.3861
3.01548,1.1488,-0.0074698,0.375204
3.01329,1.18577,-0.0363157,0.364034
3.00822,1.2216,-0.0649503,0.352586
3.0003,1.25627,-0.0933957,0.340855
2.98955,1.28976,-0.121674,0.328836
2.97597,1.32203,-0.149804,0.31652
2.95959,1.35306,-0.177808,0.303899
2.94042,1.3828,-0.205705,0.290963
2.91845,1.41124,-0.233514,0.277701
2.89371,1.43833,-0.261254,0.2641
2.8662,1.46405,-0.288943,0.250148
2.83593,1.48835,-0.3166,0.235828
2.80288,1.5112,-0.344243,0.221123
2.76708,1.53256,-0.37189,0.206014
2.72851,1.55239,-0.39956,0.190481
2.68717,1.57064,-0.427271,0.1745
2.64305,1.58727,-0.455042,0.158047
2.59615,1.60223,-0.482891,0.141092
2.54647,1.61547,-0.510836,0.123606
2.49398,1.62693,-0.538899,0.105553
2.43868,1.63656,-0.567097,0.0868955
2.38056,1.64429,-0.595451,0.067591
2.31959,1.65006,-0.623982,0.0475922
2.25576,1.65379,-0.65271,0.0268462
2.18904,1.6554,-0.681656,0.00529358
2.11942,1.65482,-0.710841,-0.0171325
2.04686,1.65194,-0.740288,-0.0405074
1.97135,1.64668,-0.770019,-0.0649168
1.89285,1.63892,-0.800054,-0.0904583
1.81133,1.62855,-0.830414,-0.117244
1.72675,1.61543,-0.861118,-0.145402
1.63909,1.59942,-0.892185,-0.175081
1.5483,1.58035,-0.923626,-0.206455
1.45435,1.55806,-0.95545,-0.239727
1.3572,1.53234,-0.987654,-0.275138
1.25681,1.50295,-1.02022,-0.312973
1.15315,1.46965,-1.05312,-0.353574
1.04618,1.43213,-1.08628,-0.397354
0.935884,1.39006,-1.11959,-0.444818
0.82226,1.34302,-1.15286,-0.496585
0.705323,1.29057,-1.18578,-0.553417
0.58513,1.23214,-1.21788,-0.616264
0.461801,1.16708,-1.24836,-0.686299
0.335553,1.09459,-1.27598,-0.764955
0.206766,1.01374,-1.29871,-0.853912
0.0760822,0.923409,-1.31323,-0.954929
-0.0554336,0.822312,-1.31425,-1.06928
-0.186054,0.709129,-1.29375,-1.19622
-0.313123,0.582831,-1.24145,-1.32996
-0.432998,0.44338,-1.14913,-1.45612
-0.541692,0.292563,-1.01969,-1.55379
-0.636292,0.134089,-0.871052,-1.60807
-0.716001,-0.0276318,-0.725002,-1.62016
-0.781825,-0.188928,-0.59461,-1.60181
-0.835565,-0.347393,-0.483317,-1.56529
-0.879077,-0.501671,-0.389644,-1.51918
-0.913984,-0.651082,-0.310689,-1.46861
-0.941611,-0.795341,-0.243606,-1.41646
-0.963021,-0.934373,-0.186027,-1.36427
-0.97907,-1.06822,-0.136087,-1.31285
-0.990445,-1.19698,-0.0923479,-1.2626
-0.997709,-1.32079,-0.0536956,-1.2137
-1.00132,-1.43977,-0.0192661,-1.16619
-1.00168,-1.55407,0.0116188,-1.12006
-0.999101,-1.66383,0.0394969,-1.07525
-0.993867,-1.76916,0.0647991,-1.03169
-0.986216,-1.8702,0.0878744,-0.989294
-0.976356,-1.96706,0.109008,-0.947988
-0.964471,-2.05983,0.128437,-0.907691
-0.950719,-2.14863,0.146356,-0.868328
-0.935244,-2.23353,0.162931,-0.829826
-0.918173,-2.31462,0.1783,-0.79212
-0.899621,-2.39198,0.192583,-0.755147
-0.879689,-2.46567,0.205881,-0.71885
-0.858474,-2.53577,0.218282,-0.683175
-0.83606,-2.60232,0.229861,-0.648073
-0.812527,-2.6654,0.240684,-0.613496
-0.787947,-2.72504,0.250808,-0.579403
-0.762387,-2.78129,0.260284,-0.545753
-0.73591,-2.8342,0.269155,-0.512507
-0.708575,-2.88381,0.277461,-0.479632
-0.680436,-2.93014,0.285236,-0.447092
-0.651545,-2.97324,0.29251,-0.414858
-0.62195,-3.01312,0.29931,-0.382898
-0.591698,-3.04982,0.305659,-0.351185
-0.560832,-3.08337,0.311577,-0.319691
-0.529396,-3.11377,0.317085,-0.288389
-0.497429,-3.14105,0.322196,-0.257256
-0.464969,-3.16522,0.326926,-0.226266
-0.432056,-3.18631,0.331286,-0.195396
-0.398724,-3.20431,0.335286,-0.164623
-0.36501,-3.21923,0.338937,-0.133924
-0.330948,-3.23109,0.342243,-0.103278
-0.296573,-3.23989,0.345212,-0.0726613
-0.261917,-3.24563,0.347848,-0.042053
-0.227014,-3.2483,0.350154,-0.0114313
-0.191897,-3.24791,0.352131,0.0192256
-0.156599,-3.24445,0.353779,0.0499398
-0.121152,-3.23792,0.355099,0.0807335
-0.0855903,-3.2283,0.356086,0.111629
-0.0499463,-3.21559,0.356738,0.14265
-0.014254,-3.19977,0.35705,0.173819
0.0214522,-3.18082,0.357014,0.205161
0.057137,-3.15873,0.356623,0.236702
0.0927646,-3.13347,0.355866,0.268466
0.128298,-3.10503,0.354731,0.300482
0.163698,-3.07337,0.353204,0.332778
0.198925,-3.03846,0.351269,0.365383
0.233937,-3.00028,0.348906,0.39833
0.268691,-2.95878,0.346095,0.431652
0.30314,-2.91394,0.342809,0.465385
0.337236,-2.86569,0.33902,0.499566
0.370926,-2.81401,0.334696,0.534237
0.404156,-2.75883,0.329799,0.569441
0.436866,-2.7001,0.324284,0.605225
0.468991,-2.63776,0.318102,0.64164
0.500462,-2.57175,0.311195,0.678742
0.531203,-2.50199,0.303496,0.716592
0.561132,-2.4284,0.294928,0.755254
0.590157,-2.35091,0.285397,0.794801
0.618176,-2.26941,0.274798,0.835312
0.645077,-2.18381,0.263004,0.876872
0.670732,-2.094,0.249862,0.919578
0.694998,-1.99985,0.235191,0.963532
0.717712,-1.90125,0.218771,1.00885
0.738685,-1.79803,0.200335,1.05565
0.757701,-1.69006,0.17955,1.10406
0.774503,-1.57716,0.156006,1.15423
0.788793,-1.45915,0.129183,1.20628
0.800209,-1.33584,0.0984182,1.26033
0.808317,-1.20702,0.0628579,1.31648
0.812584,-1.07248,0.0213865,1.37471
0.812349,-0.932012,-0.0274659,1.43485
0.80678,-0.785458,-0.0856438,1.4964
0.794825,-0.632721,-0.155697,1.55822
0.775138,-0.473881,-0.240846,1.61795
0.74603,-0.309349,-0.344728,1.67103
0.70547,-0.140161,-0.47016,1.70935
0.651314,0.0316155,-0.615804,1.72042
0.581981,0.202548,-0.770894,1.69053
0.497525,0.368171,-0.914288,1.61476
0.400206,0.524345,-1.02573,1.50464
0.293677,0.668634,-1.09869,1.38036
0.181564,0.80048,-1.13888,1.25767
0.0666806,0.920478,-1.15561,1.14409
-0.0490412,1.02967,-1.15676,1.04165
-0.164338,1.12917,-1.14785,0.949946
-0.278397,1.21998,-1.13246,0.867743
-0.390692,1.30299,-1.11289,0.793683
-0.500886,1.37894,-1.09062,0.726529
-0.608759,1.44849,-1.06661,0.665231
-0.71417,1.51216,-1.04147,0.608919
-0.817031,1.57041,-1.01565,0.556876
-0.917286,1.62365,-0.989407,0.508515
-1.0149,1.67222,-0.962946,0.463353
-1.10987,1.71642,-0.936394,0.420988
-1.20218,1.7565,-0.909839,0.381085
-1.29184,1.79271,-0.883339,0.343362
-1.37885,1.82524,-0.856933,0.30758
-1.46323,1.85428,-0.830644,0.273537
-1.54499,1.88,-0.804485,0.241057
-1.62413,1.90254,-0.778462,0.209991
-1.70068,1.92204,-0.752574,0.180208
-1.77465,1.93862,-0.726819,0.151593
-1.84605,1.95239,-0.701189,0.124047
-1.91489,1.96346,-0.675677,0.097481
-1.98119,1.97192,-0.650271,0.0718168
-2.04495,1.97785,-0.624961,0.0469851
-2.10619,1.98134,-0.599735,0.0229236
-2.1649,1.98246,-0.57458,-0.000423176
-2.2211,1.98128,-0.549484,-0.0231053
-2.2748,1.97786,-0.524431,-0.0451678
-2.32599,1.97227,-0.49941,-0.0666516
-2.37468,1.96455,-0.474406,-0.0875935
-2.42087,1.95476,-0.449404,-0.108027
-2.46456,1.94296,-0.424392,-0.127984
-2.50575,1.92918,-0.399353,-0.147491
-2.54443,1.91348,-0.374274,-0.166574
-2.5806,1.89588,-0.34914,-0.185256
-2.61426,1.87644,-0.323935,-0.203559
-2.64539,1.85518,-0.298644,-0.221503
-2.67398,1.83215,-0.273251,-0.239106
-2.70003,1.80737,-0.247739,-0.256383
-2.72353,1.78088,-0.222092,-0.273351
-2.74445,1.75271,-0.196293,-0.290024
-2.76278,1.72289,-0.170324,-0.306413
-2.77851,1.69144,-0.144165,-0.322531
-2.79161,1.65839,-0.117799,-0.338387
-2.80206,1.62377,-0.0912035,-0.353992
-2.80984,1.5876,-0.0643586,-0.369354
-2.81492,1.54991,-0.0372418,-0.384479
-2.81728,1.51071,-0.00982946,-0.399375
-2.81688,1.47004,0.0179032,-0.414047
-2.81368,1.42791,0.0459825,-0.428498
-2.80767,1.38435,0.0744367,-0.442733
-2.79878,1.33937,0.103296,-0.456752
-2.78699,1.293,0.132592,-0.470558
-2.77225,1.24526,0.162359,-0.484148
-2.7545,1.19618,0.192636,-0.497522
-2.7337,1.14577,0.223461,-0.510675
-2.70979,1.09405,0.25488,-0.523602
-2.68271,1.04106,0.28694,-0.536294
-2.65238,0.986801,0.319692,-0.548742
-2.61874,0.931315,0.353196,-0.560932
-2.58171,0.874624,0.387512,-0.572847
-2.54121,0.816756,0.422712,-0.584466
-2.49714,0.757741,0.458873,-0.595764
-2.4494,0.697615,0.496081,-0.606709
-2.39789,0.636413,0.534433,-0.617261
-2.34247,0.574177,0.574038,-0.627371
-2.28303,0.510955,0.615018,-0.63698
-2.21942,0.4468,0.657512,-0.646014
-2.15147,0.381775,0.701678,-0.65438
-2.07902,0.31595,0.747698,-0.661963
-2.00187,0.249413,0.79578,-0.668615
-1.91979,0.182265,0.846163,-0.67415
-1.83255,0.114628,0.899127,-0.678326
-1.73987,0.0466549,0.954991,-0.680831
-1.64144,-0.0214685,1.01413,-0.681248
-1.53692,-0.0895069,1.07697,-0.679024
-1.42591,-0.15716,1.14399,-0.673403
-1.30796,-0.22404,1.21573,-0.663343
-1.18259,-0.289633,1.29271,-0.647384
-1.04923,-0.353252,1.37539,-0.623448
-0.907315,-0.413959,1.46386,-0.588573
-0.756289,-0.470464,1.55735,-0.538579
-0.595765,-0.520986,1.65311,-0.467888
-0.425807,-0.563139,1.74445,-0.370194
-0.247441,-0.593985,1.81859,-0.241604
-0.06325,-0.610584,1.85803,-0.0872376
0.122572,-0.611181,1.8503,0.074492
0.305344,-0.596218,1.79904,0.220664
0.481464,-0.568014,1.72023,0.338307
0.649009,-0.529534,1.62975,0.426791
0.807362,-0.483455,1.53754,0.491318
0.956622,-0.43187,1.44839,0.537812
1.09721,-0.376331,1.36417,0.571106
1.22963,-0.31797,1.2853,0.59474
1.35444,-0.25762,1.2116,0.611226
1.47211,-0.195903,1.14264,0.62234
1.58311,-0.133289,1.07794,0.629346
1.68783,-0.0701403,1.01704,0.63316
1.78663,-0.00674095,0.959515,0.634453
1.87983,0.0566831,0.904983,0.633726
1.96771,0.11995,0.853117,0.631358
2.05053,0.18291,0.80363,0.627638
2.12851,0.24544,0.756274,0.622792
2.20185,0.307437,0.710834,0.616997
2.27073,0.368812,0.66712,0.610394
2.33533,0.429492,0.624969,0.603093
2.39578,0.489411,0.584236,0.595186
2.45222,0.548511,0.544793,0.586745
2.50477,0.606744,0.506527,0.57783
2.55356,0.664063,0.469339,0.568489
2.59867,0.720429,0.433138,0.558764
2.64022,0.775804,0.397844,0.548686
2.67827,0.830155,0.363385,0.538282
2.71292,0.88345,0.329694,0.527575
2.74423,0.935661,0.296713,0.516582
2.77228,0.986758,0.264387,0.505318
2.79713,1.03672,0.232666,0.493795
2.81884,1.08551,0.201506,0.482021
2.83745,1.13311,0.170865,0.470003
2.85302,1.1795,0.140703,0.457746
2.86561,1.22465,0.110985,0.445252
2.87523,1.26854,0.0816771,0.432525
2.88195,1.31115,0.0527489,0.419563
2.8858,1.35245,0.024171,0.406366
2.8868,1.39242,-0.00408409,0.392931
2.88499,1.43103,-0.0320422,0.379255
2.8804,1.46826,-0.0597277,0.365333
2.87305,1.50408,-0.0871639,0.351159
2.86297,1.53848,-0.114373,0.336727
2.85018,1.57142,-0.141376,0.322028
2.8347,1.60288,-0.168192,0.307054
2.81655,1.63282,-0.194843,0.291795
2.79574,1.66123,-0.221346,0.27624
2.77229,1.68806,-0.247719,0.260375
2.7462,1.71329,-0.273981,0.244189
2.71749,1.73689,-0.300148,0.227664
2.68617,1.75881,-0.326238,0.210786
2.65225,1.77903,-0.352267,0.193536
2.61572,1.79751,-0.378252,0.175894
2.5766,1.8142,-0.404208,0.157839
2.53488,1.82906,-0.430151,0.139347
2.49057,1.84205,-0.456098,0.120392
2.44366,1.85312,-0.482065,0.100945
2.39415,1.86222,-0.508066,0.0809758
2.34205,1.8693,-0.534118,0.0604493
2.28733,1.87429,-0.560236,0.0393275
2.23,1.87714,-0.586435,0.0175683
2.17004,1.87778,-0.612733,-0.00487492
2.10745,1.87614,-0.639142,-0.0280541
2.04221,1.87215,-0.66568,-0.0520273
1.9743,1.86571,-0.692361,-0.0768592
1.90373,1.85674,-0.719198,-0.102623
1.83046,1.84515,-0.746206,-0.1294
1.75448,1.83083,-0.773396,-0.157285
1.67577,1.81365,-0.80078,-0.186383
1.59432,1.7935,-0.828364,-0.216816
1.51009,1.77024,-0.856153,-0.248724
1.42308,1.74371,-0.884146,-0.282268
1.33326,1.71373,-0.912334,-0.317636
1.24061,1.68011,-0.940698,-0.355048
1.14511,1.64264,-0.969203,-0.394766
1.04676,1.60107,-0.997794,-0.437097
0.945555,1.55512,-1.02638,-0.482411
0.841493,1.50447,-1.05483,-0.531155
0.734601,1.44876,-1.08293,-0.583868
0.624928,1.38755,-1.11039,-0.641213
0.512561,1.32033,-1.13671,-0.703998
0.397646,1.24653,-1.16119,-0.773215
0.28042,1.16544,-1.18271,-0.850059
0.16126,1.07622,-1.1995,-0.935925
0.0407677,0.977902,-1.2088,-1.0323
-0.0801058,0.869369,-1.20622,-1.14036
-0.199862,0.749441,-1.18513,-1.25996
-0.316212,0.61711,-1.13645,-1.38731
-0.425923,0.472073,-1.05113,-1.51152
-0.525138,0.315542,-0.927359,-1.61363
-0.610535,0.150719,-0.778177,-1.67511
-0.680684,-0.017953,-0.6261,-1.6913
-0.736248,-0.186355,-0.488395,-1.67201
-0.77906,-0.351633,-0.371356,-1.63092
-0.811186,-0.512166,-0.274249,-1.57851
-0.834468,-0.667173,-0.193909,-1.52117
-0.850414,-0.816355,-0.126993,-1.46243
-0.86022,-0.959674,-0.0706823,-1.4041
-0.86483,-1.09722,-0.0227718,-1.34707
-0.864998,-1.22914,0.0184221,-1.29175
-0.861327,-1.35563,0.0541813,-1.23826
-0.85431,-1.47686,0.0854873,-1.18663
-0.844352,-1.59301,0.1131,-1.13677
-0.831793,-1.70427,0.137613,-1.08858
-0.816917,-1.81078,0.159496,-1.04195
-0.799969,-1.91271,0.179127,-0.996768
-0.781157,-2.01018,0.196809,-0.952918
-0.760664,-2.10333,0.212792,-0.910294
-0.738648,-2.19228,0.227282,-0.868797
-0.715251,-2.27712,0.240449,-0.828336
-0.690598,-2.35797,0.252436,-0.788827
-0.664799,-2.43492,0.263365,-0.750194
-0.637957,-2.50804,0.273338,-0.712365
-0.610161,-2.57742,0.282443,-0.675275
-0.581494,-2.64312,0.290756,-0.638866
-0.552034,-2.70521,0.298342,-0.603083
-0.521848,-2.76375,0.305257,-0.567874
-0.491003,-2.8188,0.311551,-0.533194
-0.459557,-2.87041,0.317266,-0.498998
-0.427568,-2.91862,0.322439,-0.465246
-0.395087,-2.96347,0.327104,-0.4319
-0.362163,-3.00501,0.331288,-0.398924
-0.328844,-3.04327,0.335018,-0.366286
-0.295174,-3.07828,0.338314,-0.333954
-0.261195,-3.11007,0.341197,-0.301897
-0.226948,-3.13866,0.343682,-0.270088
-0.192471,-3.16409,0.345785,-0.238498
-0.157803,-3.18637,0.347517,-0.207103
-0.12298,-3.20552,0.348889,-0.175876
-0.088037,-3.22155,0.34991,-0.144794
-0.0530093,-3.23448,0.350587,-0.113833
-0.017931,-3.24432,0.350925,-0.0829695
0.0171644,-3.25108,0.350928,-0.0521811
0.0522437,-3.25476,0.350601,-0.0214457
0.0872736,-3.25537,0.349943,0.00925882
0.122221,-3.25291,0.348955,0.0399544
0.157053,-3.24738,0.347635,0.0706629
0.191737,-3.23877,0.345982,0.101406
0.226239,-3.22709,0.343991,0.132206
0.260524,-3.21233,0.341656,0.163086
0.294558,-3.19447,0.338972,0.194067
0.328306,-3.17351,0.335929,0.225174
0.361732,-3.14943,0.332517,0.25643
0.394797,-3.12222,0.328726,0.287859
0.427464,-3.09185,0.32454,0.319487
0.459691,-3.05832,0.319945,0.351341
0.491438,-3.02158,0.314921,0.383447
0.522661,-2.98162,0.309449,0.415835
0.553312,-2.9384,0.303505,0.448536
0.583345,-2.8919,0.297062,0.48158
0.612707,-2.84207,0.290089,0.515002
0.641344,-2.78888,0.282552,0.548838
0.669197,-2.73229,0.274412,0.583126
0.696205,-2.67224,0.265623,0.617908
0.722299,-2.60869,0.256134,0.653228
0.747406,-2.54158,0.245886,0.689133
0.771448,-2.47084,0.234811,0.725674
0.794338,-2.39642,0.22283,0.762906
0.815981,-2.31824,0.209853,0.80089
0.836272,-2.23621,0.195773,0.839691
0.855095,-2.15027,0.180465,0.879378
0.872319,-2.06031,0.163782,0.920028
0.8878,-1.96623,0.145549,0.961723
0.901371,-1.86792,0.125555,1.00455
0.912844,-1.76528,0.103547,1.0486
0.922003,-1.65816,0.0792155,1.09398
0.928597,-1.54643,0.0521781,1.14076
0.932332,-1.42996,0.0219606,1.18906
0.932863,-1.30857,-0.0120345,1.23893
0.929774,-1.18212,-0.0505673,1.2904
0.922566,-1.05044,-0.0946158,1.34341
0.910626,-0.91339,-0.14545,1.39778
0.893195,-0.770855,-0.204725,1.453
0.869328,-0.622793,-0.274589,1.50808
0.837835,-0.469308,-0.357755,1.56104
0.797229,-0.310774,-0.457371,1.60824
0.745715,-0.148064,-0.576264,1.64315
0.681319,0.0171017,-0.714645,1.65529
0.602354,0.181787,-0.865585,1.63135
0.508365,0.341851,-1.0114,1.56236
0.400999,0.49293,-1.12984,1.45403
0.283733,0.631986,-1.20874,1.32551
0.160486,0.757999,-1.25081,1.19568
0.0344783,0.871436,-1.26565,1.07502
-0.0920496,0.973423,-1.26255,0.966853
-0.217659,1.06522,-1.24818,0.871011
-0.341455,1.14799,-1.22685,0.786077
-0.462889,1.22274,-1.20127,0.710422
-0.581625,1.29033,-1.17313,0.642554
-0.697465,1.35147,-1.14348,0.581218
-0.810293,1.40676,-1.11299,0.525384
-0.92005,1.4567,-1.0821,0.474215
-1.02671,1.50174,-1.05108,0.427036
-1.13027,1.54222,-1.0201,0.383292
-1.23073,1.57849,-0.989276,0.342531
-1.32813,1.61082,-0.958677,0.304379
-1.42248,1.63945,-0.928344,0.268523
-1.51381,1.66459,-0.898295,0.234702
-1.60215,1.68645,-0.868539,0.202693
-1.68753,1.70518,-0.839075,0.172309
-1.76997,1.72096,-0.809895,0.143388
-1.84951,1.7339,-0.780986,0.11579
-1.92618,1.74415,-0.752336,0.0893947
-1.99999,1.75182,-0.723928,0.0640959
-2.07097,1.75701,-0.695744,0.0398012
-2.13914,1.75981,-0.667767,0.0164292
-2.20453,1.76032,-0.639979,-0.00609236
-2.26715,1.75862,-0.612362,-0.0278274
-2.32701,1.75478,-0.584897,-0.0488331
-2.38413,1.74888,-0.557565,-0.0691606
-2.43853,1.74097,-0.53035,-0.0888555
-2.4902,1.73112,-0.503234,-0.107959
-2.53917,1.7194,-0.476197,-0.126509
-2.58545,1.70584,-0.449224,-0.144538
-2.62902,1.6905,-0.422297,-0.162078
-2.66991,1.67344,-0.395398,-0.179155
-2.7081,1.65469,-0.36851,-0.195794
-2.74361,1.63429,-0.341616,-0.21202
-2.77642,1.6123,-0.314699,-0.227851
-2.80655,1.58874,-0.287741,-0.243308
-2.83397,1.56365,-0.260725,-0.258407
-2.85869,1.53707,-0.233633,-0.273164
-2.88069,1.50903,-0.206447,-0.287593
-2.89997,1.47956,-0.179149,-0.301706
-2.91652,1.44869,-0.151719,-0.315515
-2.93031,1.41646,-0.124138,-0.329031
-2.94134,1.3829,-0.096387,-0.342261
-2.94958,1.34802,-0.0684445,-0.355215
-2.95502,1.31186,-0.0402891,-0.367898
-2.95763,1.27445,-0.0118984,-0.380316
-2.95739,1.23581,0.016751,-0.392474
-2.95427,1.19596,0.0456838,-0.404376
-2.94825,1.15494,0.074926,-0.416022
-2.93928,1.11277,0.104505,-0.427415
-2.92733,1.06947,0.13445,-0.438553
-2.91237,1.02507,0.164792,-0.449435
-2.89436,0.97959,0.195564,-0.460058
-2.87325,0.933064,0.226803,-0.470416
-2.84898,0.885516,0.258545,-0.480503
-2.82152,0.836973,0.290833,-0.49031
-2.7908,0.787464,0.323711,-0.499825
-2.75676,0.737018,0.357229,-0.509035
-2.71933,0.685667,0.391439,-0.517921
-2.67844,0.633445,0.426401,-0.526463
-2.63402,0.580387,0.462177,-0.534636
-2.58598,0.526531,0.498839,-0.542408
-2.53422,0.47192,0.536466,-0.549743
-2.47865,0.416599,0.575145,-0.556595
-2.41915,0.360619,0.614973,-0.562912
-2.35561,0.304036,0.65606,-0.568628
-2.2879,0.246916,0.698529,-0.573662
-2.21586,0.18933,0.742519,-0.577917
-2.13934,0.131362,0.788189,-0.581273
-2.05816,0.0731103,0.835719,-0.58358
-1.97212,0.0146875,0.885314,-0.584651
-1.88102,-0.0437708,0.937211,-0.584247
-1.78459,-0.102103,0.991678,-0.582063
-1.68259,-0.160111,1.04903,-0.577706
-1.57468,-0.217554,1.1096,-0.570656
-1.46054,-0.27413,1.17379,-0.560222
-1.33979,-0.329455,1.24202,-0.545467
-1.21199,-0.383037,1.31469,-0.525107
-1.07669,-0.434231,1.39213,-0.497351
-0.933405,-0.482178,1.4744,-0.45969
-0.78167,-0.525723,1.56089,-0.408619
-0.621153,-0.563299,1.64951,-0.339426
-0.451862,-0.592815,1.73517,-0.246455
-0.274548,-0.611635,1.80774,-0.125019
-0.0912761,-0.616901,1.85142,0.0234887
0.0942466,-0.606478,1.8509,0.185379
0.277324,-0.580155,1.80362,0.337595
0.453851,-0.539893,1.7229,0.46231
0.621389,-0.488762,1.62652,0.555237
0.779061,-0.429756,1.5271,0.620903
0.926923,-0.365267,1.43101,0.665966
1.06546,-0.297057,1.34074,0.696156
1.19528,-0.226389,1.25684,0.715701
1.31703,-0.154172,1.17905,0.727565
1.43128,-0.0810634,1.10683,0.733803
1.53856,-0.00755054,1.03956,0.735851
1.63934,0.0660013,0.976654,0.734724
1.73402,0.139313,0.917591,0.731153
1.82297,0.212168,0.861913,0.725669
1.9065,0.284396,0.809224,0.718668
1.9849,0.355861,0.759188,0.710446
2.05842,0.426453,0.711512,0.701231
2.12727,0.49608,0.665947,0.691196
2.19167,0.564669,0.622277,0.680477
2.25179,0.632156,0.580315,0.66918
2.30778,0.698489,0.539896,0.657389
2.35981,0.76362,0.50088,0.645171
2.408,0.82751,0.463138,0.632579
2.45248,0.890125,0.426561,0.619656
2.49335,0.951432,0.391049,0.606436
2.53072,1.0114,0.356515,0.592946
2.56468,1.07001,0.32288,0.579208
2.59532,1.12724,0.290072,0.56524
2.62272,1.18305,0.258028,0.551054
2.64695,1.23744,0.226689,0.53666
2.66808,1.29038,0.196004,0.522068
2.68617,1.34185,0.165924,0.507281
2.70129,1.39183,0.136404,0.492303
2.71347,1.4403,0.107404,0.477136
2.72278,1.48725,0.0788872,0.461779
2.72926,1.53265,0.0508184,0.446233
2.73296,1.57649,0.0231657,0.430493
2.73391,1.61874,-0.00410083,0.414557
2.73215,1.65939,-0.0310091,0.39842
2.72772,1.69842,-0.0575852,0.382076
2.72065,1.7358,-0.0838538,0.365519
2.71096,1.77152,-0.109838,0.34874
2.69869,1.80554,-0.135559,0.331732
2.68385,1.83786,-0.161039,0.314486
2.66649,1.86843,-0.186296,0.296989
2.6466,1.89724,-0.211351,0.279232
2.62422,1.92427,-0.236219,0.261202
2.59936,1.94948,-0.26092,0.242884
2.57204,1.97284,-0.285468,0.224265
2.54227,1.99432,-0.309881,0.205327
2.51007,2.01389,-0.334174,0.186055
2.47544,2.03152,-0.358361,0.166428
2.4384,2.04716,-0.382457,0.146427
2.39895,2.06079,-0.406476,0.126029
2.35711,2.07235,-0.430432,0.105211
2.31287,2.08182,-0.454337,0.0839447
2.26624,2.08913,-0.478206,0.0622028
2.21723,2.09424,-0.50205,0.0399536
2.16583,2.0971,-0.525882,0.0171628
2.11205,2.09765,-0.549714,-0.00620718
2.05589,2.09584,-0.573557,-0.0301979
1.99734,2.09159,-0.597423,-0.0548549
1.9364,2.08484,-0.62132,-0.080229
1.87308,2.07552,-0.64526,-0.106376
1.80735,2.06354,-0.669251,-0.133359
1.73922,2.04882,-0.6933,-0.161248
1.66869,2.03126,-0.717414,-0.190121
1.59574,2.01076,-0.741595,-0.220067
1.52037,1.98721,-0.765846,-0.251185
1.44257,1.96048,-0.790164,-0.283591
1.36233,1.93044,-0.814541,-0.317414
1.27966,1.89694,-0.838965,-0.352804
1.19454,1.85982,-0.863412,-0.389935
1.10697,1.81889,-0.887849,-0.429008
1.01697,1.77395,-0.912225,-0.470258
0.924534,1.72476,-0.936466,-0.513963
0.829685,1.67106,-0.960467,-0.560453
0.732454,1.61256,-0.984078,-0.610122
0.63289,1.54892,-1.00708,-0.66344
0.531068,1.47973,-1.02916,-0.720979
0.427102,1.40456,-1.04987,-0.78343
0.321162,1.32286,-1.06853,-0.851625
0.213498,1.23401,-1.08413,-0.926562
0.104489,1.13728,-1.09513,-1.0094
-0.00529788,1.03182,-1.09919,-1.10136
-0.114998,0.916669,-1.09265,-1.20349
-0.223295,0.79078,-1.07003,-1.31593
-0.328211,0.653215,-1.02357,-1.43623
-0.426914,0.503526,-0.944379,-1.55647
-0.515817,0.342449,-0.827521,-1.6607
-0.591394,0.172592,-0.680459,-1.72906
-0.651595,-0.00179509,-0.523966,-1.751
-0.696585,-0.176248,-0.378957,-1.73244
-0.728117,-0.34741,-0.255553,-1.68762
-0.748444,-0.513321,-0.154479,-1.62911
-0.75965,-0.673047,-0.0725025,-1.56493
-0.763451,-0.826265,-0.00574628,-1.49944
-0.761194,-0.972966,0.0491387,-1.43484
-0.753931,-1.1133,0.0947667,-1.37214
-0.742483,-1.24747,0.133112,-1.31174
-0.727502,-1.37573,0.165654,-1.25375
-0.709508,-1.4983,0.193511,-1.1981
-0.688927,-1.61542,0.217534,-1.14467
-0.666107,-1.7273,0.238378,-1.09329
-0.64134,-1.83414,0.256556,-1.04382
-0.614871,-1.93612,0.272473,-0.996078
-0.58691,-2.03341,0.286453,-0.949932
-0.557637,-2.12616,0.298757,-0.905241
-0.527207,-2.2145,0.3096,-0.86188
-0.495759,-2.29857,0.319158,-0.819736
-0.463414,-2.37849,0.327577,-0.778705
-0.430278,-2.45435,0.334979,-0.738694
-0.396448,-2.52626,0.341469,-0.69962
-0.362012,-2.5943,0.347132,-0.661404
-0.327047,-2.65856,0.352043,-0.623978
-0.291626,-2.71912,0.356268,-0.587277
-0.255814,-2.77604,0.359859,-0.551242
-0.219673,-2.82939,0.362865,-0.515821
-0.183259,-2.87922,0.365327,-0.480964
-0.146625,-2.9256,0.36728,-0.446624
-0.109819,-2.96856,0.368754,-0.412759
-0.0728892,-3.00817,0.369777,-0.37933
-0.0358783,-3.04444,0.370371,-0.346301
0.00117152,-3.07744,0.370557,-0.313635
0.0382202,-3.10718,0.370352,-0.281301
0.0752294,-3.13371,0.36977,-0.249268
0.112162,-3.15704,0.368825,-0.217506
0.148983,-3.17722,0.367526,-0.185988
0.185656,-3.19425,0.365882,-0.154687
0.222148,-3.20816,0.363901,-0.123578
0.258425,-3.21897,0.361587,-0.0926357
0.294454,-3.22669,0.358946,-0.0618364
0.330203,-3.23134,0.355978,-0.031157
0.365639,-3.23293,0.352687,-0.000574765
0.40073,-3.23146,0.34907,0.0299325
0.435442,-3.22694,0.345127,0.0603867
0.469744,-3.21938,0.340855,0.0908095
0.503602,-3.20878,0.33625,0.121222
0.536983,-3.19514,0.331306,0.151647
0.569852,-3.17845,0.326016,0.182105
0.602174,-3.15872,0.320373,0.212619
0.633914,-3.13592,0.314365,0.243209
0.665035,-3.11007,0.307983,0.273899
0.695498,-3.08114,0.301211,0.304712
0.725263,-3.04912,0.294035,0.335671
0.754291,-3.014,0.286438,0.366801
0.782536,-2.97576,0.2784,0.398126
0.809955,-2.93437,0.2699,0.429672
0.8365,-2.88981,0.26091,0.461468
0.86212,-2.84207,0.251405,0.49354
0.886763,-2.7911,0.241351,0.525919
0.910371,-2.73687,0.230713,0.558637
0.932885,-2.67936,0.219451,0.591727
0.954239,-2.61851,0.207518,0.625224
0.974364,-2.5543,0.194861,0.659165
0.993185,-2.48666,0.181422,0.693591
1.01062,-2.41556,0.167133,0.728544
1.02658,-2.34093,0.151914,0.764069
1.04097,-2.26273,0.135677,0.800216
1.05368,-2.18087,0.118316,0.837037
1.06459,-2.09529,0.099711,0.874586
1.07357,-2.00593,0.0797181,0.912924
1.08048,-1.91268,0.0581697,0.952111
1.08515,-1.81547,0.034866,0.992215
1.08739,-1.71421,0.00956778,1.0333
1.08699,-1.60878,-0.018014,1.07543
1.0837,-1.49908,-0.0482313,1.11867
1.07724,-1.385,-0.0815177,1.16307
1.06728,-1.26643,-0.118412,1.20865
1.05341,-1.14324,-0.159591,1.25539
1.03519,-1.01531,-0.205913,1.30321
1.01202,-0.882566,-0.258477,1.35187
0.983236,-0.744928,-0.318698,1.40089
0.947969,-0.602404,-0.388387,1.44938
0.905167,-0.455124,-0.469824,1.49567
0.853523,-0.303442,-0.565692,1.53675
0.791458,-0.148118,-0.678621,1.56738
0.71719,0.00940211,-0.809652,1.57892
0.629048,0.166629,-0.954759,1.55936
0.526211,0.319854,-1.10036,1.49759
0.409691,0.464713,-1.22466,1.39345
0.282581,0.597649,-1.31047,1.26265
0.148958,0.717068,-1.35585,1.12627
0.0124624,0.823193,-1.36974,0.998294
-0.124297,0.917189,-1.36273,0.884036
-0.25966,1.00047,-1.3429,0.783822
-0.392626,1.07437,-1.31548,0.696109
-0.522611,1.14004,-1.2837,0.618961
-0.649286,1.19845,-1.24952,0.550591
-0.772474,1.2504,-1.21411,0.489496
-0.892091,1.29656,-1.17818,0.434463
-1.00811,1.33747,-1.14218,0.384514
-1.12053,1.3736,-1.10637,0.338871
-1.22939,1.40536,-1.07091,0.296902
-1.33473,1.43309,-1.03587,0.258099
-1.43658,1.45707,-1.00131,0.222044
-1.53501,1.47758,-0.967248,0.188392
-1.63005,1.49482,-0.93368,0.156858
-1.72176,1.50901,-0.900596,0.1272
-1.81019,1.52032,-0.867977,0.0992171
-1.89537,1.5289,-0.835801,0.072735
-1.97736,1.53491,-0.804043,0.0476062
-2.05619,1.53847,-0.772677,0.0237031
-2.13191,1.53969,-0.741677,0.000914962
-2.20454,1.53868,-0.711014,-0.0208545
-2.27412,1.53555,-0.680664,-0.0416897
-2.34068,1.53037,-0.6506,-0.0616651
-2.40425,1.52324,-0.620798,-0.0808461
-2.46485,1.51423,-0.591233,-0.0992911
-2.5225,1.50341,-0.561882,-0.117052
-2.57723,1.49084,-0.532721,-0.134174
-2.62905,1.47659,-0.503729,-0.1507
-2.67798,1.46072,-0.474883,-0.166666
-2.72403,1.44328,-0.446163,-0.182106
-2.76722,1.42431,-0.417549,-0.19705
-2.80755,1.40388,-0.389019,-0.211524
-2.84502,1.38202,-0.360555,-0.225553
-2.87966,1.35879,-0.332136,-0.23916
-2.91145,1.33421,-0.303743,-0.252363
-2.94041,1.30833,-0.275358,-0.265182
-2.96652,1.28118,-0.24696,-0.277631
-2.9898,1.25281,-0.21853,-0.289726
-3.01023,1.22325,-0.19005,-0.301479
-3.02781,1.19253,-0.1615,-0.312902
-3.04253,1.16068,-0.13286,-0.324005
-3.05437,1.12774,-0.10411,-0.334796
-3.06334,1.09373,-0.0752287,-0.345283
-3.06942,1.05869,-0.046196,-0.355473
-3.07258,1.02264,-0.01699,-0.365369
-3.07281,0.985625,0.012412,-0.374978
-3.07009,0.947658,0.0420333,-0.3843
-3.06439,0.908774,0.071898,-0.393337
-3.0557,0.869,0.102032,-0.40209
-3.04398,0.828366,0.132461,-0.410557
-3.02919,0.786899,0.163215,-0.418736
-3.01132,0.744628,0.194322,-0.426623
-2.99032,0.701584,0.225815,-0.434211
-2.96614,0.657796,0.257727,-0.441493
-2.93876,0.613296,0.290094,-0.448459
-2.90811,0.568115,0.322956,-0.455099
-2.87415,0.522288,0.356354,-0.461396
-2.83682,0.475848,0.390333,-0.467333
-2.79606,0.428834,0.424943,-0.47289
-2.75181,0.381284,0.460237,-0.478042
-2.70399,0.33324,0.496274,-0.48276
-2.65253,0.284747,0.533117,-0.487009
-2.59734,0.235855,0.570839,-0.490747
-2.53833,0.186616,0.609517,-0.493926
-2.4754,0.13709,0.649238,-0.496488
-2.40844,0.0873417,0.690099,-0.498362
-2.33734,0.0374436,0.732209,-0.499465
-2.26195,-0.0125221,0.775688,-0.499695
-2.18215,-0.0624622,0.820673,-0.49893
-2.09776,-0.11227,0.86732,-0.497018
-2.00862,-0.161821,0.915803,-0.493773
-1.91453,-0.210972,0.966319,-0.488961
-1.81528,-0.259552,1.01909,-0.48229
-1.71063,-0.307356,1.07438,-0.473383
-1.60032,-0.354138,1.13245,-0.461757
-1.48404,-0.399596,1.19362,-0.446776
-1.36148,-0.443354,1.25822,-0.427599
-1.23227,-0.484938,1.32653,-0.403088
-1.09604,-0.523742,1.3988,-0.371691
-0.952379,-0.558976,1.47503,-0.331269
-0.800917,-0.589598,1.55469,-0.278876
-0.641378,-0.614221,1.63615,-0.210546
-0.473752,-0.631012,1.71551,-0.121357
-0.298605,-0.637634,1.78481,-0.00652041
-0.11757,-0.631414,1.83061,0.135029
0.0661897,-0.610018,1.83685,0.294415
0.24819,-0.572628,1.79541,0.450867
0.423956,-0.520677,1.71487,0.582857
0.590477,-0.457189,1.6136,0.681282
0.74651,-0.38545,1.50709,0.748943
0.89201,-0.308187,1.40387,0.792978
1.02751,-0.227415,1.30735,0.820127
1.15373,-0.144555,1.21833,0.835451
1.27141,-0.0606007,1.13648,0.84247
1.38124,0.0237434,1.06112,0.843584
1.48383,0.107974,0.991474,0.840429
1.5797,0.191725,0.926816,0.834139
1.66934,0.274724,0.866507,0.825508
1.75313,0.356768,0.809998,0.815101
1.83145,0.437699,0.756819,0.803331
1.90459,0.517399,0.706573,0.790499
1.97285,0.595771,0.658923,0.77683
2.03646,0.672742,0.613581,0.762492
2.09563,0.748252,0.5703,0.747616
2.15058,0.822251,0.52887,0.732298
2.20146,0.894699,0.489106,0.716616
2.24845,0.965564,0.45085,0.700627
2.29168,1.03482,0.413962,0.684378
2.33128,1.10243,0.378321,0.667904
2.36738,1.16839,0.343817,0.651231
2.40008,1.23267,0.310357,0.634382
2.42948,1.29526,0.277853,0.617371
2.45568,1.35614,0.246231,0.60021
2.47876,1.4153,0.215421,0.582907
2.49879,1.47272,0.185363,0.565468
2.51585,1.52839,0.155999,0.547897
2.53001,1.58229,0.127281,0.530193
2.54133,1.63442,0.09916,0.512358
2.54986,1.68476,0.0715954,0.494388
2.55567,1.73329,0.0445479,0.476281
2.55879,1.78001,0.0179821,0.458033
2.55928,1.8249,-0.0081351,0.439638
2.55717,1.86793,-0.0338341,0.42109
2.55252,1.90911,-0.0591432,0.402382
2.54536,1.94841,-0.0840888,0.383506
2.53572,1.9858,-0.108695,0.364454
2.52363,2.02129,-0.132986,0.345216
2.50913,2.05484,-0.156981,0.325782
2.49224,2.08644,-0.180703,0.30614
2.473,2.11606,-0.204169,0.286279
2.45142,2.14369,-0.227398,0.266185
2.42752,2.16929,-0.250407,0.245845
2.40134,2.19285,-0.273211,0.225245
2.37289,2.21433,-0.295827,0.204368
2.34218,2.23371,-0.318268,0.183197
2.30924,2.25096,-0.34055,0.161714
2.27408,2.26604,-0.362684,0.1399
2.23671,2.27893,-0.384683,0.117733
2.19715,2.28958,-0.40656,0.0951913
2.1554,2.29795,-0.428326,0.0722498
2.11148,2.30401,-0.449992,0.048882
2.0654,2.30771,-0.471567,0.0250595
2.01717,2.30901,-0.493062,0.00075095
1.96679,2.30785,-0.514486,-0.0240775
1.91428,2.30417,-0.535847,-0.0494629
1.85963,2.29793,-0.557153,-0.0754457
1.80285,2.28906,-0.57841,-0.10207
1.74395,2.2775,-0.599624,-0.129386
1.68292,2.26316,-0.6208,-0.157447
1.61979,2.24598,-0.641941,-0.186312
1.55454,2.22587,-0.663047,-0.21605
1.48718,2.20274,-0.684119,-0.246733
1.41772,2.17649,-0.705153,-0.278447
1.34615,2.14701,-0.726141,-0.311284
1.27249,2.11419,-0.747073,-0.345351
1.19674,2.0779,-0.767931,-0.380769
1.11891,2.03799,-0.78869,-0.417677
1.039,1.99431,-0.809317,-0.456232
0.957049,1.94668,-0.829765,-0.496619
0.873059,1.89492,-0.84997,-0.539049
0.787065,1.83879,-0.869845,-0.583772
0.699105,1.77807,-0.889272,-0.63108
0.609231,1.71248,-0.908086,-0.681318
0.517516,1.6417,-0.926065,-0.734898
0.424057,1.56537,-0.942896,-0.79231
0.328989,1.48309,-0.958137,-0.854141
0.232503,1.39437,-0.971157,-0.921093
0.134862,1.29867,-0.981041,-0.993992
0.0364438,1.19535,-0.986436,-1.07379
-0.0622091,1.08365,-0.98532,-1.16149
-0.160303,0.962756,-0.974642,-1.25798
-0.256669,0.831754,-0.949835,-1.36351
-0.349584,0.6898,-0.90437,-1.47652
-0.436582,0.536383,-0.83012,-1.59131
-0.514419,0.371892,-0.720514,-1.69521
-0.579569,0.198342,-0.577969,-1.76919
-0.629468,0.0195806,-0.419322,-1.79801
-0.663673,-0.159753,-0.267521,-1.78211
-0.683702,-0.335793,-0.137185,-1.73477
-0.691937,-0.506151,-0.0314757,-1.67057
-0.690722,-0.669684,0.0525299,-1.59952
-0.682007,-0.826013,0.119229,-1.52713
-0.66732,-0.975158,0.172587,-1.45612
-0.64783,-1.11732,0.21571,-1.38768
-0.624441,-1.25279,0.250921,-1.32222
-0.597852,-1.38187,0.279936,-1.25978
-0.568617,-1.50485,0.304029,-1.20025
-0.537178,-1.62201,0.324155,-1.14341
-0.503894,-1.73361,0.341039,-1.08906
-0.46906,-1.8399,0.355239,-1.03696
-0.432921,-1.94107,0.367188,-0.986924
-0.395686,-2.03734,0.377232,-0.93875
-0.357529,-2.12888,0.385643,-0.892271
-0.318604,-2.21585,0.392643,-0.847333
-0.279042,-2.29839,0.398412,-0.803797
-0.238958,-2.37665,0.403098,-0.76154
-0.198454,-2.45074,0.406825,-0.720452
-0.157621,-2.52078,0.409695,-0.680432
-0.116541,-2.58686,0.411793,-0.641392
-0.0752859,-2.64909,0.413193,-0.60325
-0.0339233,-2.70754,0.413956,-0.565932
0.00748587,-2.7623,0.414135,-0.529372
0.0488856,-2.81344,0.413774,-0.49351
0.0902239,-2.86102,0.412912,-0.458288
0.131452,-2.90511,0.411582,-0.423658
0.172526,-2.94577,0.409812,-0.38957
0.213401,-2.98304,0.407626,-0.355982
0.254038,-3.01698,0.405046,-0.322853
0.294398,-3.04763,0.402089,-0.290145
0.334443,-3.07502,0.39877,-0.257823
0.37414,-3.0992,0.395102,-0.225854
0.413452,-3.1202,0.391095,-0.194207
0.452348,-3.13806,0.386757,-0.162852
0.490793,-3.15278,0.382097,-0.131762
0.528756,-3.16442,0.377117,-0.100909
0.566206,-3.17297,0.371823,-0.0702673
0.603111,-3.17848,0.366217,-0.0398133
0.639439,-3.18094,0.360299,-0.00952303
0.67516,-3.18038,0.354068,0.0206266
0.710242,-3.17682,0.347524,0.050658
0.744654,-3.17026,0.340662,0.0805929
0.778364,-3.1607,0.333479,0.110453
0.811339,-3.14817,0.325968,0.140259
0.843547,-3.13265,0.318123,0.170032
0.874952,-3.11416,0.309936,0.199793
0.905522,-3.09269,0.301396,0.229563
0.93522,-3.06825,0.292492,0.259363
0.964008,-3.04082,0.283212,0.289213
0.991849,-3.0104,0.27354,0.319135
1.0187,-2.97699,0.263461,0.349151
1.04453,-2.94057,0.252954,0.379282
1.06928,-2.90113,0.242001,0.409552
1.09291,-2.85865,0.230576,0.439984
1.11538,-2.81313,0.218654,0.470601
1.13662,-2.76453,0.206206,0.501429
1.1566,-2.71283,0.193199,0.532494
1.17524,-2.65802,0.179596,0.563823
1.1925,-2.60006,0.165356,0.595443
1.20829,-2.53892,0.150432,0.627386
1.22256,-2.47457,0.134771,0.659681
1.23522,-2.40697,0.118315,0.692362
1.24619,-2.33608,0.100995,0.725464
1.25539,-2.26186,0.082734,0.759022
1.26271,-2.18426,0.0634442,0.793075
1.26804,-2.10323,0.0430237,0.827665
1.27127,-2.01871,0.0213548,0.862831
1.27226,-1.93064,-0.00169956,0.898619
1.27088,-1.83896,-0.0262996,0.935073
1.26695,-1.7436,-0.0526345,0.972238
1.26029,-1.64449,-0.0809285,1.01016
1.25069,-1.54155,-0.11145,1.04887
1.23791,-1.43469,-0.144524,1.0884
1.22168,-1.32384,-0.180546,1.12878
1.20169,-1.20891,-0.219999,1.16999
1.17755,-1.08981,-0.263487,1.21197
1.14883,-0.96649,-0.311764,1.2546
1.11501,-0.838881,-0.365784,1.29762
1.07544,-0.706969,-0.426755,1.34057
1.02937,-0.570797,-0.49621,1.38262
0.975854,-0.43052,-0.576059,1.42235
0.913739,-0.286486,-0.668568,1.45724
0.84164,-0.139373,-0.776076,1.48301
0.757973,0.00958212,-0.899985,1.49263
0.661156,0.158271,-1.03825,1.47571
0.550157,0.303447,-1.18114,1.42066
0.425415,0.44095,-1.30934,1.32258
0.289478,0.566865,-1.40237,1.19197
0.146386,0.678974,-1.4526,1.05011
0.000164376,0.777116,-1.46677,0.914764
-0.146154,0.86242,-1.45642,0.793994
-0.290629,0.936446,-1.43123,0.689081
-0.432121,1.00071,-1.39761,0.598461
-0.570002,1.05654,-1.35947,0.519873
-0.703941,1.10502,-1.31908,0.45118
-0.833787,1.14705,-1.27778,0.390593
-0.959493,1.18336,-1.23634,0.336674
-1.08107,1.21456,-1.19521,0.288286
-1.19855,1.24117,-1.15462,0.24453
-1.31201,1.2636,-1.11472,0.204691
-1.42152,1.28222,-1.07555,0.168194
-1.52715,1.29734,-1.03714,0.134577
-1.62897,1.30922,-0.999478,0.10346
-1.72707,1.3181,-0.962538,0.0745312
-1.8215,1.32419,-0.926287,0.0475312
-1.91235,1.32766,-0.890689,0.0222426
-1.99966,1.32869,-0.855705,-0.00151843
-2.08351,1.32741,-0.821292,-0.0239079
-2.16394,1.32395,-0.787413,-0.0450597
-2.24101,1.31843,-0.754029,-0.0650889
-2.31476,1.31096,-0.721103,-0.0840953
-2.38524,1.30164,-0.688599,-0.102166
-2.45249,1.29056,-0.656483,-0.119376
-2.51655,1.27779,-0.624724,-0.135794
-2.57745,1.26342,-0.593289,-0.151477
