100 0.0505051 7 2 2
0
0 -0
0 -0 0
0 -0 0 -0
0 0 0 -0 -0
0 -0 0 -0 0 0
-0 -0 0 -0 0 -0 -0
-0 0 0 -0 0 -0 -0 0
-0 0 -0 -0 -0 -0 0 0 -0
0 0 -0 0 0 0 0 0 -0 -0
0 -0 -0 0 -0 -0 -0 -0 -0 0 0
-0 -0 0 0 -0 0 -0 0 0 0 -0 -0
-0 0 0 -0 -0 0 -0 0 -0 0 -0 -0 0
-0 0 -0 -0 0 0 -0 0 -0 0 -0 0 0 -0
0 0 -0 -0 0 -0 -0 0 0 0 -0 0 -0 -0 -0
0 -0 0 -0 0 -0 0 0 -0 -0 -0 -0 -0 -0 0 0
-0 -0 -0 -0 0 -0 0 -0 -0 -0 0 0 0 0 0 -0 -0
-0 0 -0 0 0 -0 0 -0 0 0 0 -0 0 -0 -0 -0 -0 0
-0 0 0 0 -0 -0 0 0 0 -0 -0 -0 0 -0 0 -0 0 0 -0
0 -0 0 -0 -0 0 0 -0 -0 -0 0 -0 0 -0 0 -0 0 -0 -0 -0
0 0 0 -0 0 0 -0 -0 0 0 0 -0 0 -0 -0 -0 -0 -0 -0 0 0
-0 0 -0 -0 0 -0 -0 0 0 -0 -0 -0 0 -0 0 0 0 0 0 0 -0 -0
-0 -0 -0 0 0 -0 0 0 -0 -0 -0 0 0 0 0 -0 -0 -0 -0 -0 -0 -0 0
-0 -0 0 0 -0 -0 0 -0 -0 0 0 0 -0 -0 -0 -0 -0 0 -0 0 -0 0 0 -0
0 -0 0 -0 -0 0 0 -0 0 0 -0 -0 -0 0 -0 0 0 0 -0 0 -0 0 -0 -0 -0
0 0 0 -0 -0 -0 0 0 0 -0 -0 0 -0 0 -0 0 -0 0 -0 0 -0 0 -0 -0 0 0
-0 0 -0 -0 -0 0 0 -0 -0 -0 0 0 -0 0 -0 0 -0 0 -0 0 0 0 0 0 0 -0 -0
-0 -0 -0 0 -0 0 -0 -0 0 -0 0 -0 -0 0 -0 0 0 0 -0 0 -0 -0 -0 -0 -0 -0 -0 0
-0 -0 0 -0 0 0 -0 0 0 -0 0 -0 0 0 0 0 -0 -0 -0 -0 -0 -0 0 -0 0 -0 0 0 -0
0 -0 0 0 0 -0 -0 0 -0 -0 0 -0 0 -0 -0 -0 -0 0 0 0 0 0 0 -0 0 -0 0 -0 -0 0
0 0 0 0 -0 -0 0 0 -0 0 0 -0 0 -0 0 -0 0 0 0 -0 -0 -0 -0 -0 0 -0 0 -0 -0 0 0
-0 0 -0 0 -0 0 0 -0 -0 0 -0 -0 0 -0 0 -0 0 -0 -0 -0 0 -0 0 -0 0 0 0 0 0 0 -0 -0
-0 -0 -0 -0 -0 0 -0 -0 0 0 -0 0 0 0 0 -0 0 -0 0 -0 0 -0 0 -0 0 -0 -0 -0 -0 -0 -0 0 0
-0 -0 0 -0 0 0 -0 0 0 -0 -0 0 -0 -0 -0 -0 0 0 0 -0 0 -0 -0 -0 0 -0 0 0 0 0 -0 0 0 -0
0 -0 0 0 0 -0 -0 0 -0 -0 0 0 -0 0 0 0 0 -0 -0 -0 0 -0 0 0 0 0 0 0 -0 0 -0 0 -0 -0 0
0 0 0 0 -0 -0 0 -0 0 -0 0 -0 -0 0 -0 0 -0 -0 0 0 0 0 0 -0 -0 -0 -0 -0 -0 0 -0 0 -0 -0 0 0
-0 0 -0 0 -0 0 -0 0 0 -0 0 -0 0 0 -0 0 -0 0 0 0 -0 -0 -0 -0 -0 0 -0 0 0 0 0 0 0 0 0 -0 -0
-0 -0 -0 -0 -0 0 0 0 -0 -0 0 -0 0 -0 -0 0 -0 0 -0 -0 -0 0 0 0 0 0 -0 0 -0 0 -0 -0 -0 -0 -0 -0 0 0
-0 -0 -0 -0 0 -0 0 -0 -0 0 0 -0 0 -0 0 0 -0 -0 -0 0 0 0 -0 0 -0 -0 -0 0 -0 0 -0 0 0 0 0 -0 0 0 -0
0 -0 -0 0 0 0 0 -0 0 0 -0 -0 0 -0 0 -0 -0 0 0 0 -0 0 -0 0 -0 0 -0 0 0 0 0 0 0 -0 0 -0 0 -0 -0 0
0 0 -0 0 -0 0 -0 -0 0 -0 -0 0 0 -0 0 -0 0 0 -0 -0 -0 0 -0 0 0 0 -0 0 -0 -0 -0 -0 -0 -0 0 -0 0 -0 0 0 0
-0 0 0 0 -0 -0 -0 0 0 -0 0 0 -0 -0 0 0 0 -0 -0 -0 0 0 0 0 -0 -0 -0 -0 -0 0 0 0 0 0 0 -0 0 0 0 0 -0 -0
-0 -0 0 -0 -0 -0 0 0 -0 -0 0 -0 -0 0 0 -0 -0 -0 0 0 0 -0 -0 -0 -0 0 0 0 0 0 0 -0 0 -0 0 -0 -0 -0 -0 -0 -0 0 0
-0 -0 -0 -0 0 -0 0 -0 -0 0 0 -0 0 0 -0 -0 0 0 0 -0 -0 -0 0 0 0 0 0 -0 -0 -0 -0 -0 0 -0 0 -0 0 0 0 0 0 0 0 -0
0 -0 -0 0 -0 0 0 -0 0 0 -0 -0 0 -0 -0 0 0 -0 -0 -0 0 -0 0 -0 0 -0 -0 -0 0 -0 0 0 0 -0 0 -0 0 -0 -0 0 -0 0 -0 -0 0
0 0 -0 0 0 0 -0 -0 0 -0 -0 0 0 -0 0 0 -0 -0 -0 0 0 -0 0 -0 0 -0 0 0 0 -0 0 -0 0 -0 -0 -0 -0 -0 -0 0 -0 0 -0 0 0 0
-0 0 0 0 0 -0 -0 0 0 0 -0 -0 0 -0 0 -0 -0 0 0 0 -0 -0 0 -0 0 -0 0 -0 0 -0 0 -0 0 -0 0 0 0 0 0 0 -0 0 0 0 0 -0 -0
-0 -0 0 -0 0 -0 0 0 0 0 -0 0 0 -0 0 -0 0 0 -0 -0 -0 0 0 0 0 -0 -0 -0 0 -0 0 0 0 0 0 0 -0 0 -0 0 -0 -0 -0 -0 -0 -0 0 0
-0 -0 -0 -0 -0 -0 0 -0 0 -0 -0 0 -0 -0 0 -0 0 -0 -0 0 -0 0 -0 -0 -0 -0 0 0 0 0 0 -0 -0 -0 -0 -0 -0 0 -0 0 -0 0 0 0 0 0 0 0 -0
0 -0 -0 0 -0 0 0 0 -0 -0 0 0 -0 0 0 -0 0 -0 0 0 -0 0 -0 0 0 0 0 0 -0 -0 -0 -0 -0 0 0 0 0 0 -0 0 -0 0 -0 -0 0 -0 0 -0 -0 0
0 0 -0 0 0 0 -0 0 -0 0 0 -0 -0 0 -0 -0 0 -0 0 -0 -0 0 -0 0 -0 0 -0 -0 -0 0 0 0 0 0 -0 0 -0 0 -0 -0 -0 -0 -0 -0 0 -0 0 -0 0 0 0
-0 0 0 0 0 -0 -0 -0 -0 0 -0 -0 0 0 -0 0 0 -0 0 -0 0 0 -0 0 -0 0 -0 0 0 0 -0 0 -0 -0 -0 0 -0 0 -0 0 0 0 0 0 0 -0 0 -0 0 0 -0 -0
-0 -0 0 -0 0 -0 0 -0 0 0 -0 0 0 -0 -0 0 -0 -0 0 -0 0 -0 -0 -0 -0 0 -0 0 -0 0 -0 0 -0 0 -0 0 -0 0 -0 0 -0 -0 -0 -0 -0 -0 -0 -0 -0 -0 -0 0 0
-0 -0 -0 -0 -0 -0 -0 0 0 -0 -0 0 -0 -0 0 0 -0 0 0 -0 0 -0 0 0 0 0 -0 -0 -0 0 -0 0 -0 0 -0 0 -0 -0 -0 -0 -0 -0 0 -0 0 -0 0 0 0 0 0 0 0 -0
0 -0 -0 0 -0 0 -0 0 -0 -0 0 0 -0 0 0 -0 -0 0 -0 -0 0 -0 0 -0 -0 -0 -0 0 0 0 -0 0 -0 -0 -0 0 -0 0 0 0 0 0 0 -0 0 -0 0 -0 -0 0 -0 0 -0 -0 0
0 0 -0 0 0 0 0 0 -0 0 0 -0 -0 0 -0 -0 0 0 -0 0 0 0 0 -0 0 -0 0 0 0 -0 -0 -0 -0 0 0 0 0 0 0 -0 -0 -0 -0 -0 0 -0 -0 -0 -0 0 -0 0 -0 0 0 0
-0 0 0 0 0 -0 0 -0 -0 0 -0 0 -0 -0 0 0 0 -0 -0 0 -0 -0 -0 -0 0 -0 0 -0 -0 -0 0 0 0 0 0 -0 -0 -0 -0 -0 0 -0 0 -0 0 0 0 0 0 0 -0 0 -0 0 0 -0 -0
-0 -0 0 -0 0 -0 -0 -0 0 0 -0 -0 -0 0 0 -0 0 -0 0 0 -0 0 0 0 0 -0 0 -0 0 0 0 -0 0 -0 -0 -0 0 -0 0 0 0 -0 0 -0 0 -0 -0 -0 -0 -0 -0 -0 -0 -0 -0 -0 0 0
-0 -0 -0 -0 -0 -0 -0 0 0 -0 0 -0 0 0 -0 -0 0 -0 0 -0 -0 0 -0 0 -0 -0 0 0 0 -0 0 -0 0 -0 0 0 0 -0 0 -0 0 -0 -0 -0 -0 -0 -0 0 -0 0 -0 0 0 0 0 0 0 0 -0
0 -0 -0 -0 -0 0 -0 0 -0 -0 -0 -0 0 -0 -0 0 0 -0 0 -0 0 0 -0 0 -0 0 0 -0 -0 -0 0 -0 0 -0 0 -0 0 -0 0 -0 0 -0 0 0 0 0 0 0 -0 0 -0 0 -0 -0 -0 -0 0 -0 -0 0
0 0 -0 -0 0 0 0 0 -0 -0 -0 0 0 -0 0 0 -0 -0 0 -0 0 -0 -0 0 -0 0 -0 -0 0 0 0 -0 0 -0 -0 -0 0 -0 0 0 0 -0 0 -0 -0 -0 -0 -0 -0 0 -0 0 -0 -0 0 -0 0 -0 0 0 0
-0 0 0 -0 0 0 0 -0 -0 -0 0 0 -0 -0 0 -0 -0 0 0 -0 0 -0 0 0 -0 0 -0 0 0 0 -0 -0 -0 -0 0 0 0 -0 0 -0 -0 -0 -0 -0 -0 0 -0 0 -0 0 0 0 0 0 0 -0 0 -0 0 0 -0 -0
-0 -0 0 0 0 0 -0 -0 0 -0 0 -0 -0 0 0 -0 0 0 -0 -0 0 -0 0 -0 -0 0 0 0 -0 -0 -0 0 0 0 0 -0 -0 -0 -0 -0 0 0 0 0 0 0 -0 0 -0 0 -0 -0 -0 -0 -0 -0 -0 -0 -0 -0 -0 0 0
-0 -0 -0 0 -0 0 -0 0 -0 0 0 -0 0 0 -0 -0 0 -0 -0 0 0 -0 -0 -0 0 0 -0 -0 -0 0 -0 0 -0 -0 -0 -0 -0 0 0 0 0 0 -0 0 -0 -0 -0 0 -0 0 -0 0 0 -0 0 -0 0 0 0 0 0 0 0 -0
0 -0 -0 -0 -0 -0 -0 0 0 0 -0 -0 0 -0 -0 0 0 -0 0 0 -0 -0 0 0 0 -0 -0 0 0 0 -0 0 -0 0 -0 0 0 0 -0 0 -0 -0 -0 0 -0 0 -0 0 0 0 0 0 0 -0 0 -0 0 -0 -0 -0 -0 0 -0 -0 0
0 0 -0 -0 0 -0 0 0 0 -0 -0 0 0 -0 0 0 -0 -0 0 -0 -0 0 0 -0 -0 -0 0 0 0 -0 -0 0 -0 0 -0 0 -0 0 -0 0 -0 0 -0 0 -0 0 -0 0 -0 -0 -0 -0 -0 -0 0 -0 0 -0 -0 0 -0 0 -0 0 0 0
-0 0 0 -0 0 0 0 -0 0 -0 0 0 -0 -0 0 0 -0 0 0 -0 0 0 -0 -0 0 0 0 -0 -0 -0 0 0 0 0 -0 -0 -0 0 -0 0 -0 0 -0 0 -0 -0 -0 -0 -0 0 0 0 0 -0 0 0 0 0 0 0 -0 0 -0 0 0 -0 -0
-0 -0 0 0 0 0 -0 -0 -0 -0 0 -0 -0 -0 -0 0 -0 -0 0 -0 0 -0 -0 0 0 -0 -0 -0 0 0 0 -0 -0 -0 -0 0 0 0 -0 0 -0 -0 -0 0 -0 0 0 0 0 0 0 -0 0 -0 0 -0 -0 -0 -0 -0 -0 0 -0 -0 -0 -0 0 0
-0 -0 -0 0 -0 0 -0 0 -0 0 0 -0 -0 -0 0 0 -0 0 0 -0 0 -0 0 0 -0 -0 -0 0 0 -0 0 -0 0 0 0 0 -0 -0 -0 -0 -0 0 0 0 0 0 -0 -0 -0 -0 -0 -0 0 -0 0 -0 0 0 0 0 -0 0 0 0 0 0 0 0 -0
0 -0 -0 -0 -0 -0 -0 -0 0 0 -0 -0 -0 0 0 -0 -0 0 -0 -0 0 -0 0 -0 -0 0 0 0 -0 -0 0 -0 0 -0 0 -0 -0 -0 0 0 0 0 -0 -0 -0 -0 -0 -0 0 -0 0 -0 0 0 0 0 0 0 -0 0 -0 0 -0 -0 -0 -0 0 -0 -0 0
0 0 -0 -0 0 -0 0 -0 0 -0 -0 -0 -0 0 -0 -0 0 0 -0 0 0 -0 0 -0 0 0 -0 -0 -0 0 0 -0 0 -0 0 -0 0 0 0 -0 -0 -0 -0 -0 0 -0 0 0 0 -0 0 -0 0 -0 -0 -0 -0 -0 -0 0 -0 0 -0 0 0 -0 0 -0 0 0 0
-0 0 0 -0 0 0 0 0 0 -0 0 -0 0 0 -0 0 0 -0 -0 0 -0 -0 0 -0 0 -0 -0 0 0 0 -0 -0 -0 -0 0 -0 0 -0 -0 -0 0 -0 0 0 0 -0 0 -0 0 -0 0 -0 0 -0 0 0 0 0 0 0 0 0 0 0 0 -0 0 -0 0 0 -0 -0
-0 -0 0 0 0 0 -0 0 -0 -0 0 0 0 -0 -0 0 -0 -0 0 0 -0 0 0 -0 0 -0 0 0 -0 0 -0 0 0 0 0 -0 -0 -0 0 -0 0 -0 0 -0 0 -0 0 -0 0 -0 0 0 0 0 0 0 -0 0 -0 0 -0 -0 -0 -0 -0 -0 0 -0 -0 -0 -0 0 0
-0 -0 -0 0 -0 0 -0 -0 -0 0 -0 0 -0 -0 0 0 -0 0 0 -0 -0 0 -0 -0 0 -0 0 -0 -0 0 -0 0 -0 -0 -0 -0 0 0 0 -0 0 -0 -0 -0 0 -0 0 0 0 -0 0 -0 -0 -0 -0 -0 -0 0 -0 0 -0 0 0 0 0 -0 0 0 0 0 0 0 0 -0
0 -0 -0 -0 -0 -0 -0 -0 0 0 0 0 -0 0 0 -0 -0 0 -0 -0 0 0 -0 0 0 -0 0 -0 0 0 -0 0 -0 0 -0 0 0 -0 -0 -0 -0 -0 0 0 0 -0 0 -0 -0 -0 -0 -0 -0 0 0 0 0 0 -0 0 -0 0 0 -0 0 -0 0 -0 -0 -0 -0 0 -0 -0 0
0 0 -0 -0 0 -0 0 -0 0 -0 0 -0 -0 0 -0 -0 0 0 -0 0 0 -0 -0 0 -0 -0 0 -0 0 -0 -0 -0 -0 0 -0 0 -0 -0 -0 0 0 0 0 -0 -0 -0 -0 -0 0 0 0 0 0 0 -0 0 -0 0 -0 -0 -0 -0 -0 -0 0 -0 0 -0 0 0 -0 0 -0 0 0 0
-0 0 0 -0 0 0 0 0 0 -0 -0 -0 0 0 -0 0 0 -0 -0 0 -0 -0 0 0 -0 0 0 -0 0 -0 0 0 0 0 -0 0 -0 0 0 0 -0 -0 -0 -0 -0 0 0 0 0 0 -0 0 -0 -0 -0 0 -0 0 -0 0 0 0 0 0 0 -0 0 0 0 0 -0 0 -0 0 0 -0 -0
-0 -0 0 0 0 0 -0 0 -0 -0 -0 0 0 -0 -0 0 0 0 -0 -0 0 0 0 -0 -0 0 -0 -0 -0 -0 0 -0 -0 -0 -0 0 0 0 -0 0 -0 0 -0 0 0 0 -0 0 -0 -0 -0 0 -0 0 -0 0 0 0 0 0 0 -0 0 -0 0 -0 -0 -0 -0 -0 -0 0 -0 -0 -0 -0 0 0
0 -0 -0 0 -0 0 -0 -0 -0 -0 -0 0 -0 -0 0 -0 0 -0 -0 0 0 -0 -0 -0 0 0 -0 0 0 0 0 -0 0 -0 0 0 -0 -0 -0 0 -0 0 -0 0 -0 -0 -0 0 -0 0 -0 0 -0 0 -0 0 -0 -0 -0 -0 -0 -0 0 -0 0 -0 0 0 0 0 0 0 0 0 0 0 0 0 -0
0 0 -0 -0 0 -0 -0 -0 0 -0 0 0 -0 0 -0 0 0 -0 0 0 -0 -0 0 -0 0 -0 -0 0 -0 -0 -0 -0 0 -0 0 -0 -0 0 0 0 -0 0 -0 0 -0 0 -0 0 -0 0 -0 0 -0 -0 -0 0 -0 0 0 0 0 0 0 -0 0 -0 0 -0 -0 0 -0 0 -0 -0 -0 -0 0 -0 -0 0
0 0 0 -0 -0 -0 -0 -0 0 0 0 -0 -0 0 0 0 -0 -0 0 -0 -0 0 0 -0 0 -0 0 0 -0 0 0 0 0 -0 0 -0 0 0 0 -0 -0 -0 -0 0 0 0 -0 0 -0 -0 -0 0 -0 0 0 0 0 0 0 -0 0 -0 0 -0 -0 -0 -0 -0 -0 0 -0 0 -0 0 0 -0 0 -0 0 0 -0
-0 0 0 0 -0 0 -0 0 0 0 -0 -0 0 -0 0 -0 -0 0 0 -0 0 0 -0 -0 0 -0 0 -0 -0 0 -0 0 -0 -0 0 -0 0 -0 -0 -0 0 0 0 0 -0 -0 -0 -0 -0 0 0 0 0 0 -0 -0 -0 -0 -0 -0 0 -0 0 -0 0 0 0 0 0 0 -0 0 0 0 0 -0 0 -0 0 0 -0 -0
-0 -0 0 0 0 0 0 0 -0 0 -0 0 0 0 0 -0 0 0 -0 -0 0 -0 -0 0 0 -0 0 -0 0 0 -0 0 -0 0 0 -0 -0 -0 0 0 0 -0 -0 -0 -0 -0 0 0 0 0 -0 -0 -0 -0 -0 -0 0 -0 0 0 0 -0 0 -0 0 -0 -0 -0 -0 0 -0 -0 -0 -0 -0 -0 0 -0 -0 -0 -0 0 0
0 -0 -0 0 0 -0 0 -0 -0 -0 -0 0 -0 0 -0 -0 0 -0 -0 0 0 -0 0 0 -0 -0 0 -0 0 -0 -0 0 -0 0 -0 -0 0 0 0 -0 0 -0 0 -0 0 0 0 -0 -0 -0 -0 -0 0 0 0 0 0 -0 0 -0 0 -0 -0 -0 -0 -0 -0 0 -0 0 -0 0 0 0 0 0 0 0 0 0 0 0 -0 -0
0 0 -0 -0 0 -0 -0 -0 0 -0 0 0 0 -0 -0 0 0 -0 0 0 -0 -0 0 -0 -0 0 0 -0 0 -0 0 0 -0 0 -0 0 0 -0 -0 -0 0 -0 0 -0 0 -0 -0 -0 0 -0 0 0 0 -0 0 -0 0 -0 0 -0 0 -0 0 0 0 0 0 0 -0 0 -0 0 -0 -0 0 -0 0 -0 -0 -0 -0 0 -0 -0 0
0 0 0 -0 -0 -0 -0 0 0 0 0 -0 0 -0 0 0 -0 -0 0 -0 -0 0 0 -0 0 0 -0 -0 0 0 0 -0 -0 0 0 0 -0 -0 -0 0 0 -0 0 -0 0 -0 0 -0 0 -0 0 -0 0 -0 0 -0 0 -0 0 0 0 0 0 -0 -0 -0 -0 -0 -0 -0 -0 -0 -0 -0 0 -0 0 -0 0 0 -0 0 -0 0 0 -0
-0 0 0 0 -0 0 -0 0 0 0 -0 -0 -0 -0 0 -0 -0 0 0 -0 0 0 -0 -0 0 -0 -0 0 0 -0 -0 -0 0 0 -0 -0 -0 0 0 0 -0 -0 -0 -0 0 0 0 -0 0 -0 0 -0 0 -0 0 0 0 -0 0 -0 -0 -0 -0 -0 -0 0 -0 0 -0 0 0 0 0 0 0 -0 0 -0 0 0 -0 0 -0 0 -0 -0 -0
-0 -0 0 0 0 0 0 0 0 -0 -0 0 -0 0 0 -0 0 0 -0 0 -0 0 -0 0 0 -0 0 0 -0 -0 0 0 0 -0 -0 0 0 0 -0 -0 -0 0 0 0 0 -0 -0 -0 0 -0 0 0 0 -0 0 -0 -0 -0 -0 -0 0 0 0 0 0 0 -0 0 -0 0 -0 -0 -0 -0 -0 -0 -0 -0 -0 -0 -0 0 -0 -0 -0 -0 0 0
0 -0 -0 0 0 -0 0 -0 0 -0 0 -0 0 0 -0 -0 0 -0 0 -0 -0 0 -0 -0 -0 -0 0 -0 -0 0 0 -0 -0 -0 0 0 -0 -0 -0 0 -0 0 -0 -0 -0 -0 -0 0 0 0 0 -0 -0 -0 -0 -0 0 0 0 0 0 0 -0 0 -0 0 -0 -0 -0 -0 -0 -0 0 -0 0 -0 0 0 0 0 0 0 0 0 0 0 0 -0 -0
0 0 -0 -0 0 -0 -0 -0 -0 -0 0 0 0 -0 -0 0 0 0 -0 -0 0 0 -0 0 0 -0 0 -0 0 0 -0 -0 0 0 0 -0 -0 -0 0 0 -0 0 -0 0 -0 0 0 0 -0 -0 -0 -0 -0 0 0 0 0 0 -0 -0 -0 -0 -0 0 -0 0 -0 0 0 0 0 0 0 -0 0 -0 0 -0 -0 0 -0 0 -0 -0 -0 -0 -0 -0 -0 0
0 0 0 -0 -0 -0 -0 0 -0 0 0 0 -0 -0 0 0 0 0 -0 0 0 -0 -0 0 -0 -0 0 -0 0 -0 -0 0 0 0 -0 -0 0 0 0 -0 -0 0 -0 0 -0 0 -0 -0 -0 0 0 0 0 0 -0 -0 -0 -0 -0 0 -0 0 -0 0 -0 0 -0 0 -0 -0 -0 -0 -0 -0 0 -0 -0 -0 -0 0 -0 0 -0 0 0 -0 0 -0 0 0 -0
-0 0 0 0 -0 0 -0 0 0 0 -0 0 -0 0 0 -0 0 -0 -0 0 -0 -0 0 0 -0 0 0 -0 0 -0 0 0 -0 -0 -0 0 0 -0 -0 -0 0 0 0 0 -0 -0 -0 0 -0 0 -0 0 -0 -0 -0 0 -0 0 0 0 -0 0 -0 0 -0 -0 -0 -0 -0 -0 0 -0 0 -0 0 0 0 0 0 0 -0 0 -0 0 0 -0 0 -0 0 -0 -0 -0
-0 -0 0 0 0 0 0 0 0 -0 -0 -0 -0 0 -0 0 -0 -0 0 0 -0 0 0 -0 -0 0 -0 -0 0 -0 0 -0 -0 0 0 0 -0 -0 0 -0 0 -0 -0 -0 -0 0 0 0 -0 0 -0 0 -0 0 -0 0 -0 0 -0 0 -0 -0 -0 0 -0 0 0 0 0 0 0 -0 0 -0 0 -0 -0 -0 -0 -0 -0 -0 -0 -0 -0 -0 0 -0 0 -0 -0 0 0
0 -0 -0 0 0 -0 0 -0 0 -0 0 -0 0 0 -0 -0 -0 0 0 -0 -0 0 -0 -0 0 0 -0 0 0 -0 0 -0 0 0 -0 -0 -0 0 0 -0 0 -0 0 0 0 0 -0 -0 -0 0 -0 0 0 0 -0 0 -0 -0 -0 0 -0 0 0 0 0 0 0 -0 -0 -0 -0 -0 0 -0 0 -0 -0 0 -0 0 -0 0 0 0 0 0 0 0 0 0 0 0 -0 -0
0 0 -0 -0 0 -0 -0 -0 -0 -0 -0 0 0 -0 0 -0 0 0 -0 -0 0 0 -0 0 0 -0 -0 0 -0 -0 0 -0 0 -0 -0 0 0 0 -0 -0 0 -0 0 -0 0 -0 -0 -0 0 0 0 0 -0 -0 -0 0 -0 0 0 0 0 0 -0 -0 -0 -0 -0 -0 0 -0 0 -0 0 0 0 0 0 0 -0 0 -0 0 -0 -0 -0 -0 0 -0 -0 -0 -0 -0 -0 -0 0
0 0 0 -0 -0 -0 -0 0 -0 0 -0 0 -0 -0 -0 -0 0 -0 -0 0 0 -0 -0 0 -0 -0 0 0 -0 0 0 -0 0 -0 0 0 -0 0 -0 0 0 0 0 -0 0 -0 0 0 0 -0 -0 -0 -0 0 0 0 0 0 -0 -0 -0 -0 -0 -0 0 0 0 0 0 -0 0 -0 0 -0 -0 -0 -0 -0 -0 0 -0 0 -0 -0 0 -0 0 -0 0 0 -0 0 -0 0 0 -0
-0 0 0 0 -0 0 -0 0 0 0 0 0 -0 0 -0 0 0 -0 0 0 -0 -0 0 0 -0 0 0 -0 -0 0 -0 -0 0 -0 0 -0 -0 0 -0 0 -0 -0 -0 -0 0 -0 0 -0 -0 -0 0 0 0 0 0 -0 -0 -0 -0 -0 0 0 0 0 0 -0 0 -0 0 -0 -0 -0 -0 -0 0 0 -0 0 -0 0 0 0 0 0 0 -0 0 -0 0 0 -0 0 -0 0 -0 -0 -0
-0 -0 0 0 0 0 0 0 0 -0 0 -0 -0 0 0 0 -0 -0 0 -0 -0 0 0 -0 -0 0 -0 -0 0 0 -0 0 0 -0 0 -0 0 0 -0 0 -0 0 0 0 0 -0 -0 -0 0 -0 0 -0 0 -0 -0 -0 0 -0 0 0 0 -0 0 -0 -0 -0 0 -0 0 -0 0 0 0 0 0 0 -0 0 -0 0 -0 -0 -0 -0 -0 -0 -0 -0 -0 -0 -0 0 -0 0 -0 -0 0 0