100 0.0505051 3 -7 2
-0
-0 -0
-0 0 0
-0 0 -0 -0
0 0 -0 -0 0
0 -0 -0 0 0 -0
-0 -0 0 0 0 -0 0
-0 0 0 -0 -0 -0 0 0
-0 0 -0 -0 0 0 0 -0 -0
0 -0 0 0 0 -0 0 -0 -0 0
0 0 0 -0 -0 -0 0 -0 0 0 -0
-0 0 -0 -0 0 0 0 -0 0 -0 -0 0
-0 -0 -0 0 0 0 -0 -0 -0 -0 -0 0 0
-0 -0 0 0 -0 -0 -0 0 0 0 0 0 -0 -0
0 -0 0 -0 -0 0 0 0 -0 0 -0 -0 -0 0 0
0 0 0 -0 0 0 -0 0 -0 0 -0 0 -0 0 0 -0
-0 0 -0 -0 0 -0 -0 0 -0 0 -0 0 -0 0 -0 -0 0
-0 -0 -0 0 0 -0 0 0 -0 0 -0 -0 -0 0 -0 -0 0 0
-0 -0 0 0 -0 -0 0 -0 -0 -0 -0 0 0 0 0 0 0 -0 -0
0 -0 0 -0 0 0 0 -0 0 0 0 0 -0 -0 -0 -0 -0 -0 0 0
-0 0 0 0 -0 -0 -0 -0 0 -0 -0 -0 -0 -0 0 -0 0 -0 0 0 -0
0 0 -0 0 -0 0 0 0 0 -0 0 -0 0 0 0 -0 0 -0 0 -0 -0 0
0 -0 -0 -0 -0 0 -0 -0 -0 -0 0 -0 0 -0 0 -0 0 -0 0 -0 0 0 0
0 -0 -0 -0 0 0 -0 0 0 0 0 -0 -0 -0 0 -0 0 0 0 0 0 0 -0 -0
-0 -0 -0 0 0 -0 -0 0 -0 -0 -0 -0 0 0 0 -0 0 -0 -0 -0 -0 -0 -0 0 0
-0 0 -0 0 -0 -0 0 0 -0 0 -0 0 0 -0 -0 -0 -0 -0 0 0 0 0 -0 0 0 -0
0 0 0 0 -0 0 0 -0 -0 0 -0 0 -0 -0 -0 0 0 0 0 0 -0 0 -0 0 -0 -0 0
0 -0 0 -0 -0 0 -0 -0 0 0 -0 0 -0 0 0 0 -0 -0 -0 -0 -0 0 -0 0 -0 0 0 0
0 -0 -0 -0 0 0 -0 0 0 -0 -0 0 0 0 -0 -0 -0 0 -0 0 -0 0 0 0 0 0 0 -0 -0
-0 -0 -0 0 0 -0 -0 0 -0 -0 0 0 -0 -0 -0 0 -0 0 -0 0 -0 0 -0 -0 -0 -0 -0 -0 0 0
-0 0 -0 0 -0 -0 -0 -0 0 0 0 -0 -0 0 0 0 -0 0 -0 -0 -0 0 -0 0 0 0 0 0 0 0 -0
0 0 0 0 -0 -0 -0 0 0 -0 -0 -0 0 0 0 -0 -0 0 -0 0 0 0 0 0 0 -0 0 -0 0 -0 -0 0
0 -0 0 -0 -0 -0 0 0 -0 -0 0 0 0 -0 -0 -0 0 0 0 0 -0 -0 -0 -0 -0 -0 0 -0 0 -0 0 0 0
0 -0 -0 -0 -0 -0 0 -0 -0 0 0 -0 -0 -0 0 0 0 -0 -0 -0 -0 -0 0 0 0 0 0 -0 0 0 0 0 -0 -0
-0 -0 -0 0 -0 0 0 -0 0 0 -0 -0 -0 0 0 -0 0 -0 0 -0 0 0 0 -0 0 -0 0 -0 -0 -0 -0 -0 -0 0 0
-0 0 -0 0 0 0 -0 -0 0 -0 -0 0 0 0 -0 -0 0 -0 0 -0 0 -0 -0 -0 0 -0 0 -0 0 0 0 0 0 0 0 -0
0 0 0 0 0 -0 -0 0 0 -0 0 0 -0 -0 -0 0 0 -0 0 -0 0 -0 0 -0 0 0 0 -0 0 -0 -0 0 -0 0 -0 -0 0
0 -0 0 -0 0 -0 0 0 -0 -0 0 -0 -0 0 0 0 -0 -0 -0 -0 0 0 0 -0 0 -0 -0 -0 -0 -0 -0 0 -0 0 -0 0 0 0
0 -0 -0 -0 -0 -0 0 -0 -0 0 0 -0 0 0 -0 0 -0 0 0 0 0 -0 -0 -0 -0 -0 0 0 0 0 0 0 -0 0 -0 0 0 -0 -0
-0 -0 -0 0 -0 0 0 -0 0 0 -0 -0 0 -0 -0 0 -0 0 -0 -0 -0 -0 0 0 0 0 0 0 -0 0 -0 0 -0 -0 -0 -0 -0 -0 0 0
-0 0 -0 -0 0 0 -0 -0 0 0 -0 0 0 -0 0 0 -0 0 -0 0 -0 0 0 0 -0 -0 -0 -0 -0 0 -0 0 -0 0 0 0 0 0 0 0 -0
0 0 0 -0 0 -0 -0 -0 -0 0 -0 -0 -0 -0 0 -0 -0 0 -0 0 -0 0 -0 -0 -0 0 -0 0 0 0 -0 0 -0 0 -0 -0 -0 -0 0 -0 -0 0
0 0 0 0 0 -0 0 -0 0 0 -0 0 0 0 0 -0 0 0 0 0 -0 0 -0 0 -0 0 -0 0 -0 0 -0 -0 -0 -0 -0 -0 0 -0 0 -0 0 0 0
0 0 -0 0 -0 -0 0 0 0 -0 -0 0 -0 -0 -0 -0 0 -0 -0 -0 -0 0 0 0 -0 0 -0 0 -0 0 -0 0 0 0 0 0 0 -0 0 -0 0 0 -0 -0
-0 0 -0 -0 -0 0 -0 0 -0 -0 0 0 -0 0 0 0 0 -0 0 0 0 0 -0 -0 -0 0 -0 0 0 0 0 0 -0 -0 -0 -0 -0 -0 -0 -0 -0 -0 -0 0 0
-0 -0 -0 -0 0 0 0 0 -0 0 0 -0 -0 0 -0 -0 -0 -0 0 -0 0 -0 -0 0 0 0 0 0 -0 -0 -0 -0 -0 -0 0 -0 0 -0 0 0 0 0 0 0 0 -0
0 -0 0 -0 0 -0 0 -0 -0 0 -0 -0 0 0 -0 0 0 0 0 -0 0 -0 0 0 0 -0 -0 -0 -0 -0 0 0 0 0 0 -0 0 -0 0 -0 -0 -0 -0 0 -0 -0 0
0 0 0 0 0 -0 -0 -0 0 0 -0 0 0 -0 -0 0 -0 -0 -0 -0 0 -0 0 -0 -0 -0 0 0 0 0 0 -0 0 -0 0 -0 0 -0 -0 -0 -0 0 -0 0 -0 0 0 0
0 0 -0 0 -0 0 -0 0 0 -0 -0 0 -0 -0 0 0 -0 0 -0 0 0 -0 -0 -0 0 -0 0 -0 0 -0 -0 -0 0 -0 0 -0 0 0 0 0 0 0 -0 0 -0 0 0 -0 -0
-0 0 -0 -0 -0 -0 -0 0 -0 -0 0 0 -0 0 0 -0 -0 0 -0 0 -0 -0 0 0 0 -0 0 -0 0 -0 0 -0 0 -0 0 -0 0 -0 -0 -0 -0 -0 -0 0 -0 -0 -0 -0 0 0
-0 -0 -0 -0 0 -0 0 0 -0 0 0 -0 -0 0 -0 -0 0 0 -0 0 -0 0 0 -0 -0 -0 0 -0 0 0 0 -0 0 -0 -0 -0 -0 -0 -0 0 -0 0 -0 0 0 0 0 0 0 0 -0
0 -0 0 -0 0 0 0 -0 -0 0 0 0 -0 -0 -0 0 0 -0 -0 0 -0 0 -0 -0 -0 0 0 0 0 -0 -0 -0 -0 -0 0 0 0 0 0 0 -0 0 -0 0 -0 -0 -0 -0 0 -0 -0 0
0 0 0 0 0 0 -0 -0 0 -0 0 -0 -0 0 0 -0 -0 -0 0 0 -0 -0 -0 0 0 0 -0 -0 -0 -0 0 0 0 0 0 0 -0 -0 -0 -0 -0 0 -0 0 -0 -0 0 -0 0 -0 0 0 -0
0 0 -0 0 -0 0 -0 0 0 0 0 -0 0 0 -0 -0 0 0 0 -0 -0 0 0 0 -0 -0 -0 0 0 0 0 0 -0 -0 -0 -0 -0 0 -0 0 -0 0 0 0 0 0 0 -0 0 -0 0 0 -0 -0
-0 0 -0 -0 -0 -0 -0 0 0 0 -0 -0 0 -0 -0 0 0 -0 -0 -0 0 0 -0 -0 -0 0 -0 0 -0 0 -0 -0 -0 0 -0 0 0 0 -0 0 -0 0 -0 -0 -0 -0 -0 -0 0 -0 -0 -0 -0 0 0
-0 -0 -0 -0 0 -0 0 0 0 -0 -0 0 0 -0 0 0 -0 -0 0 0 0 -0 -0 -0 0 0 -0 0 -0 0 -0 0 0 0 -0 0 -0 0 -0 -0 -0 0 -0 0 0 0 0 -0 0 0 0 0 0 0 -0 -0
0 -0 0 -0 0 0 0 -0 0 -0 0 0 -0 -0 0 -0 -0 0 0 0 -0 -0 0 0 0 -0 -0 0 -0 0 -0 0 -0 0 -0 0 -0 0 -0 0 0 0 0 0 0 -0 0 -0 0 -0 -0 -0 -0 0 -0 -0 0
0 0 0 0 0 0 -0 -0 -0 -0 0 -0 -0 0 0 -0 0 0 -0 -0 -0 0 0 -0 -0 -0 0 0 0 0 -0 -0 -0 0 -0 0 0 0 -0 0 -0 -0 -0 -0 -0 -0 0 -0 0 -0 0 0 -0 0 -0 0 0 -0
0 0 -0 0 -0 0 -0 -0 -0 0 0 -0 0 0 -0 -0 0 -0 -0 0 0 0 -0 -0 0 -0 0 -0 -0 -0 -0 0 0 0 0 0 -0 -0 -0 -0 -0 -0 0 -0 0 -0 0 0 0 0 0 0 -0 0 -0 0 0 -0 -0
-0 0 -0 -0 0 -0 -0 -0 0 0 -0 -0 0 -0 -0 0 0 -0 0 0 -0 -0 -0 0 0 -0 0 -0 0 -0 0 0 0 -0 -0 -0 -0 -0 0 0 0 0 0 -0 0 -0 0 -0 -0 -0 -0 -0 -0 0 -0 -0 -0 -0 0 0
-0 -0 -0 -0 -0 -0 0 -0 0 -0 -0 0 0 -0 0 0 -0 -0 0 -0 -0 0 0 0 -0 -0 0 -0 0 -0 0 -0 -0 -0 0 0 0 0 0 -0 0 -0 -0 -0 0 -0 0 -0 0 0 0 0 -0 0 0 0 0 0 0 -0 -0
0 -0 0 -0 -0 0 0 0 0 -0 0 0 -0 0 -0 0 -0 0 0 -0 0 0 -0 0 -0 0 0 0 0 -0 0 -0 0 0 0 -0 0 -0 -0 -0 0 -0 0 -0 0 0 0 0 0 0 -0 0 -0 0 -0 -0 -0 -0 0 -0 -0 0
0 0 0 0 -0 0 -0 0 -0 -0 0 -0 0 -0 -0 0 -0 -0 -0 -0 0 -0 -0 0 -0 0 -0 -0 -0 -0 0 0 0 -0 0 -0 0 -0 0 -0 0 -0 0 -0 0 -0 -0 -0 -0 -0 -0 0 -0 0 -0 0 0 -0 0 -0 0 0 -0
0 0 -0 0 0 0 -0 -0 -0 0 0 0 -0 -0 0 0 -0 0 0 0 0 -0 0 0 -0 0 -0 0 0 0 0 -0 -0 -0 0 -0 0 -0 0 -0 0 -0 -0 -0 -0 -0 0 0 0 0 0 0 -0 0 0 0 0 -0 0 -0 0 -0 -0 -0
-0 0 0 -0 0 -0 -0 -0 0 0 -0 0 -0 0 0 -0 -0 0 -0 -0 -0 -0 0 -0 -0 0 -0 0 -0 0 -0 -0 0 0 0 -0 0 -0 -0 -0 0 -0 0 0 0 0 0 0 -0 0 -0 0 -0 -0 -0 -0 -0 -0 0 -0 -0 -0 -0 0 0
-0 -0 0 -0 -0 -0 -0 -0 0 -0 0 -0 -0 0 -0 -0 0 0 -0 0 0 0 0 -0 0 0 0 0 -0 0 -0 0 0 0 -0 -0 -0 -0 0 0 0 0 0 -0 -0 -0 -0 -0 -0 0 -0 0 -0 0 0 0 0 0 0 0 0 0 0 0 -0 -0
0 -0 -0 -0 -0 0 -0 0 0 -0 -0 -0 0 0 -0 0 0 -0 -0 0 -0 -0 -0 -0 0 -0 -0 -0 -0 0 -0 0 -0 -0 -0 0 0 0 0 0 -0 -0 -0 -0 -0 0 -0 0 -0 0 -0 0 -0 0 0 -0 0 -0 0 -0 -0 -0 -0 -0 -0 -0 0
0 0 -0 0 -0 0 0 0 -0 -0 -0 0 0 -0 -0 0 -0 -0 0 0 -0 0 0 0 0 -0 0 0 0 0 -0 -0 -0 0 0 0 -0 0 -0 -0 -0 0 -0 0 0 0 -0 0 -0 0 -0 -0 -0 -0 -0 -0 0 -0 0 -0 0 0 -0 0 -0 0 0 -0
0 0 0 0 0 0 0 -0 -0 -0 -0 0 -0 -0 0 0 -0 0 0 -0 -0 0 -0 -0 -0 -0 0 -0 -0 -0 -0 0 0 0 -0 0 -0 0 -0 0 0 0 -0 0 -0 0 -0 0 -0 0 -0 0 0 0 0 0 0 -0 0 0 0 0 -0 0 -0 0 -0 -0 -0
-0 0 0 -0 0 -0 0 -0 0 -0 0 0 -0 0 0 -0 -0 0 -0 -0 0 0 -0 0 0 0 0 -0 0 -0 0 0 -0 -0 -0 0 -0 0 -0 0 -0 0 -0 0 -0 0 -0 0 0 0 0 0 0 -0 0 -0 0 -0 -0 -0 -0 -0 -0 0 -0 0 -0 -0 0 0
-0 -0 0 -0 -0 -0 -0 -0 0 0 0 -0 -0 0 -0 -0 0 0 -0 0 0 -0 -0 0 -0 0 -0 -0 0 -0 0 -0 -0 -0 0 0 -0 0 -0 -0 -0 0 -0 0 0 0 -0 0 -0 -0 -0 -0 -0 -0 0 -0 0 -0 0 0 0 0 0 0 0 0 0 0 0 -0 -0
0 -0 -0 -0 -0 0 -0 0 0 0 -0 -0 0 0 -0 0 0 -0 -0 0 -0 -0 0 0 -0 0 -0 0 0 -0 0 -0 0 0 0 -0 -0 -0 -0 0 0 0 -0 0 -0 -0 -0 -0 -0 -0 0 0 0 0 0 -0 0 -0 0 -0 -0 0 -0 0 -0 -0 -0 -0 -0 -0 -0 0
0 0 -0 0 -0 0 0 0 -0 0 -0 0 0 -0 -0 -0 0 0 -0 -0 -0 0 0 -0 -0 0 -0 0 -0 -0 0 0 0 -0 -0 -0 0 0 0 0 -0 -0 -0 -0 -0 0 0 0 0 0 0 -0 0 -0 0 -0 -0 -0 -0 -0 -0 0 -0 0 -0 0 0 -0 0 -0 0 0 -0
0 0 0 0 0 0 0 -0 0 -0 -0 0 -0 -0 -0 -0 0 -0 -0 0 0 0 -0 -0 0 0 -0 0 -0 0 0 -0 -0 -0 0 -0 0 -0 0 -0 -0 -0 0 0 0 0 0 -0 -0 -0 -0 -0 0 -0 0 -0 0 0 0 0 0 0 -0 0 -0 0 0 -0 0 -0 0 -0 -0 -0
-0 0 0 -0 0 -0 0 -0 -0 -0 0 0 -0 -0 -0 0 0 -0 0 0 -0 -0 -0 0 0 -0 -0 0 -0 0 -0 -0 0 0 0 -0 0 -0 0 -0 0 0 0 -0 0 -0 -0 -0 0 -0 0 -0 0 0 0 -0 0 -0 -0 -0 -0 0 -0 -0 -0 -0 -0 -0 0 -0 0 -0 -0 0 0
-0 -0 0 -0 -0 -0 -0 -0 -0 0 0 -0 -0 -0 0 0 -0 -0 0 -0 -0 0 0 -0 -0 -0 0 0 -0 -0 -0 0 0 0 -0 -0 0 -0 0 -0 0 -0 0 -0 0 -0 0 -0 0 -0 0 -0 0 -0 -0 -0 -0 -0 -0 0 -0 0 -0 0 0 0 0 0 0 0 0 0 0 0 -0 -0
0 -0 -0 -0 -0 0 -0 0 -0 0 -0 -0 -0 -0 0 -0 -0 0 0 -0 0 0 -0 -0 0 0 0 -0 -0 0 0 0 -0 -0 -0 0 0 0 0 -0 -0 -0 0 -0 0 -0 0 -0 0 -0 -0 -0 0 -0 0 0 0 0 0 0 -0 0 -0 0 -0 -0 0 -0 0 -0 -0 -0 -0 -0 -0 -0 0
0 0 -0 0 -0 0 0 0 0 0 -0 0 -0 0 0 -0 0 0 -0 -0 0 -0 -0 0 0 0 -0 -0 0 0 -0 -0 -0 0 0 0 -0 -0 -0 -0 0 0 0 -0 0 -0 -0 -0 0 -0 0 0 0 0 0 0 -0 0 -0 0 -0 -0 -0 -0 -0 -0 0 -0 0 -0 0 0 0 0 -0 0 0 -0
-0 0 0 0 0 -0 0 -0 0 -0 -0 -0 0 0 -0 -0 0 -0 -0 0 0 -0 0 0 -0 -0 -0 0 0 -0 -0 -0 0 0 -0 0 -0 0 0 0 0 -0 -0 -0 -0 -0 0 0 0 0 0 -0 -0 -0 -0 -0 -0 0 -0 0 -0 0 0 0 0 0 0 -0 0 -0 0 0 -0 0 -0 0 -0 -0 -0
-0 -0 0 -0 0 0 0 -0 -0 -0 0 -0 0 -0 -0 0 0 -0 0 0 -0 -0 0 -0 -0 0 0 0 -0 -0 0 0 0 -0 -0 0 -0 0 -0 0 -0 -0 -0 0 0 0 0 -0 -0 -0 -0 -0 -0 0 -0 0 0 0 -0 0 -0 0 -0 -0 -0 -0 -0 -0 -0 -0 -0 -0 -0 0 -0 0 -0 -0 0 0
-0 -0 -0 -0 -0 0 -0 -0 -0 0 0 0 0 -0 0 0 -0 -0 0 -0 -0 0 0 -0 0 0 -0 -0 -0 0 0 -0 -0 -0 0 0 -0 0 -0 0 -0 0 0 0 -0 -0 -0 -0 -0 0 0 0 0 0 -0 0 -0 0 -0 -0 -0 -0 -0 -0 0 -0 0 -0 0 0 0 0 0 0 0 0 0 0 0 -0 -0
0 -0 -0 0 -0 -0 -0 0 -0 0 -0 0 -0 -0 0 -0 -0 0 0 -0 0 0 -0 -0 0 -0 -0 0 0 0 -0 -0 0 0 0 -0 -0 -0 -0 0 -0 0 -0 0 -0 0 -0 0 0 0 -0 0 -0 0 -0 0 -0 0 -0 0 0 0 0 0 0 -0 0 -0 0 -0 -0 -0 -0 0 -0 -0 -0 -0 -0 -0 -0 0
0 0 -0 0 0 -0 0 -0 0 0 -0 -0 -0 0 0 -0 0 0 0 0 -0 -0 -0 0 0 -0 0 0 -0 -0 -0 0 0 -0 0 -0 0 0 0 0 -0 -0 -0 0 -0 0 -0 0 -0 0 -0 0 -0 0 -0 0 0 0 -0 0 -0 -0 -0 -0 -0 -0 0 -0 -0 -0 -0 0 -0 0 -0 0 0 0 0 -0 0 0 -0
-0 0 0 0 0 0 0 0 0 -0 0 -0 0 0 -0 -0 -0 0 0 -0 -0 0 -0 0 -0 -0 0 -0 -0 0 0 0 -0 -0 0 -0 0 -0 -0 -0 -0 0 0 0 -0 0 -0 -0 -0 0 -0 0 0 0 -0 0 -0 -0 -0 -0 -0 -0 0 -0 0 -0 0 0 0 0 0 0 -0 0 -0 0 0 -0 0 -0 0 -0 -0 -0
-0 -0 0 -0 0 0 -0 0 -0 -0 -0 -0 0 -0 -0 -0 -0 0 -0 -0 0 0 -0 0 0 0 0 -0 0 0 -0 0 -0 0 0 -0 0 -0 0 -0 0 0 0 -0 -0 -0 -0 0 0 0 -0 0 -0 -0 -0 -0 -0 0 0 0 0 0 0 -0 0 -0 0 -0 -0 -0 -0 -0 -0 0 -0 -0 -0 -0 0 -0 0 -0 -0 0 0
-0 -0 -0 -0 -0 0 -0 -0 -0 0 -0 0 0 -0 0 -0 0 0 -0 0 0 -0 -0 0 -0 -0 -0 -0 0 -0 -0 0 -0 0 -0 -0 -0 -0 0 -0 0 -0 -0 -0 0 0 0 0 -0 -0 -0 -0 -0 0 0 0 0 0 0 -0 0 -0 0 -0 0 -0 0 -0 0 0 -0 0 -0 0 0 0 0 0 0 -0 0 0 0 0 -0 -0
0 -0 -0 -0 -0 -0 -0 -0 0 0 0 0 -0 -0 -0 0 0 -0 -0 0 -0 -0 0 0 -0 0 0 0 0 -0 0 0 -0 0 -0 0 0 0 0 -0 0 -0 0 0 0 -0 -0 -0 -0 -0 0 0 0 0 0 -0 -0 -0 -0 -0 0 -0 0 -0 0 0 0 0 0 0 -0 0 -0 0 -0 -0 -0 -0 0 -0 -0 -0 -0 -0 -0 -0 0
0 0 -0 -0 0 -0 0 -0 0 -0 0 -0 -0 0 -0 0 -0 -0 0 0 -0 0 0 -0 -0 0 -0 -0 -0 -0 0 -0 -0 0 -0 0 -0 -0 -0 -0 0 0 0 -0 0 -0 0 -0 0 0 0 -0 0 -0 -0 -0 0 -0 0 -0 0 -0 0 -0 0 -0 -0 -0 -0 -0 -0 0 -0 0 -0 -0 0 -0 0 -0 0 0 0 0 -0 0 0 -0
-0 0 0 -0 0 0 0 0 0 -0 -0 -0 0 0 0 0 -0 0 0 -0 -0 0 -0 -0 0 0 -0 0 0 0 0 -0 0 0 0 0 -0 0 -0 0 0 -0 -0 -0 0 -0 0 -0 0 -0 -0 -0 0 -0 0 0 0 -0 0 -0 0 -0 -0 -0 -0 -0 -0 0 -0 0 -0 0 0 0 0 0 0 -0 0 -0 0 -0 -0 0 -0 0 -0 -0 -0
-0 -0 0 0 0 0 -0 0 -0 -0 -0 0 0 0 0 -0 -0 0 -0 -0 0 0 -0 0 0 -0 -0 0 -0 -0 -0 -0 0 -0 -0 -0 -0 0 -0 0 -0 -0 0 0 0 -0 0 -0 0 -0 0 -0 0 -0 0 -0 0 -0 -0 -0 0 -0 0 0 0 0 0 0 -0 0 -0 0 -0 -0 -0 -0 -0 -0 0 -0 -0 -0 -0 0 -0 0 -0 -0 0 0
-0 -0 -0 0 -0 0 -0 -0 -0 -0 -0 0 -0 0 -0 -0 0 0 -0 0 0 -0 -0 0 -0 -0 0 0 -0 0 0 0 0 -0 0 0 0 0 -0 0 -0 0 0 0 -0 -0 -0 -0 0 0 0 -0 0 -0 -0 -0 0 -0 0 0 0 0 0 -0 -0 -0 -0 -0 -0 0 -0 0 -0 0 0 0 0 -0 0 0 0 0 0 0 -0 0 0 0 0 -0 -0
0 -0 -0 -0 -0 -0 -0 -0 0 -0 0 0 -0 -0 -0 0 0 -0 -0 0 -0 -0 0 0 -0 0 0 -0 -0 0 -0 -0 -0 -0 0 -0 -0 -0 -0 0 0 0 -0 -0 -0 0 0 0 0 -0 -0 -0 -0 -0 0 0 0 0 0 -0 -0 -0 -0 -0 -0 0 -0 0 -0 0 0 0 0 0 0 -0 0 -0 0 -0 -0 -0 -0 0 -0 -0 -0 -0 -0 -0 -0 0
0 0 -0 -0 0 -0 0 -0 0 0 0 -0 -0 -0 0 0 -0 -0 0 0 -0 0 0 -0 -0 0 -0 -0 0 0 -0 0 -0 0 0 -0 0 -0 0 0 -0 -0 -0 0 0 0 -0 -0 -0 -0 -0 0 0 0 0 -0 -0 -0 -0 -0 -0 0 0 0 0 0 -0 0 -0 0 -0 -0 -0 -0 -0 -0 0 -0 0 -0 0 0 -0 0 -0 0 0 0 0 -0 0 0 -0
-0 0 0 -0 0 0 0 0 0 0 -0 -0 -0 -0 0 -0 -0 0 0 0 0 -0 0 0 -0 0 -0 0 0 -0 -0 0 -0 0 -0 -0 0 -0 0 -0 -0 0 0 0 -0 0 -0 0 -0 0 0 0 -0 -0 -0 -0 -0 0 0 0 0 0 -0 0 -0 0 -0 0 -0 0 -0 0 0 0 0 0 0 0 0 0 0 0 -0 0 -0 0 -0 -0 0 -0 0 -0 -0 -0
-0 -0 0 0 0 0 -0 0 -0 0 -0 0 -0 0 0 -0 0 0 0 0 -0 -0 0 -0 -0 0 0 0 -0 -0 0 0 -0 0 -0 0 0 -0 0 -0 0 0 0 -0 -0 0 -0 0 -0 0 -0 -0 -0 0 -0 0 0 0 -0 0 -0 -0 -0 0 -0 0 -0 0 0 0 0 0 0 -0 0 -0 0 -0 -0 -0 -0 -0 -0 0 -0 -0 -0 -0 0 -0 0 -0 -0 0 0
-0 -0 -0 0 -0 0 -0 -0 -0 -0 -0 0 0 0 -0 -0 0 0 0 -0 -0 0 0 -0 0 0 -0 -0 -0 0 0 -0 -0 0 -0 0 -0 -0 0 0 0 -0 -0 -0 0 0 0 0 -0 -0 -0 0 -0 0 -0 0 -0 0 -0 0 -0 0 -0 0 0 0 -0 0 -0 -0 -0 -0 -0 -0 0 -0 0 -0 0 0 0 0 -0 0 0 0 0 0 0 -0 0 0 0 0 -0 -0
0 -0 -0 -0 -0 -0 -0 -0 0 -0 0 0 0 -0 -0 0 0 0 -0 -0 0 0 -0 -0 0 -0 -0 0 0 0 -0 -0 0 0 -0 0 -0 0 0 -0 -0 -0 0 0 0 -0 -0 -0 -0 0 0 0 -0 0 -0 0 -0 0 -0 0 -0 0 -0 0 -0 -0 -0 -0 -0 -0 0 -0 0 0 0 0 0 0 0 0 -0 0 -0 0 -0 -0 -0 -0 -0 -0 -0 -0 -0 -0 -0 -0 0
0 0 -0 -0 0 -0 0 -0 0 0 0 -0 0 -0 0 0 0 0 -0 0 0 -0 -0 0 0 -0 0 0 -0 -0 -0 0 0 -0 -0 0 0 0 -0 -0 0 0 0 -0 0 -0 0 0 0 0 -0 -0 -0 0 -0 0 0 0 -0 0 -0 -0 -0 -0 -0 0 0 0 0 0 0 -0 0 -0 0 -0 -0 -0 -0 -0 -0 0 -0 0 -0 0 0 -0 0 -0 0 0 0 0 -0 0 0 -0