100 0.0505051 7 -4 2
-0
-0 0
-0 0 -0
-0 0 -0 0
-0 -0 -0 0 0
-0 0 -0 0 -0 -0
0 0 -0 0 -0 0 0
0 -0 -0 0 -0 0 0 -0
0 -0 0 0 0 0 -0 -0 0
-0 -0 0 -0 -0 -0 -0 -0 0 0
-0 0 0 -0 0 0 0 0 0 -0 -0
0 0 -0 -0 0 -0 0 -0 -0 -0 0 0
0 -0 -0 0 0 -0 0 -0 0 -0 0 0 -0
0 -0 0 0 -0 -0 0 -0 0 -0 0 -0 -0 0
-0 -0 0 0 -0 0 0 -0 -0 -0 0 -0 0 0 0
-0 0 -0 0 -0 0 -0 -0 0 0 0 0 0 0 -0 -0
0 0 0 0 -0 0 -0 0 0 0 -0 -0 -0 -0 -0 0 0
0 -0 0 -0 -0 0 -0 0 -0 -0 -0 0 -0 0 0 0 0 -0
0 -0 -0 -0 0 0 -0 -0 -0 0 0 0 -0 0 -0 0 -0 -0 0
-0 0 -0 0 0 -0 -0 0 0 0 -0 0 -0 0 -0 0 -0 0 0 0
-0 -0 -0 0 -0 -0 0 0 -0 -0 -0 0 -0 0 0 0 0 0 0 -0 -0
0 -0 0 0 -0 0 0 -0 -0 0 0 0 -0 0 -0 -0 -0 -0 -0 -0 0 0
0 0 0 -0 -0 0 -0 -0 0 0 0 -0 -0 -0 -0 0 0 0 0 0 0 0 -0
0 0 -0 -0 0 0 -0 0 0 -0 -0 -0 0 0 0 0 0 -0 0 -0 0 -0 -0 0
-0 0 -0 0 0 -0 -0 0 -0 -0 0 0 0 -0 0 -0 -0 -0 0 -0 0 -0 0 0 0
-0 -0 -0 0 0 0 -0 -0 -0 0 0 -0 0 -0 0 -0 0 -0 0 -0 0 -0 0 0 -0 -0
0 -0 0 0 0 -0 -0 0 0 0 -0 -0 0 -0 0 -0 0 -0 0 -0 -0 -0 -0 -0 -0 0 0
0 0 0 -0 0 -0 0 0 -0 0 -0 0 0 -0 0 -0 -0 -0 0 -0 0 0 0 0 0 0 0 -0
0 0 -0 0 -0 -0 0 -0 -0 0 -0 0 -0 -0 -0 -0 0 0 0 0 0 0 -0 0 -0 0 -0 -0 0
-0 0 -0 -0 -0 0 0 -0 0 0 -0 0 -0 0 0 0 0 -0 -0 -0 -0 -0 -0 0 -0 0 -0 0 0 -0
-0 -0 -0 -0 0 0 -0 -0 0 -0 -0 0 -0 0 -0 0 -0 -0 -0 0 0 0 0 0 -0 0 -0 0 0 -0 -0
0 -0 0 -0 0 -0 -0 0 0 -0 0 0 -0 0 -0 0 -0 0 0 0 -0 0 -0 0 -0 -0 -0 -0 -0 -0 0 0
0 0 0 0 0 -0 0 0 -0 -0 0 -0 -0 -0 -0 0 -0 0 -0 0 -0 0 -0 0 -0 0 0 0 0 0 0 -0 -0
0 0 -0 0 -0 -0 0 -0 -0 0 0 -0 0 0 0 0 -0 -0 -0 0 -0 0 0 0 -0 0 -0 -0 -0 -0 0 -0 -0 0
-0 0 -0 -0 -0 0 0 -0 0 0 -0 -0 0 -0 -0 -0 -0 0 0 0 -0 0 -0 -0 -0 -0 -0 -0 0 -0 0 -0 0 0 -0
-0 -0 -0 -0 0 0 -0 0 -0 0 -0 0 0 -0 0 -0 0 0 -0 -0 -0 -0 -0 0 0 0 0 0 0 -0 0 -0 0 0 -0 -0
0 -0 0 -0 0 -0 0 -0 -0 0 -0 0 -0 -0 0 -0 0 -0 -0 -0 0 0 0 0 0 -0 0 -0 -0 -0 -0 -0 -0 -0 -0 0 0
0 0 0 0 0 -0 -0 -0 0 0 -0 0 -0 0 0 -0 0 -0 0 0 0 -0 -0 -0 -0 -0 0 -0 0 -0 0 0 0 0 0 0 -0 -0
0 0 0 0 -0 0 -0 0 0 -0 -0 0 -0 0 -0 -0 0 0 0 -0 -0 -0 0 -0 0 0 0 -0 0 -0 0 -0 -0 -0 -0 0 -0 -0 0
-0 0 0 -0 -0 -0 -0 0 -0 -0 0 0 -0 0 -0 0 0 -0 -0 -0 0 -0 0 -0 0 -0 0 -0 -0 -0 -0 -0 -0 0 -0 0 -0 0 0 -0
-0 -0 0 -0 0 -0 0 0 -0 0 0 -0 -0 0 -0 0 -0 -0 0 0 0 -0 0 -0 -0 -0 0 -0 0 0 0 0 0 0 -0 0 -0 0 -0 -0 -0
0 -0 -0 -0 0 0 0 -0 -0 0 -0 -0 0 0 -0 -0 -0 0 0 0 -0 -0 -0 -0 0 0 0 0 0 -0 -0 -0 -0 -0 -0 0 -0 -0 -0 -0 0 0
0 0 -0 0 0 0 -0 -0 0 0 -0 0 0 -0 -0 0 0 0 -0 -0 -0 0 0 0 0 -0 -0 -0 -0 -0 -0 0 -0 0 -0 0 0 0 0 0 0 -0 -0
0 0 0 0 -0 0 -0 0 0 -0 -0 0 -0 -0 0 0 -0 -0 -0 0 0 0 -0 -0 -0 -0 -0 0 0 0 0 0 -0 0 -0 0 -0 -0 -0 -0 -0 -0 -0 0
-0 0 0 -0 0 -0 -0 0 -0 -0 0 0 -0 0 0 -0 -0 0 0 0 -0 0 -0 0 -0 0 0 0 -0 0 -0 -0 -0 0 -0 0 -0 0 0 -0 0 -0 0 0 -0
-0 -0 0 -0 -0 -0 0 0 -0 0 0 -0 -0 0 -0 -0 0 0 0 -0 -0 0 -0 0 -0 0 -0 -0 -0 0 -0 0 -0 0 0 0 0 0 0 -0 0 -0 0 -0 -0 -0
0 -0 -0 -0 -0 0 0 -0 -0 -0 0 0 -0 0 -0 0 0 -0 -0 -0 0 0 -0 0 -0 0 -0 0 -0 0 -0 0 -0 0 -0 -0 -0 -0 -0 -0 0 -0 -0 -0 -0 0 0
0 0 -0 0 -0 0 -0 -0 -0 -0 0 -0 -0 0 -0 0 -0 -0 0 0 0 -0 -0 -0 -0 0 0 0 -0 0 -0 -0 -0 -0 -0 -0 0 -0 0 -0 0 0 0 0 0 0 -0 -0
0 0 0 0 0 0 -0 0 -0 0 0 -0 0 0 -0 0 -0 0 0 -0 0 -0 0 0 0 0 -0 -0 -0 -0 -0 0 0 0 0 0 0 -0 0 -0 0 -0 -0 -0 -0 -0 -0 -0 0
-0 0 0 -0 0 -0 -0 -0 0 0 -0 -0 0 -0 -0 0 -0 0 -0 -0 0 -0 0 -0 -0 -0 -0 -0 0 0 0 0 0 -0 -0 -0 -0 -0 0 -0 0 -0 0 0 -0 0 -0 0 0 -0
-0 -0 0 -0 -0 -0 0 -0 0 -0 -0 0 0 -0 0 0 -0 0 -0 0 0 -0 0 -0 0 -0 0 0 0 -0 -0 -0 -0 -0 0 -0 0 -0 0 0 0 0 0 0 -0 0 -0 0 -0 -0 -0
0 -0 -0 -0 -0 0 0 0 0 -0 0 0 -0 -0 0 -0 -0 0 -0 0 -0 -0 0 -0 0 -0 0 -0 -0 -0 0 -0 0 0 0 -0 0 -0 0 -0 -0 -0 -0 -0 -0 0 -0 0 -0 -0 0 0
0 0 -0 0 -0 0 -0 0 -0 -0 0 -0 -0 0 0 -0 0 0 -0 0 -0 0 0 0 0 -0 0 -0 0 -0 0 -0 0 -0 0 -0 0 -0 0 -0 0 0 0 0 0 0 0 0 0 0 0 -0 -0
0 0 0 0 0 0 0 -0 -0 0 0 -0 0 0 -0 -0 0 -0 -0 0 -0 0 -0 -0 -0 -0 0 0 0 -0 0 -0 0 -0 0 -0 0 0 0 0 0 0 -0 0 -0 0 -0 -0 -0 -0 -0 -0 -0 0
-0 0 0 -0 0 -0 0 -0 0 0 -0 -0 0 -0 -0 0 0 -0 0 0 -0 0 -0 0 0 0 0 -0 -0 -0 0 -0 0 0 0 -0 0 -0 -0 -0 -0 -0 -0 0 -0 0 -0 0 0 -0 0 -0 0 0 -0
-0 -0 0 -0 -0 -0 -0 -0 0 -0 -0 0 0 -0 0 0 -0 -0 0 -0 -0 -0 -0 0 -0 0 -0 -0 -0 0 0 0 0 -0 -0 -0 -0 -0 -0 0 0 0 0 0 -0 0 0 0 0 -0 0 -0 0 -0 -0 -0
0 -0 -0 -0 -0 0 -0 0 0 -0 0 -0 0 0 -0 -0 -0 0 0 -0 0 0 0 0 -0 0 -0 0 0 0 -0 -0 -0 -0 -0 0 0 0 0 0 -0 0 -0 0 -0 -0 -0 -0 -0 -0 0 -0 0 -0 -0 0 0
0 0 -0 0 -0 0 0 0 -0 -0 0 0 0 -0 -0 0 -0 0 -0 -0 0 -0 -0 -0 -0 0 -0 0 -0 -0 -0 0 -0 0 0 0 -0 0 -0 -0 -0 0 -0 0 -0 0 0 0 0 0 0 0 0 0 0 0 -0 -0
0 0 0 0 0 0 0 -0 -0 0 -0 0 -0 -0 0 0 -0 0 -0 0 0 -0 0 -0 0 0 -0 -0 -0 0 -0 0 -0 0 -0 -0 -0 0 -0 0 -0 0 0 0 0 0 0 -0 0 -0 0 -0 -0 -0 -0 -0 -0 -0 0
-0 0 0 0 0 -0 0 -0 0 0 0 0 -0 0 0 -0 -0 0 -0 0 -0 -0 0 -0 0 -0 -0 0 0 0 -0 0 -0 0 -0 0 -0 0 -0 0 -0 0 -0 -0 -0 -0 -0 -0 0 -0 0 -0 0 0 0 0 -0 0 0 -0
-0 -0 0 0 -0 -0 -0 -0 0 0 0 -0 -0 0 -0 -0 0 0 -0 0 -0 0 0 -0 0 -0 0 0 -0 -0 -0 0 -0 0 0 0 -0 0 -0 -0 -0 0 -0 0 0 0 0 0 0 -0 0 -0 0 0 -0 0 -0 0 -0 -0 -0
0 -0 -0 0 -0 -0 -0 0 0 0 -0 -0 0 0 -0 0 0 -0 -0 0 -0 0 -0 -0 0 -0 0 -0 -0 -0 0 0 0 0 -0 -0 -0 0 -0 0 0 0 0 0 0 -0 0 -0 0 -0 -0 -0 -0 -0 -0 0 -0 0 -0 -0 0 0
0 0 -0 -0 -0 -0 0 0 -0 0 -0 0 0 -0 -0 0 -0 -0 0 0 -0 0 -0 0 0 -0 -0 -0 0 0 0 -0 -0 -0 -0 0 0 0 0 0 -0 -0 -0 -0 -0 -0 0 -0 0 -0 0 0 0 0 0 0 0 0 0 0 0 -0 -0
0 0 0 -0 0 -0 0 -0 0 -0 -0 0 -0 -0 0 0 -0 0 0 -0 -0 0 0 0 -0 -0 0 0 0 -0 0 -0 0 0 0 0 0 -0 -0 -0 -0 -0 0 -0 0 0 0 -0 0 -0 0 -0 -0 0 -0 0 -0 -0 -0 -0 -0 -0 -0 0
-0 0 0 0 0 0 0 -0 -0 -0 0 0 -0 0 0 -0 -0 0 -0 -0 0 0 -0 -0 -0 0 0 -0 -0 -0 0 -0 0 -0 0 -0 -0 -0 0 -0 0 0 0 -0 0 -0 0 -0 -0 -0 -0 -0 -0 0 -0 0 -0 0 0 0 0 -0 0 0 -0
-0 -0 0 0 -0 0 -0 -0 -0 0 0 -0 -0 0 -0 -0 0 0 -0 0 0 -0 -0 0 0 0 -0 -0 -0 0 0 -0 0 -0 0 -0 0 -0 0 -0 0 -0 0 -0 0 -0 0 -0 0 0 0 0 0 0 -0 0 -0 0 0 -0 0 -0 0 -0 -0 -0
0 -0 -0 0 -0 -0 -0 0 -0 0 -0 -0 0 0 -0 -0 0 -0 -0 0 -0 -0 0 0 -0 -0 -0 0 0 0 -0 -0 -0 -0 0 0 0 -0 0 -0 0 -0 0 -0 0 0 0 0 0 -0 -0 -0 -0 0 -0 -0 -0 -0 -0 -0 0 -0 0 -0 -0 0 0
0 0 -0 -0 -0 -0 0 0 0 0 -0 0 0 0 0 -0 0 0 -0 0 -0 0 0 -0 -0 0 0 0 -0 -0 -0 0 0 0 0 -0 -0 -0 0 -0 0 0 0 -0 0 -0 -0 -0 -0 -0 -0 0 -0 0 -0 0 0 0 0 0 0 -0 0 0 0 0 -0 -0
0 0 0 -0 0 -0 0 -0 0 -0 -0 0 0 0 -0 -0 0 -0 -0 0 -0 0 -0 -0 0 0 0 -0 -0 0 -0 0 -0 -0 -0 -0 0 0 0 0 0 -0 -0 -0 -0 -0 0 0 0 0 0 0 -0 0 -0 0 -0 -0 -0 -0 0 -0 -0 -0 -0 -0 -0 -0 0
-0 0 0 0 0 0 0 0 -0 -0 0 0 0 -0 -0 0 0 -0 0 0 -0 0 -0 0 0 -0 -0 -0 0 0 -0 0 -0 0 -0 0 0 0 -0 -0 -0 -0 0 0 0 0 0 0 -0 0 -0 0 -0 -0 -0 -0 -0 -0 0 -0 0 -0 0 0 0 0 -0 0 0 -0
-0 -0 0 0 -0 0 -0 0 -0 0 0 0 0 -0 0 0 -0 -0 0 -0 -0 0 -0 0 -0 -0 0 0 0 -0 -0 0 -0 0 -0 0 -0 -0 -0 0 0 0 0 0 -0 0 -0 -0 -0 0 -0 0 -0 0 0 0 0 0 0 -0 0 -0 0 -0 -0 0 -0 0 -0 -0 -0
0 -0 -0 0 -0 -0 -0 -0 -0 0 -0 0 -0 -0 0 -0 -0 0 0 -0 0 0 -0 0 -0 0 0 -0 -0 -0 0 0 0 0 -0 0 -0 0 0 0 -0 0 -0 -0 -0 0 -0 0 -0 0 -0 0 -0 0 -0 -0 -0 -0 -0 -0 -0 -0 -0 -0 -0 0 -0 0 -0 -0 0 0
0 0 -0 -0 -0 -0 0 -0 0 0 -0 -0 -0 0 0 -0 0 0 -0 -0 0 -0 -0 0 -0 0 -0 -0 0 -0 0 -0 -0 -0 -0 0 0 0 -0 0 -0 0 -0 0 -0 0 -0 0 -0 0 -0 -0 -0 -0 -0 -0 0 -0 0 -0 0 0 0 0 0 0 -0 0 0 0 0 -0 -0
0 0 0 -0 0 -0 0 0 0 -0 0 -0 0 0 -0 -0 0 -0 -0 0 0 -0 0 0 -0 0 -0 0 0 -0 0 -0 0 0 0 0 -0 -0 -0 0 -0 0 0 0 -0 0 -0 -0 -0 0 -0 0 0 0 0 0 0 -0 0 -0 0 -0 -0 -0 -0 0 -0 -0 -0 -0 -0 -0 -0 0
-0 0 0 0 0 0 0 0 -0 -0 -0 -0 0 -0 -0 0 0 -0 0 0 -0 -0 0 -0 -0 0 -0 0 -0 -0 0 -0 0 -0 0 -0 -0 0 0 0 0 0 -0 -0 -0 0 -0 0 0 0 0 0 0 -0 -0 -0 -0 -0 0 -0 0 -0 -0 0 -0 0 -0 0 0 0 0 -0 0 0 -0
-0 -0 0 0 -0 0 -0 0 -0 0 -0 0 0 -0 0 0 -0 -0 0 -0 -0 0 0 -0 0 0 -0 0 -0 0 0 0 0 -0 0 -0 0 0 0 -0 -0 -0 -0 0 0 0 0 0 -0 -0 -0 -0 -0 -0 0 -0 0 -0 0 0 0 0 0 0 -0 0 -0 0 -0 -0 0 -0 0 -0 -0 -0
0 -0 -0 0 -0 -0 -0 -0 -0 0 0 0 -0 -0 0 -0 -0 0 0 -0 0 0 -0 -0 0 -0 -0 0 -0 0 -0 -0 -0 -0 0 -0 0 -0 -0 -0 0 0 0 0 0 -0 -0 -0 -0 -0 0 -0 0 0 0 -0 0 -0 0 -0 -0 -0 -0 -0 -0 0 -0 -0 -0 -0 0 -0 0 -0 -0 0 0
0 0 -0 -0 -0 -0 0 -0 0 0 0 -0 -0 0 0 -0 -0 -0 0 0 -0 -0 -0 0 0 -0 0 0 0 0 -0 0 0 0 0 -0 -0 -0 0 -0 0 -0 0 -0 -0 -0 0 -0 0 0 0 -0 0 -0 0 -0 -0 -0 -0 -0 -0 0 -0 0 -0 0 0 0 0 0 0 -0 0 0 0 0 -0 -0
-0 0 0 -0 0 -0 0 0 0 0 0 -0 0 0 -0 0 -0 0 0 -0 -0 0 0 0 -0 -0 0 -0 -0 -0 -0 0 -0 0 -0 -0 0 0 0 -0 0 -0 0 -0 0 0 0 -0 0 -0 0 -0 0 -0 0 -0 0 0 0 0 0 0 -0 0 -0 0 -0 -0 -0 -0 -0 -0 -0 -0 -0 -0 -0 -0 0
-0 -0 0 0 -0 0 0 0 -0 0 -0 -0 0 -0 0 -0 -0 0 -0 -0 0 0 -0 0 -0 0 0 -0 0 0 0 0 -0 0 -0 0 0 -0 -0 -0 0 -0 0 -0 0 -0 0 -0 0 -0 0 -0 0 0 0 -0 0 -0 -0 -0 -0 -0 -0 0 -0 0 -0 0 0 -0 0 -0 0 0 0 0 -0 0 0 -0
-0 -0 -0 0 0 0 0 0 -0 -0 -0 0 0 -0 -0 -0 0 0 -0 0 0 -0 -0 0 -0 0 -0 -0 0 -0 -0 -0 -0 0 -0 0 -0 -0 -0 0 0 0 0 -0 -0 -0 0 -0 0 0 0 -0 0 -0 -0 -0 -0 -0 -0 0 -0 0 -0 0 0 0 0 0 0 -0 0 -0 0 -0 -0 0 -0 0 -0 -0 0
0 -0 -0 -0 0 -0 0 -0 -0 -0 0 0 -0 0 -0 0 0 -0 -0 0 -0 -0 0 0 -0 0 -0 0 0 -0 0 -0 0 0 -0 0 -0 0 0 0 -0 -0 -0 -0 0 0 0 0 0 -0 -0 -0 -0 -0 0 0 0 0 0 0 -0 0 -0 0 -0 -0 -0 -0 -0 -0 0 -0 -0 -0 -0 0 -0 0 -0 -0 0 0
0 0 -0 -0 -0 -0 -0 -0 0 -0 0 -0 -0 -0 -0 0 -0 -0 0 0 -0 0 0 -0 -0 0 -0 0 -0 -0 0 -0 0 -0 -0 0 0 0 -0 -0 -0 0 0 0 0 0 -0 -0 -0 -0 0 0 0 0 0 0 -0 0 -0 -0 -0 0 -0 0 -0 0 0 0 0 -0 0 0 0 0 0 0 -0 0 0 0 0 -0 -0
-0 0 0 -0 -0 0 -0 0 0 0 0 -0 0 -0 0 0 -0 0 0 -0 -0 0 -0 -0 0 0 -0 0 -0 0 0 -0 0 -0 0 0 -0 -0 -0 0 -0 0 -0 0 -0 -0 -0 0 0 0 0 0 -0 -0 -0 -0 -0 0 -0 0 -0 0 0 0 0 0 0 -0 0 -0 0 -0 -0 -0 -0 -0 -0 -0 -0 -0 -0 -0 0 0
-0 -0 0 0 -0 0 0 0 -0 0 -0 -0 -0 0 0 -0 -0 0 -0 -0 0 0 -0 0 0 -0 -0 0 -0 0 -0 -0 0 -0 0 -0 -0 0 0 0 -0 0 -0 0 -0 0 0 0 -0 0 -0 -0 -0 0 -0 0 -0 0 -0 0 -0 0 -0 -0 -0 -0 -0 -0 0 -0 0 -0 0 0 -0 0 -0 0 0 0 0 -0 0 0 -0
-0 -0 -0 0 0 0 0 -0 -0 -0 -0 0 -0 0 -0 -0 0 0 -0 0 0 -0 -0 0 -0 -0 0 0 -0 -0 -0 0 0 -0 -0 -0 0 0 0 -0 -0 0 -0 0 -0 0 -0 0 -0 0 -0 0 -0 0 -0 0 -0 0 -0 -0 -0 -0 -0 0 0 0 0 0 0 0 0 0 0 0 -0 0 -0 0 -0 -0 0 -0 0 -0 -0 0
0 -0 -0 -0 0 -0 0 -0 -0 -0 0 0 0 0 -0 0 0 -0 -0 0 -0 -0 0 0 -0 0 0 -0 -0 0 0 0 -0 -0 0 0 0 -0 -0 -0 0 0 0 0 -0 -0 -0 0 -0 0 -0 0 -0 0 -0 -0 -0 0 -0 0 0 0 0 0 0 -0 0 -0 0 -0 -0 -0 -0 -0 -0 0 -0 0 -0 -0 0 -0 0 -0 0 0 0
0 0 -0 -0 -0 -0 -0 -0 -0 0 0 -0 0 -0 -0 0 -0 -0 0 -0 0 -0 0 -0 -0 0 -0 -0 0 0 -0 -0 -0 0 0 -0 -0 -0 0 0 0 -0 -0 -0 -0 0 0 0 -0 0 -0 -0 -0 0 -0 0 0 0 0 0 -0 -0 -0 -0 -0 -0 0 -0 0 -0 0 0 0 0 0 0 0 0 0 0 0 -0 0 0 0 0 -0 -0
-0 0 0 -0 -0 0 -0 0 -0 0 -0 0 -0 -0 0 0 -0 0 -0 0 0 -0 0 0 0 0 -0 0 0 -0 -0 0 0 0 -0 -0 0 0 0 -0 0 -0 0 0 0 0 0 -0 -0 -0 -0 0 0 0 0 0 -0 -0 -0 -0 -0 -0 0 -0 0 -0 0 0 0 0 0 0 -0 0 -0 0 -0 -0 -0 -0 -0 -0 -0 -0 -0 -0 -0 0 0
-0 -0 0 0 -0 0 0 0 0 0 -0 -0 -0 0 0 -0 -0 -0 0 0 -0 -0 0 -0 -0 0 -0 0 -0 -0 0 0 -0 -0 -0 0 0 0 -0 -0 0 -0 0 -0 0 -0 -0 -0 0 0 0 0 0 -0 -0 -0 -0 -0 0 0 0 0 0 -0 0 -0 0 -0 -0 -0 -0 -0 -0 0 -0 0 -0 0 0 -0 0 -0 0 0 0 0 0 0 0 -0
-0 -0 -0 0 0 0 0 -0 0 -0 -0 -0 0 0 -0 -0 -0 -0 0 -0 -0 0 0 -0 0 0 -0 0 -0 0 0 -0 -0 -0 0 0 -0 -0 -0 0 0 -0 0 -0 0 -0 0 0 0 -0 -0 -0 -0 -0 0 0 0 0 0 -0 0 -0 0 -0 0 -0 0 -0 0 0 0 0 0 0 -0 0 0 0 0 -0 0 -0 0 -0 -0 0 -0 0 -0 -0 0
0 -0 -0 -0 0 -0 0 -0 -0 -0 0 -0 0 -0 -0 0 -0 0 0 -0 0 0 -0 -0 0 -0 -0 0 -0 0 -0 -0 0 0 0 -0 -0 0 0 0 -0 -0 -0 -0 0 0 0 -0 0 -0 0 -0 0 0 0 -0 0 -0 -0 -0 0 -0 0 -0 0 0 0 0 0 0 -0 0 -0 0 -0 -0 -0 -0 -0 -0 0 -0 0 -0 -0 0 -0 0 -0 0 0 0
0 0 -0 -0 -0 -0 -0 -0 -0 0 0 0 0 -0 0 -0 0 0 -0 -0 0 -0 -0 0 0 -0 0 0 -0 0 -0 0 0 -0 -0 -0 0 0 -0 0 -0 0 0 0 0 -0 -0 -0 0 -0 0 -0 0 -0 0 -0 0 -0 0 -0 0 0 0 -0 0 -0 -0 -0 -0 -0 -0 0 -0 0 -0 0 0 0 0 0 0 0 0 0 0 0 -0 0 -0 0 0 -0 -0
-0 0 0 -0 -0 0 -0 0 -0 0 -0 0 -0 -0 0 0 0 -0 -0 0 0 -0 0 0 -0 -0 0 -0 -0 0 -0 0 -0 -0 0 0 0 -0 -0 0 -0 0 -0 -0 -0 -0 0 0 0 -0 0 -0 -0 -0 0 -0 0 0 0 -0 0 -0 -0 -0 -0 -0 -0 0 0 0 0 0 -0 0 -0 0 0 -0 0 -0 0 -0 -0 -0 -0 -0 -0 -0 -0 -0 -0 -0 0 0
-0 -0 0 0 -0 0 0 0 0 0 0 -0 -0 0 -0 0 -0 -0 0 0 -0 -0 0 -0 -0 0 0 -0 0 0 -0 0 -0 0 0 -0 -0 -0 0 0 -0 0 -0 0 -0 0 0 0 -0 -0 -0 -0 0 0 0 -0 0 -0 -0 -0 -0 -0 0 0 0 0 0 0 -0 0 -0 0 -0 -0 -0 -0 -0 -0 0 -0 0 -0 0 0 0 0 -0 0 0 0 0 0 0 0 -0
-0 -0 -0 0 0 0 0 -0 0 -0 0 -0 0 0 0 0 -0 0 0 -0 -0 0 0 -0 0 0 -0 -0 0 -0 -0 0 -0 0 -0 -0 0 -0 0 -0 -0 -0 -0 0 -0 0 -0 -0 -0 0 0 0 0 -0 -0 -0 -0 -0 0 0 0 0 0 0 -0 -0 -0 -0 -0 0 -0 0 -0 0 0 0 0 0 0 -0 0 -0 0 0 -0 0 -0 0 -0 -0 0 -0 0 -0 -0 0
0 -0 -0 -0 0 -0 0 -0 -0 -0 -0 -0 0 -0 0 -0 -0 0 -0 -0 0 0 -0 -0 0 -0 -0 0 0 -0 0 0 -0 0 -0 0 0 -0 0 -0 0 0 0 0 -0 0 -0 0 0 0 -0 -0 -0 -0 -0 0 0 0 0 0 -0 -0 -0 -0 -0 0 -0 0 -0 0 0 0 0 0 -0 -0 0 -0 0 -0 -0 -0 -0 -0 -0 0 -0 0 -0 -0 0 -0 0 -0 0 0 0
0 0 -0 -0 -0 -0 -0 -0 -0 0 -0 0 0 -0 -0 -0 0 0 -0 0 0 -0 -0 0 0 -0 0 0 -0 -0 0 -0 -0 0 -0 0 -0 -0 0 -0 0 -0 -0 -0 -0 0 0 0 -0 0 -0 0 -0 0 0 0 -0 0 -0 -0 -0 0 -0 0 0 0 -0 0 -0 0 -0 -0 -0 -0 -0 -0 0 -0 0 -0 0 0 0 0 0 0 0 0 0 0 0 -0 0 -0 0 0 -0 -0