100 0.0505051 2 6 2
0
0 -0
0 -0 0
0 -0 0 -0
0 0 0 -0 -0
0 -0 0 -0 0 0
-0 -0 0 -0 0 -0 -0
-0 0 0 -0 0 -0 -0 0
-0 0 -0 -0 -0 -0 0 0 -0
0 0 -0 0 0 0 0 0 -0 -0
0 -0 -0 0 -0 -0 -0 -0 -0 0 0
-0 -0 0 0 -0 0 -0 0 0 0 -0 -0
-0 0 0 -0 -0 0 -0 0 -0 0 -0 -0 0
-0 0 -0 -0 0 0 -0 0 -0 0 -0 0 0 -0
0 0 -0 -0 0 -0 -0 0 0 0 -0 0 -0 -0 -0
0 -0 0 -0 0 -0 0 0 -0 -0 -0 -0 -0 -0 0 0
-0 -0 -0 -0 0 -0 0 -0 -0 -0 0 0 0 0 0 -0 -0
-0 0 -0 0 0 -0 0 -0 0 0 0 -0 0 -0 -0 -0 -0 0
-0 0 0 0 -0 -0 0 0 0 -0 -0 -0 0 -0 0 -0 0 0 -0
0 -0 0 -0 -0 0 0 -0 -0 -0 0 -0 0 -0 0 -0 0 -0 -0 -0
0 0 0 -0 0 0 -0 -0 0 0 0 -0 0 -0 -0 -0 -0 -0 -0 0 0
-0 0 -0 -0 0 -0 -0 0 0 -0 -0 -0 0 -0 0 0 0 0 0 0 -0 -0
-0 -0 -0 0 0 -0 0 0 -0 -0 -0 0 0 0 0 -0 -0 -0 -0 -0 -0 -0 0
-0 -0 0 0 -0 -0 0 -0 -0 0 0 0 -0 -0 -0 -0 -0 0 -0 0 -0 0 0 -0
0 -0 0 -0 -0 0 0 -0 0 0 -0 -0 -0 0 -0 0 0 0 -0 0 -0 0 -0 -0 -0
0 0 0 -0 -0 -0 0 0 0 -0 -0 0 -0 0 -0 0 -0 0 -0 0 -0 0 -0 -0 0 0
-0 0 -0 -0 -0 0 0 -0 -0 -0 0 0 -0 0 -0 0 -0 0 -0 0 0 0 0 0 0 -0 -0
-0 -0 -0 0 -0 0 -0 -0 0 -0 0 -0 -0 0 -0 0 0 0 -0 0 -0 -0 -0 -0 -0 -0 -0 0
-0 -0 0 -0 0 0 -0 0 0 -0 0 -0 0 0 0 0 -0 -0 -0 -0 -0 -0 0 -0 0 -0 0 0 -0
0 -0 0 0 0 -0 -0 0 -0 -0 0 -0 0 -0 -0 -0 -0 0 0 0 0 0 0 -0 0 -0 0 -0 -0 0
0 0 0 0 -0 -0 0 0 -0 0 0 -0 0 -0 0 -0 0 0 0 -0 -0 -0 -0 -0 0 -0 0 -0 -0 0 0
-0 0 -0 0 -0 0 0 -0 -0 0 -0 -0 0 -0 0 -0 0 -0 -0 -0 0 -0 0 -0 0 0 0 0 0 0 -0 -0
-0 -0 -0 -0 -0 0 -0 -0 0 0 -0 0 0 0 0 -0 0 -0 0 -0 0 -0 0 -0 0 -0 -0 -0 -0 -0 -0 0 0
-0 -0 0 -0 0 0 -0 0 0 -0 -0 0 -0 -0 -0 -0 0 0 0 -0 0 -0 -0 -0 0 -0 0 0 0 0 -0 0 0 -0
0 -0 0 0 0 -0 -0 0 -0 -0 0 0 -0 0 0 0 0 -0 -0 -0 0 -0 0 0 0 0 0 0 -0 0 -0 0 -0 -0 0
0 0 0 0 -0 -0 0 -0 0 -0 0 -0 -0 0 -0 0 -0 -0 0 0 0 0 0 -0 -0 -0 -0 -0 -0 0 -0 0 -0 -0 0 0
-0 0 -0 0 -0 0 -0 0 0 -0 0 -0 0 0 -0 0 -0 0 0 0 -0 -0 -0 -0 -0 0 -0 0 0 0 0 0 0 0 0 -0 -0
-0 -0 -0 -0 -0 0 0 0 -0 -0 0 -0 0 -0 -0 0 -0 0 -0 -0 -0 0 0 0 0 0 -0 0 -0 0 -0 -0 -0 -0 -0 -0 0 0
-0 -0 -0 -0 0 -0 0 -0 -0 0 0 -0 0 -0 0 0 -0 -0 -0 0 0 0 -0 0 -0 -0 -0 0 -0 0 -0 0 0 0 0 -0 0 0 -0
0 -0 -0 0 0 0 0 -0 0 0 -0 -0 0 -0 0 -0 -0 0 0 0 -0 0 -0 0 -0 0 -0 0 0 0 0 0 0 -0 0 -0 0 -0 -0 0
0 0 -0 0 -0 0 -0 -0 0 -0 -0 0 0 -0 0 -0 0 0 -0 -0 -0 0 -0 0 0 0 -0 0 -0 -0 -0 -0 -0 -0 0 -0 0 -0 0 0 0
-0 0 0 0 -0 -0 -0 0 0 -0 0 0 -0 -0 0 0 0 -0 -0 -0 0 0 0 0 -0 -0 -0 -0 -0 0 0 0 0 0 0 -0 0 0 0 0 -0 -0
-0 -0 0 -0 -0 -0 0 0 -0 -0 0 -0 -0 0 0 -0 -0 -0 0 0 0 -0 -0 -0 -0 0 0 0 0 0 0 -0 0 -0 0 -0 -0 -0 -0 -0 -0 0 0
-0 -0 -0 -0 0 -0 0 -0 -0 0 0 -0 0 0 -0 -0 0 0 0 -0 -0 -0 0 0 0 0 0 -0 -0 -0 -0 -0 0 -0 0 -0 0 0 0 0 0 0 0 -0
0 -0 -0 0 -0 0 0 -0 0 0 -0 -0 0 -0 -0 0 0 -0 -0 -0 0 -0 0 -0 0 -0 -0 -0 0 -0 0 0 0 -0 0 -0 0 -0 -0 0 -0 0 -0 -0 0
0 0 -0 0 0 0 -0 -0 0 -0 -0 0 0 -0 0 0 -0 -0 -0 0 0 -0 0 -0 0 -0 0 0 0 -0 0 -0 0 -0 -0 -0 -0 -0 -0 0 -0 0 -0 0 0 0
-0 0 0 0 0 -0 -0 0 0 0 -0 -0 0 -0 0 -0 -0 0 0 0 -0 -0 0 -0 0 -0 0 -0 0 -0 0 -0 0 -0 0 0 0 0 0 0 -0 0 0 0 0 -0 -0
-0 -0 0 -0 0 -0 0 0 0 0 -0 0 0 -0 0 -0 0 0 -0 -0 -0 0 0 0 0 -0 -0 -0 0 -0 0 0 0 0 0 0 -0 0 -0 0 -0 -0 -0 -0 -0 -0 0 0
-0 -0 -0 -0 -0 -0 0 -0 0 -0 -0 0 -0 -0 0 -0 0 -0 -0 0 -0 0 -0 -0 -0 -0 0 0 0 0 0 -0 -0 -0 -0 -0 -0 0 -0 0 -0 0 0 0 0 0 0 0 -0
0 -0 -0 0 -0 0 0 0 -0 -0 0 0 -0 0 0 -0 0 -0 0 0 -0 0 -0 0 0 0 0 0 -0 -0 -0 -0 -0 0 0 0 0 0 -0 0 -0 0 -0 -0 0 -0 0 -0 -0 0
0 0 -0 0 0 0 -0 0 -0 0 0 -0 -0 0 -0 -0 0 -0 0 -0 -0 0 -0 0 -0 0 -0 -0 -0 0 0 0 0 0 -0 0 -0 0 -0 -0 -0 -0 -0 -0 0 -0 0 -0 0 0 0
-0 0 0 0 0 -0 -0 -0 -0 0 -0 -0 0 0 -0 0 0 -0 0 -0 0 0 -0 0 -0 0 -0 0 0 0 -0 0 -0 -0 -0 0 -0 0 -0 0 0 0 0 0 0 -0 0 -0 0 0 -0 -0
-0 -0 0 -0 0 -0 0 -0 0 0 -0 0 0 -0 -0 0 -0 -0 0 -0 0 -0 -0 -0 -0 0 -0 0 -0 0 -0 0 -0 0 -0 0 -0 0 -0 0 -0 -0 -0 -0 -0 -0 -0 -0 -0 -0 -0 0 0
-0 -0 -0 -0 -0 -0 -0 0 0 -0 -0 0 -0 -0 0 0 -0 0 0 -0 0 -0 0 0 0 0 -0 -0 -0 0 -0 0 -0 0 -0 0 -0 -0 -0 -0 -0 -0 0 -0 0 -0 0 0 0 0 0 0 0 -0
0 -0 -0 0 -0 0 -0 0 -0 -0 0 0 -0 0 0 -0 -0 0 -0 -0 0 -0 0 -0 -0 -0 -0 0 0 0 -0 0 -0 -0 -0 0 -0 0 0 0 0 0 0 -0 0 -0 0 -0 -0 0 -0 0 -0 -0 0
0 0 -0 0 0 0 0 0 -0 0 0 -0 -0 0 -0 -0 0 0 -0 0 0 0 0 -0 0 -0 0 0 0 -0 -0 -0 -0 0 0 0 0 0 0 -0 -0 -0 -0 -0 0 -0 -0 -0 -0 0 -0 0 -0 0 0 0
-0 0 0 0 0 -0 0 -0 -0 0 -0 0 -0 -0 0 0 0 -0 -0 0 -0 -0 -0 -0 0 -0 0 -0 -0 -0 0 0 0 0 0 -0 -0 -0 -0 -0 0 -0 0 -0 0 0 0 0 0 0 -0 0 -0 0 0 -0 -0
-0 -0 0 -0 0 -0 -0 -0 0 0 -0 -0 -0 0 0 -0 0 -0 0 0 -0 0 0 0 0 -0 0 -0 0 0 0 -0 0 -0 -0 -0 0 -0 0 0 0 -0 0 -0 0 -0 -0 -0 -0 -0 -0 -0 -0 -0 -0 -0 0 0
-0 -0 -0 -0 -0 -0 -0 0 0 -0 0 -0 0 0 -0 -0 0 -0 0 -0 -0 0 -0 0 -0 -0 0 0 0 -0 0 -0 0 -0 0 0 0 -0 0 -0 0 -0 -0 -0 -0 -0 -0 0 -0 0 -0 0 0 0 0 0 0 0 -0
0 -0 -0 -0 -0 0 -0 0 -0 -0 -0 -0 0 -0 -0 0 0 -0 0 -0 0 0 -0 0 -0 0 0 -0 -0 -0 0 -0 0 -0 0 -0 0 -0 0 -0 0 -0 0 0 0 0 0 0 -0 0 -0 0 -0 -0 -0 -0 0 -0 -0 0
0 0 -0 -0 0 0 0 0 -0 -0 -0 0 0 -0 0 0 -0 -0 0 -0 0 -0 -0 0 -0 0 -0 -0 0 0 0 -0 0 -0 -0 -0 0 -0 0 0 0 -0 0 -0 -0 -0 -0 -0 -0 0 -0 0 -0 -0 0 -0 0 -0 0 0 0
-0 0 0 -0 0 0 0 -0 -0 -0 0 0 -0 -0 0 -0 -0 0 0 -0 0 -0 0 0 -0 0 -0 0 0 0 -0 -0 -0 -0 0 0 0 -0 0 -0 -0 -0 -0 -0 -0 0 -0 0 -0 0 0 0 0 0 0 -0 0 -0 0 0 -0 -0
-0 -0 0 0 0 0 -0 -0 0 -0 0 -0 -0 0 0 -0 0 0 -0 -0 0 -0 0 -0 -0 0 0 0 -0 -0 -0 0 0 0 0 -0 -0 -0 -0 -0 0 0 0 0 0 0 -0 0 -0 0 -0 -0 -0 -0 -0 -0 -0 -0 -0 -0 -0 0 0
-0 -0 -0 0 -0 0 -0 0 -0 0 0 -0 0 0 -0 -0 0 -0 -0 0 0 -0 -0 -0 0 0 -0 -0 -0 0 -0 0 -0 -0 -0 -0 -0 0 0 0 0 0 -0 0 -0 -0 -0 0 -0 0 -0 0 0 -0 0 -0 0 0 0 0 0 0 0 -0
0 -0 -0 -0 -0 -0 -0 0 0 0 -0 -0 0 -0 -0 0 0 -0 0 0 -0 -0 0 0 0 -0 -0 0 0 0 -0 0 -0 0 -0 0 0 0 -0 0 -0 -0 -0 0 -0 0 -0 0 0 0 0 0 0 -0 0 -0 0 -0 -0 -0 -0 0 -0 -0 0
0 0 -0 -0 0 -0 0 0 0 -0 -0 0 0 -0 0 0 -0 -0 0 -0 -0 0 0 -0 -0 -0 0 0 0 -0 -0 0 -0 0 -0 0 -0 0 -0 0 -0 0 -0 0 -0 0 -0 0 -0 -0 -0 -0 -0 -0 0 -0 0 -0 -0 0 -0 0 -0 0 0 0
-0 0 0 -0 0 0 0 -0 0 -0 0 0 -0 -0 0 0 -0 0 0 -0 0 0 -0 -0 0 0 0 -0 -0 -0 0 0 0 0 -0 -0 -0 0 -0 0 -0 0 -0 0 -0 -0 -0 -0 -0 0 0 0 0 -0 0 0 0 0 0 0 -0 0 -0 0 0 -0 -0
-0 -0 0 0 0 0 -0 -0 -0 -0 0 -0 -0 -0 -0 0 -0 -0 0 -0 0 -0 -0 0 0 -0 -0 -0 0 0 0 -0 -0 -0 -0 0 0 0 -0 0 -0 -0 -0 0 -0 0 0 0 0 0 0 -0 0 -0 0 -0 -0 -0 -0 -0 -0 0 -0 -0 -0 -0 0 0
-0 -0 -0 0 -0 0 -0 0 -0 0 0 -0 -0 -0 0 0 -0 0 0 -0 0 -0 0 0 -0 -0 -0 0 0 -0 0 -0 0 0 0 0 -0 -0 -0 -0 -0 0 0 0 0 0 -0 -0 -0 -0 -0 -0 0 -0 0 -0 0 0 0 0 -0 0 0 0 0 0 0 0 -0
0 -0 -0 -0 -0 -0 -0 -0 0 0 -0 -0 -0 0 0 -0 -0 0 -0 -0 0 -0 0 -0 -0 0 0 0 -0 -0 0 -0 0 -0 0 -0 -0 -0 0 0 0 0 -0 -0 -0 -0 -0 -0 0 -0 0 -0 0 0 0 0 0 0 -0 0 -0 0 -0 -0 -0 -0 0 -0 -0 0
0 0 -0 -0 0 -0 0 -0 0 -0 -0 -0 -0 0 -0 -0 0 0 -0 0 0 -0 0 -0 0 0 -0 -0 -0 0 0 -0 0 -0 0 -0 0 0 0 -0 -0 -0 -0 -0 0 -0 0 0 0 -0 0 -0 0 -0 -0 -0 -0 -0 -0 0 -0 0 -0 0 0 -0 0 -0 0 0 0
-0 0 0 -0 0 0 0 0 0 -0 0 -0 0 0 -0 0 0 -0 -0 0 -0 -0 0 -0 0 -0 -0 0 0 0 -0 -0 -0 -0 0 -0 0 -0 -0 -0 0 -0 0 0 0 -0 0 -0 0 -0 0 -0 0 -0 0 0 0 0 0 0 0 0 0 0 0 -0 0 -0 0 0 -0 -0
-0 -0 0 0 0 0 -0 0 -0 -0 0 0 0 -0 -0 0 -0 -0 0 0 -0 0 0 -0 0 -0 0 0 -0 0 -0 0 0 0 0 -0 -0 -0 0 -0 0 -0 0 -0 0 -0 0 -0 0 -0 0 0 0 0 0 0 -0 0 -0 0 -0 -0 -0 -0 -0 -0 0 -0 -0 -0 -0 0 0
-0 -0 -0 0 -0 0 -0 -0 -0 0 -0 0 -0 -0 0 0 -0 0 0 -0 -0 0 -0 -0 0 -0 0 -0 -0 0 -0 0 -0 -0 -0 -0 0 0 0 -0 0 -0 -0 -0 0 -0 0 0 0 -0 0 -0 -0 -0 -0 -0 -0 0 -0 0 -0 0 0 0 0 -0 0 0 0 0 0 0 0 -0
0 -0 -0 -0 -0 -0 -0 -0 0 0 0 0 -0 0 0 -0 -0 0 -0 -0 0 0 -0 0 0 -0 0 -0 0 0 -0 0 -0 0 -0 0 0 -0 -0 -0 -0 -0 0 0 0 -0 0 -0 -0 -0 -0 -0 -0 0 0 0 0 0 -0 0 -0 0 0 -0 0 -0 0 -0 -0 -0 -0 0 -0 -0 0
0 0 -0 -0 0 -0 0 -0 0 -0 0 -0 -0 0 -0 -0 0 0 -0 0 0 -0 -0 0 -0 -0 0 -0 0 -0 -0 -0 -0 0 -0 0 -0 -0 -0 0 0 0 0 -0 -0 -0 -0 -0 0 0 0 0 0 0 -0 0 -0 0 -0 -0 -0 -0 -0 -0 0 -0 0 -0 0 0 -0 0 -0 0 0 0
-0 0 0 -0 0 0 0 0 0 -0 -0 -0 0 0 -0 0 0 -0 -0 0 -0 -0 0 0 -0 0 0 -0 0 -0 0 0 0 0 -0 0 -0 0 0 0 -0 -0 -0 -0 -0 0 0 0 0 0 -0 0 -0 -0 -0 0 -0 0 -0 0 0 0 0 0 0 -0 0 0 0 0 -0 0 -0 0 0 -0 -0
-0 -0 0 0 0 0 -0 0 -0 -0 -0 0 0 -0 -0 0 0 0 -0 -0 0 0 0 -0 -0 0 -0 -0 -0 -0 0 -0 -0 -0 -0 0 0 0 -0 0 -0 0 -0 0 0 0 -0 0 -0 -0 -0 0 -0 0 -0 0 0 0 0 0 0 -0 0 -0 0 -0 -0 -0 -0 -0 -0 0 -0 -0 -0 -0 0 0
0 -0 -0 0 -0 0 -0 -0 -0 -0 -0 0 -0 -0 0 -0 0 -0 -0 0 0 -0 -0 -0 0 0 -0 0 0 0 0 -0 0 -0 0 0 -0 -0 -0 0 -0 0 -0 0 -0 -0 -0 0 -0 0 -0 0 -0 0 -0 0 -0 -0 -0 -0 -0 -0 0 -0 0 -0 0 0 0 0 0 0 0 0 0 0 0 0 -0
0 0 -0 -0 0 -0 -0 -0 0 -0 0 0 -0 0 -0 0 0 -0 0 0 -0 -0 0 -0 0 -0 -0 0 -0 -0 -0 -0 0 -0 0 -0 -0 0 0 0 -0 0 -0 0 -0 0 -0 0 -0 0 -0 0 -0 -0 -0 0 -0 0 0 0 0 0 0 -0 0 -0 0 -0 -0 0 -0 0 -0 -0 -0 -0 0 -0 -0 0
0 0 0 -0 -0 -0 -0 -0 0 0 0 -0 -0 0 0 0 -0 -0 0 -0 -0 0 0 -0 0 -0 0 0 -0 0 0 0 0 -0 0 -0 0 0 0 -0 -0 -0 -0 0 0 0 -0 0 -0 -0 -0 0 -0 0 0 0 0 0 0 -0 0 -0 0 -0 -0 -0 -0 -0 -0 0 -0 0 -0 0 0 -0 0 -0 0 4.25797e-318 -1.33355e-311
-0 0 0 0 -0 0 -0 0 0 0 -0 -0 0 -0 0 -0 -0 0 0 -0 0 0 -0 -0 0 -0 0 -0 -0 0 -0 0 -0 -0 0 -0 0 -0 -0 -0 0 0 0 0 -0 -0 -0 -0 -0 0 0 0 0 0 -0 -0 -0 -0 -0 -0 0 -0 0 -0 0 0 0 0 0 0 -0 0 0 0 0 -0 0 -0 8.56957e-320 1.29042e-311 -1.46587e-301 -5.51616e-294
-0 -0 0 0 0 0 0 0 -0 0 -0 0 0 0 0 -0 0 0 -0 -0 0 -0 -0 0 0 -0 0 -0 0 0 -0 0 -0 0 0 -0 -0 -0 0 0 0 -0 -0 -0 -0 -0 0 0 0 0 -0 -0 -0 -0 -0 -0 0 -0 0 0 0 -0 0 -0 0 -0 -0 -0 -0 0 -0 -0 -0 -0 -0 -0 0 -8.86008e-320 -1.0052e-311 -2.93953e-303 -6.63501e-294 1.15328e-285 6.79648e-278
0 -0 -0 0 0 -0 0 -0 -0 -0 -0 0 -0 0 -0 -0 0 -0 -0 0 0 -0 0 0 -0 -0 0 -0 0 -0 -0 0 -0 0 -0 -0 0 0 0 -0 0 -0 0 -0 0 0 0 -0 -0 -0 -0 -0 0 0 0 0 0 -0 0 -0 0 -0 -0 -0 -0 -0 -0 0 -0 0 -0 0 0 0 0 0 6.43273e-321 7.88329e-313 3.01695e-303 1.18746e-294 2.23138e-287 7.97189e-278 -3.25567e-271 -1.8623e-262
0 0 -0 -0 0 -0 -0 -0 0 -0 0 0 0 -0 -0 0 0 -0 0 0 -0 -0 0 -0 -0 0 0 -0 0 -0 0 0 -0 0 -0 0 0 -0 -0 -0 0 -0 0 -0 0 -0 -0 -0 0 -0 0 0 0 -0 0 -0 0 -0 0 -0 0 -0 0 0 0 0 0 0 -0 0 -0 0 -0 -0 0 -1.23516e-322 3.19685e-314 -2.14995e-304 -5.37217e-296 -2.09275e-287 -1.37409e-278 6.91832e-273 -2.17717e-262 -7.37058e-255 1.18458e-247
0 0 0 -0 -0 -0 -0 0 0 0 0 -0 0 -0 0 0 -0 -0 0 -0 -0 0 0 -0 0 0 -0 -0 0 0 0 -0 -0 0 0 0 -0 -0 -0 0 0 -0 0 -0 0 -0 0 -0 0 -0 0 -0 0 -0 0 -0 0 -0 0 0 0 0 0 -0 -0 -0 -0 -0 -0 -0 -0 -0 -0 -0 0 -2.58999e-315 3.99767e-306 -1.66499e-297 1.16021e-288 6.00585e-280 -3.85674e-272 3.72847e-263 -1.92272e-256 1.35888e-247 7.25101e-240 -5.49465e-234
-0 0 0 0 -0 0 -0 0 0 0 -0 -0 -0 -0 0 -0 -0 0 0 -0 0 0 -0 -0 0 -0 -0 0 0 -0 -0 -0 0 0 -0 -0 -0 0 0 0 -0 -0 -0 -0 0 0 0 -0 0 -0 0 -0 0 -0 0 0 0 -0 0 -0 -0 -0 -0 -0 -0 0 -0 0 -0 0 0 0 0 0 3.46747e-317 -1.29597e-308 1.18892e-298 -5.32421e-291 1.81999e-281 7.83674e-273 -1.61002e-264 3.00888e-256 -2.21314e-248 1.8212e-241 -3.06269e-234 -1.57756e-225 -3.92047e-219
-0 -0 0 0 0 0 0 0 0 -0 -0 0 -0 0 0 -0 0 0 -0 0 -0 0 -0 0 0 -0 0 0 -0 -0 0 0 0 -0 -0 0 0 0 -0 -0 -0 0 0 0 0 -0 -0 -0 0 -0 0 0 0 -0 0 -0 -0 -0 -0 -0 0 0 0 0 0 0 -0 0 -0 0 -0 -0 -0 -1.20206e-319 -6.62065e-312 -1.51895e-300 -1.71278e-292 -1.28242e-282 -3.89621e-274 -4.73704e-266 -3.81651e-257 8.44645e-250 -2.72758e-241 -9.11702e-235 -3.93857e-227 -5.45498e-219 7.99447e-212 3.15651e-205
0 -0 -0 0 0 -0 0 -0 0 -0 0 -0 0 0 -0 -0 0 -0 0 -0 -0 0 -0 -0 -0 -0 0 -0 -0 0 0 -0 -0 -0 0 0 -0 -0 -0 0 -0 0 -0 -0 -0 -0 -0 0 0 0 0 -0 -0 -0 -0 -0 0 0 0 0 0 0 -0 0 -0 0 -0 -0 -0 -0 -0 -0 7.41098e-323 -4.67244e-313 5.19532e-303 -2.34994e-294 1.59561e-284 4.07995e-276 3.05472e-267 1.51594e-258 1.71053e-251 3.33821e-242 1.74584e-235 5.84015e-227 1.30488e-219 1.93945e-213 4.25493e-205 -3.28561e-199 -5.47071e-192
0 0 -0 -0 0 -0 -0 -0 -0 -0 0 0 0 -0 -0 0 0 0 -0 -0 0 0 -0 0 0 -0 0 -0 0 0 -0 -0 0 0 0 -0 -0 -0 0 0 -0 0 -0 0 -0 0 0 0 -0 -0 -0 -0 -0 0 0 0 0 0 -0 -0 -0 -0 -0 0 -0 0 -0 0 0 0 0 0 1.52444e-315 -3.24734e-306 3.51637e-296 -4.8273e-287 3.61888e-278 -2.70874e-269 -1.43396e-260 2.84737e-253 -1.29602e-243 1.42926e-236 -7.01748e-228 -9.10993e-221 -2.68628e-213 -9.69368e-206 -2.63257e-201 -7.33813e-192 -1.58308e-185 2.23348e-179
0 0 0 -0 -0 -0 -0 0 -0 0 0 0 -0 -0 0 0 0 0 -0 0 0 -0 -0 0 -0 -0 0 -0 0 -0 -0 0 0 0 -0 -0 0 0 0 -0 -0 0 -0 0 -0 0 -0 -0 -0 0 0 0 0 0 -0 -0 -0 -0 -0 0 -0 0 -0 0 -0 0 -0 0 -0 -0 -0 -9.43937e-319 -9.62043e-310 -8.65488e-299 1.26031e-290 -4.83892e-280 -4.31094e-272 -1.22575e-262 -5.58771e-254 1.20376e-245 -2.53622e-237 2.60584e-229 -5.03421e-222 2.72249e-214 6.45112e-207 -1.43229e-200 1.65654e-192 -5.07963e-187 2.94921e-179 1.01967e-172 -9.92866e-168
-0 0 0 0 -0 0 -0 0 0 0 -0 0 -0 0 0 -0 0 -0 -0 0 -0 -0 0 0 -0 0 0 -0 0 -0 0 0 -0 -0 -0 0 0 -0 -0 -0 0 0 0 0 -0 -0 -0 0 -0 0 -0 0 -0 -0 -0 0 -0 0 0 0 -0 0 -0 0 -0 -0 -0 -0 -0 -0 9.38725e-323 -1.18058e-312 5.16004e-302 -3.49359e-293 1.16499e-282 3.59198e-274 1.60493e-264 7.47149e-256 9.81571e-248 8.45895e-239 -2.11613e-231 7.42584e-223 -5.56359e-216 3.43914e-208 6.43886e-201 -1.08687e-193 1.12027e-186 -6.39711e-180 3.11975e-174 -9.7546e-168 -1.40273e-160 -2.29196e-155
-0 -0 0 0 0 0 0 0 0 -0 -0 -0 -0 0 -0 0 -0 -0 0 0 -0 0 0 -0 -0 0 -0 -0 0 -0 0 -0 -0 0 0 0 -0 -0 0 -0 0 -0 -0 -0 -0 0 0 0 -0 0 -0 0 -0 0 -0 0 -0 0 -0 0 -0 -0 -0 0 -0 0 0 0 0 0 8.06903e-316 -5.09524e-306 1.29348e-295 -6.54663e-286 8.23347e-277 -3.48237e-267 -1.80968e-258 -1.0413e-249 -8.46847e-241 -9.51383e-234 -2.28292e-224 -6.54955e-218 -4.95358e-209 -6.53833e-202 -5.64236e-195 -2.2932e-187 3.83044e-181 -6.4992e-174 2.4079e-169 -4.25663e-162 -3.63877e-155 4.55758e-149 1.21796e-143
0 -0 -0 0 0 -0 0 -0 0 -0 0 -0 0 0 -0 -0 -0 0 0 -0 -0 0 -0 -0 0 0 -0 0 0 -0 0 -0 0 0 -0 -0 -0 0 0 -0 0 -0 0 0 0 0 -0 -0 -0 0 -0 0 0 0 -0 0 -0 -0 -0 0 -0 0 0 0 0 0 0 -0 -0 -7.43421e-320 -1.34537e-310 -5.66889e-299 3.2583e-290 -2.23258e-279 7.38631e-271 -3.49306e-261 -1.28591e-253 1.89827e-243 -2.48281e-235 2.21417e-226 -3.33548e-219 1.48329e-210 1.5312e-203 7.61357e-196 1.68558e-188 1.56561e-182 1.26584e-174 2.54071e-169 8.75561e-162 1.13093e-155 1.35058e-150 1.85924e-143 -1.71328e-138 -1.33605e-132
0 0 -0 -0 0 -0 -0 -0 -0 -0 -0 0 0 -0 0 -0 0 0 -0 -0 0 0 -0 0 0 -0 -0 0 -0 -0 0 -0 0 -0 -0 0 0 0 -0 -0 0 -0 0 -0 0 -0 -0 -0 0 0 0 0 -0 -0 -0 0 -0 0 0 0 0 0 -0 -0 -0 -0 -0 -0 0 -7.14706e-314 5.10996e-303 -1.20158e-293 9.50777e-283 6.93533e-274 9.22686e-264 7.12295e-255 3.57456e-246 3.92832e-237 -4.78514e-229 1.59478e-220 -1.33029e-212 3.44709e-205 -1.85804e-197 -3.39476e-190 -6.80256e-184 -8.97929e-176 4.35626e-170 -1.67263e-162 -1.16603e-156 -2.63335e-150 -5.43514e-144 -3.30951e-140 -2.02632e-132 -2.78014e-127 3.48765e-122
0 0 0 -0 -0 -0 -0 0 -0 0 -0 0 -0 -0 -0 -0 0 -0 -0 0 0 -0 -0 0 -0 -0 0 0 -0 0 0 -0 0 -0 0 0 -0 0 -0 0 0 0 0 -0 0 -0 0 0 0 -0 -0 -0 -0 0 0 0 0 0 -0 -0 -0 -0 -0 -0 0 0 0 0 5.09286e-318 -5.79374e-308 7.16154e-297 -7.7512e-287 3.14014e-277 -3.55969e-267 -4.49643e-258 -8.33656e-249 -1.08929e-239 -7.44446e-232 -1.39906e-222 1.99172e-215 -1.35034e-206 4.46052e-200 -7.15573e-192 -1.00733e-184 1.7618e-177 -1.59932e-170 1.14297e-163 -1.08166e-157 4.45034e-151 5.26556e-145 -1.52277e-140 5.8542e-133 -1.07695e-128 5.21921e-122 1.18532e-116 -1.24698e-112
-0 0 0 0 -0 0 -0 0 0 0 0 0 -0 0 -0 0 0 -0 0 0 -0 -0 0 0 -0 0 0 -0 -0 0 -0 -0 0 -0 0 -0 -0 0 -0 0 -0 -0 -0 -0 0 -0 0 -0 -0 -0 0 0 0 0 0 -0 -0 -0 -0 -0 0 0 0 0 0 -0 0 -5.43472e-323 4.23162e-313 -4.37237e-301 -3.87484e-292 -1.49639e-280 -2.69193e-273 -1.6195e-261 1.68105e-253 5.76136e-243 -3.16523e-235 3.48099e-225 -3.65648e-218 1.12026e-208 8.92742e-202 2.71635e-193 4.2693e-186 3.57224e-179 1.21534e-171 -2.04041e-165 3.05038e-158 -2.1479e-152 4.6466e-146 3.56892e-140 -5.57785e-134 3.24005e-128 -1.45928e-122 4.32881e-118 -1.57737e-112 -1.03191e-106 -1.09855e-102
-0 -0 0 0 0 0 0 0 0 -0 0 -0 -0 0 0 0 -0 -0 0 -0 -0 0 0 -0 -0 0 -0 -0 0 0 -0 0 0 -0 0 -0 0 0 -0 0 -0 0 0 0 0 -0 -0 -0 0 -0 0 -0 0 -0 -0 -0 0 -0 0 0 0 -0 0 -0 -0 -0 0 -4.53951e-317 4.31078e-306 -7.4774e-296 9.01329e-285 3.61633e-275 7.57153e-265 2.04254e-255 2.02285e-246 5.40141e-237 -1.7867e-228 9.66923e-220 -2.68131e-211 8.66386e-204 -2.11567e-195 -3.26916e-188 -1.19561e-180 -3.13847e-173 -3.00234e-167 -2.05042e-159 -3.80757e-155 -1.26498e-146 -7.38858e-141 -4.79716e-135 -1.02086e-128 1.29576e-123 -1.21227e-117 2.39216e-113 -3.72966e-108 -1.9687e-102 2.14175e-97 3.90452e-93