100 0.0505051 10 3 2
0
0 0
0 -0 -0
0 -0 0 0
-0 -0 0 0 -0
-0 0 0 -0 -0 0
0 0 -0 -0 -0 0 -0
0 -0 -0 0 0 0 -0 -0
0 -0 0 0 -0 -0 -0 0 0
-0 0 -0 -0 -0 0 -0 0 0 -0
-0 -0 -0 0 0 0 -0 0 -0 -0 0
0 -0 0 0 -0 -0 -0 0 -0 0 0 -0
0 0 0 -0 -0 -0 0 0 0 0 0 -0 -0
0 0 -0 -0 0 0 0 -0 -0 -0 -0 -0 0 0
-0 0 -0 0 0 -0 -0 -0 0 -0 0 0 0 -0 -0
-0 -0 -0 0 -0 -0 0 -0 0 -0 0 -0 0 -0 -0 0
0 -0 0 0 -0 0 0 -0 0 -0 0 -0 0 -0 0 0 -0
0 0 0 -0 -0 0 -0 -0 0 -0 0 0 0 -0 0 0 -0 -0
0 0 -0 -0 0 0 -0 0 0 0 0 -0 -0 -0 -0 -0 -0 0 0
-0 0 -0 0 -0 -0 -0 0 -0 -0 -0 -0 0 0 0 0 0 0 -0 -0
0 -0 -0 -0 0 0 0 0 -0 0 0 0 0 0 -0 0 -0 0 -0 -0 0
-0 -0 0 -0 0 -0 -0 -0 -0 0 -0 0 -0 -0 -0 0 -0 0 -0 0 0 -0
-0 0 0 0 0 -0 0 0 0 0 -0 0 -0 0 -0 0 -0 0 -0 0 -0 -0 -0
-0 0 0 0 -0 -0 0 -0 -0 -0 -0 0 0 0 -0 0 -0 -0 -0 -0 -0 -0 0 0
0 0 0 -0 -0 0 0 -0 0 0 0 0 -0 -0 -0 0 -0 0 0 0 0 0 0 -0 -0
0 -0 0 -0 0 0 -0 -0 0 -0 0 -0 -0 0 0 0 0 0 -0 -0 -0 -0 0 -0 -0 0
-0 -0 -0 -0 0 -0 -0 0 0 -0 0 -0 0 0 0 -0 -0 -0 -0 -0 0 -0 0 -0 0 0 -0
-0 0 -0 0 0 -0 0 0 -0 -0 0 -0 0 -0 -0 -0 0 0 0 0 0 -0 0 -0 0 -0 -0 -0
-0 0 0 0 -0 -0 0 -0 -0 0 0 -0 -0 -0 0 0 0 -0 0 -0 0 -0 -0 -0 -0 -0 -0 0 0
0 0 0 -0 -0 0 0 -0 0 0 -0 -0 0 0 0 -0 0 -0 0 -0 0 -0 0 0 0 0 0 0 -0 -0
0 -0 0 -0 0 0 0 0 -0 -0 -0 0 0 -0 -0 -0 0 -0 0 0 0 -0 0 -0 -0 -0 -0 -0 -0 -0 0
-0 -0 -0 -0 0 0 0 -0 -0 0 0 0 -0 -0 -0 0 0 -0 0 -0 -0 -0 -0 -0 -0 0 -0 0 -0 0 0 -0
-0 0 -0 0 0 0 -0 -0 0 0 -0 -0 -0 0 0 0 -0 -0 -0 -0 0 0 0 0 0 0 -0 0 -0 0 -0 -0 -0
-0 0 0 0 0 0 -0 0 0 -0 -0 0 0 0 -0 -0 -0 0 0 0 0 0 -0 -0 -0 -0 -0 0 -0 -0 -0 -0 0 0
0 0 0 -0 0 -0 -0 0 -0 -0 0 0 0 -0 -0 0 -0 0 -0 0 -0 -0 -0 0 -0 0 -0 0 0 0 0 0 0 -0 -0
0 -0 0 -0 -0 -0 0 0 -0 0 0 -0 -0 -0 0 0 -0 0 -0 0 -0 0 0 0 -0 0 -0 0 -0 -0 -0 -0 -0 -0 -0 0
-0 -0 -0 -0 -0 0 0 -0 -0 0 -0 -0 0 0 0 -0 -0 0 -0 0 -0 0 -0 0 -0 -0 -0 0 -0 0 0 -0 0 -0 0 0 -0
-0 0 -0 0 -0 0 -0 -0 0 0 -0 0 0 -0 -0 -0 0 0 0 0 -0 -0 -0 0 -0 0 0 0 0 0 0 -0 0 -0 0 -0 -0 -0
-0 0 0 0 0 0 -0 0 0 -0 -0 0 -0 -0 0 -0 0 -0 -0 -0 -0 0 0 0 0 0 -0 -0 -0 -0 -0 -0 0 -0 0 -0 -0 0 0
0 0 0 -0 0 -0 -0 0 -0 -0 0 0 -0 0 0 -0 0 -0 0 0 0 0 -0 -0 -0 -0 -0 -0 0 -0 0 -0 0 0 0 0 0 0 -0 -0
0 -0 0 0 -0 -0 0 0 -0 -0 0 -0 -0 0 -0 -0 0 -0 0 -0 0 -0 -0 -0 0 0 0 0 0 -0 0 -0 0 -0 -0 -0 -0 -0 -0 -0 0
-0 -0 -0 0 -0 0 0 0 0 -0 0 0 0 0 -0 0 0 -0 0 -0 0 -0 0 0 0 -0 0 -0 -0 -0 0 -0 0 -0 0 0 0 0 -0 0 0 -0
-0 -0 -0 -0 -0 0 -0 0 -0 -0 0 -0 -0 -0 -0 0 -0 -0 -0 -0 0 -0 0 -0 0 -0 0 -0 0 -0 0 0 0 0 0 0 -0 0 -0 0 -0 -0 -0
-0 -0 0 -0 0 0 -0 -0 -0 0 0 -0 0 0 0 0 -0 0 0 0 0 -0 -0 -0 0 -0 0 -0 0 -0 0 -0 -0 -0 -0 -0 -0 0 -0 0 -0 -0 0 0
0 -0 0 0 0 -0 0 -0 0 0 -0 -0 0 -0 -0 -0 -0 0 -0 -0 -0 -0 0 0 0 -0 0 -0 -0 -0 -0 -0 0 0 0 0 0 0 0 0 0 0 0 -0 -0
0 0 0 0 -0 -0 -0 -0 0 -0 -0 0 0 -0 0 0 0 0 -0 0 -0 0 0 -0 -0 -0 -0 -0 0 0 0 0 0 0 -0 0 -0 0 -0 -0 -0 -0 -0 -0 -0 0
-0 0 -0 0 -0 0 -0 0 0 -0 0 0 -0 -0 0 -0 -0 -0 -0 0 -0 0 -0 -0 -0 0 0 0 0 0 -0 -0 -0 -0 -0 0 -0 0 -0 0 0 0 0 -0 0 0 -0
-0 -0 -0 -0 -0 0 0 0 -0 -0 0 -0 -0 0 0 -0 0 0 0 0 -0 0 -0 0 0 0 -0 -0 -0 -0 -0 0 -0 0 -0 0 -0 0 0 0 0 -0 0 -0 0 -0 -0 -0
-0 -0 0 -0 0 -0 0 -0 -0 0 0 -0 0 0 -0 -0 0 -0 0 -0 -0 0 0 0 -0 0 -0 0 -0 0 0 0 -0 0 -0 0 -0 -0 -0 -0 -0 -0 0 -0 0 -0 -0 0 0
0 -0 0 0 0 0 0 -0 0 0 -0 -0 0 -0 -0 0 0 -0 0 -0 0 0 -0 -0 -0 0 -0 0 -0 0 -0 0 -0 0 -0 0 -0 0 0 0 0 0 0 -0 0 0 0 0 -0 -0
0 0 0 0 -0 0 -0 -0 0 -0 -0 0 0 -0 0 0 -0 -0 0 -0 0 -0 -0 0 0 0 -0 0 -0 -0 -0 0 -0 0 0 0 0 0 0 -0 0 -0 0 -0 -0 -0 -0 -0 -0 -0 0
-0 0 -0 0 -0 -0 -0 0 0 -0 -0 -0 0 0 0 -0 -0 0 0 -0 0 -0 0 0 0 -0 -0 -0 -0 0 0 0 0 0 -0 -0 -0 -0 -0 -0 0 -0 0 -0 0 0 0 0 -0 0 0 -0
-0 -0 -0 -0 -0 -0 0 0 -0 0 -0 0 0 -0 -0 0 0 0 -0 -0 0 0 0 -0 -0 -0 0 0 0 0 -0 -0 -0 -0 -0 -0 0 0 0 0 0 -0 0 -0 0 0 -0 0 -0 0 -0 -0 0
-0 -0 0 -0 0 -0 0 -0 -0 -0 -0 0 -0 -0 0 0 -0 -0 -0 0 0 -0 -0 -0 0 0 0 -0 -0 -0 -0 -0 0 0 0 0 0 -0 0 -0 0 -0 -0 -0 -0 -0 -0 0 -0 0 -0 -0 0 0
0 -0 0 0 0 0 0 -0 -0 -0 0 0 -0 0 0 -0 -0 0 0 0 -0 -0 0 0 0 -0 0 -0 0 -0 0 0 0 -0 0 -0 -0 -0 0 -0 0 -0 0 0 0 0 0 0 -0 0 0 0 0 -0 -0
0 0 0 0 -0 0 -0 -0 -0 0 0 -0 -0 0 -0 -0 0 0 -0 -0 -0 0 0 0 -0 -0 0 -0 0 -0 0 -0 -0 -0 0 -0 0 -0 0 0 0 -0 0 -0 -0 -0 -0 0 -0 -0 -0 -0 -0 -0 0 0
-0 0 -0 0 -0 -0 -0 0 -0 0 -0 -0 0 0 -0 0 0 -0 -0 -0 0 0 -0 -0 -0 0 0 -0 0 -0 0 -0 0 -0 0 -0 0 -0 0 -0 -0 -0 -0 -0 -0 0 -0 0 -0 0 0 0 0 -0 0 0 -0
-0 -0 -0 -0 -0 -0 0 0 0 0 -0 0 0 -0 -0 0 -0 -0 0 0 0 -0 -0 0 0 0 -0 -0 -0 -0 0 0 0 -0 0 -0 -0 -0 0 -0 0 0 0 0 0 0 -0 0 -0 0 -0 -0 0 -0 0 -0 -0 0
-0 -0 0 -0 0 -0 0 0 0 -0 -0 0 -0 -0 0 0 -0 0 0 -0 -0 -0 0 0 -0 0 -0 0 0 0 0 -0 -0 -0 -0 -0 0 0 0 0 0 0 -0 0 -0 0 -0 -0 -0 -0 -0 -0 0 -0 0 -0 -0 0 0
0 -0 0 0 -0 0 0 0 -0 -0 0 0 -0 0 0 -0 -0 0 -0 -0 0 0 0 -0 -0 0 -0 0 -0 0 -0 -0 -0 0 0 0 0 0 -0 -0 -0 -0 -0 0 -0 0 -0 0 0 0 0 0 0 -0 0 0 0 0 -0 -0
0 0 0 0 0 0 -0 0 -0 0 0 -0 -0 0 -0 -0 0 0 -0 0 0 -0 -0 -0 0 0 -0 0 -0 0 -0 0 0 0 -0 -0 -0 -0 -0 0 -0 0 0 0 -0 0 -0 0 -0 -0 -0 -0 0 -0 -0 -0 -0 -0 -0 0 0
-0 0 -0 0 0 -0 -0 -0 -0 0 -0 -0 0 -0 0 -0 0 -0 -0 0 -0 -0 0 -0 0 -0 -0 -0 -0 0 -0 0 -0 -0 -0 0 -0 0 0 0 -0 0 -0 0 -0 -0 -0 -0 -0 -0 0 -0 0 -0 0 0 0 0 -0 0 0 -0
-0 -0 -0 -0 0 -0 0 -0 0 0 -0 0 -0 0 0 -0 0 0 0 0 -0 0 0 -0 0 -0 0 0 0 0 -0 -0 -0 0 -0 0 -0 0 -0 0 -0 0 -0 0 -0 0 0 0 0 0 0 -0 0 -0 0 -0 -0 0 -0 0 -0 -0 0
-0 -0 0 -0 -0 -0 0 0 0 -0 -0 -0 0 0 -0 -0 0 -0 -0 -0 -0 0 -0 -0 0 -0 0 -0 -0 -0 -0 0 0 0 -0 0 -0 0 -0 0 -0 0 0 0 0 0 -0 -0 -0 -0 -0 -0 0 -0 -0 -0 -0 0 -0 0 -0 0 0 0
0 -0 -0 0 -0 0 0 0 -0 -0 0 -0 0 -0 -0 0 0 -0 0 0 0 0 -0 0 0 -0 0 -0 0 -0 0 0 -0 -0 -0 0 -0 0 0 0 -0 0 -0 -0 -0 -0 -0 -0 0 -0 0 -0 0 0 0 0 0 0 -0 0 0 0 0 -0 -0
0 0 -0 0 0 0 0 0 -0 0 -0 0 0 -0 0 0 -0 -0 0 -0 -0 -0 -0 0 -0 -0 -0 -0 0 -0 0 -0 -0 -0 0 0 0 0 -0 -0 -0 -0 -0 0 0 0 0 0 0 -0 0 -0 0 -0 -0 -0 -0 -0 -0 -0 -0 -0 -0 -0 0 0
-0 0 0 0 0 -0 0 -0 -0 0 0 0 -0 -0 0 -0 -0 0 0 -0 0 0 0 0 -0 0 0 0 0 -0 0 -0 0 0 0 -0 -0 -0 -0 -0 0 0 0 0 0 -0 0 -0 0 -0 0 -0 0 -0 -0 0 -0 0 -0 0 0 0 0 0 0 0 -0
-0 -0 0 -0 0 -0 -0 -0 0 0 0 -0 -0 0 0 -0 0 0 -0 -0 0 -0 -0 -0 -0 0 -0 -0 -0 -0 0 0 0 -0 -0 -0 0 -0 0 0 0 -0 0 -0 -0 -0 0 -0 0 -0 0 0 0 0 0 0 -0 0 -0 0 -0 -0 0 -0 0 -0 -0 0
-0 -0 -0 -0 -0 -0 -0 0 0 0 0 -0 0 0 -0 -0 0 -0 -0 0 0 -0 0 0 0 0 -0 0 0 0 0 -0 -0 -0 0 -0 0 -0 0 -0 -0 -0 0 -0 0 -0 0 -0 0 -0 0 -0 -0 -0 -0 -0 -0 0 -0 -0 -0 -0 0 -0 0 -0 0 0 0
0 -0 -0 0 -0 0 -0 0 -0 0 -0 -0 0 -0 -0 0 0 -0 0 0 -0 -0 0 -0 -0 -0 -0 0 -0 0 -0 -0 0 0 0 -0 0 -0 0 -0 0 -0 0 -0 0 -0 0 -0 -0 -0 -0 -0 -0 0 -0 0 -0 0 0 0 0 0 0 -0 0 -0 0 0 -0 -0
0 0 -0 0 0 0 0 0 -0 -0 -0 0 0 -0 0 0 -0 -0 0 -0 -0 0 0 -0 0 -0 0 0 -0 0 -0 0 0 0 -0 -0 0 -0 0 0 0 -0 0 -0 -0 -0 0 -0 0 0 0 0 0 0 -0 0 -0 0 -0 -0 -0 -0 -0 -0 -0 -0 -0 -0 -0 0 0
-0 0 0 0 0 -0 0 -0 -0 -0 0 0 -0 -0 0 -0 -0 0 0 -0 0 0 -0 -0 0 -0 0 -0 -0 0 -0 0 -0 -0 -0 0 0 0 0 -0 -0 -0 0 -0 0 0 0 0 0 0 -0 -0 -0 -0 -0 0 -0 0 -0 0 0 -0 0 -0 0 0 0 0 0 0 0 -0
-0 -0 0 -0 0 -0 -0 -0 0 -0 0 -0 -0 0 0 0 -0 -0 0 0 0 -0 -0 0 0 -0 0 -0 0 0 -0 -0 -0 0 0 0 -0 -0 -0 -0 0 0 0 0 0 -0 -0 -0 -0 -0 -0 0 -0 0 -0 0 0 0 0 0 0 -0 0 -0 0 -0 -0 0 -0 0 -0 -0 0
-0 -0 -0 -0 -0 -0 -0 0 -0 0 0 -0 0 0 0 0 -0 0 0 -0 -0 -0 0 0 -0 -0 0 -0 0 -0 -0 0 0 0 -0 0 -0 0 -0 0 0 0 -0 -0 -0 -0 -0 0 0 0 0 0 -0 0 -0 0 -0 -0 -0 -0 -0 -0 0 -0 0 -0 -0 0 -0 0 -0 0 0 0
0 -0 -0 0 -0 0 -0 0 0 0 -0 -0 0 0 0 -0 -0 0 -0 -0 0 0 0 -0 -0 0 0 -0 0 -0 0 0 -0 -0 -0 0 -0 0 -0 0 -0 -0 -0 0 -0 0 0 0 -0 0 -0 0 -0 -0 -0 0 -0 0 0 0 0 -0 0 0 0 0 0 0 -0 0 -0 0 0 -0 -0
0 0 -0 0 0 0 0 0 0 -0 -0 0 0 0 -0 -0 0 0 -0 0 0 -0 -0 0 0 0 -0 -0 0 0 0 -0 -0 -0 0 0 -0 0 -0 0 -0 0 -0 0 -0 0 -0 0 -0 0 -0 0 -0 0 0 0 0 0 0 -0 0 -0 0 -0 -0 -0 -0 -0 -0 -0 -0 -0 -0 -0 0 0
-0 0 0 0 0 -0 0 -0 0 -0 0 0 0 0 -0 0 0 -0 -0 0 -0 -0 0 0 -0 -0 -0 0 0 -0 -0 -0 0 0 0 -0 -0 -0 -0 0 0 0 -0 0 -0 0 -0 0 -0 0 0 0 -0 0 -0 -0 -0 -0 -0 -0 0 -0 0 -0 0 0 -0 0 -0 0 0 0 0 0 0 0 -0
-0 -0 0 -0 0 -0 -0 -0 -0 -0 0 -0 0 -0 -0 0 -0 -0 0 0 -0 0 0 -0 -0 -0 0 0 -0 -0 0 0 0 -0 -0 -0 0 0 0 0 -0 -0 -0 0 -0 0 0 0 -0 0 -0 -0 -0 -0 -0 -0 0 -0 0 -0 0 0 0 0 0 0 -0 0 -0 0 -0 -0 -0 -0 0 -0 -0 0
0 -0 -0 -0 -0 0 -0 0 -0 0 0 0 -0 -0 0 0 -0 0 0 -0 -0 0 -0 -0 0 0 0 -0 -0 0 0 0 -0 -0 0 -0 0 -0 -0 -0 -0 0 0 0 0 0 -0 -0 -0 -0 -0 0 0 0 0 0 0 -0 0 -0 0 -0 -0 -0 -0 -0 -0 0 -0 0 -0 -0 0 -0 0 -0 0 0 0
0 0 -0 0 -0 -0 -0 0 0 0 -0 0 -0 0 0 -0 -0 0 -0 -0 0 0 -0 0 0 -0 -0 -0 0 0 -0 -0 -0 0 0 -0 0 -0 0 -0 0 0 0 -0 -0 -0 -0 0 0 0 0 0 0 -0 0 -0 -0 -0 0 -0 0 -0 0 0 0 0 0 0 0 0 0 0 0 -0 0 -0 0 0 -0 -0
0 0 0 0 0 -0 0 0 0 -0 -0 -0 -0 0 -0 -0 0 0 -0 0 0 -0 -0 0 -0 -0 0 0 0 -0 -0 0 0 0 -0 -0 0 -0 0 -0 0 -0 -0 -0 0 0 0 0 0 -0 -0 -0 -0 -0 0 -0 0 -0 0 0 0 0 0 0 -0 0 -0 0 -0 -0 -0 -0 -0 -0 -0 -0 -0 -0 -0 0 0
-0 0 0 -0 0 0 0 -0 0 -0 0 -0 0 0 -0 0 0 -0 -0 0 -0 -0 0 0 -0 0 0 -0 -0 -0 0 0 -0 -0 -0 0 0 0 0 -0 0 -0 0 -0 0 -0 0 -0 -0 -0 0 -0 0 -0 0 -0 0 -0 0 -0 -0 -0 -0 -0 -0 0 -0 0 -0 0 0 0 0 -0 0 0 0 0 0 0 0 -0
-0 -0 0 -0 -0 0 -0 0 -0 -0 0 0 0 -0 -0 0 -0 -0 -0 -0 0 0 0 -0 -0 0 -0 -0 0 0 0 -0 -0 0 -0 0 -0 -0 -0 -0 0 0 0 -0 0 -0 0 -0 0 -0 0 -0 0 -0 0 -0 -0 -0 0 -0 0 0 0 0 0 0 -0 0 0 0 0 -0 0 -0 0 -0 -0 -0 -0 0 -0 -0 0
0 -0 -0 -0 -0 -0 -0 -0 -0 0 -0 0 -0 -0 0 0 0 -0 -0 0 0 -0 0 -0 0 0 -0 0 0 -0 -0 -0 0 0 -0 0 -0 0 0 0 0 -0 -0 -0 0 -0 0 0 0 -0 0 -0 -0 -0 0 -0 0 0 0 0 0 0 -0 0 -0 0 -0 -0 -0 -0 -0 -0 0 -0 0 -0 -0 0 -0 0 -0 0 0 0
0 0 -0 0 -0 -0 0 -0 0 0 0 0 -0 0 0 0 0 -0 0 0 -0 -0 0 -0 -0 -0 -0 0 -0 -0 0 -0 0 -0 -0 0 -0 0 -0 0 -0 -0 -0 0 0 0 0 -0 -0 -0 0 -0 0 0 0 0 0 -0 -0 -0 -0 -0 -0 0 -0 0 -0 0 0 0 0 0 0 -0 0 0 0 0 -0 0 -0 0 0 -0 -0
0 0 0 0 0 -0 0 0 0 -0 0 -0 -0 0 -0 0 -0 -0 0 -0 -0 0 0 -0 0 0 0 0 -0 0 0 -0 0 -0 0 0 0 0 -0 0 -0 0 0 0 -0 -0 -0 -0 0 0 0 0 0 -0 -0 -0 -0 -0 -0 0 -0 0 -0 0 -0 0 -0 0 -0 -0 0 -0 0 -0 -0 -0 -0 -0 -0 0 -0 -0 -0 -0 0 0
-0 0 0 0 0 0 0 0 -0 -0 -0 -0 0 0 0 -0 -0 0 0 -0 0 0 -0 -0 0 -0 -0 -0 -0 0 -0 -0 0 -0 0 -0 -0 -0 -0 0 -0 0 -0 -0 -0 0 0 0 0 0 -0 -0 -0 -0 -0 0 0 0 0 0 -0 0 -0 0 -0 -0 -0 -0 -0 -0 0 -0 0 -0 0 0 0 0 -0 0 0 0 0 0 0 0 -0
-0 -0 0 0 -0 0 -0 0 -0 0 -0 0 0 -0 0 -0 0 0 -0 -0 0 -0 -0 0 0 -0 0 0 0 0 -0 0 0 -0 0 -0 0 0 0 0 -0 -0 -0 0 -0 0 -0 0 -0 -0 -0 0 -0 0 0 0 -0 0 -0 0 -0 0 -0 0 -0 0 0 0 0 0 0 -0 0 -0 0 0 -0 0 -0 0 -0 -0 -0 -0 0 -0 -0 0
0 -0 -0 0 -0 -0 -0 -0 -0 0 0 0 -0 -0 -0 -0 0 -0 -0 0 0 -0 0 0 -0 -0 0 -0 -0 -0 -0 0 -0 -0 -0 -0 0 -0 0 -0 -0 0 0 0 -0 0 -0 0 -0 0 0 0 -0 0 -0 -0 -0 0 -0 0 -0 0 0 0 0 0 0 -0 0 -0 0 -0 -0 -0 -0 -0 -0 0 -0 0 -0 0 0 -0 0 -0 0 0 0
0 0 -0 -0 -0 -0 0 -0 0 0 0 -0 -0 -0 -0 0 0 -0 0 0 -0 -0 0 -0 -0 0 0 -0 0 0 0 0 -0 0 0 0 0 -0 0 -0 0 0 -0 -0 -0 0 -0 0 -0 0 -0 0 -0 0 -0 0 -0 0 0 0 -0 0 -0 -0 -0 -0 -0 -0 0 -0 0 -0 0 0 0 0 0 0 -0 0 0 0 0 -0 0 -0 0 0 -0 -0
0 0 0 -0 0 -0 0 0 0 0 0 -0 0 -0 0 0 -0 -0 0 -0 -0 0 0 -0 0 0 -0 -0 0 -0 -0 -0 -0 0 -0 -0 -0 -0 0 -0 0 -0 -0 -0 0 0 0 0 -0 -0 -0 0 -0 0 0 0 -0 0 -0 -0 -0 -0 -0 0 0 0 0 0 0 -0 0 -0 0 -0 -0 -0 -0 0 -0 -0 -0 -0 -0 -0 0 -0 -0 -0 -0 0 0
-0 0 0 0 0 0 0 0 -0 0 -0 -0 0 0 0 -0 -0 0 0 -0 0 0 -0 -0 0 -0 -0 0 0 -0 0 0 0 0 -0 0 0 0 0 -0 -0 -0 0 0 0 -0 -0 -0 -0 0 0 0 0 0 -0 -0 -0 -0 -0 0 0 0 0 0 0 -0 0 -0 0 -0 -0 -0 -0 -0 -0 0 -0 0 -0 0 0 0 0 -0 0 0 0 0 0 0 0 -0
-0 -0 0 0 -0 0 -0 0 -0 -0 -0 0 0 0 -0 -0 0 0 -0 -0 0 -0 -0 0 0 -0 0 0 -0 -0 0 -0 0 -0 -0 0 -0 0 -0 -0 0 0 0 -0 -0 -0 0 0 0 0 0 -0 -0 -0 -0 0 0 0 0 0 0 -0 -0 -0 -0 -0 0 -0 0 -0 0 0 0 0 0 0 -0 0 -0 0 -0 -0 0 -0 0 -0 -0 -0 -0 0 -0 -0 0
0 -0 -0 0 -0 -0 -0 -0 -0 -0 0 0 0 0 -0 0 0 -0 -0 -0 -0 0 -0 -0 0 -0 0 -0 -0 0 0 -0 0 -0 0 0 -0 0 -0 0 0 -0 -0 -0 0 -0 0 -0 0 -0 -0 -0 0 0 0 0 0 -0 -0 -0 -0 -0 0 -0 0 -0 0 -0 0 -0 0 -0 -0 -0 -0 -0 -0 -0 -0 -0 -0 -0 0 -0 0 -0 0 0 -0 0 -0 0 0 0
0 0 -0 -0 -0 -0 0 -0 0 -0 0 -0 0 -0 -0 0 -0 -0 -0 -0 0 0 -0 0 0 -0 -0 -0 0 0 -0 -0 0 -0 0 -0 -0 0 -0 0 -0 -0 -0 0 0 -0 0 -0 0 -0 0 0 0 -0 0 -0 -0 -0 0 -0 0 0 0 -0 0 -0 0 -0 -0 -0 -0 -0 -0 0 -0 0 -0 0 0 0 0 0 0 -0 0 0 0 0 -0 0 -0 0 0 -0 -0
0 0 0 -0 0 -0 0 0 0 0 0 -0 -0 -0 0 0 -0 -0 -0 0 0 -0 -0 0 -0 -0 0 0 0 -0 -0 0 0 -0 0 -0 0 0 -0 -0 -0 0 0 0 -0 -0 -0 -0 0 0 0 -0 0 -0 0 -0 0 -0 0 -0 0 -0 0 -0 -0 -0 0 -0 0 0 0 0 0 0 -0 0 -0 0 -0 -0 -0 -0 0 -0 -0 -0 -0 -0 -0 0 -0 -0 -0 -0 0 0
-0 0 0 0 0 0 0 0 -0 0 -0 -0 -0 0 0 -0 -0 -0 0 0 -0 -0 0 0 -0 0 0 -0 -0 -0 0 0 -0 -0 0 -0 0 -0 -0 0 0 0 -0 -0 -0 0 0 0 0 -0 -0 -0 0 -0 0 -0 0 -0 0 -0 0 -0 0 -0 0 0 0 0 0 0 -0 0 -0 -0 -0 -0 -0 -0 -0 -0 0 -0 0 -0 0 0 0 0 0 0 0 0 0 0 0 0 -0
-0 -0 0 0 -0 0 -0 0 -0 -0 -0 0 -0 0 -0 -0 -0 -0 0 -0 -0 0 0 -0 -0 0 -0 -0 0 0 0 -0 -0 0 0 -0 -0 -0 0 0 -0 -0 -0 0 -0 0 -0 -0 -0 -0 0 0 0 -0 0 -0 -0 -0 0 -0 0 0 0 0 0 -0 -0 -0 -0 -0 -0 0 -0 0 -0 0 0 0 0 0 0 -0 0 -0 0 -0 -0 0 -0 0 -0 -0 -0 -0 0 -0 -0 0