100 0.0505051 2 5 2
-0
-0 -0
-0 0 0
-0 0 -0 -0
0 0 -0 -0 0
0 -0 -0 0 0 -0
-0 -0 0 0 0 -0 0
-0 0 0 -0 -0 -0 0 0
-0 0 -0 -0 0 0 0 -0 -0
0 -0 0 0 0 -0 0 -0 -0 0
0 0 0 -0 -0 -0 0 -0 0 0 -0
-0 0 -0 -0 0 0 0 -0 0 -0 -0 0
-0 -0 -0 0 0 0 -0 -0 -0 -0 -0 0 0
-0 -0 0 0 -0 -0 -0 0 0 0 0 0 -0 -0
0 -0 0 -0 -0 0 0 0 -0 0 -0 -0 -0 0 0
0 0 0 -0 0 0 -0 0 -0 0 -0 0 -0 0 0 -0
-0 0 -0 -0 0 -0 -0 0 -0 0 -0 0 -0 0 -0 -0 0
-0 -0 -0 0 0 -0 0 0 -0 0 -0 -0 -0 0 -0 -0 0 0
-0 -0 0 0 -0 -0 0 -0 -0 -0 -0 0 0 0 0 0 0 -0 -0
0 -0 0 -0 0 0 0 -0 0 0 0 0 -0 -0 -0 -0 -0 -0 0 0
-0 0 0 0 -0 -0 -0 -0 0 -0 -0 -0 -0 -0 0 -0 0 -0 0 0 -0
0 0 -0 0 -0 0 0 0 0 -0 0 -0 0 0 0 -0 0 -0 0 -0 -0 0
0 -0 -0 -0 -0 0 -0 -0 -0 -0 0 -0 0 -0 0 -0 0 -0 0 -0 0 0 0
0 -0 -0 -0 0 0 -0 0 0 0 0 -0 -0 -0 0 -0 0 0 0 0 0 0 -0 -0
-0 -0 -0 0 0 -0 -0 0 -0 -0 -0 -0 0 0 0 -0 0 -0 -0 -0 -0 -0 -0 0 0
-0 0 -0 0 -0 -0 0 0 -0 0 -0 0 0 -0 -0 -0 -0 -0 0 0 0 0 -0 0 0 -0
0 0 0 0 -0 0 0 -0 -0 0 -0 0 -0 -0 -0 0 0 0 0 0 -0 0 -0 0 -0 -0 0
0 -0 0 -0 -0 0 -0 -0 0 0 -0 0 -0 0 0 0 -0 -0 -0 -0 -0 0 -0 0 -0 0 0 0
0 -0 -0 -0 0 0 -0 0 0 -0 -0 0 0 0 -0 -0 -0 0 -0 0 -0 0 0 0 0 0 0 -0 -0
-0 -0 -0 0 0 -0 -0 0 -0 -0 0 0 -0 -0 -0 0 -0 0 -0 0 -0 0 -0 -0 -0 -0 -0 -0 0 0
-0 0 -0 0 -0 -0 -0 -0 0 0 0 -0 -0 0 0 0 -0 0 -0 -0 -0 0 -0 0 0 0 0 0 0 0 -0
0 0 0 0 -0 -0 -0 0 0 -0 -0 -0 0 0 0 -0 -0 0 -0 0 0 0 0 0 0 -0 0 -0 0 -0 -0 0
0 -0 0 -0 -0 -0 0 0 -0 -0 0 0 0 -0 -0 -0 0 0 0 0 -0 -0 -0 -0 -0 -0 0 -0 0 -0 0 0 0
0 -0 -0 -0 -0 -0 0 -0 -0 0 0 -0 -0 -0 0 0 0 -0 -0 -0 -0 -0 0 0 0 0 0 -0 0 0 0 0 -0 -0
-0 -0 -0 0 -0 0 0 -0 0 0 -0 -0 -0 0 0 -0 0 -0 0 -0 0 0 0 -0 0 -0 0 -0 -0 -0 -0 -0 -0 0 0
-0 0 -0 0 0 0 -0 -0 0 -0 -0 0 0 0 -0 -0 0 -0 0 -0 0 -0 -0 -0 0 -0 0 -0 0 0 0 0 0 0 0 -0
0 0 0 0 0 -0 -0 0 0 -0 0 0 -0 -0 -0 0 0 -0 0 -0 0 -0 0 -0 0 0 0 -0 0 -0 -0 0 -0 0 -0 -0 0
0 -0 0 -0 0 -0 0 0 -0 -0 0 -0 -0 0 0 0 -0 -0 -0 -0 0 0 0 -0 0 -0 -0 -0 -0 -0 -0 0 -0 0 -0 0 0 0
0 -0 -0 -0 -0 -0 0 -0 -0 0 0 -0 0 0 -0 0 -0 0 0 0 0 -0 -0 -0 -0 -0 0 0 0 0 0 0 -0 0 -0 0 0 -0 -0
-0 -0 -0 0 -0 0 0 -0 0 0 -0 -0 0 -0 -0 0 -0 0 -0 -0 -0 -0 0 0 0 0 0 0 -0 0 -0 0 -0 -0 -0 -0 -0 -0 0 0
-0 0 -0 -0 0 0 -0 -0 0 0 -0 0 0 -0 0 0 -0 0 -0 0 -0 0 0 0 -0 -0 -0 -0 -0 0 -0 0 -0 0 0 0 0 0 0 0 -0
0 0 0 -0 0 -0 -0 -0 -0 0 -0 -0 -0 -0 0 -0 -0 0 -0 0 -0 0 -0 -0 -0 0 -0 0 0 0 -0 0 -0 0 -0 -0 -0 -0 0 -0 -0 0
0 0 0 0 0 -0 0 -0 0 0 -0 0 0 0 0 -0 0 0 0 0 -0 0 -0 0 -0 0 -0 0 -0 0 -0 -0 -0 -0 -0 -0 0 -0 0 -0 0 0 0
0 0 -0 0 -0 -0 0 0 0 -0 -0 0 -0 -0 -0 -0 0 -0 -0 -0 -0 0 0 0 -0 0 -0 0 -0 0 -0 0 0 0 0 0 0 -0 0 -0 0 0 -0 -0
-0 0 -0 -0 -0 0 -0 0 -0 -0 0 0 -0 0 0 0 0 -0 0 0 0 0 -0 -0 -0 0 -0 0 0 0 0 0 -0 -0 -0 -0 -0 -0 -0 -0 -0 -0 -0 0 0
-0 -0 -0 -0 0 0 0 0 -0 0 0 -0 -0 0 -0 -0 -0 -0 0 -0 0 -0 -0 0 0 0 0 0 -0 -0 -0 -0 -0 -0 0 -0 0 -0 0 0 0 0 0 0 0 -0
0 -0 0 -0 0 -0 0 -0 -0 0 -0 -0 0 0 -0 0 0 0 0 -0 0 -0 0 0 0 -0 -0 -0 -0 -0 0 0 0 0 0 -0 0 -0 0 -0 -0 -0 -0 0 -0 -0 0
0 0 0 0 0 -0 -0 -0 0 0 -0 0 0 -0 -0 0 -0 -0 -0 -0 0 -0 0 -0 -0 -0 0 0 0 0 0 -0 0 -0 0 -0 0 -0 -0 -0 -0 0 -0 0 -0 0 0 0
0 0 -0 0 -0 0 -0 0 0 -0 -0 0 -0 -0 0 0 -0 0 -0 0 0 -0 -0 -0 0 -0 0 -0 0 -0 -0 -0 0 -0 0 -0 0 0 0 0 0 0 -0 0 -0 0 0 -0 -0
-0 0 -0 -0 -0 -0 -0 0 -0 -0 0 0 -0 0 0 -0 -0 0 -0 0 -0 -0 0 0 0 -0 0 -0 0 -0 0 -0 0 -0 0 -0 0 -0 -0 -0 -0 -0 -0 0 -0 -0 -0 -0 0 0
-0 -0 -0 -0 0 -0 0 0 -0 0 0 -0 -0 0 -0 -0 0 0 -0 0 -0 0 0 -0 -0 -0 0 -0 0 0 0 -0 0 -0 -0 -0 -0 -0 -0 0 -0 0 -0 0 0 0 0 0 0 0 -0
0 -0 0 -0 0 0 0 -0 -0 0 0 0 -0 -0 -0 0 0 -0 -0 0 -0 0 -0 -0 -0 0 0 0 0 -0 -0 -0 -0 -0 0 0 0 0 0 0 -0 0 -0 0 -0 -0 -0 -0 0 -0 -0 0
0 0 0 0 0 0 -0 -0 0 -0 0 -0 -0 0 0 -0 -0 -0 0 0 -0 -0 -0 0 0 0 -0 -0 -0 -0 0 0 0 0 0 0 -0 -0 -0 -0 -0 0 -0 0 -0 -0 0 -0 0 -0 0 0 -0
0 0 -0 0 -0 0 -0 0 0 0 0 -0 0 0 -0 -0 0 0 0 -0 -0 0 0 0 -0 -0 -0 0 0 0 0 0 -0 -0 -0 -0 -0 0 -0 0 -0 0 0 0 0 0 0 -0 0 -0 0 0 -0 -0
-0 0 -0 -0 -0 -0 -0 0 0 0 -0 -0 0 -0 -0 0 0 -0 -0 -0 0 0 -0 -0 -0 0 -0 0 -0 0 -0 -0 -0 0 -0 0 0 0 -0 0 -0 0 -0 -0 -0 -0 -0 -0 0 -0 -0 -0 -0 0 0
-0 -0 -0 -0 0 -0 0 0 0 -0 -0 0 0 -0 0 0 -0 -0 0 0 0 -0 -0 -0 0 0 -0 0 -0 0 -0 0 0 0 -0 0 -0 0 -0 -0 -0 0 -0 0 0 0 0 -0 0 0 0 0 0 0 -0 -0
0 -0 0 -0 0 0 0 -0 0 -0 0 0 -0 -0 0 -0 -0 0 0 0 -0 -0 0 0 0 -0 -0 0 -0 0 -0 0 -0 0 -0 0 -0 0 -0 0 0 0 0 0 0 -0 0 -0 0 -0 -0 -0 -0 0 -0 -0 0
0 0 0 0 0 0 -0 -0 -0 -0 0 -0 -0 0 0 -0 0 0 -0 -0 -0 0 0 -0 -0 -0 0 0 0 0 -0 -0 -0 0 -0 0 0 0 -0 0 -0 -0 -0 -0 -0 -0 0 -0 0 -0 0 0 -0 0 -0 0 0 -0
0 0 -0 0 -0 0 -0 -0 -0 0 0 -0 0 0 -0 -0 0 -0 -0 0 0 0 -0 -0 0 -0 0 -0 -0 -0 -0 0 0 0 0 0 -0 -0 -0 -0 -0 -0 0 -0 0 -0 0 0 0 0 0 0 -0 0 -0 0 0 -0 -0
-0 0 -0 -0 0 -0 -0 -0 0 0 -0 -0 0 -0 -0 0 0 -0 0 0 -0 -0 -0 0 0 -0 0 -0 0 -0 0 0 0 -0 -0 -0 -0 -0 0 0 0 0 0 -0 0 -0 0 -0 -0 -0 -0 -0 -0 0 -0 -0 -0 -0 0 0
-0 -0 -0 -0 -0 -0 0 -0 0 -0 -0 0 0 -0 0 0 -0 -0 0 -0 -0 0 0 0 -0 -0 0 -0 0 -0 0 -0 -0 -0 0 0 0 0 0 -0 0 -0 -0 -0 0 -0 0 -0 0 0 0 0 -0 0 0 0 0 0 0 -0 -0
0 -0 0 -0 -0 0 0 0 0 -0 0 0 -0 0 -0 0 -0 0 0 -0 0 0 -0 0 -0 0 0 0 0 -0 0 -0 0 0 0 -0 0 -0 -0 -0 0 -0 0 -0 0 0 0 0 0 0 -0 0 -0 0 -0 -0 -0 -0 0 -0 -0 0
0 0 0 0 -0 0 -0 0 -0 -0 0 -0 0 -0 -0 0 -0 -0 -0 -0 0 -0 -0 0 -0 0 -0 -0 -0 -0 0 0 0 -0 0 -0 0 -0 0 -0 0 -0 0 -0 0 -0 -0 -0 -0 -0 -0 0 -0 0 -0 0 0 -0 0 -0 0 0 -0
0 0 -0 0 0 0 -0 -0 -0 0 0 0 -0 -0 0 0 -0 0 0 0 0 -0 0 0 -0 0 -0 0 0 0 0 -0 -0 -0 0 -0 0 -0 0 -0 0 -0 -0 -0 -0 -0 0 0 0 0 0 0 -0 0 0 0 0 -0 0 -0 0 -0 -0 -0
-0 0 0 -0 0 -0 -0 -0 0 0 -0 0 -0 0 0 -0 -0 0 -0 -0 -0 -0 0 -0 -0 0 -0 0 -0 0 -0 -0 0 0 0 -0 0 -0 -0 -0 0 -0 0 0 0 0 0 0 -0 0 -0 0 -0 -0 -0 -0 -0 -0 0 -0 -0 -0 -0 0 0
-0 -0 0 -0 -0 -0 -0 -0 0 -0 0 -0 -0 0 -0 -0 0 0 -0 0 0 0 0 -0 0 0 0 0 -0 0 -0 0 0 0 -0 -0 -0 -0 0 0 0 0 0 -0 -0 -0 -0 -0 -0 0 -0 0 -0 0 0 0 0 0 0 0 0 0 0 0 -0 -0
0 -0 -0 -0 -0 0 -0 0 0 -0 -0 -0 0 0 -0 0 0 -0 -0 0 -0 -0 -0 -0 0 -0 -0 -0 -0 0 -0 0 -0 -0 -0 0 0 0 0 0 -0 -0 -0 -0 -0 0 -0 0 -0 0 -0 0 -0 0 0 -0 0 -0 0 -0 -0 -0 -0 -0 -0 -0 0
0 0 -0 0 -0 0 0 0 -0 -0 -0 0 0 -0 -0 0 -0 -0 0 0 -0 0 0 0 0 -0 0 0 0 0 -0 -0 -0 0 0 0 -0 0 -0 -0 -0 0 -0 0 0 0 -0 0 -0 0 -0 -0 -0 -0 -0 -0 0 -0 0 -0 0 0 -0 0 -0 0 0 -0
0 0 0 0 0 0 0 -0 -0 -0 -0 0 -0 -0 0 0 -0 0 0 -0 -0 0 -0 -0 -0 -0 0 -0 -0 -0 -0 0 0 0 -0 0 -0 0 -0 0 0 0 -0 0 -0 0 -0 0 -0 0 -0 0 0 0 0 0 0 -0 0 0 0 0 -0 0 -0 0 -0 -0 -0
-0 0 0 -0 0 -0 0 -0 0 -0 0 0 -0 0 0 -0 -0 0 -0 -0 0 0 -0 0 0 0 0 -0 0 -0 0 0 -0 -0 -0 0 -0 0 -0 0 -0 0 -0 0 -0 0 -0 0 0 0 0 0 0 -0 0 -0 0 -0 -0 -0 -0 -0 -0 0 -0 0 -0 -0 0 0
-0 -0 0 -0 -0 -0 -0 -0 0 0 0 -0 -0 0 -0 -0 0 0 -0 0 0 -0 -0 0 -0 0 -0 -0 0 -0 0 -0 -0 -0 0 0 -0 0 -0 -0 -0 0 -0 0 0 0 -0 0 -0 -0 -0 -0 -0 -0 0 -0 0 -0 0 0 0 0 0 0 0 0 0 0 0 -0 -0
0 -0 -0 -0 -0 0 -0 0 0 0 -0 -0 0 0 -0 0 0 -0 -0 0 -0 -0 0 0 -0 0 -0 0 0 -0 0 -0 0 0 0 -0 -0 -0 -0 0 0 0 -0 0 -0 -0 -0 -0 -0 -0 0 0 0 0 0 -0 0 -0 0 -0 -0 0 -0 0 -0 -0 -0 -0 -0 -0 -0 0
0 0 -0 0 -0 0 0 0 -0 0 -0 0 0 -0 -0 -0 0 0 -0 -0 -0 0 0 -0 -0 0 -0 0 -0 -0 0 0 0 -0 -0 -0 0 0 0 0 -0 -0 -0 -0 -0 0 0 0 0 0 0 -0 0 -0 0 -0 -0 -0 -0 -0 -0 0 -0 0 -0 0 0 -0 0 -0 0 0 -0
0 0 0 0 0 0 0 -0 0 -0 -0 0 -0 -0 -0 -0 0 -0 -0 0 0 0 -0 -0 0 0 -0 0 -0 0 0 -0 -0 -0 0 -0 0 -0 0 -0 -0 -0 0 0 0 0 0 -0 -0 -0 -0 -0 0 -0 0 -0 0 0 0 0 0 0 -0 0 -0 0 0 -0 0 -0 0 -0 -0 -0
-0 0 0 -0 0 -0 0 -0 -0 -0 0 0 -0 -0 -0 0 0 -0 0 0 -0 -0 -0 0 0 -0 -0 0 -0 0 -0 -0 0 0 0 -0 0 -0 0 -0 0 0 0 -0 0 -0 -0 -0 0 -0 0 -0 0 0 0 -0 0 -0 -0 -0 -0 0 -0 -0 -0 -0 -0 -0 0 -0 0 -0 -0 0 0
-0 -0 0 -0 -0 -0 -0 -0 -0 0 0 -0 -0 -0 0 0 -0 -0 0 -0 -0 0 0 -0 -0 -0 0 0 -0 -0 -0 0 0 0 -0 -0 0 -0 0 -0 0 -0 0 -0 0 -0 0 -0 0 -0 0 -0 0 -0 -0 -0 -0 -0 -0 0 -0 0 -0 0 0 0 0 0 0 0 0 0 0 0 -0 -0
0 -0 -0 -0 -0 0 -0 0 -0 0 -0 -0 -0 -0 0 -0 -0 0 0 -0 0 0 -0 -0 0 0 0 -0 -0 0 0 0 -0 -0 -0 0 0 0 0 -0 -0 -0 0 -0 0 -0 0 -0 0 -0 -0 -0 0 -0 0 0 0 0 0 0 -0 0 -0 0 -0 -0 0 -0 0 -0 -0 -0 -0 -0 -0 -0 0
0 0 -0 0 -0 0 0 0 0 0 -0 0 -0 0 0 -0 0 0 -0 -0 0 -0 -0 0 0 0 -0 -0 0 0 -0 -0 -0 0 0 0 -0 -0 -0 -0 0 0 0 -0 0 -0 -0 -0 0 -0 0 0 0 0 0 0 -0 0 -0 0 -0 -0 -0 -0 -0 -0 0 -0 0 -0 0 0 0 0 -0 0 0 -0
-0 0 0 0 0 -0 0 -0 0 -0 -0 -0 0 0 -0 -0 0 -0 -0 0 0 -0 0 0 -0 -0 -0 0 0 -0 -0 -0 0 0 -0 0 -0 0 0 0 0 -0 -0 -0 -0 -0 0 0 0 0 0 -0 -0 -0 -0 -0 -0 0 -0 0 -0 0 0 0 0 0 0 -0 0 -0 0 0 -0 0 -0 0 -0 -0 -0
-0 -0 0 -0 0 0 0 -0 -0 -0 0 -0 0 -0 -0 0 0 -0 0 0 -0 -0 0 -0 -0 0 0 0 -0 -0 0 0 0 -0 -0 0 -0 0 -0 0 -0 -0 -0 0 0 0 0 -0 -0 -0 -0 -0 -0 0 -0 0 0 0 -0 0 -0 0 -0 -0 -0 -0 -0 -0 -0 -0 -0 -0 -0 0 -0 0 -0 -0 0 0
-0 -0 -0 -0 -0 0 -0 -0 -0 0 0 0 0 -0 0 0 -0 -0 0 -0 -0 0 0 -0 0 0 -0 -0 -0 0 0 -0 -0 -0 0 0 -0 0 -0 0 -0 0 0 0 -0 -0 -0 -0 -0 0 0 0 0 0 -0 0 -0 0 -0 -0 -0 -0 -0 -0 0 -0 0 -0 0 0 0 0 0 0 0 0 0 0 0 -1.39194e-318 -4.88235e-310
0 -0 -0 0 -0 -0 -0 0 -0 0 -0 0 -0 -0 0 -0 -0 0 0 -0 0 0 -0 -0 0 -0 -0 0 0 0 -0 -0 0 0 0 -0 -0 -0 -0 0 -0 0 -0 0 -0 0 -0 0 0 0 -0 0 -0 0 -0 0 -0 0 -0 0 0 0 0 0 0 -0 0 -0 0 -0 -0 -0 -0 0 -0 -0 -0 -0 -2.07903e-320 -5.30143e-310 -4.53561e-302 8.2572e-294
0 0 -0 0 0 -0 0 -0 0 0 -0 -0 -0 0 0 -0 0 0 0 0 -0 -0 -0 0 0 -0 0 0 -0 -0 -0 0 0 -0 0 -0 0 0 0 0 -0 -0 -0 0 -0 0 -0 0 -0 0 -0 0 -0 0 -0 0 0 0 -0 0 -0 -0 -0 -0 -0 -0 0 -0 -0 -0 -0 0 -0 0 -0 0 0 9.61452e-321 7.83301e-311 -1.1641e-303 8.91204e-294 1.50237e-285 -2.60159e-278
-0 0 0 0 0 0 0 0 0 -0 0 -0 0 0 -0 -0 -0 0 0 -0 -0 0 -0 0 -0 -0 0 -0 -0 0 0 0 -0 -0 0 -0 0 -0 -0 -0 -0 0 0 0 -0 0 -0 -0 -0 0 -0 0 0 0 -0 0 -0 -0 -0 -0 -0 -0 0 -0 0 -0 0 0 0 0 0 0 -0 0 -0 0 4.74303e-322 -2.71493e-312 1.66941e-303 -1.29524e-294 3.41604e-287 -2.59915e-278 -8.41806e-270 -4.76889e-263
-0 -0 0 -0 0 0 -0 0 -0 -0 -0 -0 0 -0 -0 -0 -0 0 -0 -0 0 0 -0 0 0 0 0 -0 0 0 -0 0 -0 0 0 -0 0 -0 0 -0 0 0 0 -0 -0 -0 -0 0 0 0 -0 0 -0 -0 -0 -0 -0 0 0 0 0 0 0 -0 0 -0 0 -0 -0 -0 -0 -0 -0 0 -0 -3.95253e-323 -6.00419e-314 -1.75684e-304 4.30615e-296 -4.31211e-287 2.99133e-279 -1.89428e-271 -6.74664e-263 1.13142e-254 1.39547e-247
-0 -0 -0 -0 -0 0 -0 -0 -0 0 -0 0 0 -0 0 -0 0 0 -0 0 0 -0 -0 0 -0 -0 -0 -0 0 -0 -0 0 -0 0 -0 -0 -0 -0 0 -0 0 -0 -0 -0 0 0 0 0 -0 -0 -0 -0 -0 0 0 0 0 0 0 -0 0 -0 0 -0 0 -0 0 -0 0 0 -0 0 -0 0 0 2.79327e-315 5.209e-306 8.48987e-298 4.12319e-288 -3.79471e-281 2.36298e-271 1.57692e-263 2.52048e-256 1.7705e-247 -2.87392e-240 -6.25839e-233
0 -0 -0 -0 -0 -0 -0 -0 0 0 0 0 -0 -0 -0 0 0 -0 -0 0 -0 -0 0 0 -0 0 0 0 0 -0 0 0 -0 0 -0 0 0 0 0 -0 0 -0 0 0 0 -0 -0 -0 -0 -0 0 0 0 0 0 -0 -0 -0 -0 -0 0 -0 0 -0 0 0 0 0 0 0 -0 0 -0 0 -1.95309e-317 -3.32124e-308 -2.61227e-299 -1.1572e-289 2.53894e-282 -2.2352e-272 -9.8619e-265 -3.06919e-256 -3.56038e-248 -5.71236e-242 -7.86638e-233 -3.83889e-226 6.71118e-219
0 0 -0 -0 0 -0 0 -0 0 -0 0 -0 -0 0 -0 0 -0 -0 0 0 -0 0 0 -0 -0 0 -0 -0 -0 -0 0 -0 -0 0 -0 0 -0 -0 -0 -0 0 0 0 -0 0 -0 0 -0 0 0 0 -0 0 -0 -0 -0 0 -0 0 -0 0 -0 0 -0 0 -0 -0 -0 -0 -0 -0 0 -0 1.82854e-320 -1.74114e-310 -1.37269e-301 7.21249e-292 -5.28352e-283 6.17593e-274 -4.40332e-266 2.73596e-257 1.95168e-249 5.00768e-242 1.55913e-233 -1.26717e-227 8.38448e-219 9.18839e-212 -1.43172e-205
-0 0 0 -0 0 0 0 0 0 -0 -0 -0 0 0 0 0 -0 0 0 -0 -0 0 -0 -0 0 0 -0 0 0 0 0 -0 0 0 0 0 -0 0 -0 0 0 -0 -0 -0 0 -0 0 -0 0 -0 -0 -0 0 -0 0 0 0 -0 0 -0 0 -0 -0 -0 -0 -0 -0 0 -0 0 -0 0 1.97626e-323 1.28975e-312 2.49512e-303 3.72209e-294 1.32643e-284 -3.66729e-276 4.73776e-267 -6.39181e-259 7.96837e-251 -3.41514e-244 -8.42151e-235 2.69423e-227 -1.6369e-219 2.58173e-213 -1.69093e-205 -3.27613e-198 -1.05467e-192
-0 -0 0 0 0 0 -0 0 -0 -0 -0 0 0 0 0 -0 -0 0 -0 -0 0 0 -0 0 0 -0 -0 0 -0 -0 -0 -0 0 -0 -0 -0 -0 0 -0 0 -0 -0 0 0 0 -0 0 -0 0 -0 0 -0 0 -0 0 -0 0 -0 -0 -0 0 -0 0 0 0 0 0 0 -0 0 -0 0 -1.52639e-315 -3.74616e-306 -2.54627e-296 -8.35442e-287 -1.55623e-278 -9.65423e-269 1.82324e-261 -8.17051e-252 -2.76391e-244 -3.38884e-236 -4.81749e-228 8.5457e-221 -4.64101e-213 2.82049e-206 -9.07009e-200 -1.77614e-192 2.78994e-185 2.33083e-179
-0 -0 -0 0 -0 0 -0 -0 -0 -0 -0 0 -0 0 -0 -0 0 0 -0 0 0 -0 -0 0 -0 -0 0 0 -0 0 0 0 0 -0 0 0 0 0 -0 0 -0 0 0 0 -0 -0 -0 -0 0 0 0 -0 0 -0 -0 -0 0 -0 0 0 0 0 0 -0 -0 -0 -0 -0 -0 0 -0 2.89058e-319 -3.70594e-309 1.7079e-299 1.04529e-289 1.44044e-281 5.69308e-271 -2.43046e-263 1.62883e-253 6.25915e-246 3.38828e-237 2.78944e-229 3.16302e-222 7.2937e-214 -9.12014e-208 1.60098e-199 5.7025e-193 7.64809e-187 3.37913e-179 -4.78288e-173 -6.66881e-167
0 -0 -0 -0 -0 -0 -0 -0 0 -0 0 0 -0 -0 -0 0 0 -0 -0 0 -0 -0 0 0 -0 0 0 -0 -0 0 -0 -0 -0 -0 0 -0 -0 -0 -0 0 0 0 -0 -0 -0 0 0 0 0 -0 -0 -0 -0 -0 0 0 0 0 0 -0 -0 -0 -0 -0 -0 0 -0 0 -0 0 2.47033e-323 4.48066e-312 1.5293e-302 1.0046e-292 4.88405e-283 -6.98912e-274 1.02344e-264 -9.3249e-256 1.00653e-247 -6.24599e-239 -4.01456e-231 -2.46347e-223 -3.8939e-215 1.71619e-209 -2.47221e-200 -5.55711e-194 -1.32142e-186 -8.87509e-180 -1.20721e-174 -9.54921e-167 -2.51631e-161 4.52905e-155
0 0 -0 -0 0 -0 0 -0 0 0 0 -0 -0 -0 0 0 -0 -0 0 0 -0 0 0 -0 -0 0 -0 -0 0 0 -0 0 -0 0 0 -0 0 -0 0 0 -0 -0 -0 0 0 0 -0 -0 -0 -0 -0 0 0 0 0 -0 -0 -0 -0 -0 -0 0 0 0 0 0 -0 0 -0 0 -7.51782e-316 -5.48505e-306 -1.15911e-295 -7.82565e-286 -6.21762e-277 -5.29868e-267 9.90573e-259 -2.42724e-249 2.57328e-241 -5.53197e-233 7.18295e-226 5.37166e-217 -1.4663e-209 1.29453e-201 -4.38645e-195 1.94677e-187 7.26865e-181 1.68425e-174 2.45846e-167 -1.06933e-162 6.44487e-155 4.63289e-149 -6.43456e-144
-0 0 0 -0 0 0 0 0 0 0 -0 -0 -0 -0 0 -0 -0 0 0 0 0 -0 0 0 -0 0 -0 0 0 -0 -0 0 -0 0 -0 -0 0 -0 0 -0 -0 0 0 0 -0 0 -0 0 -0 0 0 0 -0 -0 -0 -0 -0 0 0 0 0 0 -0 0 -0 0 -0 0 -0 1.01234e-320 -8.16837e-310 9.98432e-300 1.9103e-289 3.31391e-280 6.69424e-270 1.98762e-262 1.11659e-251 1.80686e-244 1.27017e-234 6.98696e-227 7.22448e-219 9.57847e-211 -1.71796e-203 9.51756e-196 -9.06298e-189 5.0809e-182 -1.16336e-175 -1.97054e-168 3.30072e-162 -1.63549e-155 1.57347e-150 -8.77612e-144 -1.05424e-137 -1.75004e-133
-0 -0 0 0 0 0 -0 0 -0 0 -0 0 -0 0 0 -0 0 0 0 0 -0 -0 0 -0 -0 0 0 0 -0 -0 0 0 -0 0 -0 0 0 -0 0 -0 0 0 0 -0 -0 0 -0 0 -0 0 -0 -0 -0 0 -0 0 0 0 -0 0 -0 -0 -0 0 -0 0 -0 0 0 1.39513e-313 2.36187e-303 2.76936e-293 4.04611e-283 -1.58889e-273 4.30698e-264 -1.37643e-254 2.11234e-246 -5.68082e-237 -3.95816e-229 -1.57468e-220 -1.6996e-212 -2.04345e-205 -4.49062e-197 8.16173e-191 -1.02549e-182 -1.05156e-176 -1.34932e-169 -9.59174e-163 1.27313e-156 -3.88103e-150 1.99005e-144 -3.51263e-139 -3.57818e-133 5.68261e-127 3.22653e-122
-0 -0 -0 0 -0 0 -0 -0 -0 -0 -0 0 0 0 -0 -0 0 0 0 -0 -0 0 0 -0 0 0 -0 -0 -0 0 0 -0 -0 0 -0 0 -0 -0 0 0 0 -0 -0 -0 0 0 0 0 -0 -0 -0 0 -0 0 -0 0 -0 0 -0 0 -0 0 -0 0 0 0 -0 0 -2.20901e-318 -1.11433e-307 -4.21922e-297 -1.21356e-286 -2.0924e-277 -5.30684e-267 2.93242e-258 -1.36206e-248 6.02384e-240 -1.55736e-231 5.45523e-223 6.84771e-215 2.45652e-207 7.09988e-199 -4.89726e-193 4.65673e-184 6.8564e-178 2.65357e-170 1.01595e-163 8.17525e-158 9.5092e-151 -1.15493e-145 8.45385e-139 1.5816e-133 1.87459e-128 5.27378e-122 -6.47064e-117 -5.90878e-112
0 -0 -0 -0 -0 -0 -0 -0 0 -0 0 0 0 -0 -0 0 0 0 -0 -0 0 0 -0 -0 0 -0 -0 0 0 0 -0 -0 0 0 -0 0 -0 0 0 -0 -0 -0 0 0 0 -0 -0 -0 -0 0 0 0 -0 0 -0 0 -0 0 -0 0 -0 0 -0 0 -0 -0 -0 -1.97626e-323 -1.8065e-312 -6.49352e-302 4.70867e-291 -5.05691e-282 1.25828e-270 2.12649e-263 1.3635e-251 2.44853e-245 8.71128e-234 2.91691e-226 2.48968e-217 2.53718e-209 -2.74865e-201 1.21153e-193 -7.13919e-186 2.84211e-179 -1.13715e-171 -3.03177e-165 -1.36068e-158 -9.01168e-152 -1.66416e-147 -2.02132e-139 -2.34188e-134 -4.42306e-128 -1.76074e-122 -2.00587e-118 -9.50981e-112 -1.20688e-107 2.53935e-102
0 0 -0 -0 0 -0 0 -0 0 0 0 -0 0 -0 0 0 0 0 -0 0 0 -0 -0 0 0 -0 0 0 -0 -0 -0 0 0 -0 -0 0 0 0 -0 -0 0 0 0 -0 0 -0 0 0 0 0 -0 -0 -0 0 -0 0 0 0 -0 0 -0 -0 -0 -0 -0 0 0 2.97304e-317 5.19558e-306 7.51069e-296 7.67756e-285 -4.80706e-275 5.19264e-265 -3.16054e-255 1.27522e-246 -8.48186e-237 -1.189e-228 -1.34706e-219 -2.13727e-211 -9.52468e-204 -2.25706e-195 2.53319e-188 -1.94397e-180 1.43871e-173 -9.8899e-167 3.02249e-160 2.52243e-153 -2.42485e-147 1.86972e-140 -3.11365e-135 1.01692e-128 2.06764e-123 4.07532e-118 3.0951e-112 -6.8452e-109 4.06031e-102 1.92653e-97 -2.37358e-93