500
0 1
0.8 1
1.6 1
2.4 1
3.14159 0
3.94159 0
4.74159 0
5.54159 0
6.34159 0
7.14159 0
7.94159 0
8.74159 0
9.54159 0
10.3416 0
11.1416 0
11.9416 0
12.7416 0
13.5416 0
14.3416 0
15.1416 0
15.9416 0
16.7416 0
17.5416 0
18.3416 0
19.1416 0
19.9416 0
20.7416 0
21.5416 0
22.3416 0
23.1416 0
23.9416 0
24.7416 0
25.5416 0
26.3416 0
27.1416 0
27.9416 0
28.7416 0
29.5416 0
30.3416 0
31.1416 0
31.9416 0
32.7416 0
33.5416 0
34.3416 0
35.1416 0
35.9416 0
36.7416 0
37.5416 0
38.3416 0
39.1416 0
39.9416 0
40.7416 0
41.5416 0
42.3416 0
43.1416 0
43.9416 0
44.7416 0
45.5416 0
46.3416 0
47.1416 0
47.9416 0
48.7416 0
49.5416 0
50.3416 0
51.1416 0
51.9416 0
52.7416 0
53.5416 0
54.3416 0
55.1416 0
55.9416 0
56.7416 0
57.5416 0
58.3416 0
59.1416 0
59.9416 0
60.7416 0
61.5416 0
62.3416 0
63.1416 0
63.9416 0
64.7416 0
65.5416 0
66.3416 0
67.1416 0
67.9416 0
68.7416 0
69.5416 0
70.3416 0
71.1416 0
71.9416 0
72.7416 0
73.5416 0
74.3416 0
75.1416 0
75.9416 0
76.7416 0
77.5416 0
78.3416 0
79.1416 0
79.9416 0
80.7416 0
81.5416 0
82.3416 0
83.1416 0
83.9416 0
84.7416 0
85.5416 0
86.3416 0
87.1416 0
87.9416 0
88.7416 0
89.5416 0
90.3416 0
91.1416 0
91.9416 0
92.7416 0
93.5416 0
94.3416 0
95.1416 0
95.9416 0
96.7416 0
97.5416 0
98.3416 0
99.1416 0
99.9416 0
100.742 0
101.542 0
102.342 0
103.142 0
103.942 0
104.742 0
105.542 0
106.342 0
107.142 0
107.942 0
108.742 0
109.542 0
110.342 0
111.142 0
111.942 0
112.742 0
113.542 0
114.342 0
115.142 0
115.942 0
116.742 0
117.542 0
118.342 0
119.142 0
119.942 0
120.742 0
121.542 0
122.342 0
123.142 0
123.942 0
124.742 0
125.542 0
126.342 0
127.142 0
127.942 0
128.742 0
129.542 0
130.342 0
131.142 0
131.942 0
132.742 0
133.542 0
134.342 0
135.142 0
135.942 0
136.742 0
137.542 0
138.342 0
139.142 0
139.942 0
140.742 0
141.542 0
142.342 0
143.142 0
143.942 0
144.742 0
145.542 0
146.342 0
147.142 0
147.942 0
148.742 0
149.542 0
150.342 0
151.142 0
151.942 0
152.742 0
153.542 0
154.342 0
155.142 0
155.942 0
156.742 0
157.542 0
158.342 0
159.142 0
159.942 0
160.742 0
161.542 0
162.342 0
163.142 0
163.942 0
164.742 0
165.542 0
166.342 0
167.142 0
167.942 0
168.742 0
169.542 0
170.342 0
171.142 0
171.942 0
172.742 0
173.542 0
174.342 0
175.142 0
175.942 0
176.742 0
177.542 0
178.342 0
179.142 0
179.942 0
180.742 0
181.542 0
182.342 0
183.142 0
183.942 0
184.742 0
185.542 0
186.342 0
187.142 0
187.942 0
188.742 0
189.542 0
190.342 0
191.142 0
191.942 0
192.742 0
193.542 0
194.342 0
195.142 0
195.942 0
196.742 0
197.542 0
198.342 0
199.142 0
199.942 0
200.742 0
201.542 0
202.342 0
203.142 0
203.942 0
204.742 0
205.542 0
206.342 0
207.142 0
207.942 0
208.742 0
209.542 0
210.342 0
211.142 0
211.942 0
212.742 0
213.542 0
214.342 0
215.142 0
215.942 0
216.742 0
217.542 0
218.342 0
219.142 0
219.942 0
220.742 0
221.542 0
222.342 0
223.142 0
223.942 0
224.742 0
225.542 0
226.342 0
227.142 0
227.942 0
228.742 0
229.542 0
230.342 0
231.142 0
231.942 0
232.742 0
233.542 0
234.342 0
235.142 0
235.942 0
236.742 0
237.542 0
238.342 0
239.142 0
239.942 0
240.742 0
241.542 0
242.342 0
243.142 0
243.942 0
244.742 0
245.542 0
246.342 0
247.142 0
247.942 0
248.742 0
249.542 0
250.342 0
251.142 0
251.942 0
252.742 0
253.542 0
254.342 0
255.142 0
255.942 0
256.742 0
257.542 0
258.342 0
259.142 0
259.942 0
260.742 0
261.542 0
262.342 0
263.142 0
263.942 0
264.742 0
265.542 0
266.342 0
267.142 0
267.942 0
268.742 0
269.542 0
270.342 0
271.142 0
271.942 0
272.742 0
273.542 0
274.342 0
275.142 0
275.942 0
276.742 0
277.542 0
278.342 0
279.142 0
279.942 0
280.742 0
281.542 0
282.342 0
283.142 0
283.942 0
284.742 0
285.542 0
286.342 0
287.142 0
287.942 0
288.742 0
289.542 0
290.342 0
291.142 0
291.942 0
292.742 0
293.542 0
294.342 0
295.142 0
295.942 0
296.742 0
297.542 0
298.342 0
299.142 0
299.942 0
300.742 0
301.542 0
302.342 0
303.142 0
303.942 0
304.742 0
305.542 0
306.342 0
307.142 0
307.942 0
308.742 0
309.542 0
310.342 0
311.142 0
311.942 0
312.742 0
313.542 0
314.342 0
315.142 0
315.942 0
316.742 0
317.542 0
318.342 0
319.142 0
319.942 0
320.742 0
321.542 0
322.342 0
323.142 0
323.942 0
324.742 0
325.542 0
326.342 0
327.142 0
327.942 0
328.742 0
329.542 0
330.342 0
331.142 0
331.942 0
332.742 0
333.542 0
334.342 0
335.142 0
335.942 0
336.742 0
337.542 0
338.342 0
339.142 0
339.942 0
340.742 0
341.542 0
342.342 0
343.142 0
343.942 0
344.742 0
345.542 0
346.342 0
347.142 0
347.942 0
348.742 0
349.542 0
350.342 0
351.142 0
351.942 0
352.742 0
353.542 0
354.342 0
355.142 0
355.942 0
356.742 0
357.542 0
358.342 0
359.142 0
359.942 0
360.742 0
361.542 0
362.342 0
363.142 0
363.942 0
364.742 0
365.542 0
366.342 0
367.142 0
367.942 0
368.742 0
369.542 0
370.342 0
371.142 0
371.942 0
372.742 0
373.542 0
374.342 0
375.142 0
375.942 0
376.742 0
377.542 0
378.342 0
379.142 0
379.942 0
380.742 0
381.542 0
382.342 0
383.142 0
383.942 0
384.742 0
385.542 0
386.342 0
387.142 0
387.942 0
388.742 0
389.542 0
390.342 0
391.142 0
391.942 0
392.742 0
393.542 0
394.342 0
395.142 0
395.942 0
396.742 0
397.542 0
398.342 0
399.142 0
399.942 0
