500
0 1
0.8 1
1.6 1
2.4 1
3.2 1
4 1
4.8 1
5.6 1
6.4 1
7.2 1
7.85398 0
8.65398 0
9.45398 0
10.254 0
11.054 0
11.854 0
12.654 0
13.454 0
14.254 0
15.054 0
15.854 0
16.654 0
17.454 0
18.254 0
19.054 0
19.854 0
20.654 0
21.454 0
22.254 0
23.054 0
23.854 0
24.654 0
25.454 0
26.254 0
27.054 0
27.854 0
28.654 0
29.454 0
30.254 0
31.054 0
31.854 0
32.654 0
33.454 0
34.254 0
35.054 0
35.854 0
36.654 0
37.454 0
38.254 0
39.054 0
39.854 0
40.654 0
41.454 0
42.254 0
43.054 0
43.854 0
44.654 0
45.454 0
46.254 0
47.054 0
47.854 0
48.654 0
49.454 0
50.254 0
51.054 0
51.854 0
52.654 0
53.454 0
54.254 0
55.054 0
55.854 0
56.654 0
57.454 0
58.254 0
59.054 0
59.854 0
60.654 0
61.454 0
62.254 0
63.054 0
63.854 0
64.654 0
65.454 0
66.254 0
67.054 0
67.854 0
68.654 0
69.454 0
70.254 0
71.054 0
71.854 0
72.654 0
73.454 0
74.254 0
75.054 0
75.854 0
76.654 0
77.454 0
78.254 0
79.054 0
79.854 0
80.654 0
81.454 0
82.254 0
83.054 0
83.854 0
84.654 0
85.454 0
86.254 0
87.054 0
87.854 0
88.654 0
89.454 0
90.254 0
91.054 0
91.854 0
92.654 0
93.454 0
94.254 0
95.054 0
95.854 0
96.654 0
97.454 0
98.254 0
99.054 0
99.854 0
100.654 0
101.454 0
102.254 0
103.054 0
103.854 0
104.654 0
105.454 0
106.254 0
107.054 0
107.854 0
108.654 0
109.454 0
110.254 0
111.054 0
111.854 0
112.654 0
113.454 0
114.254 0
115.054 0
115.854 0
116.654 0
117.454 0
118.254 0
119.054 0
119.854 0
120.654 0
121.454 0
122.254 0
123.054 0
123.854 0
124.654 0
125.454 0
126.254 0
127.054 0
127.854 0
128.654 0
129.454 0
130.254 0
131.054 0
131.854 0
132.654 0
133.454 0
134.254 0
135.054 0
135.854 0
136.654 0
137.454 0
138.254 0
139.054 0
139.854 0
140.654 0
141.454 0
142.254 0
143.054 0
143.854 0
144.654 0
145.454 0
146.254 0
147.054 0
147.854 0
148.654 0
149.454 0
150.254 0
151.054 0
151.854 0
152.654 0
153.454 0
154.254 0
155.054 0
155.854 0
156.654 0
157.454 0
158.254 0
159.054 0
159.854 0
160.654 0
161.454 0
162.254 0
163.054 0
163.854 0
164.654 0
165.454 0
166.254 0
167.054 0
167.854 0
168.654 0
169.454 0
170.254 0
171.054 0
171.854 0
172.654 0
173.454 0
174.254 0
175.054 0
175.854 0
176.654 0
177.454 0
178.254 0
179.054 0
179.854 0
180.654 0
181.454 0
182.254 0
183.054 0
183.854 0
184.654 0
185.454 0
186.254 0
187.054 0
187.854 0
188.654 0
189.454 0
190.254 0
191.054 0
191.854 0
192.654 0
193.454 0
194.254 0
195.054 0
195.854 0
196.654 0
197.454 0
198.254 0
199.054 0
199.854 0
200.654 0
201.454 0
202.254 0
203.054 0
203.854 0
204.654 0
205.454 0
206.254 0
207.054 0
207.854 0
208.654 0
209.454 0
210.254 0
211.054 0
211.854 0
212.654 0
213.454 0
214.254 0
215.054 0
215.854 0
216.654 0
217.454 0
218.254 0
219.054 0
219.854 0
220.654 0
221.454 0
222.254 0
223.054 0
223.854 0
224.654 0
225.454 0
226.254 0
227.054 0
227.854 0
228.654 0
229.454 0
230.254 0
231.054 0
231.854 0
232.654 0
233.454 0
234.254 0
235.054 0
235.854 0
236.654 0
237.454 0
238.254 0
239.054 0
239.854 0
240.654 0
241.454 0
242.254 0
243.054 0
243.854 0
244.654 0
245.454 0
246.254 0
247.054 0
247.854 0
248.654 0
249.454 0
250.254 0
251.054 0
251.854 0
252.654 0
253.454 0
254.254 0
255.054 0
255.854 0
256.654 0
257.454 0
258.254 0
259.054 0
259.854 0
260.654 0
261.454 0
262.254 0
263.054 0
263.854 0
264.654 0
265.454 0
266.254 0
267.054 0
267.854 0
268.654 0
269.454 0
270.254 0
271.054 0
271.854 0
272.654 0
273.454 0
274.254 0
275.054 0
275.854 0
276.654 0
277.454 0
278.254 0
279.054 0
279.854 0
280.654 0
281.454 0
282.254 0
283.054 0
283.854 0
284.654 0
285.454 0
286.254 0
287.054 0
287.854 0
288.654 0
289.454 0
290.254 0
291.054 0
291.854 0
292.654 0
293.454 0
294.254 0
295.054 0
295.854 0
296.654 0
297.454 0
298.254 0
299.054 0
299.854 0
300.654 0
301.454 0
302.254 0
303.054 0
303.854 0
304.654 0
305.454 0
306.254 0
307.054 0
307.854 0
308.654 0
309.454 0
310.254 0
311.054 0
311.854 0
312.654 0
313.454 0
314.254 0
315.054 0
315.854 0
316.654 0
317.454 0
318.254 0
319.054 0
319.854 0
320.654 0
321.454 0
322.254 0
323.054 0
323.854 0
324.654 0
325.454 0
326.254 0
327.054 0
327.854 0
328.654 0
329.454 0
330.254 0
331.054 0
331.854 0
332.654 0
333.454 0
334.254 0
335.054 0
335.854 0
336.654 0
337.454 0
338.254 0
339.054 0
339.854 0
340.654 0
341.454 0
342.254 0
343.054 0
343.854 0
344.654 0
345.454 0
346.254 0
347.054 0
347.854 0
348.654 0
349.454 0
350.254 0
351.054 0
351.854 0
352.654 0
353.454 0
354.254 0
355.054 0
355.854 0
356.654 0
357.454 0
358.254 0
359.054 0
359.854 0
360.654 0
361.454 0
362.254 0
363.054 0
363.854 0
364.654 0
365.454 0
366.254 0
367.054 0
367.854 0
368.654 0
369.454 0
370.254 0
371.054 0
371.854 0
372.654 0
373.454 0
374.254 0
375.054 0
375.854 0
376.654 0
377.454 0
378.254 0
379.054 0
379.854 0
380.654 0
381.454 0
382.254 0
383.054 0
383.854 0
384.654 0
385.454 0
386.254 0
387.054 0
387.854 0
388.654 0
389.454 0
390.254 0
391.054 0
391.854 0
392.654 0
393.454 0
394.254 0
395.054 0
395.854 0
396.654 0
397.454 0
398.254 0
399.054 0
399.854 0
